<?xml version="1.0" encoding="UTF-8"?>
<testsuite name="com.project.reservation.interfaces.UserControllerTests" tests="4" skipped="0" failures="0" errors="0" timestamp="2020-01-27T02:48:07" hostname="DESKTOP-B7A5GTQ" time="0.042">
  <properties/>
  <testcase name="deactivate()" classname="com.project.reservation.interfaces.UserControllerTests" time="0.006"/>
  <testcase name="create()" classname="com.project.reservation.interfaces.UserControllerTests" time="0.009"/>
  <testcase name="update()" classname="com.project.reservation.interfaces.UserControllerTests" time="0.009"/>
  <testcase name="list()" classname="com.project.reservation.interfaces.UserControllerTests" time="0.009"/>
  <system-out><![CDATA[2020-01-27 11:48:06.523  INFO 12692 --- [    Test worker] .b.t.a.w.s.WebMvcTestContextBootstrapper : Neither @ContextConfiguration nor @ContextHierarchy found for test class [com.project.reservation.interfaces.UserControllerTests], using SpringBootContextLoader
2020-01-27 11:48:06.524  INFO 12692 --- [    Test worker] o.s.t.c.support.AbstractContextLoader    : Could not detect default resource locations for test class [com.project.reservation.interfaces.UserControllerTests]: no resource found for suffixes {-context.xml, Context.groovy}.
2020-01-27 11:48:06.524  INFO 12692 --- [    Test worker] t.c.s.AnnotationConfigContextLoaderUtils : Could not detect default configuration classes for test class [com.project.reservation.interfaces.UserControllerTests]: UserControllerTests does not declare any static, non-private, non-final, nested classes annotated with @Configuration.
2020-01-27 11:48:06.527  INFO 12692 --- [    Test worker] .b.t.c.SpringBootTestContextBootstrapper : Found @SpringBootConfiguration com.project.reservation.AdminApiApplication for test class com.project.reservation.interfaces.UserControllerTests
2020-01-27 11:48:06.528  INFO 12692 --- [    Test worker] .b.t.a.w.s.WebMvcTestContextBootstrapper : Loaded default TestExecutionListener class names from location [META-INF/spring.factories]: [org.springframework.boot.test.autoconfigure.restdocs.RestDocsTestExecutionListener, org.springframework.boot.test.autoconfigure.web.client.MockRestServiceServerResetTestExecutionListener, org.springframework.boot.test.autoconfigure.web.servlet.MockMvcPrintOnlyOnFailureTestExecutionListener, org.springframework.boot.test.autoconfigure.web.servlet.WebDriverTestExecutionListener, org.springframework.boot.test.mock.mockito.MockitoTestExecutionListener, org.springframework.boot.test.mock.mockito.ResetMocksTestExecutionListener, org.springframework.test.context.web.ServletTestExecutionListener, org.springframework.test.context.support.DirtiesContextBeforeModesTestExecutionListener, org.springframework.test.context.support.DependencyInjectionTestExecutionListener, org.springframework.test.context.support.DirtiesContextTestExecutionListener, org.springframework.test.context.transaction.TransactionalTestExecutionListener, org.springframework.test.context.jdbc.SqlScriptsTestExecutionListener, org.springframework.test.context.event.EventPublishingTestExecutionListener]
2020-01-27 11:48:06.528  INFO 12692 --- [    Test worker] .b.t.a.w.s.WebMvcTestContextBootstrapper : Using TestExecutionListeners: [org.springframework.test.context.web.ServletTestExecutionListener@17634bb, org.springframework.test.context.support.DirtiesContextBeforeModesTestExecutionListener@7720d61a, org.springframework.boot.test.mock.mockito.MockitoTestExecutionListener@1215e504, org.springframework.boot.test.autoconfigure.SpringBootDependencyInjectionTestExecutionListener@7c65469e, org.springframework.test.context.support.DirtiesContextTestExecutionListener@4c067645, org.springframework.test.context.transaction.TransactionalTestExecutionListener@3d67f9d9, org.springframework.test.context.jdbc.SqlScriptsTestExecutionListener@e706b4, org.springframework.test.context.event.EventPublishingTestExecutionListener@56e0f180, org.springframework.boot.test.autoconfigure.restdocs.RestDocsTestExecutionListener@29ab0147, org.springframework.boot.test.autoconfigure.web.client.MockRestServiceServerResetTestExecutionListener@2b009c9a, org.springframework.boot.test.autoconfigure.web.servlet.MockMvcPrintOnlyOnFailureTestExecutionListener@136aede8, org.springframework.boot.test.autoconfigure.web.servlet.WebDriverTestExecutionListener@42d762f4, org.springframework.boot.test.mock.mockito.ResetMocksTestExecutionListener@3307f2d0]

  .   ____          _            __ _ _
 /\\ / ___'_ __ _ _(_)_ __  __ _ \ \ \ \
( ( )\___ | '_ | '_| | '_ \/ _` | \ \ \ \
 \\/  ___)| |_)| | | | | || (_| |  ) ) ) )
  '  |____| .__|_| |_|_| |_\__, | / / / /
 =========|_|==============|___/=/_/_/_/
 :: Spring Boot ::        (v2.2.2.RELEASE)

2020-01-27 11:48:06.566  INFO 12692 --- [    Test worker] c.p.r.interfaces.UserControllerTests     : Starting UserControllerTests on DESKTOP-B7A5GTQ with PID 12692 (started by nkh16 in C:\hyun\Programming\WEB\portfolio\Reservation-Restaurant\admin-api)
2020-01-27 11:48:06.567  INFO 12692 --- [    Test worker] c.p.r.interfaces.UserControllerTests     : The following profiles are active: test
2020-01-27 11:48:07.224  INFO 12692 --- [    Test worker] o.s.s.concurrent.ThreadPoolTaskExecutor  : Initializing ExecutorService 'applicationTaskExecutor'
2020-01-27 11:48:07.359  INFO 12692 --- [    Test worker] o.s.b.t.m.w.SpringBootMockServletContext : Initializing Spring TestDispatcherServlet ''
2020-01-27 11:48:07.359  INFO 12692 --- [    Test worker] o.s.t.web.servlet.TestDispatcherServlet  : Initializing Servlet ''
2020-01-27 11:48:07.365  INFO 12692 --- [    Test worker] o.s.t.web.servlet.TestDispatcherServlet  : Completed initialization in 6 ms
2020-01-27 11:48:07.376  INFO 12692 --- [    Test worker] c.p.r.interfaces.UserControllerTests     : Started UserControllerTests in 0.844 seconds (JVM running for 14.83)
]]></system-out>
  <system-err><![CDATA[]]></system-err>
</testsuite>
