<?xml version="1.0" encoding="UTF-8"?>
<testsuite name="com.project.reservation.interfaces.UserControllerTests" tests="4" skipped="0" failures="0" errors="0" timestamp="2020-01-29T02:31:45" hostname="DESKTOP-B7A5GTQ" time="0.037">
  <properties/>
  <testcase name="deactivate()" classname="com.project.reservation.interfaces.UserControllerTests" time="0.006"/>
  <testcase name="create()" classname="com.project.reservation.interfaces.UserControllerTests" time="0.01"/>
  <testcase name="update()" classname="com.project.reservation.interfaces.UserControllerTests" time="0.008"/>
  <testcase name="list()" classname="com.project.reservation.interfaces.UserControllerTests" time="0.009"/>
  <system-out><![CDATA[2020-01-29 11:31:45.013  INFO 16632 --- [    Test worker] .b.t.a.w.s.WebMvcTestContextBootstrapper : Neither @ContextConfiguration nor @ContextHierarchy found for test class [com.project.reservation.interfaces.UserControllerTests], using SpringBootContextLoader
2020-01-29 11:31:45.014  INFO 16632 --- [    Test worker] o.s.t.c.support.AbstractContextLoader    : Could not detect default resource locations for test class [com.project.reservation.interfaces.UserControllerTests]: no resource found for suffixes {-context.xml, Context.groovy}.
2020-01-29 11:31:45.014  INFO 16632 --- [    Test worker] t.c.s.AnnotationConfigContextLoaderUtils : Could not detect default configuration classes for test class [com.project.reservation.interfaces.UserControllerTests]: UserControllerTests does not declare any static, non-private, non-final, nested classes annotated with @Configuration.
2020-01-29 11:31:45.018  INFO 16632 --- [    Test worker] .b.t.c.SpringBootTestContextBootstrapper : Found @SpringBootConfiguration com.project.reservation.AdminApiApplication for test class com.project.reservation.interfaces.UserControllerTests
2020-01-29 11:31:45.019  INFO 16632 --- [    Test worker] .b.t.a.w.s.WebMvcTestContextBootstrapper : Loaded default TestExecutionListener class names from location [META-INF/spring.factories]: [org.springframework.boot.test.autoconfigure.restdocs.RestDocsTestExecutionListener, org.springframework.boot.test.autoconfigure.web.client.MockRestServiceServerResetTestExecutionListener, org.springframework.boot.test.autoconfigure.web.servlet.MockMvcPrintOnlyOnFailureTestExecutionListener, org.springframework.boot.test.autoconfigure.web.servlet.WebDriverTestExecutionListener, org.springframework.boot.test.mock.mockito.MockitoTestExecutionListener, org.springframework.boot.test.mock.mockito.ResetMocksTestExecutionListener, org.springframework.test.context.web.ServletTestExecutionListener, org.springframework.test.context.support.DirtiesContextBeforeModesTestExecutionListener, org.springframework.test.context.support.DependencyInjectionTestExecutionListener, org.springframework.test.context.support.DirtiesContextTestExecutionListener, org.springframework.test.context.transaction.TransactionalTestExecutionListener, org.springframework.test.context.jdbc.SqlScriptsTestExecutionListener, org.springframework.test.context.event.EventPublishingTestExecutionListener]
2020-01-29 11:31:45.020  INFO 16632 --- [    Test worker] .b.t.a.w.s.WebMvcTestContextBootstrapper : Using TestExecutionListeners: [org.springframework.test.context.web.ServletTestExecutionListener@7521e939, org.springframework.test.context.support.DirtiesContextBeforeModesTestExecutionListener@1e25804b, org.springframework.boot.test.mock.mockito.MockitoTestExecutionListener@4bcfc502, org.springframework.boot.test.autoconfigure.SpringBootDependencyInjectionTestExecutionListener@4a9ba92a, org.springframework.test.context.support.DirtiesContextTestExecutionListener@3089f961, org.springframework.test.context.transaction.TransactionalTestExecutionListener@29c10e3, org.springframework.test.context.jdbc.SqlScriptsTestExecutionListener@374e3267, org.springframework.test.context.event.EventPublishingTestExecutionListener@208b0f5d, org.springframework.boot.test.autoconfigure.restdocs.RestDocsTestExecutionListener@5f36a8dc, org.springframework.boot.test.autoconfigure.web.client.MockRestServiceServerResetTestExecutionListener@3d4fb0d1, org.springframework.boot.test.autoconfigure.web.servlet.MockMvcPrintOnlyOnFailureTestExecutionListener@7b546015, org.springframework.boot.test.autoconfigure.web.servlet.WebDriverTestExecutionListener@35d69c5, org.springframework.boot.test.mock.mockito.ResetMocksTestExecutionListener@69c7513a]

  .   ____          _            __ _ _
 /\\ / ___'_ __ _ _(_)_ __  __ _ \ \ \ \
( ( )\___ | '_ | '_| | '_ \/ _` | \ \ \ \
 \\/  ___)| |_)| | | | | || (_| |  ) ) ) )
  '  |____| .__|_| |_|_| |_\__, | / / / /
 =========|_|==============|___/=/_/_/_/
 :: Spring Boot ::        (v2.2.2.RELEASE)

2020-01-29 11:31:45.045  INFO 16632 --- [    Test worker] c.p.r.interfaces.UserControllerTests     : Starting UserControllerTests on DESKTOP-B7A5GTQ with PID 16632 (started by nkh16 in C:\hyun\Programming\WEB\portfolio\Reservation-Restaurant\admin-api)
2020-01-29 11:31:45.045  INFO 16632 --- [    Test worker] c.p.r.interfaces.UserControllerTests     : The following profiles are active: test
2020-01-29 11:31:45.346  INFO 16632 --- [    Test worker] o.s.s.concurrent.ThreadPoolTaskExecutor  : Initializing ExecutorService 'applicationTaskExecutor'
2020-01-29 11:31:45.478  INFO 16632 --- [    Test worker] o.s.b.t.m.w.SpringBootMockServletContext : Initializing Spring TestDispatcherServlet ''
2020-01-29 11:31:45.478  INFO 16632 --- [    Test worker] o.s.t.web.servlet.TestDispatcherServlet  : Initializing Servlet ''
2020-01-29 11:31:45.489  INFO 16632 --- [    Test worker] o.s.t.web.servlet.TestDispatcherServlet  : Completed initialization in 11 ms
2020-01-29 11:31:45.503  INFO 16632 --- [    Test worker] c.p.r.interfaces.UserControllerTests     : Started UserControllerTests in 0.479 seconds (JVM running for 12.124)
]]></system-out>
  <system-err><![CDATA[]]></system-err>
</testsuite>
