<?xml version="1.0" encoding="UTF-8"?>
<testsuite name="com.project.reservation.application.RegionServiceTests" tests="2" skipped="0" failures="0" errors="0" timestamp="2020-01-28T02:35:02" hostname="DESKTOP-B7A5GTQ" time="0.031">
  <properties/>
  <testcase name="addRegion()" classname="com.project.reservation.application.RegionServiceTests" time="0.028"/>
  <testcase name="getRegions()" classname="com.project.reservation.application.RegionServiceTests" time="0.003"/>
  <system-out><![CDATA[]]></system-out>
  <system-err><![CDATA[]]></system-err>
</testsuite>
