<?xml version="1.0" encoding="UTF-8"?>
<testsuite name="com.project.reservation.application.ReviewServiceTests" tests="1" skipped="0" failures="0" errors="0" timestamp="2020-01-29T02:31:41" hostname="DESKTOP-B7A5GTQ" time="0.024">
  <properties/>
  <testcase name="getReviews()" classname="com.project.reservation.application.ReviewServiceTests" time="0.024"/>
  <system-out><![CDATA[]]></system-out>
  <system-err><![CDATA[]]></system-err>
</testsuite>
