<?xml version="1.0" encoding="UTF-8"?>
<testsuite name="com.project.reservation.interfaces.RegionControllerTests" tests="2" skipped="0" failures="0" errors="0" timestamp="2020-01-26T05:01:00" hostname="DESKTOP-B7A5GTQ" time="0.07">
  <properties/>
  <testcase name="create()" classname="com.project.reservation.interfaces.RegionControllerTests" time="0.02"/>
  <testcase name="list()" classname="com.project.reservation.interfaces.RegionControllerTests" time="0.048"/>
  <system-out><![CDATA[2020-01-26 14:01:00.023  INFO 1268 --- [    Test worker] .b.t.a.w.s.WebMvcTestContextBootstrapper : Neither @ContextConfiguration nor @ContextHierarchy found for test class [com.project.reservation.interfaces.RegionControllerTests], using SpringBootContextLoader
2020-01-26 14:01:00.025  INFO 1268 --- [    Test worker] o.s.t.c.support.AbstractContextLoader    : Could not detect default resource locations for test class [com.project.reservation.interfaces.RegionControllerTests]: no resource found for suffixes {-context.xml, Context.groovy}.
2020-01-26 14:01:00.026  INFO 1268 --- [    Test worker] t.c.s.AnnotationConfigContextLoaderUtils : Could not detect default configuration classes for test class [com.project.reservation.interfaces.RegionControllerTests]: RegionControllerTests does not declare any static, non-private, non-final, nested classes annotated with @Configuration.
2020-01-26 14:01:00.033  INFO 1268 --- [    Test worker] .b.t.c.SpringBootTestContextBootstrapper : Found @SpringBootConfiguration com.project.reservation.AdminApiApplication for test class com.project.reservation.interfaces.RegionControllerTests
2020-01-26 14:01:00.034  INFO 1268 --- [    Test worker] .b.t.a.w.s.WebMvcTestContextBootstrapper : Loaded default TestExecutionListener class names from location [META-INF/spring.factories]: [org.springframework.boot.test.autoconfigure.restdocs.RestDocsTestExecutionListener, org.springframework.boot.test.autoconfigure.web.client.MockRestServiceServerResetTestExecutionListener, org.springframework.boot.test.autoconfigure.web.servlet.MockMvcPrintOnlyOnFailureTestExecutionListener, org.springframework.boot.test.autoconfigure.web.servlet.WebDriverTestExecutionListener, org.springframework.boot.test.mock.mockito.MockitoTestExecutionListener, org.springframework.boot.test.mock.mockito.ResetMocksTestExecutionListener, org.springframework.test.context.web.ServletTestExecutionListener, org.springframework.test.context.support.DirtiesContextBeforeModesTestExecutionListener, org.springframework.test.context.support.DependencyInjectionTestExecutionListener, org.springframework.test.context.support.DirtiesContextTestExecutionListener, org.springframework.test.context.transaction.TransactionalTestExecutionListener, org.springframework.test.context.jdbc.SqlScriptsTestExecutionListener, org.springframework.test.context.event.EventPublishingTestExecutionListener]
2020-01-26 14:01:00.035  INFO 1268 --- [    Test worker] .b.t.a.w.s.WebMvcTestContextBootstrapper : Using TestExecutionListeners: [org.springframework.test.context.web.ServletTestExecutionListener@2a31ed38, org.springframework.test.context.support.DirtiesContextBeforeModesTestExecutionListener@3e86f707, org.springframework.boot.test.mock.mockito.MockitoTestExecutionListener@4f310fc2, org.springframework.boot.test.autoconfigure.SpringBootDependencyInjectionTestExecutionListener@6f1b, org.springframework.test.context.support.DirtiesContextTestExecutionListener@25fd0a0e, org.springframework.test.context.transaction.TransactionalTestExecutionListener@2ccaff79, org.springframework.test.context.jdbc.SqlScriptsTestExecutionListener@6bc2aa3d, org.springframework.test.context.event.EventPublishingTestExecutionListener@683968e9, org.springframework.boot.test.autoconfigure.restdocs.RestDocsTestExecutionListener@2559a29a, org.springframework.boot.test.autoconfigure.web.client.MockRestServiceServerResetTestExecutionListener@5e13a07f, org.springframework.boot.test.autoconfigure.web.servlet.MockMvcPrintOnlyOnFailureTestExecutionListener@20fe7ac2, org.springframework.boot.test.autoconfigure.web.servlet.WebDriverTestExecutionListener@3a32014, org.springframework.boot.test.mock.mockito.ResetMocksTestExecutionListener@6b061f88]

  .   ____          _            __ _ _
 /\\ / ___'_ __ _ _(_)_ __  __ _ \ \ \ \
( ( )\___ | '_ | '_| | '_ \/ _` | \ \ \ \
 \\/  ___)| |_)| | | | | || (_| |  ) ) ) )
  '  |____| .__|_| |_|_| |_\__, | / / / /
 =========|_|==============|___/=/_/_/_/
 :: Spring Boot ::        (v2.2.2.RELEASE)

2020-01-26 14:01:00.081  INFO 1268 --- [    Test worker] c.p.r.interfaces.RegionControllerTests   : Starting RegionControllerTests on DESKTOP-B7A5GTQ with PID 1268 (started by nkh16 in C:\hyun\Programming\WEB\portfolio\Reservation-Restaurant\admin-api)
2020-01-26 14:01:00.082  INFO 1268 --- [    Test worker] c.p.r.interfaces.RegionControllerTests   : The following profiles are active: test
2020-01-26 14:01:00.500  INFO 1268 --- [    Test worker] o.s.s.concurrent.ThreadPoolTaskExecutor  : Initializing ExecutorService 'applicationTaskExecutor'
2020-01-26 14:01:00.684  INFO 1268 --- [    Test worker] o.s.b.t.m.w.SpringBootMockServletContext : Initializing Spring TestDispatcherServlet ''
2020-01-26 14:01:00.685  INFO 1268 --- [    Test worker] o.s.t.web.servlet.TestDispatcherServlet  : Initializing Servlet ''
2020-01-26 14:01:00.699  INFO 1268 --- [    Test worker] o.s.t.web.servlet.TestDispatcherServlet  : Completed initialization in 14 ms
2020-01-26 14:01:00.718  INFO 1268 --- [    Test worker] c.p.r.interfaces.RegionControllerTests   : Started RegionControllerTests in 0.675 seconds (JVM running for 10.771)
]]></system-out>
  <system-err><![CDATA[]]></system-err>
</testsuite>
