<?xml version="1.0" encoding="UTF-8"?>
<testsuite name="com.project.reservation.interfaces.CategoryControllerTests" tests="2" skipped="0" failures="0" errors="0" timestamp="2020-01-26T06:02:12" hostname="DESKTOP-B7A5GTQ" time="0.255">
  <properties/>
  <testcase name="create()" classname="com.project.reservation.interfaces.CategoryControllerTests" time="0.206"/>
  <testcase name="list()" classname="com.project.reservation.interfaces.CategoryControllerTests" time="0.045"/>
  <system-out><![CDATA[2020-01-26 15:02:11.692  INFO 11108 --- [    Test worker] .b.t.a.w.s.WebMvcTestContextBootstrapper : Neither @ContextConfiguration nor @ContextHierarchy found for test class [com.project.reservation.interfaces.CategoryControllerTests], using SpringBootContextLoader
2020-01-26 15:02:11.695  INFO 11108 --- [    Test worker] o.s.t.c.support.AbstractContextLoader    : Could not detect default resource locations for test class [com.project.reservation.interfaces.CategoryControllerTests]: no resource found for suffixes {-context.xml, Context.groovy}.
2020-01-26 15:02:11.697  INFO 11108 --- [    Test worker] t.c.s.AnnotationConfigContextLoaderUtils : Could not detect default configuration classes for test class [com.project.reservation.interfaces.CategoryControllerTests]: CategoryControllerTests does not declare any static, non-private, non-final, nested classes annotated with @Configuration.
2020-01-26 15:02:11.734  INFO 11108 --- [    Test worker] .b.t.c.SpringBootTestContextBootstrapper : Found @SpringBootConfiguration com.project.reservation.AdminApiApplication for test class com.project.reservation.interfaces.CategoryControllerTests
2020-01-26 15:02:11.735  INFO 11108 --- [    Test worker] .b.t.a.w.s.WebMvcTestContextBootstrapper : Loaded default TestExecutionListener class names from location [META-INF/spring.factories]: [org.springframework.boot.test.autoconfigure.restdocs.RestDocsTestExecutionListener, org.springframework.boot.test.autoconfigure.web.client.MockRestServiceServerResetTestExecutionListener, org.springframework.boot.test.autoconfigure.web.servlet.MockMvcPrintOnlyOnFailureTestExecutionListener, org.springframework.boot.test.autoconfigure.web.servlet.WebDriverTestExecutionListener, org.springframework.boot.test.mock.mockito.MockitoTestExecutionListener, org.springframework.boot.test.mock.mockito.ResetMocksTestExecutionListener, org.springframework.test.context.web.ServletTestExecutionListener, org.springframework.test.context.support.DirtiesContextBeforeModesTestExecutionListener, org.springframework.test.context.support.DependencyInjectionTestExecutionListener, org.springframework.test.context.support.DirtiesContextTestExecutionListener, org.springframework.test.context.transaction.TransactionalTestExecutionListener, org.springframework.test.context.jdbc.SqlScriptsTestExecutionListener, org.springframework.test.context.event.EventPublishingTestExecutionListener]
2020-01-26 15:02:11.736  INFO 11108 --- [    Test worker] .b.t.a.w.s.WebMvcTestContextBootstrapper : Using TestExecutionListeners: [org.springframework.test.context.web.ServletTestExecutionListener@3af0b571, org.springframework.test.context.support.DirtiesContextBeforeModesTestExecutionListener@279a5c42, org.springframework.boot.test.mock.mockito.MockitoTestExecutionListener@2711f6ad, org.springframework.boot.test.autoconfigure.SpringBootDependencyInjectionTestExecutionListener@686d7c5e, org.springframework.test.context.support.DirtiesContextTestExecutionListener@5709071f, org.springframework.test.context.transaction.TransactionalTestExecutionListener@220429f0, org.springframework.test.context.jdbc.SqlScriptsTestExecutionListener@a080783, org.springframework.test.context.event.EventPublishingTestExecutionListener@9040510, org.springframework.boot.test.autoconfigure.restdocs.RestDocsTestExecutionListener@16aadad0, org.springframework.boot.test.autoconfigure.web.client.MockRestServiceServerResetTestExecutionListener@15623a5c, org.springframework.boot.test.autoconfigure.web.servlet.MockMvcPrintOnlyOnFailureTestExecutionListener@5f1c036c, org.springframework.boot.test.autoconfigure.web.servlet.WebDriverTestExecutionListener@7699b11a, org.springframework.boot.test.mock.mockito.ResetMocksTestExecutionListener@36a59943]

  .   ____          _            __ _ _
 /\\ / ___'_ __ _ _(_)_ __  __ _ \ \ \ \
( ( )\___ | '_ | '_| | '_ \/ _` | \ \ \ \
 \\/  ___)| |_)| | | | | || (_| |  ) ) ) )
  '  |____| .__|_| |_|_| |_\__, | / / / /
 =========|_|==============|___/=/_/_/_/
 :: Spring Boot ::        (v2.2.2.RELEASE)

2020-01-26 15:02:11.800  INFO 11108 --- [    Test worker] c.p.r.i.CategoryControllerTests          : Starting CategoryControllerTests on DESKTOP-B7A5GTQ with PID 11108 (started by nkh16 in C:\hyun\Programming\WEB\portfolio\Reservation-Restaurant\admin-api)
2020-01-26 15:02:11.801  INFO 11108 --- [    Test worker] c.p.r.i.CategoryControllerTests          : The following profiles are active: test
2020-01-26 15:02:12.308  INFO 11108 --- [    Test worker] o.s.s.concurrent.ThreadPoolTaskExecutor  : Initializing ExecutorService 'applicationTaskExecutor'
2020-01-26 15:02:12.520  INFO 11108 --- [    Test worker] o.s.b.t.m.w.SpringBootMockServletContext : Initializing Spring TestDispatcherServlet ''
2020-01-26 15:02:12.521  INFO 11108 --- [    Test worker] o.s.t.web.servlet.TestDispatcherServlet  : Initializing Servlet ''
2020-01-26 15:02:12.539  INFO 11108 --- [    Test worker] o.s.t.web.servlet.TestDispatcherServlet  : Completed initialization in 18 ms
2020-01-26 15:02:12.565  INFO 11108 --- [    Test worker] c.p.r.i.CategoryControllerTests          : Started CategoryControllerTests in 0.825 seconds (JVM running for 9.196)
]]></system-out>
  <system-err><![CDATA[]]></system-err>
</testsuite>
