<?xml version="1.0" encoding="UTF-8"?>
<testsuite name="com.project.reservation.application.MenuItemServiceTests" tests="2" skipped="0" failures="0" errors="0" timestamp="2020-01-28T02:35:02" hostname="DESKTOP-B7A5GTQ" time="0.045">
  <properties/>
  <testcase name="getMenuItems()" classname="com.project.reservation.application.MenuItemServiceTests" time="0.041"/>
  <testcase name="bulkUpdate()" classname="com.project.reservation.application.MenuItemServiceTests" time="0.003"/>
  <system-out><![CDATA[]]></system-out>
  <system-err><![CDATA[]]></system-err>
</testsuite>
