<?xml version="1.0" encoding="UTF-8"?>
<testsuite name="com.project.reservation.interfaces.CategoryControllerTests" tests="2" skipped="0" failures="0" errors="0" timestamp="2020-01-27T08:52:38" hostname="DESKTOP-B7A5GTQ" time="0.254">
  <properties/>
  <testcase name="create()" classname="com.project.reservation.interfaces.CategoryControllerTests" time="0.207"/>
  <testcase name="list()" classname="com.project.reservation.interfaces.CategoryControllerTests" time="0.045"/>
  <system-out><![CDATA[2020-01-27 17:52:37.416  INFO 9628 --- [    Test worker] .b.t.a.w.s.WebMvcTestContextBootstrapper : Neither @ContextConfiguration nor @ContextHierarchy found for test class [com.project.reservation.interfaces.CategoryControllerTests], using SpringBootContextLoader
2020-01-27 17:52:37.417  INFO 9628 --- [    Test worker] o.s.t.c.support.AbstractContextLoader    : Could not detect default resource locations for test class [com.project.reservation.interfaces.CategoryControllerTests]: no resource found for suffixes {-context.xml, Context.groovy}.
2020-01-27 17:52:37.420  INFO 9628 --- [    Test worker] t.c.s.AnnotationConfigContextLoaderUtils : Could not detect default configuration classes for test class [com.project.reservation.interfaces.CategoryControllerTests]: CategoryControllerTests does not declare any static, non-private, non-final, nested classes annotated with @Configuration.
2020-01-27 17:52:37.548  INFO 9628 --- [    Test worker] .b.t.c.SpringBootTestContextBootstrapper : Found @SpringBootConfiguration com.project.reservation.AdminApiApplication for test class com.project.reservation.interfaces.CategoryControllerTests
2020-01-27 17:52:37.591  INFO 9628 --- [    Test worker] .b.t.a.w.s.WebMvcTestContextBootstrapper : Loaded default TestExecutionListener class names from location [META-INF/spring.factories]: [org.springframework.boot.test.autoconfigure.restdocs.RestDocsTestExecutionListener, org.springframework.boot.test.autoconfigure.web.client.MockRestServiceServerResetTestExecutionListener, org.springframework.boot.test.autoconfigure.web.servlet.MockMvcPrintOnlyOnFailureTestExecutionListener, org.springframework.boot.test.autoconfigure.web.servlet.WebDriverTestExecutionListener, org.springframework.boot.test.mock.mockito.MockitoTestExecutionListener, org.springframework.boot.test.mock.mockito.ResetMocksTestExecutionListener, org.springframework.test.context.web.ServletTestExecutionListener, org.springframework.test.context.support.DirtiesContextBeforeModesTestExecutionListener, org.springframework.test.context.support.DependencyInjectionTestExecutionListener, org.springframework.test.context.support.DirtiesContextTestExecutionListener, org.springframework.test.context.transaction.TransactionalTestExecutionListener, org.springframework.test.context.jdbc.SqlScriptsTestExecutionListener, org.springframework.test.context.event.EventPublishingTestExecutionListener]
2020-01-27 17:52:37.594  INFO 9628 --- [    Test worker] .b.t.a.w.s.WebMvcTestContextBootstrapper : Using TestExecutionListeners: [org.springframework.test.context.web.ServletTestExecutionListener@110f7922, org.springframework.test.context.support.DirtiesContextBeforeModesTestExecutionListener@36c8ae24, org.springframework.boot.test.mock.mockito.MockitoTestExecutionListener@1eb879, org.springframework.boot.test.autoconfigure.SpringBootDependencyInjectionTestExecutionListener@76e410ac, org.springframework.test.context.support.DirtiesContextTestExecutionListener@1c48a13b, org.springframework.test.context.transaction.TransactionalTestExecutionListener@6f828518, org.springframework.test.context.jdbc.SqlScriptsTestExecutionListener@1aaa35e1, org.springframework.test.context.event.EventPublishingTestExecutionListener@4c1d2768, org.springframework.boot.test.autoconfigure.restdocs.RestDocsTestExecutionListener@158506a9, org.springframework.boot.test.autoconfigure.web.client.MockRestServiceServerResetTestExecutionListener@6ed4eb44, org.springframework.boot.test.autoconfigure.web.servlet.MockMvcPrintOnlyOnFailureTestExecutionListener@259ace42, org.springframework.boot.test.autoconfigure.web.servlet.WebDriverTestExecutionListener@999bfe, org.springframework.boot.test.mock.mockito.ResetMocksTestExecutionListener@3d14750a]

  .   ____          _            __ _ _
 /\\ / ___'_ __ _ _(_)_ __  __ _ \ \ \ \
( ( )\___ | '_ | '_| | '_ \/ _` | \ \ \ \
 \\/  ___)| |_)| | | | | || (_| |  ) ) ) )
  '  |____| .__|_| |_|_| |_\__, | / / / /
 =========|_|==============|___/=/_/_/_/
 :: Spring Boot ::        (v2.2.2.RELEASE)

2020-01-27 17:52:37.680  INFO 9628 --- [    Test worker] c.p.r.i.CategoryControllerTests          : Starting CategoryControllerTests on DESKTOP-B7A5GTQ with PID 9628 (started by nkh16 in C:\hyun\Programming\WEB\portfolio\Reservation-Restaurant\admin-api)
2020-01-27 17:52:37.681  INFO 9628 --- [    Test worker] c.p.r.i.CategoryControllerTests          : The following profiles are active: test
2020-01-27 17:52:38.104  INFO 9628 --- [    Test worker] o.s.s.concurrent.ThreadPoolTaskExecutor  : Initializing ExecutorService 'applicationTaskExecutor'
2020-01-27 17:52:38.331  INFO 9628 --- [    Test worker] o.s.b.t.m.w.SpringBootMockServletContext : Initializing Spring TestDispatcherServlet ''
2020-01-27 17:52:38.332  INFO 9628 --- [    Test worker] o.s.t.web.servlet.TestDispatcherServlet  : Initializing Servlet ''
2020-01-27 17:52:38.368  INFO 9628 --- [    Test worker] o.s.t.web.servlet.TestDispatcherServlet  : Completed initialization in 35 ms
2020-01-27 17:52:38.395  INFO 9628 --- [    Test worker] c.p.r.i.CategoryControllerTests          : Started CategoryControllerTests in 0.794 seconds (JVM running for 11.51)
]]></system-out>
  <system-err><![CDATA[]]></system-err>
</testsuite>
