<?xml version="1.0" encoding="UTF-8"?>
<testsuite name="com.project.reservation.interfaces.ReviewControllerTests" tests="1" skipped="0" failures="0" errors="0" timestamp="2020-01-27T04:31:05" hostname="DESKTOP-B7A5GTQ" time="0.012">
  <properties/>
  <testcase name="list()" classname="com.project.reservation.interfaces.ReviewControllerTests" time="0.012"/>
  <system-out><![CDATA[2020-01-27 13:31:05.286  INFO 1852 --- [    Test worker] .b.t.a.w.s.WebMvcTestContextBootstrapper : Neither @ContextConfiguration nor @ContextHierarchy found for test class [com.project.reservation.interfaces.ReviewControllerTests], using SpringBootContextLoader
2020-01-27 13:31:05.287  INFO 1852 --- [    Test worker] o.s.t.c.support.AbstractContextLoader    : Could not detect default resource locations for test class [com.project.reservation.interfaces.ReviewControllerTests]: no resource found for suffixes {-context.xml, Context.groovy}.
2020-01-27 13:31:05.287  INFO 1852 --- [    Test worker] t.c.s.AnnotationConfigContextLoaderUtils : Could not detect default configuration classes for test class [com.project.reservation.interfaces.ReviewControllerTests]: ReviewControllerTests does not declare any static, non-private, non-final, nested classes annotated with @Configuration.
2020-01-27 13:31:05.293  INFO 1852 --- [    Test worker] .b.t.c.SpringBootTestContextBootstrapper : Found @SpringBootConfiguration com.project.reservation.AdminApiApplication for test class com.project.reservation.interfaces.ReviewControllerTests
2020-01-27 13:31:05.294  INFO 1852 --- [    Test worker] .b.t.a.w.s.WebMvcTestContextBootstrapper : Loaded default TestExecutionListener class names from location [META-INF/spring.factories]: [org.springframework.boot.test.autoconfigure.restdocs.RestDocsTestExecutionListener, org.springframework.boot.test.autoconfigure.web.client.MockRestServiceServerResetTestExecutionListener, org.springframework.boot.test.autoconfigure.web.servlet.MockMvcPrintOnlyOnFailureTestExecutionListener, org.springframework.boot.test.autoconfigure.web.servlet.WebDriverTestExecutionListener, org.springframework.boot.test.mock.mockito.MockitoTestExecutionListener, org.springframework.boot.test.mock.mockito.ResetMocksTestExecutionListener, org.springframework.test.context.web.ServletTestExecutionListener, org.springframework.test.context.support.DirtiesContextBeforeModesTestExecutionListener, org.springframework.test.context.support.DependencyInjectionTestExecutionListener, org.springframework.test.context.support.DirtiesContextTestExecutionListener, org.springframework.test.context.transaction.TransactionalTestExecutionListener, org.springframework.test.context.jdbc.SqlScriptsTestExecutionListener, org.springframework.test.context.event.EventPublishingTestExecutionListener]
2020-01-27 13:31:05.295  INFO 1852 --- [    Test worker] .b.t.a.w.s.WebMvcTestContextBootstrapper : Using TestExecutionListeners: [org.springframework.test.context.web.ServletTestExecutionListener@75895d5a, org.springframework.test.context.support.DirtiesContextBeforeModesTestExecutionListener@660e8d3e, org.springframework.boot.test.mock.mockito.MockitoTestExecutionListener@856ce4c, org.springframework.boot.test.autoconfigure.SpringBootDependencyInjectionTestExecutionListener@99c103d, org.springframework.test.context.support.DirtiesContextTestExecutionListener@36c0efd9, org.springframework.test.context.transaction.TransactionalTestExecutionListener@24b5e342, org.springframework.test.context.jdbc.SqlScriptsTestExecutionListener@1aaf7d36, org.springframework.test.context.event.EventPublishingTestExecutionListener@73db8ba6, org.springframework.boot.test.autoconfigure.restdocs.RestDocsTestExecutionListener@42d40c23, org.springframework.boot.test.autoconfigure.web.client.MockRestServiceServerResetTestExecutionListener@497058c8, org.springframework.boot.test.autoconfigure.web.servlet.MockMvcPrintOnlyOnFailureTestExecutionListener@28d7da1d, org.springframework.boot.test.autoconfigure.web.servlet.WebDriverTestExecutionListener@77ef21a, org.springframework.boot.test.mock.mockito.ResetMocksTestExecutionListener@652943c2]

  .   ____          _            __ _ _
 /\\ / ___'_ __ _ _(_)_ __  __ _ \ \ \ \
( ( )\___ | '_ | '_| | '_ \/ _` | \ \ \ \
 \\/  ___)| |_)| | | | | || (_| |  ) ) ) )
  '  |____| .__|_| |_|_| |_\__, | / / / /
 =========|_|==============|___/=/_/_/_/
 :: Spring Boot ::        (v2.2.2.RELEASE)

2020-01-27 13:31:05.334  INFO 1852 --- [    Test worker] c.p.r.interfaces.ReviewControllerTests   : Starting ReviewControllerTests on DESKTOP-B7A5GTQ with PID 1852 (started by nkh16 in C:\hyun\Programming\WEB\portfolio\Reservation-Restaurant\admin-api)
2020-01-27 13:31:05.334  INFO 1852 --- [    Test worker] c.p.r.interfaces.ReviewControllerTests   : The following profiles are active: test
2020-01-27 13:31:05.696  INFO 1852 --- [    Test worker] o.s.s.concurrent.ThreadPoolTaskExecutor  : Initializing ExecutorService 'applicationTaskExecutor'
2020-01-27 13:31:05.864  INFO 1852 --- [    Test worker] o.s.b.t.m.w.SpringBootMockServletContext : Initializing Spring TestDispatcherServlet ''
2020-01-27 13:31:05.865  INFO 1852 --- [    Test worker] o.s.t.web.servlet.TestDispatcherServlet  : Initializing Servlet ''
2020-01-27 13:31:05.871  INFO 1852 --- [    Test worker] o.s.t.web.servlet.TestDispatcherServlet  : Completed initialization in 6 ms
2020-01-27 13:31:05.888  INFO 1852 --- [    Test worker] c.p.r.interfaces.ReviewControllerTests   : Started ReviewControllerTests in 0.588 seconds (JVM running for 13.072)
]]></system-out>
  <system-err><![CDATA[]]></system-err>
</testsuite>
