<?xml version="1.0" encoding="UTF-8"?>
<testsuite name="com.project.reservation.interfaces.RegionControllerTests" tests="2" skipped="0" failures="0" errors="0" timestamp="2020-01-27T08:52:41" hostname="DESKTOP-B7A5GTQ" time="0.018">
  <properties/>
  <testcase name="create()" classname="com.project.reservation.interfaces.RegionControllerTests" time="0.01"/>
  <testcase name="list()" classname="com.project.reservation.interfaces.RegionControllerTests" time="0.006"/>
  <system-out><![CDATA[2020-01-27 17:52:40.515  INFO 9628 --- [    Test worker] .b.t.a.w.s.WebMvcTestContextBootstrapper : Neither @ContextConfiguration nor @ContextHierarchy found for test class [com.project.reservation.interfaces.RegionControllerTests], using SpringBootContextLoader
2020-01-27 17:52:40.517  INFO 9628 --- [    Test worker] o.s.t.c.support.AbstractContextLoader    : Could not detect default resource locations for test class [com.project.reservation.interfaces.RegionControllerTests]: no resource found for suffixes {-context.xml, Context.groovy}.
2020-01-27 17:52:40.521  INFO 9628 --- [    Test worker] t.c.s.AnnotationConfigContextLoaderUtils : Could not detect default configuration classes for test class [com.project.reservation.interfaces.RegionControllerTests]: RegionControllerTests does not declare any static, non-private, non-final, nested classes annotated with @Configuration.
2020-01-27 17:52:40.539  INFO 9628 --- [    Test worker] .b.t.c.SpringBootTestContextBootstrapper : Found @SpringBootConfiguration com.project.reservation.AdminApiApplication for test class com.project.reservation.interfaces.RegionControllerTests
2020-01-27 17:52:40.542  INFO 9628 --- [    Test worker] .b.t.a.w.s.WebMvcTestContextBootstrapper : Loaded default TestExecutionListener class names from location [META-INF/spring.factories]: [org.springframework.boot.test.autoconfigure.restdocs.RestDocsTestExecutionListener, org.springframework.boot.test.autoconfigure.web.client.MockRestServiceServerResetTestExecutionListener, org.springframework.boot.test.autoconfigure.web.servlet.MockMvcPrintOnlyOnFailureTestExecutionListener, org.springframework.boot.test.autoconfigure.web.servlet.WebDriverTestExecutionListener, org.springframework.boot.test.mock.mockito.MockitoTestExecutionListener, org.springframework.boot.test.mock.mockito.ResetMocksTestExecutionListener, org.springframework.test.context.web.ServletTestExecutionListener, org.springframework.test.context.support.DirtiesContextBeforeModesTestExecutionListener, org.springframework.test.context.support.DependencyInjectionTestExecutionListener, org.springframework.test.context.support.DirtiesContextTestExecutionListener, org.springframework.test.context.transaction.TransactionalTestExecutionListener, org.springframework.test.context.jdbc.SqlScriptsTestExecutionListener, org.springframework.test.context.event.EventPublishingTestExecutionListener]
2020-01-27 17:52:40.544  INFO 9628 --- [    Test worker] .b.t.a.w.s.WebMvcTestContextBootstrapper : Using TestExecutionListeners: [org.springframework.test.context.web.ServletTestExecutionListener@7dae4af4, org.springframework.test.context.support.DirtiesContextBeforeModesTestExecutionListener@580da61f, org.springframework.boot.test.mock.mockito.MockitoTestExecutionListener@6ffe1c32, org.springframework.boot.test.autoconfigure.SpringBootDependencyInjectionTestExecutionListener@49834044, org.springframework.test.context.support.DirtiesContextTestExecutionListener@46755a6a, org.springframework.test.context.transaction.TransactionalTestExecutionListener@73fd31e5, org.springframework.test.context.jdbc.SqlScriptsTestExecutionListener@6c7dbc24, org.springframework.test.context.event.EventPublishingTestExecutionListener@3faf508f, org.springframework.boot.test.autoconfigure.restdocs.RestDocsTestExecutionListener@53e5fb1a, org.springframework.boot.test.autoconfigure.web.client.MockRestServiceServerResetTestExecutionListener@498d8a9a, org.springframework.boot.test.autoconfigure.web.servlet.MockMvcPrintOnlyOnFailureTestExecutionListener@48909313, org.springframework.boot.test.autoconfigure.web.servlet.WebDriverTestExecutionListener@dfe99a6, org.springframework.boot.test.mock.mockito.ResetMocksTestExecutionListener@713f8e28]

  .   ____          _            __ _ _
 /\\ / ___'_ __ _ _(_)_ __  __ _ \ \ \ \
( ( )\___ | '_ | '_| | '_ \/ _` | \ \ \ \
 \\/  ___)| |_)| | | | | || (_| |  ) ) ) )
  '  |____| .__|_| |_|_| |_\__, | / / / /
 =========|_|==============|___/=/_/_/_/
 :: Spring Boot ::        (v2.2.2.RELEASE)

2020-01-27 17:52:40.684  INFO 9628 --- [    Test worker] c.p.r.interfaces.RegionControllerTests   : Starting RegionControllerTests on DESKTOP-B7A5GTQ with PID 9628 (started by nkh16 in C:\hyun\Programming\WEB\portfolio\Reservation-Restaurant\admin-api)
2020-01-27 17:52:40.687  INFO 9628 --- [    Test worker] c.p.r.interfaces.RegionControllerTests   : The following profiles are active: test
2020-01-27 17:52:41.071  INFO 9628 --- [    Test worker] o.s.s.concurrent.ThreadPoolTaskExecutor  : Initializing ExecutorService 'applicationTaskExecutor'
2020-01-27 17:52:41.204  INFO 9628 --- [    Test worker] o.s.b.t.m.w.SpringBootMockServletContext : Initializing Spring TestDispatcherServlet ''
2020-01-27 17:52:41.204  INFO 9628 --- [    Test worker] o.s.t.web.servlet.TestDispatcherServlet  : Initializing Servlet ''
2020-01-27 17:52:41.212  INFO 9628 --- [    Test worker] o.s.t.web.servlet.TestDispatcherServlet  : Completed initialization in 8 ms
2020-01-27 17:52:41.226  INFO 9628 --- [    Test worker] c.p.r.interfaces.RegionControllerTests   : Started RegionControllerTests in 0.676 seconds (JVM running for 14.342)
]]></system-out>
  <system-err><![CDATA[]]></system-err>
</testsuite>
