<?xml version="1.0" encoding="UTF-8"?>
<testsuite name="com.project.reservation.interfaces.CategoryControllerTests" tests="2" skipped="0" failures="0" errors="0" timestamp="2020-01-27T04:31:02" hostname="DESKTOP-B7A5GTQ" time="0.286">
  <properties/>
  <testcase name="create()" classname="com.project.reservation.interfaces.CategoryControllerTests" time="0.235"/>
  <testcase name="list()" classname="com.project.reservation.interfaces.CategoryControllerTests" time="0.049"/>
  <system-out><![CDATA[2020-01-27 13:31:02.013  INFO 1852 --- [    Test worker] .b.t.a.w.s.WebMvcTestContextBootstrapper : Neither @ContextConfiguration nor @ContextHierarchy found for test class [com.project.reservation.interfaces.CategoryControllerTests], using SpringBootContextLoader
2020-01-27 13:31:02.015  INFO 1852 --- [    Test worker] o.s.t.c.support.AbstractContextLoader    : Could not detect default resource locations for test class [com.project.reservation.interfaces.CategoryControllerTests]: no resource found for suffixes {-context.xml, Context.groovy}.
2020-01-27 13:31:02.015  INFO 1852 --- [    Test worker] t.c.s.AnnotationConfigContextLoaderUtils : Could not detect default configuration classes for test class [com.project.reservation.interfaces.CategoryControllerTests]: CategoryControllerTests does not declare any static, non-private, non-final, nested classes annotated with @Configuration.
2020-01-27 13:31:02.044  INFO 1852 --- [    Test worker] .b.t.c.SpringBootTestContextBootstrapper : Found @SpringBootConfiguration com.project.reservation.AdminApiApplication for test class com.project.reservation.interfaces.CategoryControllerTests
2020-01-27 13:31:02.045  INFO 1852 --- [    Test worker] .b.t.a.w.s.WebMvcTestContextBootstrapper : Loaded default TestExecutionListener class names from location [META-INF/spring.factories]: [org.springframework.boot.test.autoconfigure.restdocs.RestDocsTestExecutionListener, org.springframework.boot.test.autoconfigure.web.client.MockRestServiceServerResetTestExecutionListener, org.springframework.boot.test.autoconfigure.web.servlet.MockMvcPrintOnlyOnFailureTestExecutionListener, org.springframework.boot.test.autoconfigure.web.servlet.WebDriverTestExecutionListener, org.springframework.boot.test.mock.mockito.MockitoTestExecutionListener, org.springframework.boot.test.mock.mockito.ResetMocksTestExecutionListener, org.springframework.test.context.web.ServletTestExecutionListener, org.springframework.test.context.support.DirtiesContextBeforeModesTestExecutionListener, org.springframework.test.context.support.DependencyInjectionTestExecutionListener, org.springframework.test.context.support.DirtiesContextTestExecutionListener, org.springframework.test.context.transaction.TransactionalTestExecutionListener, org.springframework.test.context.jdbc.SqlScriptsTestExecutionListener, org.springframework.test.context.event.EventPublishingTestExecutionListener]
2020-01-27 13:31:02.047  INFO 1852 --- [    Test worker] .b.t.a.w.s.WebMvcTestContextBootstrapper : Using TestExecutionListeners: [org.springframework.test.context.web.ServletTestExecutionListener@5fd03591, org.springframework.test.context.support.DirtiesContextBeforeModesTestExecutionListener@12e5b26e, org.springframework.boot.test.mock.mockito.MockitoTestExecutionListener@2ba3c949, org.springframework.boot.test.autoconfigure.SpringBootDependencyInjectionTestExecutionListener@1e734838, org.springframework.test.context.support.DirtiesContextTestExecutionListener@40519ada, org.springframework.test.context.transaction.TransactionalTestExecutionListener@7f98367c, org.springframework.test.context.jdbc.SqlScriptsTestExecutionListener@4ac45147, org.springframework.test.context.event.EventPublishingTestExecutionListener@4ef2f2af, org.springframework.boot.test.autoconfigure.restdocs.RestDocsTestExecutionListener@23926e1, org.springframework.boot.test.autoconfigure.web.client.MockRestServiceServerResetTestExecutionListener@3caccb0c, org.springframework.boot.test.autoconfigure.web.servlet.MockMvcPrintOnlyOnFailureTestExecutionListener@540aebb7, org.springframework.boot.test.autoconfigure.web.servlet.WebDriverTestExecutionListener@d341c13, org.springframework.boot.test.mock.mockito.ResetMocksTestExecutionListener@46712d7a]

  .   ____          _            __ _ _
 /\\ / ___'_ __ _ _(_)_ __  __ _ \ \ \ \
( ( )\___ | '_ | '_| | '_ \/ _` | \ \ \ \
 \\/  ___)| |_)| | | | | || (_| |  ) ) ) )
  '  |____| .__|_| |_|_| |_\__, | / / / /
 =========|_|==============|___/=/_/_/_/
 :: Spring Boot ::        (v2.2.2.RELEASE)

2020-01-27 13:31:02.104  INFO 1852 --- [    Test worker] c.p.r.i.CategoryControllerTests          : Starting CategoryControllerTests on DESKTOP-B7A5GTQ with PID 1852 (started by nkh16 in C:\hyun\Programming\WEB\portfolio\Reservation-Restaurant\admin-api)
2020-01-27 13:31:02.104  INFO 1852 --- [    Test worker] c.p.r.i.CategoryControllerTests          : The following profiles are active: test
2020-01-27 13:31:02.569  INFO 1852 --- [    Test worker] o.s.s.concurrent.ThreadPoolTaskExecutor  : Initializing ExecutorService 'applicationTaskExecutor'
2020-01-27 13:31:02.752  INFO 1852 --- [    Test worker] o.s.b.t.m.w.SpringBootMockServletContext : Initializing Spring TestDispatcherServlet ''
2020-01-27 13:31:02.752  INFO 1852 --- [    Test worker] o.s.t.web.servlet.TestDispatcherServlet  : Initializing Servlet ''
2020-01-27 13:31:02.771  INFO 1852 --- [    Test worker] o.s.t.web.servlet.TestDispatcherServlet  : Completed initialization in 18 ms
2020-01-27 13:31:02.791  INFO 1852 --- [    Test worker] c.p.r.i.CategoryControllerTests          : Started CategoryControllerTests in 0.74 seconds (JVM running for 9.976)
]]></system-out>
  <system-err><![CDATA[]]></system-err>
</testsuite>
