<?xml version="1.0" encoding="UTF-8"?>
<testsuite name="com.project.reservation.interfaces.RegionControllerTests" tests="2" skipped="0" failures="0" errors="0" timestamp="2020-01-29T02:31:43" hostname="DESKTOP-B7A5GTQ" time="0.027">
  <properties/>
  <testcase name="create()" classname="com.project.reservation.interfaces.RegionControllerTests" time="0.013"/>
  <testcase name="list()" classname="com.project.reservation.interfaces.RegionControllerTests" time="0.013"/>
  <system-out><![CDATA[2020-01-29 11:31:42.966  INFO 16632 --- [    Test worker] .b.t.a.w.s.WebMvcTestContextBootstrapper : Neither @ContextConfiguration nor @ContextHierarchy found for test class [com.project.reservation.interfaces.RegionControllerTests], using SpringBootContextLoader
2020-01-29 11:31:42.967  INFO 16632 --- [    Test worker] o.s.t.c.support.AbstractContextLoader    : Could not detect default resource locations for test class [com.project.reservation.interfaces.RegionControllerTests]: no resource found for suffixes {-context.xml, Context.groovy}.
2020-01-29 11:31:42.968  INFO 16632 --- [    Test worker] t.c.s.AnnotationConfigContextLoaderUtils : Could not detect default configuration classes for test class [com.project.reservation.interfaces.RegionControllerTests]: RegionControllerTests does not declare any static, non-private, non-final, nested classes annotated with @Configuration.
2020-01-29 11:31:42.973  INFO 16632 --- [    Test worker] .b.t.c.SpringBootTestContextBootstrapper : Found @SpringBootConfiguration com.project.reservation.AdminApiApplication for test class com.project.reservation.interfaces.RegionControllerTests
2020-01-29 11:31:42.973  INFO 16632 --- [    Test worker] .b.t.a.w.s.WebMvcTestContextBootstrapper : Loaded default TestExecutionListener class names from location [META-INF/spring.factories]: [org.springframework.boot.test.autoconfigure.restdocs.RestDocsTestExecutionListener, org.springframework.boot.test.autoconfigure.web.client.MockRestServiceServerResetTestExecutionListener, org.springframework.boot.test.autoconfigure.web.servlet.MockMvcPrintOnlyOnFailureTestExecutionListener, org.springframework.boot.test.autoconfigure.web.servlet.WebDriverTestExecutionListener, org.springframework.boot.test.mock.mockito.MockitoTestExecutionListener, org.springframework.boot.test.mock.mockito.ResetMocksTestExecutionListener, org.springframework.test.context.web.ServletTestExecutionListener, org.springframework.test.context.support.DirtiesContextBeforeModesTestExecutionListener, org.springframework.test.context.support.DependencyInjectionTestExecutionListener, org.springframework.test.context.support.DirtiesContextTestExecutionListener, org.springframework.test.context.transaction.TransactionalTestExecutionListener, org.springframework.test.context.jdbc.SqlScriptsTestExecutionListener, org.springframework.test.context.event.EventPublishingTestExecutionListener]
2020-01-29 11:31:42.974  INFO 16632 --- [    Test worker] .b.t.a.w.s.WebMvcTestContextBootstrapper : Using TestExecutionListeners: [org.springframework.test.context.web.ServletTestExecutionListener@39f87bd7, org.springframework.test.context.support.DirtiesContextBeforeModesTestExecutionListener@7746f0c6, org.springframework.boot.test.mock.mockito.MockitoTestExecutionListener@6560ed1d, org.springframework.boot.test.autoconfigure.SpringBootDependencyInjectionTestExecutionListener@59fab8a1, org.springframework.test.context.support.DirtiesContextTestExecutionListener@23a6568a, org.springframework.test.context.transaction.TransactionalTestExecutionListener@632652f8, org.springframework.test.context.jdbc.SqlScriptsTestExecutionListener@1cc5384, org.springframework.test.context.event.EventPublishingTestExecutionListener@d7fccac, org.springframework.boot.test.autoconfigure.restdocs.RestDocsTestExecutionListener@1c7cd98f, org.springframework.boot.test.autoconfigure.web.client.MockRestServiceServerResetTestExecutionListener@4d9cf96a, org.springframework.boot.test.autoconfigure.web.servlet.MockMvcPrintOnlyOnFailureTestExecutionListener@2e2fd32e, org.springframework.boot.test.autoconfigure.web.servlet.WebDriverTestExecutionListener@5dc670eb, org.springframework.boot.test.mock.mockito.ResetMocksTestExecutionListener@278c6a7d]

  .   ____          _            __ _ _
 /\\ / ___'_ __ _ _(_)_ __  __ _ \ \ \ \
( ( )\___ | '_ | '_| | '_ \/ _` | \ \ \ \
 \\/  ___)| |_)| | | | | || (_| |  ) ) ) )
  '  |____| .__|_| |_|_| |_\__, | / / / /
 =========|_|==============|___/=/_/_/_/
 :: Spring Boot ::        (v2.2.2.RELEASE)

2020-01-29 11:31:43.004  INFO 16632 --- [    Test worker] c.p.r.interfaces.RegionControllerTests   : Starting RegionControllerTests on DESKTOP-B7A5GTQ with PID 16632 (started by nkh16 in C:\hyun\Programming\WEB\portfolio\Reservation-Restaurant\admin-api)
2020-01-29 11:31:43.005  INFO 16632 --- [    Test worker] c.p.r.interfaces.RegionControllerTests   : The following profiles are active: test
2020-01-29 11:31:43.316  INFO 16632 --- [    Test worker] o.s.s.concurrent.ThreadPoolTaskExecutor  : Initializing ExecutorService 'applicationTaskExecutor'
2020-01-29 11:31:43.470  INFO 16632 --- [    Test worker] o.s.b.t.m.w.SpringBootMockServletContext : Initializing Spring TestDispatcherServlet ''
2020-01-29 11:31:43.471  INFO 16632 --- [    Test worker] o.s.t.web.servlet.TestDispatcherServlet  : Initializing Servlet ''
2020-01-29 11:31:43.478  INFO 16632 --- [    Test worker] o.s.t.web.servlet.TestDispatcherServlet  : Completed initialization in 7 ms
2020-01-29 11:31:43.494  INFO 16632 --- [    Test worker] c.p.r.interfaces.RegionControllerTests   : Started RegionControllerTests in 0.517 seconds (JVM running for 10.114)
]]></system-out>
  <system-err><![CDATA[]]></system-err>
</testsuite>
