<?xml version="1.0" encoding="UTF-8"?>
<testsuite name="com.project.reservation.interfaces.UserControllerTests" tests="4" skipped="0" failures="0" errors="0" timestamp="2020-01-27T15:07:57" hostname="DESKTOP-B7A5GTQ" time="0.035">
  <properties/>
  <testcase name="deactivate()" classname="com.project.reservation.interfaces.UserControllerTests" time="0.007"/>
  <testcase name="create()" classname="com.project.reservation.interfaces.UserControllerTests" time="0.01"/>
  <testcase name="update()" classname="com.project.reservation.interfaces.UserControllerTests" time="0.008"/>
  <testcase name="list()" classname="com.project.reservation.interfaces.UserControllerTests" time="0.007"/>
  <system-out><![CDATA[2020-01-28 00:07:56.640  INFO 2752 --- [    Test worker] .b.t.a.w.s.WebMvcTestContextBootstrapper : Neither @ContextConfiguration nor @ContextHierarchy found for test class [com.project.reservation.interfaces.UserControllerTests], using SpringBootContextLoader
2020-01-28 00:07:56.641  INFO 2752 --- [    Test worker] o.s.t.c.support.AbstractContextLoader    : Could not detect default resource locations for test class [com.project.reservation.interfaces.UserControllerTests]: no resource found for suffixes {-context.xml, Context.groovy}.
2020-01-28 00:07:56.641  INFO 2752 --- [    Test worker] t.c.s.AnnotationConfigContextLoaderUtils : Could not detect default configuration classes for test class [com.project.reservation.interfaces.UserControllerTests]: UserControllerTests does not declare any static, non-private, non-final, nested classes annotated with @Configuration.
2020-01-28 00:07:56.644  INFO 2752 --- [    Test worker] .b.t.c.SpringBootTestContextBootstrapper : Found @SpringBootConfiguration com.project.reservation.AdminApiApplication for test class com.project.reservation.interfaces.UserControllerTests
2020-01-28 00:07:56.644  INFO 2752 --- [    Test worker] .b.t.a.w.s.WebMvcTestContextBootstrapper : Loaded default TestExecutionListener class names from location [META-INF/spring.factories]: [org.springframework.boot.test.autoconfigure.restdocs.RestDocsTestExecutionListener, org.springframework.boot.test.autoconfigure.web.client.MockRestServiceServerResetTestExecutionListener, org.springframework.boot.test.autoconfigure.web.servlet.MockMvcPrintOnlyOnFailureTestExecutionListener, org.springframework.boot.test.autoconfigure.web.servlet.WebDriverTestExecutionListener, org.springframework.boot.test.mock.mockito.MockitoTestExecutionListener, org.springframework.boot.test.mock.mockito.ResetMocksTestExecutionListener, org.springframework.test.context.web.ServletTestExecutionListener, org.springframework.test.context.support.DirtiesContextBeforeModesTestExecutionListener, org.springframework.test.context.support.DependencyInjectionTestExecutionListener, org.springframework.test.context.support.DirtiesContextTestExecutionListener, org.springframework.test.context.transaction.TransactionalTestExecutionListener, org.springframework.test.context.jdbc.SqlScriptsTestExecutionListener, org.springframework.test.context.event.EventPublishingTestExecutionListener]
2020-01-28 00:07:56.644  INFO 2752 --- [    Test worker] .b.t.a.w.s.WebMvcTestContextBootstrapper : Using TestExecutionListeners: [org.springframework.test.context.web.ServletTestExecutionListener@3a41ab9d, org.springframework.test.context.support.DirtiesContextBeforeModesTestExecutionListener@500b374c, org.springframework.boot.test.mock.mockito.MockitoTestExecutionListener@84555c3, org.springframework.boot.test.autoconfigure.SpringBootDependencyInjectionTestExecutionListener@35b555af, org.springframework.test.context.support.DirtiesContextTestExecutionListener@21f0dc7, org.springframework.test.context.transaction.TransactionalTestExecutionListener@ba7fb9f, org.springframework.test.context.jdbc.SqlScriptsTestExecutionListener@29ee4c65, org.springframework.test.context.event.EventPublishingTestExecutionListener@36697cda, org.springframework.boot.test.autoconfigure.restdocs.RestDocsTestExecutionListener@4c622ee5, org.springframework.boot.test.autoconfigure.web.client.MockRestServiceServerResetTestExecutionListener@78ad4ff5, org.springframework.boot.test.autoconfigure.web.servlet.MockMvcPrintOnlyOnFailureTestExecutionListener@237ba9e1, org.springframework.boot.test.autoconfigure.web.servlet.WebDriverTestExecutionListener@5e098ef8, org.springframework.boot.test.mock.mockito.ResetMocksTestExecutionListener@3c186da]

  .   ____          _            __ _ _
 /\\ / ___'_ __ _ _(_)_ __  __ _ \ \ \ \
( ( )\___ | '_ | '_| | '_ \/ _` | \ \ \ \
 \\/  ___)| |_)| | | | | || (_| |  ) ) ) )
  '  |____| .__|_| |_|_| |_\__, | / / / /
 =========|_|==============|___/=/_/_/_/
 :: Spring Boot ::        (v2.2.2.RELEASE)

2020-01-28 00:07:56.668  INFO 2752 --- [    Test worker] c.p.r.interfaces.UserControllerTests     : Starting UserControllerTests on DESKTOP-B7A5GTQ with PID 2752 (started by nkh16 in C:\hyun\Programming\WEB\portfolio\Reservation-Restaurant\admin-api)
2020-01-28 00:07:56.669  INFO 2752 --- [    Test worker] c.p.r.interfaces.UserControllerTests     : No active profile set, falling back to default profiles: default
2020-01-28 00:07:56.992  INFO 2752 --- [    Test worker] o.s.s.concurrent.ThreadPoolTaskExecutor  : Initializing ExecutorService 'applicationTaskExecutor'
2020-01-28 00:07:57.113  INFO 2752 --- [    Test worker] o.s.b.t.m.w.SpringBootMockServletContext : Initializing Spring TestDispatcherServlet ''
2020-01-28 00:07:57.113  INFO 2752 --- [    Test worker] o.s.t.web.servlet.TestDispatcherServlet  : Initializing Servlet ''
2020-01-28 00:07:57.119  INFO 2752 --- [    Test worker] o.s.t.web.servlet.TestDispatcherServlet  : Completed initialization in 6 ms
2020-01-28 00:07:57.132  INFO 2752 --- [    Test worker] c.p.r.interfaces.UserControllerTests     : Started UserControllerTests in 0.485 seconds (JVM running for 11.413)
]]></system-out>
  <system-err><![CDATA[]]></system-err>
</testsuite>
