<?xml version="1.0" encoding="UTF-8"?>
<testsuite name="com.project.reservation.interfaces.UserControllerTests" tests="3" skipped="0" failures="0" errors="0" timestamp="2020-01-26T13:16:56" hostname="DESKTOP-B7A5GTQ" time="0.034">
  <properties/>
  <testcase name="create()" classname="com.project.reservation.interfaces.UserControllerTests" time="0.013"/>
  <testcase name="update()" classname="com.project.reservation.interfaces.UserControllerTests" time="0.009"/>
  <testcase name="list()" classname="com.project.reservation.interfaces.UserControllerTests" time="0.009"/>
  <system-out><![CDATA[2020-01-26 22:16:55.670  INFO 12332 --- [    Test worker] .b.t.a.w.s.WebMvcTestContextBootstrapper : Neither @ContextConfiguration nor @ContextHierarchy found for test class [com.project.reservation.interfaces.UserControllerTests], using SpringBootContextLoader
2020-01-26 22:16:55.670  INFO 12332 --- [    Test worker] o.s.t.c.support.AbstractContextLoader    : Could not detect default resource locations for test class [com.project.reservation.interfaces.UserControllerTests]: no resource found for suffixes {-context.xml, Context.groovy}.
2020-01-26 22:16:55.670  INFO 12332 --- [    Test worker] t.c.s.AnnotationConfigContextLoaderUtils : Could not detect default configuration classes for test class [com.project.reservation.interfaces.UserControllerTests]: UserControllerTests does not declare any static, non-private, non-final, nested classes annotated with @Configuration.
2020-01-26 22:16:55.673  INFO 12332 --- [    Test worker] .b.t.c.SpringBootTestContextBootstrapper : Found @SpringBootConfiguration com.project.reservation.AdminApiApplication for test class com.project.reservation.interfaces.UserControllerTests
2020-01-26 22:16:55.673  INFO 12332 --- [    Test worker] .b.t.a.w.s.WebMvcTestContextBootstrapper : Loaded default TestExecutionListener class names from location [META-INF/spring.factories]: [org.springframework.boot.test.autoconfigure.restdocs.RestDocsTestExecutionListener, org.springframework.boot.test.autoconfigure.web.client.MockRestServiceServerResetTestExecutionListener, org.springframework.boot.test.autoconfigure.web.servlet.MockMvcPrintOnlyOnFailureTestExecutionListener, org.springframework.boot.test.autoconfigure.web.servlet.WebDriverTestExecutionListener, org.springframework.boot.test.mock.mockito.MockitoTestExecutionListener, org.springframework.boot.test.mock.mockito.ResetMocksTestExecutionListener, org.springframework.test.context.web.ServletTestExecutionListener, org.springframework.test.context.support.DirtiesContextBeforeModesTestExecutionListener, org.springframework.test.context.support.DependencyInjectionTestExecutionListener, org.springframework.test.context.support.DirtiesContextTestExecutionListener, org.springframework.test.context.transaction.TransactionalTestExecutionListener, org.springframework.test.context.jdbc.SqlScriptsTestExecutionListener, org.springframework.test.context.event.EventPublishingTestExecutionListener]
2020-01-26 22:16:55.674  INFO 12332 --- [    Test worker] .b.t.a.w.s.WebMvcTestContextBootstrapper : Using TestExecutionListeners: [org.springframework.test.context.web.ServletTestExecutionListener@7e824a02, org.springframework.test.context.support.DirtiesContextBeforeModesTestExecutionListener@65419c1a, org.springframework.boot.test.mock.mockito.MockitoTestExecutionListener@2aac31ce, org.springframework.boot.test.autoconfigure.SpringBootDependencyInjectionTestExecutionListener@6719556, org.springframework.test.context.support.DirtiesContextTestExecutionListener@6acf1dc0, org.springframework.test.context.transaction.TransactionalTestExecutionListener@307fdcf, org.springframework.test.context.jdbc.SqlScriptsTestExecutionListener@48ee9e20, org.springframework.test.context.event.EventPublishingTestExecutionListener@42bf794e, org.springframework.boot.test.autoconfigure.restdocs.RestDocsTestExecutionListener@508c4dc4, org.springframework.boot.test.autoconfigure.web.client.MockRestServiceServerResetTestExecutionListener@6c592b9f, org.springframework.boot.test.autoconfigure.web.servlet.MockMvcPrintOnlyOnFailureTestExecutionListener@50faa7aa, org.springframework.boot.test.autoconfigure.web.servlet.WebDriverTestExecutionListener@6936c1f2, org.springframework.boot.test.mock.mockito.ResetMocksTestExecutionListener@5be6437d]

  .   ____          _            __ _ _
 /\\ / ___'_ __ _ _(_)_ __  __ _ \ \ \ \
( ( )\___ | '_ | '_| | '_ \/ _` | \ \ \ \
 \\/  ___)| |_)| | | | | || (_| |  ) ) ) )
  '  |____| .__|_| |_|_| |_\__, | / / / /
 =========|_|==============|___/=/_/_/_/
 :: Spring Boot ::        (v2.2.2.RELEASE)

2020-01-26 22:16:55.701  INFO 12332 --- [    Test worker] c.p.r.interfaces.UserControllerTests     : Starting UserControllerTests on DESKTOP-B7A5GTQ with PID 12332 (started by nkh16 in C:\hyun\Programming\WEB\portfolio\Reservation-Restaurant\admin-api)
2020-01-26 22:16:55.701  INFO 12332 --- [    Test worker] c.p.r.interfaces.UserControllerTests     : The following profiles are active: test
2020-01-26 22:16:55.992  INFO 12332 --- [    Test worker] o.s.s.concurrent.ThreadPoolTaskExecutor  : Initializing ExecutorService 'applicationTaskExecutor'
2020-01-26 22:16:56.106  INFO 12332 --- [    Test worker] o.s.b.t.m.w.SpringBootMockServletContext : Initializing Spring TestDispatcherServlet ''
2020-01-26 22:16:56.106  INFO 12332 --- [    Test worker] o.s.t.web.servlet.TestDispatcherServlet  : Initializing Servlet ''
2020-01-26 22:16:56.115  INFO 12332 --- [    Test worker] o.s.t.web.servlet.TestDispatcherServlet  : Completed initialization in 9 ms
2020-01-26 22:16:56.129  INFO 12332 --- [    Test worker] c.p.r.interfaces.UserControllerTests     : Started UserControllerTests in 0.452 seconds (JVM running for 11.162)
]]></system-out>
  <system-err><![CDATA[]]></system-err>
</testsuite>
