<?xml version="1.0" encoding="UTF-8"?>
<testsuite name="com.project.reservation.interfaces.CategoryControllerTests" tests="2" skipped="0" failures="0" errors="0" timestamp="2020-01-26T08:34:04" hostname="DESKTOP-B7A5GTQ" time="0.196">
  <properties/>
  <testcase name="create()" classname="com.project.reservation.interfaces.CategoryControllerTests" time="0.151"/>
  <testcase name="list()" classname="com.project.reservation.interfaces.CategoryControllerTests" time="0.043"/>
  <system-out><![CDATA[2020-01-26 17:34:04.053  INFO 12920 --- [    Test worker] .b.t.a.w.s.WebMvcTestContextBootstrapper : Neither @ContextConfiguration nor @ContextHierarchy found for test class [com.project.reservation.interfaces.CategoryControllerTests], using SpringBootContextLoader
2020-01-26 17:34:04.054  INFO 12920 --- [    Test worker] o.s.t.c.support.AbstractContextLoader    : Could not detect default resource locations for test class [com.project.reservation.interfaces.CategoryControllerTests]: no resource found for suffixes {-context.xml, Context.groovy}.
2020-01-26 17:34:04.055  INFO 12920 --- [    Test worker] t.c.s.AnnotationConfigContextLoaderUtils : Could not detect default configuration classes for test class [com.project.reservation.interfaces.CategoryControllerTests]: CategoryControllerTests does not declare any static, non-private, non-final, nested classes annotated with @Configuration.
2020-01-26 17:34:04.084  INFO 12920 --- [    Test worker] .b.t.c.SpringBootTestContextBootstrapper : Found @SpringBootConfiguration com.project.reservation.AdminApiApplication for test class com.project.reservation.interfaces.CategoryControllerTests
2020-01-26 17:34:04.085  INFO 12920 --- [    Test worker] .b.t.a.w.s.WebMvcTestContextBootstrapper : Loaded default TestExecutionListener class names from location [META-INF/spring.factories]: [org.springframework.boot.test.autoconfigure.restdocs.RestDocsTestExecutionListener, org.springframework.boot.test.autoconfigure.web.client.MockRestServiceServerResetTestExecutionListener, org.springframework.boot.test.autoconfigure.web.servlet.MockMvcPrintOnlyOnFailureTestExecutionListener, org.springframework.boot.test.autoconfigure.web.servlet.WebDriverTestExecutionListener, org.springframework.boot.test.mock.mockito.MockitoTestExecutionListener, org.springframework.boot.test.mock.mockito.ResetMocksTestExecutionListener, org.springframework.test.context.web.ServletTestExecutionListener, org.springframework.test.context.support.DirtiesContextBeforeModesTestExecutionListener, org.springframework.test.context.support.DependencyInjectionTestExecutionListener, org.springframework.test.context.support.DirtiesContextTestExecutionListener, org.springframework.test.context.transaction.TransactionalTestExecutionListener, org.springframework.test.context.jdbc.SqlScriptsTestExecutionListener, org.springframework.test.context.event.EventPublishingTestExecutionListener]
2020-01-26 17:34:04.085  INFO 12920 --- [    Test worker] .b.t.a.w.s.WebMvcTestContextBootstrapper : Using TestExecutionListeners: [org.springframework.test.context.web.ServletTestExecutionListener@539d92d3, org.springframework.test.context.support.DirtiesContextBeforeModesTestExecutionListener@67b3481c, org.springframework.boot.test.mock.mockito.MockitoTestExecutionListener@26e2b15b, org.springframework.boot.test.autoconfigure.SpringBootDependencyInjectionTestExecutionListener@18324abb, org.springframework.test.context.support.DirtiesContextTestExecutionListener@27065864, org.springframework.test.context.transaction.TransactionalTestExecutionListener@5a081730, org.springframework.test.context.jdbc.SqlScriptsTestExecutionListener@69531d43, org.springframework.test.context.event.EventPublishingTestExecutionListener@633ee540, org.springframework.boot.test.autoconfigure.restdocs.RestDocsTestExecutionListener@766e543b, org.springframework.boot.test.autoconfigure.web.client.MockRestServiceServerResetTestExecutionListener@6cc56c51, org.springframework.boot.test.autoconfigure.web.servlet.MockMvcPrintOnlyOnFailureTestExecutionListener@1d8dcd8f, org.springframework.boot.test.autoconfigure.web.servlet.WebDriverTestExecutionListener@90d3f9b, org.springframework.boot.test.mock.mockito.ResetMocksTestExecutionListener@d466d0d]

  .   ____          _            __ _ _
 /\\ / ___'_ __ _ _(_)_ __  __ _ \ \ \ \
( ( )\___ | '_ | '_| | '_ \/ _` | \ \ \ \
 \\/  ___)| |_)| | | | | || (_| |  ) ) ) )
  '  |____| .__|_| |_|_| |_\__, | / / / /
 =========|_|==============|___/=/_/_/_/
 :: Spring Boot ::        (v2.2.2.RELEASE)

2020-01-26 17:34:04.129  INFO 12920 --- [    Test worker] c.p.r.i.CategoryControllerTests          : Starting CategoryControllerTests on DESKTOP-B7A5GTQ with PID 12920 (started by nkh16 in C:\hyun\Programming\WEB\portfolio\Reservation-Restaurant\admin-api)
2020-01-26 17:34:04.129  INFO 12920 --- [    Test worker] c.p.r.i.CategoryControllerTests          : The following profiles are active: test
2020-01-26 17:34:04.495  INFO 12920 --- [    Test worker] o.s.s.concurrent.ThreadPoolTaskExecutor  : Initializing ExecutorService 'applicationTaskExecutor'
2020-01-26 17:34:04.643  INFO 12920 --- [    Test worker] o.s.b.t.m.w.SpringBootMockServletContext : Initializing Spring TestDispatcherServlet ''
2020-01-26 17:34:04.643  INFO 12920 --- [    Test worker] o.s.t.web.servlet.TestDispatcherServlet  : Initializing Servlet ''
2020-01-26 17:34:04.660  INFO 12920 --- [    Test worker] o.s.t.web.servlet.TestDispatcherServlet  : Completed initialization in 17 ms
2020-01-26 17:34:04.680  INFO 12920 --- [    Test worker] c.p.r.i.CategoryControllerTests          : Started CategoryControllerTests in 0.592 seconds (JVM running for 8.202)
]]></system-out>
  <system-err><![CDATA[]]></system-err>
</testsuite>
