<?xml version="1.0" encoding="UTF-8"?>
<testsuite name="com.project.reservation.interfaces.RestaurantControllerTests" tests="6" skipped="0" failures="0" errors="0" timestamp="2020-01-24T09:00:57" hostname="DESKTOP-B7A5GTQ" time="0.164">
  <properties/>
  <testcase name="createWithInvalidData()" classname="com.project.reservation.interfaces.RestaurantControllerTests" time="0.079"/>
  <testcase name="updateWithValidData()" classname="com.project.reservation.interfaces.RestaurantControllerTests" time="0.017"/>
  <testcase name="list()" classname="com.project.reservation.interfaces.RestaurantControllerTests" time="0.018"/>
  <testcase name="updateWithInvalidData()" classname="com.project.reservation.interfaces.RestaurantControllerTests" time="0.009"/>
  <testcase name="detailWithNotExisted()" classname="com.project.reservation.interfaces.RestaurantControllerTests" time="0.016"/>
  <testcase name="detailWithExisted()" classname="com.project.reservation.interfaces.RestaurantControllerTests" time="0.015"/>
  <system-out><![CDATA[2020-01-24 18:00:56.681  INFO 12468 --- [    Test worker] .b.t.a.w.s.WebMvcTestContextBootstrapper : Neither @ContextConfiguration nor @ContextHierarchy found for test class [com.project.reservation.interfaces.RestaurantControllerTests], using SpringBootContextLoader
2020-01-24 18:00:56.684  INFO 12468 --- [    Test worker] o.s.t.c.support.AbstractContextLoader    : Could not detect default resource locations for test class [com.project.reservation.interfaces.RestaurantControllerTests]: no resource found for suffixes {-context.xml, Context.groovy}.
2020-01-24 18:00:56.685  INFO 12468 --- [    Test worker] t.c.s.AnnotationConfigContextLoaderUtils : Could not detect default configuration classes for test class [com.project.reservation.interfaces.RestaurantControllerTests]: RestaurantControllerTests does not declare any static, non-private, non-final, nested classes annotated with @Configuration.
2020-01-24 18:00:56.689  INFO 12468 --- [    Test worker] .b.t.c.SpringBootTestContextBootstrapper : Found @SpringBootConfiguration com.project.reservation.AdminApiApplication for test class com.project.reservation.interfaces.RestaurantControllerTests
2020-01-24 18:00:56.691  INFO 12468 --- [    Test worker] .b.t.a.w.s.WebMvcTestContextBootstrapper : Loaded default TestExecutionListener class names from location [META-INF/spring.factories]: [org.springframework.boot.test.autoconfigure.restdocs.RestDocsTestExecutionListener, org.springframework.boot.test.autoconfigure.web.client.MockRestServiceServerResetTestExecutionListener, org.springframework.boot.test.autoconfigure.web.servlet.MockMvcPrintOnlyOnFailureTestExecutionListener, org.springframework.boot.test.autoconfigure.web.servlet.WebDriverTestExecutionListener, org.springframework.boot.test.mock.mockito.MockitoTestExecutionListener, org.springframework.boot.test.mock.mockito.ResetMocksTestExecutionListener, org.springframework.test.context.web.ServletTestExecutionListener, org.springframework.test.context.support.DirtiesContextBeforeModesTestExecutionListener, org.springframework.test.context.support.DependencyInjectionTestExecutionListener, org.springframework.test.context.support.DirtiesContextTestExecutionListener, org.springframework.test.context.transaction.TransactionalTestExecutionListener, org.springframework.test.context.jdbc.SqlScriptsTestExecutionListener, org.springframework.test.context.event.EventPublishingTestExecutionListener]
2020-01-24 18:00:56.692  INFO 12468 --- [    Test worker] .b.t.a.w.s.WebMvcTestContextBootstrapper : Using TestExecutionListeners: [org.springframework.test.context.web.ServletTestExecutionListener@6ba78683, org.springframework.test.context.support.DirtiesContextBeforeModesTestExecutionListener@1e244e97, org.springframework.boot.test.mock.mockito.MockitoTestExecutionListener@259b40f1, org.springframework.boot.test.autoconfigure.SpringBootDependencyInjectionTestExecutionListener@77c16ee9, org.springframework.test.context.support.DirtiesContextTestExecutionListener@20057d0c, org.springframework.test.context.transaction.TransactionalTestExecutionListener@1c69cf6d, org.springframework.test.context.jdbc.SqlScriptsTestExecutionListener@638a88d9, org.springframework.test.context.event.EventPublishingTestExecutionListener@1fc00467, org.springframework.boot.test.autoconfigure.restdocs.RestDocsTestExecutionListener@14a6f78e, org.springframework.boot.test.autoconfigure.web.client.MockRestServiceServerResetTestExecutionListener@466650d0, org.springframework.boot.test.autoconfigure.web.servlet.MockMvcPrintOnlyOnFailureTestExecutionListener@711dd485, org.springframework.boot.test.autoconfigure.web.servlet.WebDriverTestExecutionListener@6ee115fd, org.springframework.boot.test.mock.mockito.ResetMocksTestExecutionListener@4d589528]

  .   ____          _            __ _ _
 /\\ / ___'_ __ _ _(_)_ __  __ _ \ \ \ \
( ( )\___ | '_ | '_| | '_ \/ _` | \ \ \ \
 \\/  ___)| |_)| | | | | || (_| |  ) ) ) )
  '  |____| .__|_| |_|_| |_\__, | / / / /
 =========|_|==============|___/=/_/_/_/
 :: Spring Boot ::        (v2.2.2.RELEASE)

2020-01-24 18:00:56.731  INFO 12468 --- [    Test worker] c.p.r.i.RestaurantControllerTests        : Starting RestaurantControllerTests on DESKTOP-B7A5GTQ with PID 12468 (started by nkh16 in C:\hyun\Programming\WEB\portfolio\Reservation-Restaurant\admin-api)
2020-01-24 18:00:56.732  INFO 12468 --- [    Test worker] c.p.r.i.RestaurantControllerTests        : The following profiles are active: test
2020-01-24 18:00:57.129  INFO 12468 --- [    Test worker] o.s.s.concurrent.ThreadPoolTaskExecutor  : Initializing ExecutorService 'applicationTaskExecutor'
2020-01-24 18:00:57.296  INFO 12468 --- [    Test worker] o.s.b.t.m.w.SpringBootMockServletContext : Initializing Spring TestDispatcherServlet ''
2020-01-24 18:00:57.296  INFO 12468 --- [    Test worker] o.s.t.web.servlet.TestDispatcherServlet  : Initializing Servlet ''
2020-01-24 18:00:57.311  INFO 12468 --- [    Test worker] o.s.t.web.servlet.TestDispatcherServlet  : Completed initialization in 13 ms
2020-01-24 18:00:57.336  INFO 12468 --- [    Test worker] c.p.r.i.RestaurantControllerTests        : Started RestaurantControllerTests in 0.64 seconds (JVM running for 12.656)
2020-01-24 18:00:57.412  WARN 12468 --- [    Test worker] .w.s.m.s.DefaultHandlerExceptionResolver : Resolved [org.springframework.web.bind.MethodArgumentNotValidException: Validation failed for argument [0] in public org.springframework.http.ResponseEntity<?> com.project.reservation.interfaces.RestaurantController.create(com.project.reservation.domain.Restaurant) throws java.net.URISyntaxException with 2 errors: [Field error in object 'restaurant' on field 'name': rejected value []; codes [NotEmpty.restaurant.name,NotEmpty.name,NotEmpty.java.lang.String,NotEmpty]; arguments [org.springframework.context.support.DefaultMessageSourceResolvable: codes [restaurant.name,name]; arguments []; default message [name]]; default message [must not be empty]] [Field error in object 'restaurant' on field 'address': rejected value []; codes [NotEmpty.restaurant.address,NotEmpty.address,NotEmpty.java.lang.String,NotEmpty]; arguments [org.springframework.context.support.DefaultMessageSourceResolvable: codes [restaurant.address,address]; arguments []; default message [address]]; default message [must not be empty]] ]
2020-01-24 18:00:57.466  WARN 12468 --- [    Test worker] .w.s.m.s.DefaultHandlerExceptionResolver : Resolved [org.springframework.web.bind.MethodArgumentNotValidException: Validation failed for argument [1] in public java.lang.String com.project.reservation.interfaces.RestaurantController.update(java.lang.Long,com.project.reservation.domain.Restaurant) with 2 errors: [Field error in object 'restaurant' on field 'name': rejected value []; codes [NotEmpty.restaurant.name,NotEmpty.name,NotEmpty.java.lang.String,NotEmpty]; arguments [org.springframework.context.support.DefaultMessageSourceResolvable: codes [restaurant.name,name]; arguments []; default message [name]]; default message [must not be empty]] [Field error in object 'restaurant' on field 'address': rejected value []; codes [NotEmpty.restaurant.address,NotEmpty.address,NotEmpty.java.lang.String,NotEmpty]; arguments [org.springframework.context.support.DefaultMessageSourceResolvable: codes [restaurant.address,address]; arguments []; default message [address]]; default message [must not be empty]] ]
]]></system-out>
  <system-err><![CDATA[]]></system-err>
</testsuite>
