<?xml version="1.0" encoding="UTF-8"?>
<testsuite name="com.project.reservation.interfaces.ReviewControllerTests" tests="1" skipped="0" failures="0" errors="0" timestamp="2020-01-27T02:48:06" hostname="DESKTOP-B7A5GTQ" time="0.013">
  <properties/>
  <testcase name="list()" classname="com.project.reservation.interfaces.ReviewControllerTests" time="0.013"/>
  <system-out><![CDATA[2020-01-27 11:48:05.945  INFO 12692 --- [    Test worker] .b.t.a.w.s.WebMvcTestContextBootstrapper : Neither @ContextConfiguration nor @ContextHierarchy found for test class [com.project.reservation.interfaces.ReviewControllerTests], using SpringBootContextLoader
2020-01-27 11:48:05.946  INFO 12692 --- [    Test worker] o.s.t.c.support.AbstractContextLoader    : Could not detect default resource locations for test class [com.project.reservation.interfaces.ReviewControllerTests]: no resource found for suffixes {-context.xml, Context.groovy}.
2020-01-27 11:48:05.947  INFO 12692 --- [    Test worker] t.c.s.AnnotationConfigContextLoaderUtils : Could not detect default configuration classes for test class [com.project.reservation.interfaces.ReviewControllerTests]: ReviewControllerTests does not declare any static, non-private, non-final, nested classes annotated with @Configuration.
2020-01-27 11:48:05.952  INFO 12692 --- [    Test worker] .b.t.c.SpringBootTestContextBootstrapper : Found @SpringBootConfiguration com.project.reservation.AdminApiApplication for test class com.project.reservation.interfaces.ReviewControllerTests
2020-01-27 11:48:05.953  INFO 12692 --- [    Test worker] .b.t.a.w.s.WebMvcTestContextBootstrapper : Loaded default TestExecutionListener class names from location [META-INF/spring.factories]: [org.springframework.boot.test.autoconfigure.restdocs.RestDocsTestExecutionListener, org.springframework.boot.test.autoconfigure.web.client.MockRestServiceServerResetTestExecutionListener, org.springframework.boot.test.autoconfigure.web.servlet.MockMvcPrintOnlyOnFailureTestExecutionListener, org.springframework.boot.test.autoconfigure.web.servlet.WebDriverTestExecutionListener, org.springframework.boot.test.mock.mockito.MockitoTestExecutionListener, org.springframework.boot.test.mock.mockito.ResetMocksTestExecutionListener, org.springframework.test.context.web.ServletTestExecutionListener, org.springframework.test.context.support.DirtiesContextBeforeModesTestExecutionListener, org.springframework.test.context.support.DependencyInjectionTestExecutionListener, org.springframework.test.context.support.DirtiesContextTestExecutionListener, org.springframework.test.context.transaction.TransactionalTestExecutionListener, org.springframework.test.context.jdbc.SqlScriptsTestExecutionListener, org.springframework.test.context.event.EventPublishingTestExecutionListener]
2020-01-27 11:48:05.953  INFO 12692 --- [    Test worker] .b.t.a.w.s.WebMvcTestContextBootstrapper : Using TestExecutionListeners: [org.springframework.test.context.web.ServletTestExecutionListener@2d5cff9, org.springframework.test.context.support.DirtiesContextBeforeModesTestExecutionListener@3284ee6e, org.springframework.boot.test.mock.mockito.MockitoTestExecutionListener@60fa73f9, org.springframework.boot.test.autoconfigure.SpringBootDependencyInjectionTestExecutionListener@7b5a26e6, org.springframework.test.context.support.DirtiesContextTestExecutionListener@575c8473, org.springframework.test.context.transaction.TransactionalTestExecutionListener@42bef768, org.springframework.test.context.jdbc.SqlScriptsTestExecutionListener@71e8317d, org.springframework.test.context.event.EventPublishingTestExecutionListener@5b2f54b0, org.springframework.boot.test.autoconfigure.restdocs.RestDocsTestExecutionListener@68633cba, org.springframework.boot.test.autoconfigure.web.client.MockRestServiceServerResetTestExecutionListener@5d538369, org.springframework.boot.test.autoconfigure.web.servlet.MockMvcPrintOnlyOnFailureTestExecutionListener@6d803267, org.springframework.boot.test.autoconfigure.web.servlet.WebDriverTestExecutionListener@4c2b71b3, org.springframework.boot.test.mock.mockito.ResetMocksTestExecutionListener@3ddc0260]

  .   ____          _            __ _ _
 /\\ / ___'_ __ _ _(_)_ __  __ _ \ \ \ \
( ( )\___ | '_ | '_| | '_ \/ _` | \ \ \ \
 \\/  ___)| |_)| | | | | || (_| |  ) ) ) )
  '  |____| .__|_| |_|_| |_\__, | / / / /
 =========|_|==============|___/=/_/_/_/
 :: Spring Boot ::        (v2.2.2.RELEASE)

2020-01-27 11:48:05.982  INFO 12692 --- [    Test worker] c.p.r.interfaces.ReviewControllerTests   : Starting ReviewControllerTests on DESKTOP-B7A5GTQ with PID 12692 (started by nkh16 in C:\hyun\Programming\WEB\portfolio\Reservation-Restaurant\admin-api)
2020-01-27 11:48:05.983  INFO 12692 --- [    Test worker] c.p.r.interfaces.ReviewControllerTests   : The following profiles are active: test
2020-01-27 11:48:06.306  INFO 12692 --- [    Test worker] o.s.s.concurrent.ThreadPoolTaskExecutor  : Initializing ExecutorService 'applicationTaskExecutor'
2020-01-27 11:48:06.481  INFO 12692 --- [    Test worker] o.s.b.t.m.w.SpringBootMockServletContext : Initializing Spring TestDispatcherServlet ''
2020-01-27 11:48:06.481  INFO 12692 --- [    Test worker] o.s.t.web.servlet.TestDispatcherServlet  : Initializing Servlet ''
2020-01-27 11:48:06.492  INFO 12692 --- [    Test worker] o.s.t.web.servlet.TestDispatcherServlet  : Completed initialization in 11 ms
2020-01-27 11:48:06.506  INFO 12692 --- [    Test worker] c.p.r.interfaces.ReviewControllerTests   : Started ReviewControllerTests in 0.55 seconds (JVM running for 13.959)
]]></system-out>
  <system-err><![CDATA[]]></system-err>
</testsuite>
