<?xml version="1.0" encoding="UTF-8"?>
<testsuite name="com.project.reservation.interfaces.MenuItemControllerTests" tests="1" skipped="0" failures="0" errors="0" timestamp="2020-01-26T08:34:05" hostname="DESKTOP-B7A5GTQ" time="0.019">
  <properties/>
  <testcase name="bulkUpdate()" classname="com.project.reservation.interfaces.MenuItemControllerTests" time="0.019"/>
  <system-out><![CDATA[2020-01-26 17:34:04.886  INFO 12920 --- [    Test worker] .b.t.a.w.s.WebMvcTestContextBootstrapper : Neither @ContextConfiguration nor @ContextHierarchy found for test class [com.project.reservation.interfaces.MenuItemControllerTests], using SpringBootContextLoader
2020-01-26 17:34:04.887  INFO 12920 --- [    Test worker] o.s.t.c.support.AbstractContextLoader    : Could not detect default resource locations for test class [com.project.reservation.interfaces.MenuItemControllerTests]: no resource found for suffixes {-context.xml, Context.groovy}.
2020-01-26 17:34:04.887  INFO 12920 --- [    Test worker] t.c.s.AnnotationConfigContextLoaderUtils : Could not detect default configuration classes for test class [com.project.reservation.interfaces.MenuItemControllerTests]: MenuItemControllerTests does not declare any static, non-private, non-final, nested classes annotated with @Configuration.
2020-01-26 17:34:04.890  INFO 12920 --- [    Test worker] .b.t.c.SpringBootTestContextBootstrapper : Found @SpringBootConfiguration com.project.reservation.AdminApiApplication for test class com.project.reservation.interfaces.MenuItemControllerTests
2020-01-26 17:34:04.891  INFO 12920 --- [    Test worker] .b.t.a.w.s.WebMvcTestContextBootstrapper : Loaded default TestExecutionListener class names from location [META-INF/spring.factories]: [org.springframework.boot.test.autoconfigure.restdocs.RestDocsTestExecutionListener, org.springframework.boot.test.autoconfigure.web.client.MockRestServiceServerResetTestExecutionListener, org.springframework.boot.test.autoconfigure.web.servlet.MockMvcPrintOnlyOnFailureTestExecutionListener, org.springframework.boot.test.autoconfigure.web.servlet.WebDriverTestExecutionListener, org.springframework.boot.test.mock.mockito.MockitoTestExecutionListener, org.springframework.boot.test.mock.mockito.ResetMocksTestExecutionListener, org.springframework.test.context.web.ServletTestExecutionListener, org.springframework.test.context.support.DirtiesContextBeforeModesTestExecutionListener, org.springframework.test.context.support.DependencyInjectionTestExecutionListener, org.springframework.test.context.support.DirtiesContextTestExecutionListener, org.springframework.test.context.transaction.TransactionalTestExecutionListener, org.springframework.test.context.jdbc.SqlScriptsTestExecutionListener, org.springframework.test.context.event.EventPublishingTestExecutionListener]
2020-01-26 17:34:04.891  INFO 12920 --- [    Test worker] .b.t.a.w.s.WebMvcTestContextBootstrapper : Using TestExecutionListeners: [org.springframework.test.context.web.ServletTestExecutionListener@39241d80, org.springframework.test.context.support.DirtiesContextBeforeModesTestExecutionListener@2504539c, org.springframework.boot.test.mock.mockito.MockitoTestExecutionListener@1ba73002, org.springframework.boot.test.autoconfigure.SpringBootDependencyInjectionTestExecutionListener@7c4c7266, org.springframework.test.context.support.DirtiesContextTestExecutionListener@659db872, org.springframework.test.context.transaction.TransactionalTestExecutionListener@62028fee, org.springframework.test.context.jdbc.SqlScriptsTestExecutionListener@4007948c, org.springframework.test.context.event.EventPublishingTestExecutionListener@5f4711a8, org.springframework.boot.test.autoconfigure.restdocs.RestDocsTestExecutionListener@57116c1a, org.springframework.boot.test.autoconfigure.web.client.MockRestServiceServerResetTestExecutionListener@219ae4e9, org.springframework.boot.test.autoconfigure.web.servlet.MockMvcPrintOnlyOnFailureTestExecutionListener@5dc5a7a2, org.springframework.boot.test.autoconfigure.web.servlet.WebDriverTestExecutionListener@3a6837e3, org.springframework.boot.test.mock.mockito.ResetMocksTestExecutionListener@66c5fd08]

  .   ____          _            __ _ _
 /\\ / ___'_ __ _ _(_)_ __  __ _ \ \ \ \
( ( )\___ | '_ | '_| | '_ \/ _` | \ \ \ \
 \\/  ___)| |_)| | | | | || (_| |  ) ) ) )
  '  |____| .__|_| |_|_| |_\__, | / / / /
 =========|_|==============|___/=/_/_/_/
 :: Spring Boot ::        (v2.2.2.RELEASE)

2020-01-26 17:34:04.929  INFO 12920 --- [    Test worker] c.p.r.i.MenuItemControllerTests          : Starting MenuItemControllerTests on DESKTOP-B7A5GTQ with PID 12920 (started by nkh16 in C:\hyun\Programming\WEB\portfolio\Reservation-Restaurant\admin-api)
2020-01-26 17:34:04.930  INFO 12920 --- [    Test worker] c.p.r.i.MenuItemControllerTests          : The following profiles are active: test
2020-01-26 17:34:05.291  INFO 12920 --- [    Test worker] o.s.s.concurrent.ThreadPoolTaskExecutor  : Initializing ExecutorService 'applicationTaskExecutor'
2020-01-26 17:34:05.454  INFO 12920 --- [    Test worker] o.s.b.t.m.w.SpringBootMockServletContext : Initializing Spring TestDispatcherServlet ''
2020-01-26 17:34:05.454  INFO 12920 --- [    Test worker] o.s.t.web.servlet.TestDispatcherServlet  : Initializing Servlet ''
2020-01-26 17:34:05.464  INFO 12920 --- [    Test worker] o.s.t.web.servlet.TestDispatcherServlet  : Completed initialization in 9 ms
2020-01-26 17:34:05.483  INFO 12920 --- [    Test worker] c.p.r.i.MenuItemControllerTests          : Started MenuItemControllerTests in 0.589 seconds (JVM running for 9.005)
]]></system-out>
  <system-err><![CDATA[]]></system-err>
</testsuite>
