<?xml version="1.0" encoding="UTF-8"?>
<testsuite name="com.project.reservation.interfaces.RestaurantControllerTests" tests="6" skipped="0" failures="0" errors="0" timestamp="2020-01-27T02:48:05" hostname="DESKTOP-B7A5GTQ" time="0.123">
  <properties/>
  <testcase name="createWithInvalidData()" classname="com.project.reservation.interfaces.RestaurantControllerTests" time="0.07"/>
  <testcase name="updateWithValidData()" classname="com.project.reservation.interfaces.RestaurantControllerTests" time="0.008"/>
  <testcase name="list()" classname="com.project.reservation.interfaces.RestaurantControllerTests" time="0.01"/>
  <testcase name="updateWithInvalidData()" classname="com.project.reservation.interfaces.RestaurantControllerTests" time="0.007"/>
  <testcase name="detailWithNotExisted()" classname="com.project.reservation.interfaces.RestaurantControllerTests" time="0.009"/>
  <testcase name="detailWithExisted()" classname="com.project.reservation.interfaces.RestaurantControllerTests" time="0.008"/>
  <system-out><![CDATA[2020-01-27 11:48:05.276  INFO 12692 --- [    Test worker] .b.t.a.w.s.WebMvcTestContextBootstrapper : Neither @ContextConfiguration nor @ContextHierarchy found for test class [com.project.reservation.interfaces.RestaurantControllerTests], using SpringBootContextLoader
2020-01-27 11:48:05.277  INFO 12692 --- [    Test worker] o.s.t.c.support.AbstractContextLoader    : Could not detect default resource locations for test class [com.project.reservation.interfaces.RestaurantControllerTests]: no resource found for suffixes {-context.xml, Context.groovy}.
2020-01-27 11:48:05.277  INFO 12692 --- [    Test worker] t.c.s.AnnotationConfigContextLoaderUtils : Could not detect default configuration classes for test class [com.project.reservation.interfaces.RestaurantControllerTests]: RestaurantControllerTests does not declare any static, non-private, non-final, nested classes annotated with @Configuration.
2020-01-27 11:48:05.283  INFO 12692 --- [    Test worker] .b.t.c.SpringBootTestContextBootstrapper : Found @SpringBootConfiguration com.project.reservation.AdminApiApplication for test class com.project.reservation.interfaces.RestaurantControllerTests
2020-01-27 11:48:05.285  INFO 12692 --- [    Test worker] .b.t.a.w.s.WebMvcTestContextBootstrapper : Loaded default TestExecutionListener class names from location [META-INF/spring.factories]: [org.springframework.boot.test.autoconfigure.restdocs.RestDocsTestExecutionListener, org.springframework.boot.test.autoconfigure.web.client.MockRestServiceServerResetTestExecutionListener, org.springframework.boot.test.autoconfigure.web.servlet.MockMvcPrintOnlyOnFailureTestExecutionListener, org.springframework.boot.test.autoconfigure.web.servlet.WebDriverTestExecutionListener, org.springframework.boot.test.mock.mockito.MockitoTestExecutionListener, org.springframework.boot.test.mock.mockito.ResetMocksTestExecutionListener, org.springframework.test.context.web.ServletTestExecutionListener, org.springframework.test.context.support.DirtiesContextBeforeModesTestExecutionListener, org.springframework.test.context.support.DependencyInjectionTestExecutionListener, org.springframework.test.context.support.DirtiesContextTestExecutionListener, org.springframework.test.context.transaction.TransactionalTestExecutionListener, org.springframework.test.context.jdbc.SqlScriptsTestExecutionListener, org.springframework.test.context.event.EventPublishingTestExecutionListener]
2020-01-27 11:48:05.286  INFO 12692 --- [    Test worker] .b.t.a.w.s.WebMvcTestContextBootstrapper : Using TestExecutionListeners: [org.springframework.test.context.web.ServletTestExecutionListener@ccd45e2, org.springframework.test.context.support.DirtiesContextBeforeModesTestExecutionListener@2c641d75, org.springframework.boot.test.mock.mockito.MockitoTestExecutionListener@7fa875dc, org.springframework.boot.test.autoconfigure.SpringBootDependencyInjectionTestExecutionListener@782b2052, org.springframework.test.context.support.DirtiesContextTestExecutionListener@1e2f88e0, org.springframework.test.context.transaction.TransactionalTestExecutionListener@12acb1e5, org.springframework.test.context.jdbc.SqlScriptsTestExecutionListener@2e1620f9, org.springframework.test.context.event.EventPublishingTestExecutionListener@f9eacd9, org.springframework.boot.test.autoconfigure.restdocs.RestDocsTestExecutionListener@6d944d42, org.springframework.boot.test.autoconfigure.web.client.MockRestServiceServerResetTestExecutionListener@1ac0fa8c, org.springframework.boot.test.autoconfigure.web.servlet.MockMvcPrintOnlyOnFailureTestExecutionListener@5ce00c5, org.springframework.boot.test.autoconfigure.web.servlet.WebDriverTestExecutionListener@7fcc9cc1, org.springframework.boot.test.mock.mockito.ResetMocksTestExecutionListener@30fd2027]

  .   ____          _            __ _ _
 /\\ / ___'_ __ _ _(_)_ __  __ _ \ \ \ \
( ( )\___ | '_ | '_| | '_ \/ _` | \ \ \ \
 \\/  ___)| |_)| | | | | || (_| |  ) ) ) )
  '  |____| .__|_| |_|_| |_\__, | / / / /
 =========|_|==============|___/=/_/_/_/
 :: Spring Boot ::        (v2.2.2.RELEASE)

2020-01-27 11:48:05.321  INFO 12692 --- [    Test worker] c.p.r.i.RestaurantControllerTests        : Starting RestaurantControllerTests on DESKTOP-B7A5GTQ with PID 12692 (started by nkh16 in C:\hyun\Programming\WEB\portfolio\Reservation-Restaurant\admin-api)
2020-01-27 11:48:05.321  INFO 12692 --- [    Test worker] c.p.r.i.RestaurantControllerTests        : The following profiles are active: test
2020-01-27 11:48:05.644  INFO 12692 --- [    Test worker] o.s.s.concurrent.ThreadPoolTaskExecutor  : Initializing ExecutorService 'applicationTaskExecutor'
2020-01-27 11:48:05.795  INFO 12692 --- [    Test worker] o.s.b.t.m.w.SpringBootMockServletContext : Initializing Spring TestDispatcherServlet ''
2020-01-27 11:48:05.795  INFO 12692 --- [    Test worker] o.s.t.web.servlet.TestDispatcherServlet  : Initializing Servlet ''
2020-01-27 11:48:05.804  INFO 12692 --- [    Test worker] o.s.t.web.servlet.TestDispatcherServlet  : Completed initialization in 9 ms
2020-01-27 11:48:05.815  INFO 12692 --- [    Test worker] c.p.r.i.RestaurantControllerTests        : Started RestaurantControllerTests in 0.525 seconds (JVM running for 13.269)
2020-01-27 11:48:05.888  WARN 12692 --- [    Test worker] .w.s.m.s.DefaultHandlerExceptionResolver : Resolved [org.springframework.web.bind.MethodArgumentNotValidException: Validation failed for argument [0] in public org.springframework.http.ResponseEntity<?> com.project.reservation.interfaces.RestaurantController.create(com.project.reservation.domain.Restaurant) throws java.net.URISyntaxException with 3 errors: [Field error in object 'restaurant' on field 'name': rejected value []; codes [NotEmpty.restaurant.name,NotEmpty.name,NotEmpty.java.lang.String,NotEmpty]; arguments [org.springframework.context.support.DefaultMessageSourceResolvable: codes [restaurant.name,name]; arguments []; default message [name]]; default message [must not be empty]] [Field error in object 'restaurant' on field 'address': rejected value []; codes [NotEmpty.restaurant.address,NotEmpty.address,NotEmpty.java.lang.String,NotEmpty]; arguments [org.springframework.context.support.DefaultMessageSourceResolvable: codes [restaurant.address,address]; arguments []; default message [address]]; default message [must not be empty]] [Field error in object 'restaurant' on field 'categoryId': rejected value [null]; codes [NotNull.restaurant.categoryId,NotNull.categoryId,NotNull.java.lang.Long,NotNull]; arguments [org.springframework.context.support.DefaultMessageSourceResolvable: codes [restaurant.categoryId,categoryId]; arguments []; default message [categoryId]]; default message [must not be null]] ]
2020-01-27 11:48:05.920  WARN 12692 --- [    Test worker] .w.s.m.s.DefaultHandlerExceptionResolver : Resolved [org.springframework.web.bind.MethodArgumentNotValidException: Validation failed for argument [1] in public java.lang.String com.project.reservation.interfaces.RestaurantController.update(java.lang.Long,com.project.reservation.domain.Restaurant) with 2 errors: [Field error in object 'restaurant' on field 'address': rejected value []; codes [NotEmpty.restaurant.address,NotEmpty.address,NotEmpty.java.lang.String,NotEmpty]; arguments [org.springframework.context.support.DefaultMessageSourceResolvable: codes [restaurant.address,address]; arguments []; default message [address]]; default message [must not be empty]] [Field error in object 'restaurant' on field 'name': rejected value []; codes [NotEmpty.restaurant.name,NotEmpty.name,NotEmpty.java.lang.String,NotEmpty]; arguments [org.springframework.context.support.DefaultMessageSourceResolvable: codes [restaurant.name,name]; arguments []; default message [name]]; default message [must not be empty]] ]
]]></system-out>
  <system-err><![CDATA[]]></system-err>
</testsuite>
