<?xml version="1.0" encoding="UTF-8"?>
<testsuite name="com.project.reservation.interfaces.UserControllerTests" tests="4" skipped="0" failures="0" errors="0" timestamp="2020-01-28T02:35:06" hostname="DESKTOP-B7A5GTQ" time="0.045">
  <properties/>
  <testcase name="deactivate()" classname="com.project.reservation.interfaces.UserControllerTests" time="0.011"/>
  <testcase name="create()" classname="com.project.reservation.interfaces.UserControllerTests" time="0.012"/>
  <testcase name="update()" classname="com.project.reservation.interfaces.UserControllerTests" time="0.007"/>
  <testcase name="list()" classname="com.project.reservation.interfaces.UserControllerTests" time="0.01"/>
  <system-out><![CDATA[2020-01-28 11:35:06.326  INFO 15304 --- [    Test worker] .b.t.a.w.s.WebMvcTestContextBootstrapper : Neither @ContextConfiguration nor @ContextHierarchy found for test class [com.project.reservation.interfaces.UserControllerTests], using SpringBootContextLoader
2020-01-28 11:35:06.327  INFO 15304 --- [    Test worker] o.s.t.c.support.AbstractContextLoader    : Could not detect default resource locations for test class [com.project.reservation.interfaces.UserControllerTests]: no resource found for suffixes {-context.xml, Context.groovy}.
2020-01-28 11:35:06.328  INFO 15304 --- [    Test worker] t.c.s.AnnotationConfigContextLoaderUtils : Could not detect default configuration classes for test class [com.project.reservation.interfaces.UserControllerTests]: UserControllerTests does not declare any static, non-private, non-final, nested classes annotated with @Configuration.
2020-01-28 11:35:06.337  INFO 15304 --- [    Test worker] .b.t.c.SpringBootTestContextBootstrapper : Found @SpringBootConfiguration com.project.reservation.AdminApiApplication for test class com.project.reservation.interfaces.UserControllerTests
2020-01-28 11:35:06.337  INFO 15304 --- [    Test worker] .b.t.a.w.s.WebMvcTestContextBootstrapper : Loaded default TestExecutionListener class names from location [META-INF/spring.factories]: [org.springframework.boot.test.autoconfigure.restdocs.RestDocsTestExecutionListener, org.springframework.boot.test.autoconfigure.web.client.MockRestServiceServerResetTestExecutionListener, org.springframework.boot.test.autoconfigure.web.servlet.MockMvcPrintOnlyOnFailureTestExecutionListener, org.springframework.boot.test.autoconfigure.web.servlet.WebDriverTestExecutionListener, org.springframework.boot.test.mock.mockito.MockitoTestExecutionListener, org.springframework.boot.test.mock.mockito.ResetMocksTestExecutionListener, org.springframework.test.context.web.ServletTestExecutionListener, org.springframework.test.context.support.DirtiesContextBeforeModesTestExecutionListener, org.springframework.test.context.support.DependencyInjectionTestExecutionListener, org.springframework.test.context.support.DirtiesContextTestExecutionListener, org.springframework.test.context.transaction.TransactionalTestExecutionListener, org.springframework.test.context.jdbc.SqlScriptsTestExecutionListener, org.springframework.test.context.event.EventPublishingTestExecutionListener]
2020-01-28 11:35:06.338  INFO 15304 --- [    Test worker] .b.t.a.w.s.WebMvcTestContextBootstrapper : Using TestExecutionListeners: [org.springframework.test.context.web.ServletTestExecutionListener@c614979, org.springframework.test.context.support.DirtiesContextBeforeModesTestExecutionListener@4708b9c1, org.springframework.boot.test.mock.mockito.MockitoTestExecutionListener@17c340fc, org.springframework.boot.test.autoconfigure.SpringBootDependencyInjectionTestExecutionListener@4caa9319, org.springframework.test.context.support.DirtiesContextTestExecutionListener@4a863174, org.springframework.test.context.transaction.TransactionalTestExecutionListener@48c24f54, org.springframework.test.context.jdbc.SqlScriptsTestExecutionListener@450b3210, org.springframework.test.context.event.EventPublishingTestExecutionListener@5d2143f3, org.springframework.boot.test.autoconfigure.restdocs.RestDocsTestExecutionListener@2657c4b2, org.springframework.boot.test.autoconfigure.web.client.MockRestServiceServerResetTestExecutionListener@7c3587c3, org.springframework.boot.test.autoconfigure.web.servlet.MockMvcPrintOnlyOnFailureTestExecutionListener@6032a1e7, org.springframework.boot.test.autoconfigure.web.servlet.WebDriverTestExecutionListener@37db58c9, org.springframework.boot.test.mock.mockito.ResetMocksTestExecutionListener@2fb178d4]

  .   ____          _            __ _ _
 /\\ / ___'_ __ _ _(_)_ __  __ _ \ \ \ \
( ( )\___ | '_ | '_| | '_ \/ _` | \ \ \ \
 \\/  ___)| |_)| | | | | || (_| |  ) ) ) )
  '  |____| .__|_| |_|_| |_\__, | / / / /
 =========|_|==============|___/=/_/_/_/
 :: Spring Boot ::        (v2.2.2.RELEASE)

2020-01-28 11:35:06.382  INFO 15304 --- [    Test worker] c.p.r.interfaces.UserControllerTests     : Starting UserControllerTests on DESKTOP-B7A5GTQ with PID 15304 (started by nkh16 in C:\hyun\Programming\WEB\portfolio\Reservation-Restaurant\admin-api)
2020-01-28 11:35:06.382  INFO 15304 --- [    Test worker] c.p.r.interfaces.UserControllerTests     : The following profiles are active: test
2020-01-28 11:35:06.786  INFO 15304 --- [    Test worker] o.s.s.concurrent.ThreadPoolTaskExecutor  : Initializing ExecutorService 'applicationTaskExecutor'
2020-01-28 11:35:06.958  INFO 15304 --- [    Test worker] o.s.b.t.m.w.SpringBootMockServletContext : Initializing Spring TestDispatcherServlet ''
2020-01-28 11:35:06.958  INFO 15304 --- [    Test worker] o.s.t.web.servlet.TestDispatcherServlet  : Initializing Servlet ''
2020-01-28 11:35:06.970  INFO 15304 --- [    Test worker] o.s.t.web.servlet.TestDispatcherServlet  : Completed initialization in 12 ms
2020-01-28 11:35:06.987  INFO 15304 --- [    Test worker] c.p.r.interfaces.UserControllerTests     : Started UserControllerTests in 0.647 seconds (JVM running for 13.985)
]]></system-out>
  <system-err><![CDATA[]]></system-err>
</testsuite>
