<?xml version="1.0" encoding="UTF-8"?>
<testsuite name="com.project.reservation.interfaces.RestaurantControllerTests" tests="6" skipped="0" failures="0" errors="0" timestamp="2020-01-27T04:31:05" hostname="DESKTOP-B7A5GTQ" time="0.171">
  <properties/>
  <testcase name="createWithInvalidData()" classname="com.project.reservation.interfaces.RestaurantControllerTests" time="0.101"/>
  <testcase name="updateWithValidData()" classname="com.project.reservation.interfaces.RestaurantControllerTests" time="0.014"/>
  <testcase name="list()" classname="com.project.reservation.interfaces.RestaurantControllerTests" time="0.015"/>
  <testcase name="updateWithInvalidData()" classname="com.project.reservation.interfaces.RestaurantControllerTests" time="0.007"/>
  <testcase name="detailWithNotExisted()" classname="com.project.reservation.interfaces.RestaurantControllerTests" time="0.013"/>
  <testcase name="detailWithExisted()" classname="com.project.reservation.interfaces.RestaurantControllerTests" time="0.014"/>
  <system-out><![CDATA[2020-01-27 13:31:04.429  INFO 1852 --- [    Test worker] .b.t.a.w.s.WebMvcTestContextBootstrapper : Neither @ContextConfiguration nor @ContextHierarchy found for test class [com.project.reservation.interfaces.RestaurantControllerTests], using SpringBootContextLoader
2020-01-27 13:31:04.431  INFO 1852 --- [    Test worker] o.s.t.c.support.AbstractContextLoader    : Could not detect default resource locations for test class [com.project.reservation.interfaces.RestaurantControllerTests]: no resource found for suffixes {-context.xml, Context.groovy}.
2020-01-27 13:31:04.431  INFO 1852 --- [    Test worker] t.c.s.AnnotationConfigContextLoaderUtils : Could not detect default configuration classes for test class [com.project.reservation.interfaces.RestaurantControllerTests]: RestaurantControllerTests does not declare any static, non-private, non-final, nested classes annotated with @Configuration.
2020-01-27 13:31:04.436  INFO 1852 --- [    Test worker] .b.t.c.SpringBootTestContextBootstrapper : Found @SpringBootConfiguration com.project.reservation.AdminApiApplication for test class com.project.reservation.interfaces.RestaurantControllerTests
2020-01-27 13:31:04.436  INFO 1852 --- [    Test worker] .b.t.a.w.s.WebMvcTestContextBootstrapper : Loaded default TestExecutionListener class names from location [META-INF/spring.factories]: [org.springframework.boot.test.autoconfigure.restdocs.RestDocsTestExecutionListener, org.springframework.boot.test.autoconfigure.web.client.MockRestServiceServerResetTestExecutionListener, org.springframework.boot.test.autoconfigure.web.servlet.MockMvcPrintOnlyOnFailureTestExecutionListener, org.springframework.boot.test.autoconfigure.web.servlet.WebDriverTestExecutionListener, org.springframework.boot.test.mock.mockito.MockitoTestExecutionListener, org.springframework.boot.test.mock.mockito.ResetMocksTestExecutionListener, org.springframework.test.context.web.ServletTestExecutionListener, org.springframework.test.context.support.DirtiesContextBeforeModesTestExecutionListener, org.springframework.test.context.support.DependencyInjectionTestExecutionListener, org.springframework.test.context.support.DirtiesContextTestExecutionListener, org.springframework.test.context.transaction.TransactionalTestExecutionListener, org.springframework.test.context.jdbc.SqlScriptsTestExecutionListener, org.springframework.test.context.event.EventPublishingTestExecutionListener]
2020-01-27 13:31:04.436  INFO 1852 --- [    Test worker] .b.t.a.w.s.WebMvcTestContextBootstrapper : Using TestExecutionListeners: [org.springframework.test.context.web.ServletTestExecutionListener@5a4c3d94, org.springframework.test.context.support.DirtiesContextBeforeModesTestExecutionListener@7892247e, org.springframework.boot.test.mock.mockito.MockitoTestExecutionListener@24624a15, org.springframework.boot.test.autoconfigure.SpringBootDependencyInjectionTestExecutionListener@10462d07, org.springframework.test.context.support.DirtiesContextTestExecutionListener@2bdd1206, org.springframework.test.context.transaction.TransactionalTestExecutionListener@420572d7, org.springframework.test.context.jdbc.SqlScriptsTestExecutionListener@7401aa60, org.springframework.test.context.event.EventPublishingTestExecutionListener@550e9ff2, org.springframework.boot.test.autoconfigure.restdocs.RestDocsTestExecutionListener@1680fa77, org.springframework.boot.test.autoconfigure.web.client.MockRestServiceServerResetTestExecutionListener@7f7ab1ba, org.springframework.boot.test.autoconfigure.web.servlet.MockMvcPrintOnlyOnFailureTestExecutionListener@651569f, org.springframework.boot.test.autoconfigure.web.servlet.WebDriverTestExecutionListener@2781b8a8, org.springframework.boot.test.mock.mockito.ResetMocksTestExecutionListener@3643bd6d]

  .   ____          _            __ _ _
 /\\ / ___'_ __ _ _(_)_ __  __ _ \ \ \ \
( ( )\___ | '_ | '_| | '_ \/ _` | \ \ \ \
 \\/  ___)| |_)| | | | | || (_| |  ) ) ) )
  '  |____| .__|_| |_|_| |_\__, | / / / /
 =========|_|==============|___/=/_/_/_/
 :: Spring Boot ::        (v2.2.2.RELEASE)

2020-01-27 13:31:04.468  INFO 1852 --- [    Test worker] c.p.r.i.RestaurantControllerTests        : Starting RestaurantControllerTests on DESKTOP-B7A5GTQ with PID 1852 (started by nkh16 in C:\hyun\Programming\WEB\portfolio\Reservation-Restaurant\admin-api)
2020-01-27 13:31:04.469  INFO 1852 --- [    Test worker] c.p.r.i.RestaurantControllerTests        : The following profiles are active: test
2020-01-27 13:31:04.871  INFO 1852 --- [    Test worker] o.s.s.concurrent.ThreadPoolTaskExecutor  : Initializing ExecutorService 'applicationTaskExecutor'
2020-01-27 13:31:05.069  INFO 1852 --- [    Test worker] o.s.b.t.m.w.SpringBootMockServletContext : Initializing Spring TestDispatcherServlet ''
2020-01-27 13:31:05.070  INFO 1852 --- [    Test worker] o.s.t.web.servlet.TestDispatcherServlet  : Initializing Servlet ''
2020-01-27 13:31:05.085  INFO 1852 --- [    Test worker] o.s.t.web.servlet.TestDispatcherServlet  : Completed initialization in 15 ms
2020-01-27 13:31:05.105  INFO 1852 --- [    Test worker] c.p.r.i.RestaurantControllerTests        : Started RestaurantControllerTests in 0.665 seconds (JVM running for 12.29)
2020-01-27 13:31:05.205  WARN 1852 --- [    Test worker] .w.s.m.s.DefaultHandlerExceptionResolver : Resolved [org.springframework.web.bind.MethodArgumentNotValidException: Validation failed for argument [0] in public org.springframework.http.ResponseEntity<?> com.project.reservation.interfaces.RestaurantController.create(com.project.reservation.domain.Restaurant) throws java.net.URISyntaxException with 3 errors: [Field error in object 'restaurant' on field 'name': rejected value []; codes [NotEmpty.restaurant.name,NotEmpty.name,NotEmpty.java.lang.String,NotEmpty]; arguments [org.springframework.context.support.DefaultMessageSourceResolvable: codes [restaurant.name,name]; arguments []; default message [name]]; default message [must not be empty]] [Field error in object 'restaurant' on field 'address': rejected value []; codes [NotEmpty.restaurant.address,NotEmpty.address,NotEmpty.java.lang.String,NotEmpty]; arguments [org.springframework.context.support.DefaultMessageSourceResolvable: codes [restaurant.address,address]; arguments []; default message [address]]; default message [must not be empty]] [Field error in object 'restaurant' on field 'categoryId': rejected value [null]; codes [NotNull.restaurant.categoryId,NotNull.categoryId,NotNull.java.lang.Long,NotNull]; arguments [org.springframework.context.support.DefaultMessageSourceResolvable: codes [restaurant.categoryId,categoryId]; arguments []; default message [categoryId]]; default message [must not be null]] ]
2020-01-27 13:31:05.251  WARN 1852 --- [    Test worker] .w.s.m.s.DefaultHandlerExceptionResolver : Resolved [org.springframework.web.bind.MethodArgumentNotValidException: Validation failed for argument [1] in public java.lang.String com.project.reservation.interfaces.RestaurantController.update(java.lang.Long,com.project.reservation.domain.Restaurant) with 2 errors: [Field error in object 'restaurant' on field 'address': rejected value []; codes [NotEmpty.restaurant.address,NotEmpty.address,NotEmpty.java.lang.String,NotEmpty]; arguments [org.springframework.context.support.DefaultMessageSourceResolvable: codes [restaurant.address,address]; arguments []; default message [address]]; default message [must not be empty]] [Field error in object 'restaurant' on field 'name': rejected value []; codes [NotEmpty.restaurant.name,NotEmpty.name,NotEmpty.java.lang.String,NotEmpty]; arguments [org.springframework.context.support.DefaultMessageSourceResolvable: codes [restaurant.name,name]; arguments []; default message [name]]; default message [must not be empty]] ]
]]></system-out>
  <system-err><![CDATA[]]></system-err>
</testsuite>
