<?xml version="1.0" encoding="UTF-8"?>
<testsuite name="com.project.reservation.application.CategoryServiceTests" tests="2" skipped="0" failures="0" errors="0" timestamp="2020-01-26T08:34:03" hostname="DESKTOP-B7A5GTQ" time="0.22">
  <properties/>
  <testcase name="addCategory()" classname="com.project.reservation.application.CategoryServiceTests" time="0.21"/>
  <testcase name="getCategories()" classname="com.project.reservation.application.CategoryServiceTests" time="0.01"/>
  <system-out><![CDATA[]]></system-out>
  <system-err><![CDATA[]]></system-err>
</testsuite>
