<?xml version="1.0" encoding="UTF-8"?>
<testsuite name="com.project.reservation.interfaces.UserControllerTests" tests="4" skipped="0" failures="0" errors="0" timestamp="2020-01-26T13:47:17" hostname="DESKTOP-B7A5GTQ" time="0.039">
  <properties/>
  <testcase name="deactivate()" classname="com.project.reservation.interfaces.UserControllerTests" time="0.008"/>
  <testcase name="create()" classname="com.project.reservation.interfaces.UserControllerTests" time="0.011"/>
  <testcase name="update()" classname="com.project.reservation.interfaces.UserControllerTests" time="0.008"/>
  <testcase name="list()" classname="com.project.reservation.interfaces.UserControllerTests" time="0.007"/>
  <system-out><![CDATA[2020-01-26 22:47:17.158  INFO 6108 --- [    Test worker] .b.t.a.w.s.WebMvcTestContextBootstrapper : Neither @ContextConfiguration nor @ContextHierarchy found for test class [com.project.reservation.interfaces.UserControllerTests], using SpringBootContextLoader
2020-01-26 22:47:17.159  INFO 6108 --- [    Test worker] o.s.t.c.support.AbstractContextLoader    : Could not detect default resource locations for test class [com.project.reservation.interfaces.UserControllerTests]: no resource found for suffixes {-context.xml, Context.groovy}.
2020-01-26 22:47:17.159  INFO 6108 --- [    Test worker] t.c.s.AnnotationConfigContextLoaderUtils : Could not detect default configuration classes for test class [com.project.reservation.interfaces.UserControllerTests]: UserControllerTests does not declare any static, non-private, non-final, nested classes annotated with @Configuration.
2020-01-26 22:47:17.164  INFO 6108 --- [    Test worker] .b.t.c.SpringBootTestContextBootstrapper : Found @SpringBootConfiguration com.project.reservation.AdminApiApplication for test class com.project.reservation.interfaces.UserControllerTests
2020-01-26 22:47:17.165  INFO 6108 --- [    Test worker] .b.t.a.w.s.WebMvcTestContextBootstrapper : Loaded default TestExecutionListener class names from location [META-INF/spring.factories]: [org.springframework.boot.test.autoconfigure.restdocs.RestDocsTestExecutionListener, org.springframework.boot.test.autoconfigure.web.client.MockRestServiceServerResetTestExecutionListener, org.springframework.boot.test.autoconfigure.web.servlet.MockMvcPrintOnlyOnFailureTestExecutionListener, org.springframework.boot.test.autoconfigure.web.servlet.WebDriverTestExecutionListener, org.springframework.boot.test.mock.mockito.MockitoTestExecutionListener, org.springframework.boot.test.mock.mockito.ResetMocksTestExecutionListener, org.springframework.test.context.web.ServletTestExecutionListener, org.springframework.test.context.support.DirtiesContextBeforeModesTestExecutionListener, org.springframework.test.context.support.DependencyInjectionTestExecutionListener, org.springframework.test.context.support.DirtiesContextTestExecutionListener, org.springframework.test.context.transaction.TransactionalTestExecutionListener, org.springframework.test.context.jdbc.SqlScriptsTestExecutionListener, org.springframework.test.context.event.EventPublishingTestExecutionListener]
2020-01-26 22:47:17.166  INFO 6108 --- [    Test worker] .b.t.a.w.s.WebMvcTestContextBootstrapper : Using TestExecutionListeners: [org.springframework.test.context.web.ServletTestExecutionListener@197dcf2c, org.springframework.test.context.support.DirtiesContextBeforeModesTestExecutionListener@2ada2ce3, org.springframework.boot.test.mock.mockito.MockitoTestExecutionListener@15eb3c45, org.springframework.boot.test.autoconfigure.SpringBootDependencyInjectionTestExecutionListener@74c28c53, org.springframework.test.context.support.DirtiesContextTestExecutionListener@3313948, org.springframework.test.context.transaction.TransactionalTestExecutionListener@7877b0f9, org.springframework.test.context.jdbc.SqlScriptsTestExecutionListener@3432b2a6, org.springframework.test.context.event.EventPublishingTestExecutionListener@54721067, org.springframework.boot.test.autoconfigure.restdocs.RestDocsTestExecutionListener@5e0398d8, org.springframework.boot.test.autoconfigure.web.client.MockRestServiceServerResetTestExecutionListener@1bb60b99, org.springframework.boot.test.autoconfigure.web.servlet.MockMvcPrintOnlyOnFailureTestExecutionListener@3a303dcb, org.springframework.boot.test.autoconfigure.web.servlet.WebDriverTestExecutionListener@7e05f3c2, org.springframework.boot.test.mock.mockito.ResetMocksTestExecutionListener@3c026182]

  .   ____          _            __ _ _
 /\\ / ___'_ __ _ _(_)_ __  __ _ \ \ \ \
( ( )\___ | '_ | '_| | '_ \/ _` | \ \ \ \
 \\/  ___)| |_)| | | | | || (_| |  ) ) ) )
  '  |____| .__|_| |_|_| |_\__, | / / / /
 =========|_|==============|___/=/_/_/_/
 :: Spring Boot ::        (v2.2.2.RELEASE)

2020-01-26 22:47:17.205  INFO 6108 --- [    Test worker] c.p.r.interfaces.UserControllerTests     : Starting UserControllerTests on DESKTOP-B7A5GTQ with PID 6108 (started by nkh16 in C:\hyun\Programming\WEB\portfolio\Reservation-Restaurant\admin-api)
2020-01-26 22:47:17.205  INFO 6108 --- [    Test worker] c.p.r.interfaces.UserControllerTests     : The following profiles are active: test
2020-01-26 22:47:17.527  INFO 6108 --- [    Test worker] o.s.s.concurrent.ThreadPoolTaskExecutor  : Initializing ExecutorService 'applicationTaskExecutor'
2020-01-26 22:47:17.676  INFO 6108 --- [    Test worker] o.s.b.t.m.w.SpringBootMockServletContext : Initializing Spring TestDispatcherServlet ''
2020-01-26 22:47:17.677  INFO 6108 --- [    Test worker] o.s.t.web.servlet.TestDispatcherServlet  : Initializing Servlet ''
2020-01-26 22:47:17.688  INFO 6108 --- [    Test worker] o.s.t.web.servlet.TestDispatcherServlet  : Completed initialization in 11 ms
2020-01-26 22:47:17.717  INFO 6108 --- [    Test worker] c.p.r.interfaces.UserControllerTests     : Started UserControllerTests in 0.545 seconds (JVM running for 14.501)
]]></system-out>
  <system-err><![CDATA[]]></system-err>
</testsuite>
