<?xml version="1.0" encoding="UTF-8"?>
<testsuite name="com.project.reservation.interfaces.RegionControllerTests" tests="2" skipped="0" failures="0" errors="0" timestamp="2020-01-27T15:07:55" hostname="DESKTOP-B7A5GTQ" time="0.022">
  <properties/>
  <testcase name="create()" classname="com.project.reservation.interfaces.RegionControllerTests" time="0.011"/>
  <testcase name="list()" classname="com.project.reservation.interfaces.RegionControllerTests" time="0.009"/>
  <system-out><![CDATA[2020-01-28 00:07:54.800  INFO 2752 --- [    Test worker] .b.t.a.w.s.WebMvcTestContextBootstrapper : Neither @ContextConfiguration nor @ContextHierarchy found for test class [com.project.reservation.interfaces.RegionControllerTests], using SpringBootContextLoader
2020-01-28 00:07:54.801  INFO 2752 --- [    Test worker] o.s.t.c.support.AbstractContextLoader    : Could not detect default resource locations for test class [com.project.reservation.interfaces.RegionControllerTests]: no resource found for suffixes {-context.xml, Context.groovy}.
2020-01-28 00:07:54.802  INFO 2752 --- [    Test worker] t.c.s.AnnotationConfigContextLoaderUtils : Could not detect default configuration classes for test class [com.project.reservation.interfaces.RegionControllerTests]: RegionControllerTests does not declare any static, non-private, non-final, nested classes annotated with @Configuration.
2020-01-28 00:07:54.807  INFO 2752 --- [    Test worker] .b.t.c.SpringBootTestContextBootstrapper : Found @SpringBootConfiguration com.project.reservation.AdminApiApplication for test class com.project.reservation.interfaces.RegionControllerTests
2020-01-28 00:07:54.807  INFO 2752 --- [    Test worker] .b.t.a.w.s.WebMvcTestContextBootstrapper : Loaded default TestExecutionListener class names from location [META-INF/spring.factories]: [org.springframework.boot.test.autoconfigure.restdocs.RestDocsTestExecutionListener, org.springframework.boot.test.autoconfigure.web.client.MockRestServiceServerResetTestExecutionListener, org.springframework.boot.test.autoconfigure.web.servlet.MockMvcPrintOnlyOnFailureTestExecutionListener, org.springframework.boot.test.autoconfigure.web.servlet.WebDriverTestExecutionListener, org.springframework.boot.test.mock.mockito.MockitoTestExecutionListener, org.springframework.boot.test.mock.mockito.ResetMocksTestExecutionListener, org.springframework.test.context.web.ServletTestExecutionListener, org.springframework.test.context.support.DirtiesContextBeforeModesTestExecutionListener, org.springframework.test.context.support.DependencyInjectionTestExecutionListener, org.springframework.test.context.support.DirtiesContextTestExecutionListener, org.springframework.test.context.transaction.TransactionalTestExecutionListener, org.springframework.test.context.jdbc.SqlScriptsTestExecutionListener, org.springframework.test.context.event.EventPublishingTestExecutionListener]
2020-01-28 00:07:54.808  INFO 2752 --- [    Test worker] .b.t.a.w.s.WebMvcTestContextBootstrapper : Using TestExecutionListeners: [org.springframework.test.context.web.ServletTestExecutionListener@5fd1b860, org.springframework.test.context.support.DirtiesContextBeforeModesTestExecutionListener@3688f9e, org.springframework.boot.test.mock.mockito.MockitoTestExecutionListener@15ad7db6, org.springframework.boot.test.autoconfigure.SpringBootDependencyInjectionTestExecutionListener@24f92233, org.springframework.test.context.support.DirtiesContextTestExecutionListener@76398c74, org.springframework.test.context.transaction.TransactionalTestExecutionListener@31eaf952, org.springframework.test.context.jdbc.SqlScriptsTestExecutionListener@4fd47214, org.springframework.test.context.event.EventPublishingTestExecutionListener@22d12967, org.springframework.boot.test.autoconfigure.restdocs.RestDocsTestExecutionListener@18b14b65, org.springframework.boot.test.autoconfigure.web.client.MockRestServiceServerResetTestExecutionListener@7ef71148, org.springframework.boot.test.autoconfigure.web.servlet.MockMvcPrintOnlyOnFailureTestExecutionListener@125f9850, org.springframework.boot.test.autoconfigure.web.servlet.WebDriverTestExecutionListener@39ee116d, org.springframework.boot.test.mock.mockito.ResetMocksTestExecutionListener@2b169f56]

  .   ____          _            __ _ _
 /\\ / ___'_ __ _ _(_)_ __  __ _ \ \ \ \
( ( )\___ | '_ | '_| | '_ \/ _` | \ \ \ \
 \\/  ___)| |_)| | | | | || (_| |  ) ) ) )
  '  |____| .__|_| |_|_| |_\__, | / / / /
 =========|_|==============|___/=/_/_/_/
 :: Spring Boot ::        (v2.2.2.RELEASE)

2020-01-28 00:07:54.841  INFO 2752 --- [    Test worker] c.p.r.interfaces.RegionControllerTests   : Starting RegionControllerTests on DESKTOP-B7A5GTQ with PID 2752 (started by nkh16 in C:\hyun\Programming\WEB\portfolio\Reservation-Restaurant\admin-api)
2020-01-28 00:07:54.842  INFO 2752 --- [    Test worker] c.p.r.interfaces.RegionControllerTests   : No active profile set, falling back to default profiles: default
2020-01-28 00:07:55.144  INFO 2752 --- [    Test worker] o.s.s.concurrent.ThreadPoolTaskExecutor  : Initializing ExecutorService 'applicationTaskExecutor'
2020-01-28 00:07:55.293  INFO 2752 --- [    Test worker] o.s.b.t.m.w.SpringBootMockServletContext : Initializing Spring TestDispatcherServlet ''
2020-01-28 00:07:55.293  INFO 2752 --- [    Test worker] o.s.t.web.servlet.TestDispatcherServlet  : Initializing Servlet ''
2020-01-28 00:07:55.304  INFO 2752 --- [    Test worker] o.s.t.web.servlet.TestDispatcherServlet  : Completed initialization in 10 ms
2020-01-28 00:07:55.318  INFO 2752 --- [    Test worker] c.p.r.interfaces.RegionControllerTests   : Started RegionControllerTests in 0.508 seconds (JVM running for 9.599)
]]></system-out>
  <system-err><![CDATA[]]></system-err>
</testsuite>
