<?xml version="1.0" encoding="UTF-8"?>
<testsuite name="com.project.reservation.interfaces.CategoryControllerTests" tests="2" skipped="0" failures="0" errors="0" timestamp="2020-01-29T10:42:01" hostname="DESKTOP-B7A5GTQ" time="0.256">
  <properties/>
  <testcase name="create()" classname="com.project.reservation.interfaces.CategoryControllerTests" time="0.198"/>
  <testcase name="list()" classname="com.project.reservation.interfaces.CategoryControllerTests" time="0.056"/>
  <system-out><![CDATA[2020-01-29 19:42:00.767  INFO 11464 --- [    Test worker] .b.t.a.w.s.WebMvcTestContextBootstrapper : Neither @ContextConfiguration nor @ContextHierarchy found for test class [com.project.reservation.interfaces.CategoryControllerTests], using SpringBootContextLoader
2020-01-29 19:42:00.769  INFO 11464 --- [    Test worker] o.s.t.c.support.AbstractContextLoader    : Could not detect default resource locations for test class [com.project.reservation.interfaces.CategoryControllerTests]: no resource found for suffixes {-context.xml, Context.groovy}.
2020-01-29 19:42:00.769  INFO 11464 --- [    Test worker] t.c.s.AnnotationConfigContextLoaderUtils : Could not detect default configuration classes for test class [com.project.reservation.interfaces.CategoryControllerTests]: CategoryControllerTests does not declare any static, non-private, non-final, nested classes annotated with @Configuration.
2020-01-29 19:42:00.806  INFO 11464 --- [    Test worker] .b.t.c.SpringBootTestContextBootstrapper : Found @SpringBootConfiguration com.project.reservation.AdminApiApplication for test class com.project.reservation.interfaces.CategoryControllerTests
2020-01-29 19:42:00.807  INFO 11464 --- [    Test worker] .b.t.a.w.s.WebMvcTestContextBootstrapper : Loaded default TestExecutionListener class names from location [META-INF/spring.factories]: [org.springframework.boot.test.autoconfigure.restdocs.RestDocsTestExecutionListener, org.springframework.boot.test.autoconfigure.web.client.MockRestServiceServerResetTestExecutionListener, org.springframework.boot.test.autoconfigure.web.servlet.MockMvcPrintOnlyOnFailureTestExecutionListener, org.springframework.boot.test.autoconfigure.web.servlet.WebDriverTestExecutionListener, org.springframework.boot.test.mock.mockito.MockitoTestExecutionListener, org.springframework.boot.test.mock.mockito.ResetMocksTestExecutionListener, org.springframework.test.context.web.ServletTestExecutionListener, org.springframework.test.context.support.DirtiesContextBeforeModesTestExecutionListener, org.springframework.test.context.support.DependencyInjectionTestExecutionListener, org.springframework.test.context.support.DirtiesContextTestExecutionListener, org.springframework.test.context.transaction.TransactionalTestExecutionListener, org.springframework.test.context.jdbc.SqlScriptsTestExecutionListener, org.springframework.test.context.event.EventPublishingTestExecutionListener]
2020-01-29 19:42:00.808  INFO 11464 --- [    Test worker] .b.t.a.w.s.WebMvcTestContextBootstrapper : Using TestExecutionListeners: [org.springframework.test.context.web.ServletTestExecutionListener@57134510, org.springframework.test.context.support.DirtiesContextBeforeModesTestExecutionListener@4a55eaa2, org.springframework.boot.test.mock.mockito.MockitoTestExecutionListener@20aebe3b, org.springframework.boot.test.autoconfigure.SpringBootDependencyInjectionTestExecutionListener@4cd903d7, org.springframework.test.context.support.DirtiesContextTestExecutionListener@1afe499, org.springframework.test.context.transaction.TransactionalTestExecutionListener@644a0ef4, org.springframework.test.context.jdbc.SqlScriptsTestExecutionListener@31c03b20, org.springframework.test.context.event.EventPublishingTestExecutionListener@35035174, org.springframework.boot.test.autoconfigure.restdocs.RestDocsTestExecutionListener@4b76e061, org.springframework.boot.test.autoconfigure.web.client.MockRestServiceServerResetTestExecutionListener@7f7f7a55, org.springframework.boot.test.autoconfigure.web.servlet.MockMvcPrintOnlyOnFailureTestExecutionListener@4fd657a1, org.springframework.boot.test.autoconfigure.web.servlet.WebDriverTestExecutionListener@60f137de, org.springframework.boot.test.mock.mockito.ResetMocksTestExecutionListener@1c78a649]

  .   ____          _            __ _ _
 /\\ / ___'_ __ _ _(_)_ __  __ _ \ \ \ \
( ( )\___ | '_ | '_| | '_ \/ _` | \ \ \ \
 \\/  ___)| |_)| | | | | || (_| |  ) ) ) )
  '  |____| .__|_| |_|_| |_\__, | / / / /
 =========|_|==============|___/=/_/_/_/
 :: Spring Boot ::        (v2.2.2.RELEASE)

2020-01-29 19:42:00.861  INFO 11464 --- [    Test worker] c.p.r.i.CategoryControllerTests          : Starting CategoryControllerTests on DESKTOP-B7A5GTQ with PID 11464 (started by nkh16 in C:\hyun\Programming\WEB\portfolio\Reservation-Restaurant\admin-api)
2020-01-29 19:42:00.861  INFO 11464 --- [    Test worker] c.p.r.i.CategoryControllerTests          : The following profiles are active: test
2020-01-29 19:42:01.358  INFO 11464 --- [    Test worker] o.s.s.concurrent.ThreadPoolTaskExecutor  : Initializing ExecutorService 'applicationTaskExecutor'
2020-01-29 19:42:01.536  INFO 11464 --- [    Test worker] o.s.b.t.m.w.SpringBootMockServletContext : Initializing Spring TestDispatcherServlet ''
2020-01-29 19:42:01.536  INFO 11464 --- [    Test worker] o.s.t.web.servlet.TestDispatcherServlet  : Initializing Servlet ''
2020-01-29 19:42:01.551  INFO 11464 --- [    Test worker] o.s.t.web.servlet.TestDispatcherServlet  : Completed initialization in 15 ms
2020-01-29 19:42:01.569  INFO 11464 --- [    Test worker] c.p.r.i.CategoryControllerTests          : Started CategoryControllerTests in 0.757 seconds (JVM running for 10.086)
]]></system-out>
  <system-err><![CDATA[]]></system-err>
</testsuite>
