<?xml version="1.0" encoding="UTF-8"?>
<testsuite name="com.project.reservation.AdminApiApplicationTests" tests="1" skipped="0" failures="0" errors="0" timestamp="2020-01-26T06:23:27" hostname="DESKTOP-B7A5GTQ" time="0.143">
  <properties/>
  <testcase name="contextLoads()" classname="com.project.reservation.AdminApiApplicationTests" time="0.143"/>
  <system-out><![CDATA[15:23:20.237 [Test worker] DEBUG org.springframework.test.context.BootstrapUtils - Instantiating CacheAwareContextLoaderDelegate from class [org.springframework.test.context.cache.DefaultCacheAwareContextLoaderDelegate]
15:23:20.263 [Test worker] DEBUG org.springframework.test.context.BootstrapUtils - Instantiating BootstrapContext using constructor [public org.springframework.test.context.support.DefaultBootstrapContext(java.lang.Class,org.springframework.test.context.CacheAwareContextLoaderDelegate)]
15:23:20.306 [Test worker] DEBUG org.springframework.test.context.BootstrapUtils - Instantiating TestContextBootstrapper for test class [com.project.reservation.AdminApiApplicationTests] from class [org.springframework.boot.test.context.SpringBootTestContextBootstrapper]
15:23:20.334 [Test worker] INFO org.springframework.boot.test.context.SpringBootTestContextBootstrapper - Neither @ContextConfiguration nor @ContextHierarchy found for test class [com.project.reservation.AdminApiApplicationTests], using SpringBootContextLoader
15:23:20.338 [Test worker] DEBUG org.springframework.test.context.support.AbstractContextLoader - Did not detect default resource location for test class [com.project.reservation.AdminApiApplicationTests]: class path resource [com/project/reservation/AdminApiApplicationTests-context.xml] does not exist
15:23:20.339 [Test worker] DEBUG org.springframework.test.context.support.AbstractContextLoader - Did not detect default resource location for test class [com.project.reservation.AdminApiApplicationTests]: class path resource [com/project/reservation/AdminApiApplicationTestsContext.groovy] does not exist
15:23:20.339 [Test worker] INFO org.springframework.test.context.support.AbstractContextLoader - Could not detect default resource locations for test class [com.project.reservation.AdminApiApplicationTests]: no resource found for suffixes {-context.xml, Context.groovy}.
15:23:20.340 [Test worker] INFO org.springframework.test.context.support.AnnotationConfigContextLoaderUtils - Could not detect default configuration classes for test class [com.project.reservation.AdminApiApplicationTests]: AdminApiApplicationTests does not declare any static, non-private, non-final, nested classes annotated with @Configuration.
15:23:20.403 [Test worker] DEBUG org.springframework.test.context.support.ActiveProfilesUtils - Could not find an 'annotation declaring class' for annotation type [org.springframework.test.context.ActiveProfiles] and class [com.project.reservation.AdminApiApplicationTests]
15:23:20.525 [Test worker] DEBUG org.springframework.context.annotation.ClassPathScanningCandidateComponentProvider - Identified candidate component class: file [C:\hyun\Programming\WEB\portfolio\Reservation-Restaurant\admin-api\build\classes\java\main\com\project\reservation\AdminApiApplication.class]
15:23:20.529 [Test worker] INFO org.springframework.boot.test.context.SpringBootTestContextBootstrapper - Found @SpringBootConfiguration com.project.reservation.AdminApiApplication for test class com.project.reservation.AdminApiApplicationTests
15:23:20.689 [Test worker] DEBUG org.springframework.boot.test.context.SpringBootTestContextBootstrapper - @TestExecutionListeners is not present for class [com.project.reservation.AdminApiApplicationTests]: using defaults.
15:23:20.690 [Test worker] INFO org.springframework.boot.test.context.SpringBootTestContextBootstrapper - Loaded default TestExecutionListener class names from location [META-INF/spring.factories]: [org.springframework.boot.test.autoconfigure.restdocs.RestDocsTestExecutionListener, org.springframework.boot.test.autoconfigure.web.client.MockRestServiceServerResetTestExecutionListener, org.springframework.boot.test.autoconfigure.web.servlet.MockMvcPrintOnlyOnFailureTestExecutionListener, org.springframework.boot.test.autoconfigure.web.servlet.WebDriverTestExecutionListener, org.springframework.boot.test.mock.mockito.MockitoTestExecutionListener, org.springframework.boot.test.mock.mockito.ResetMocksTestExecutionListener, org.springframework.test.context.web.ServletTestExecutionListener, org.springframework.test.context.support.DirtiesContextBeforeModesTestExecutionListener, org.springframework.test.context.support.DependencyInjectionTestExecutionListener, org.springframework.test.context.support.DirtiesContextTestExecutionListener, org.springframework.test.context.transaction.TransactionalTestExecutionListener, org.springframework.test.context.jdbc.SqlScriptsTestExecutionListener, org.springframework.test.context.event.EventPublishingTestExecutionListener]
15:23:20.722 [Test worker] INFO org.springframework.boot.test.context.SpringBootTestContextBootstrapper - Using TestExecutionListeners: [org.springframework.test.context.web.ServletTestExecutionListener@79e6c393, org.springframework.test.context.support.DirtiesContextBeforeModesTestExecutionListener@5afc640a, org.springframework.boot.test.mock.mockito.MockitoTestExecutionListener@613f503, org.springframework.boot.test.autoconfigure.SpringBootDependencyInjectionTestExecutionListener@2e093dac, org.springframework.test.context.support.DirtiesContextTestExecutionListener@613c99a5, org.springframework.test.context.transaction.TransactionalTestExecutionListener@58596dbc, org.springframework.test.context.jdbc.SqlScriptsTestExecutionListener@41fb3059, org.springframework.test.context.event.EventPublishingTestExecutionListener@26788197, org.springframework.boot.test.autoconfigure.restdocs.RestDocsTestExecutionListener@238cc54c, org.springframework.boot.test.autoconfigure.web.client.MockRestServiceServerResetTestExecutionListener@302b780c, org.springframework.boot.test.autoconfigure.web.servlet.MockMvcPrintOnlyOnFailureTestExecutionListener@28caefa8, org.springframework.boot.test.autoconfigure.web.servlet.WebDriverTestExecutionListener@4a5ca71f, org.springframework.boot.test.mock.mockito.ResetMocksTestExecutionListener@fbfbdbd]
15:23:20.731 [Test worker] DEBUG org.springframework.test.context.support.AbstractDirtiesContextTestExecutionListener - Before test class: context [DefaultTestContext@71b1bd02 testClass = AdminApiApplicationTests, testInstance = [null], testMethod = [null], testException = [null], mergedContextConfiguration = [WebMergedContextConfiguration@49dd218a testClass = AdminApiApplicationTests, locations = '{}', classes = '{class com.project.reservation.AdminApiApplication}', contextInitializerClasses = '[]', activeProfiles = '{}', propertySourceLocations = '{}', propertySourceProperties = '{org.springframework.boot.test.context.SpringBootTestContextBootstrapper=true}', contextCustomizers = set[org.springframework.boot.test.autoconfigure.properties.PropertyMappingContextCustomizer@0, org.springframework.boot.test.autoconfigure.web.servlet.WebDriverContextCustomizerFactory$Customizer@5e243e1d, org.springframework.boot.test.context.filter.ExcludeFilterContextCustomizer@415b029e, org.springframework.boot.test.json.DuplicateJsonObjectContextCustomizerFactory$DuplicateJsonObjectContextCustomizer@5e875943, org.springframework.boot.test.mock.mockito.MockitoContextCustomizer@0, org.springframework.boot.test.web.client.TestRestTemplateContextCustomizer@47a68223], resourceBasePath = 'src/main/webapp', contextLoader = 'org.springframework.boot.test.context.SpringBootContextLoader', parent = [null]], attributes = map['org.springframework.test.context.web.ServletTestExecutionListener.activateListener' -> true]], class annotated with @DirtiesContext [false] with mode [null].
15:23:20.800 [Test worker] DEBUG org.springframework.test.context.support.TestPropertySourceUtils - Adding inlined properties to environment: {spring.jmx.enabled=false, org.springframework.boot.test.context.SpringBootTestContextBootstrapper=true, server.port=-1}

  .   ____          _            __ _ _
 /\\ / ___'_ __ _ _(_)_ __  __ _ \ \ \ \
( ( )\___ | '_ | '_| | '_ \/ _` | \ \ \ \
 \\/  ___)| |_)| | | | | || (_| |  ) ) ) )
  '  |____| .__|_| |_|_| |_\__, | / / / /
 =========|_|==============|___/=/_/_/_/
 :: Spring Boot ::        (v2.2.2.RELEASE)

2020-01-26 15:23:21.585  INFO 16900 --- [    Test worker] c.p.r.AdminApiApplicationTests           : Starting AdminApiApplicationTests on DESKTOP-B7A5GTQ with PID 16900 (started by nkh16 in C:\hyun\Programming\WEB\portfolio\Reservation-Restaurant\admin-api)
2020-01-26 15:23:21.587  INFO 16900 --- [    Test worker] c.p.r.AdminApiApplicationTests           : The following profiles are active: test
2020-01-26 15:23:22.882  INFO 16900 --- [    Test worker] .s.d.r.c.RepositoryConfigurationDelegate : Bootstrapping Spring Data JPA repositories in DEFAULT mode.
2020-01-26 15:23:22.997  INFO 16900 --- [    Test worker] .s.d.r.c.RepositoryConfigurationDelegate : Finished Spring Data repository scanning in 99ms. Found 5 JPA repository interfaces.
2020-01-26 15:23:23.568  INFO 16900 --- [    Test worker] trationDelegate$BeanPostProcessorChecker : Bean 'org.springframework.transaction.annotation.ProxyTransactionManagementConfiguration' of type [org.springframework.transaction.annotation.ProxyTransactionManagementConfiguration] is not eligible for getting processed by all BeanPostProcessors (for example: not eligible for auto-proxying)
2020-01-26 15:23:23.910  INFO 16900 --- [    Test worker] o.hibernate.jpa.internal.util.LogHelper  : HHH000204: Processing PersistenceUnitInfo [name: default]
2020-01-26 15:23:24.031  INFO 16900 --- [    Test worker] org.hibernate.Version                    : HHH000412: Hibernate Core {5.4.9.Final}
2020-01-26 15:23:24.283  INFO 16900 --- [    Test worker] o.hibernate.annotations.common.Version   : HCANN000001: Hibernate Commons Annotations {5.1.0.Final}
2020-01-26 15:23:24.439  INFO 16900 --- [    Test worker] com.zaxxer.hikari.HikariDataSource       : HikariPool-1 - Starting...
2020-01-26 15:23:24.738  INFO 16900 --- [    Test worker] com.zaxxer.hikari.HikariDataSource       : HikariPool-1 - Start completed.
2020-01-26 15:23:24.780  INFO 16900 --- [    Test worker] org.hibernate.dialect.Dialect            : HHH000400: Using dialect: org.hibernate.dialect.H2Dialect
2020-01-26 15:23:25.853  INFO 16900 --- [    Test worker] o.h.e.t.j.p.i.JtaPlatformInitiator       : HHH000490: Using JtaPlatform implementation: [org.hibernate.engine.transaction.jta.platform.internal.NoJtaPlatform]
2020-01-26 15:23:25.864  INFO 16900 --- [    Test worker] j.LocalContainerEntityManagerFactoryBean : Initialized JPA EntityManagerFactory for persistence unit 'default'
2020-01-26 15:23:26.921  WARN 16900 --- [    Test worker] JpaBaseConfiguration$JpaWebConfiguration : spring.jpa.open-in-view is enabled by default. Therefore, database queries may be performed during view rendering. Explicitly configure spring.jpa.open-in-view to disable this warning
2020-01-26 15:23:27.319  INFO 16900 --- [    Test worker] o.s.s.concurrent.ThreadPoolTaskExecutor  : Initializing ExecutorService 'applicationTaskExecutor'
2020-01-26 15:23:27.833  INFO 16900 --- [    Test worker] c.p.r.AdminApiApplicationTests           : Started AdminApiApplicationTests in 7.012 seconds (JVM running for 9.049)
]]></system-out>
  <system-err><![CDATA[]]></system-err>
</testsuite>
