<?xml version="1.0" encoding="UTF-8"?>
<testsuite name="com.project.reservation.interfaces.ReviewControllerTests" tests="1" skipped="0" failures="0" errors="0" timestamp="2020-01-27T08:52:42" hostname="DESKTOP-B7A5GTQ" time="0.017">
  <properties/>
  <testcase name="list()" classname="com.project.reservation.interfaces.ReviewControllerTests" time="0.017"/>
  <system-out><![CDATA[2020-01-27 17:52:41.943  INFO 9628 --- [    Test worker] .b.t.a.w.s.WebMvcTestContextBootstrapper : Neither @ContextConfiguration nor @ContextHierarchy found for test class [com.project.reservation.interfaces.ReviewControllerTests], using SpringBootContextLoader
2020-01-27 17:52:41.944  INFO 9628 --- [    Test worker] o.s.t.c.support.AbstractContextLoader    : Could not detect default resource locations for test class [com.project.reservation.interfaces.ReviewControllerTests]: no resource found for suffixes {-context.xml, Context.groovy}.
2020-01-27 17:52:41.945  INFO 9628 --- [    Test worker] t.c.s.AnnotationConfigContextLoaderUtils : Could not detect default configuration classes for test class [com.project.reservation.interfaces.ReviewControllerTests]: ReviewControllerTests does not declare any static, non-private, non-final, nested classes annotated with @Configuration.
2020-01-27 17:52:41.948  INFO 9628 --- [    Test worker] .b.t.c.SpringBootTestContextBootstrapper : Found @SpringBootConfiguration com.project.reservation.AdminApiApplication for test class com.project.reservation.interfaces.ReviewControllerTests
2020-01-27 17:52:41.949  INFO 9628 --- [    Test worker] .b.t.a.w.s.WebMvcTestContextBootstrapper : Loaded default TestExecutionListener class names from location [META-INF/spring.factories]: [org.springframework.boot.test.autoconfigure.restdocs.RestDocsTestExecutionListener, org.springframework.boot.test.autoconfigure.web.client.MockRestServiceServerResetTestExecutionListener, org.springframework.boot.test.autoconfigure.web.servlet.MockMvcPrintOnlyOnFailureTestExecutionListener, org.springframework.boot.test.autoconfigure.web.servlet.WebDriverTestExecutionListener, org.springframework.boot.test.mock.mockito.MockitoTestExecutionListener, org.springframework.boot.test.mock.mockito.ResetMocksTestExecutionListener, org.springframework.test.context.web.ServletTestExecutionListener, org.springframework.test.context.support.DirtiesContextBeforeModesTestExecutionListener, org.springframework.test.context.support.DependencyInjectionTestExecutionListener, org.springframework.test.context.support.DirtiesContextTestExecutionListener, org.springframework.test.context.transaction.TransactionalTestExecutionListener, org.springframework.test.context.jdbc.SqlScriptsTestExecutionListener, org.springframework.test.context.event.EventPublishingTestExecutionListener]
2020-01-27 17:52:41.949  INFO 9628 --- [    Test worker] .b.t.a.w.s.WebMvcTestContextBootstrapper : Using TestExecutionListeners: [org.springframework.test.context.web.ServletTestExecutionListener@4e556c8f, org.springframework.test.context.support.DirtiesContextBeforeModesTestExecutionListener@17f945c1, org.springframework.boot.test.mock.mockito.MockitoTestExecutionListener@560cc6e, org.springframework.boot.test.autoconfigure.SpringBootDependencyInjectionTestExecutionListener@72316977, org.springframework.test.context.support.DirtiesContextTestExecutionListener@17e552aa, org.springframework.test.context.transaction.TransactionalTestExecutionListener@4a6fcada, org.springframework.test.context.jdbc.SqlScriptsTestExecutionListener@49ef7c45, org.springframework.test.context.event.EventPublishingTestExecutionListener@30eccede, org.springframework.boot.test.autoconfigure.restdocs.RestDocsTestExecutionListener@da1aa6b, org.springframework.boot.test.autoconfigure.web.client.MockRestServiceServerResetTestExecutionListener@39ac981f, org.springframework.boot.test.autoconfigure.web.servlet.MockMvcPrintOnlyOnFailureTestExecutionListener@b13d63b, org.springframework.boot.test.autoconfigure.web.servlet.WebDriverTestExecutionListener@5d5f73b9, org.springframework.boot.test.mock.mockito.ResetMocksTestExecutionListener@5d2d688b]

  .   ____          _            __ _ _
 /\\ / ___'_ __ _ _(_)_ __  __ _ \ \ \ \
( ( )\___ | '_ | '_| | '_ \/ _` | \ \ \ \
 \\/  ___)| |_)| | | | | || (_| |  ) ) ) )
  '  |____| .__|_| |_|_| |_\__, | / / / /
 =========|_|==============|___/=/_/_/_/
 :: Spring Boot ::        (v2.2.2.RELEASE)

2020-01-27 17:52:41.992  INFO 9628 --- [    Test worker] c.p.r.interfaces.ReviewControllerTests   : Starting ReviewControllerTests on DESKTOP-B7A5GTQ with PID 9628 (started by nkh16 in C:\hyun\Programming\WEB\portfolio\Reservation-Restaurant\admin-api)
2020-01-27 17:52:41.993  INFO 9628 --- [    Test worker] c.p.r.interfaces.ReviewControllerTests   : The following profiles are active: test
2020-01-27 17:52:42.408  INFO 9628 --- [    Test worker] o.s.s.concurrent.ThreadPoolTaskExecutor  : Initializing ExecutorService 'applicationTaskExecutor'
2020-01-27 17:52:42.559  INFO 9628 --- [    Test worker] o.s.b.t.m.w.SpringBootMockServletContext : Initializing Spring TestDispatcherServlet ''
2020-01-27 17:52:42.559  INFO 9628 --- [    Test worker] o.s.t.web.servlet.TestDispatcherServlet  : Initializing Servlet ''
2020-01-27 17:52:42.569  INFO 9628 --- [    Test worker] o.s.t.web.servlet.TestDispatcherServlet  : Completed initialization in 10 ms
2020-01-27 17:52:42.584  INFO 9628 --- [    Test worker] c.p.r.interfaces.ReviewControllerTests   : Started ReviewControllerTests in 0.631 seconds (JVM running for 15.699)
]]></system-out>
  <system-err><![CDATA[]]></system-err>
</testsuite>
