<?xml version="1.0" encoding="UTF-8"?>
<testsuite name="com.project.reservation.interfaces.CategoryControllerTests" tests="2" skipped="0" failures="0" errors="0" timestamp="2020-01-26T06:23:29" hostname="DESKTOP-B7A5GTQ" time="0.28">
  <properties/>
  <testcase name="create()" classname="com.project.reservation.interfaces.CategoryControllerTests" time="0.227"/>
  <testcase name="list()" classname="com.project.reservation.interfaces.CategoryControllerTests" time="0.051"/>
  <system-out><![CDATA[2020-01-26 15:23:28.503  INFO 16900 --- [    Test worker] .b.t.a.w.s.WebMvcTestContextBootstrapper : Neither @ContextConfiguration nor @ContextHierarchy found for test class [com.project.reservation.interfaces.CategoryControllerTests], using SpringBootContextLoader
2020-01-26 15:23:28.504  INFO 16900 --- [    Test worker] o.s.t.c.support.AbstractContextLoader    : Could not detect default resource locations for test class [com.project.reservation.interfaces.CategoryControllerTests]: no resource found for suffixes {-context.xml, Context.groovy}.
2020-01-26 15:23:28.504  INFO 16900 --- [    Test worker] t.c.s.AnnotationConfigContextLoaderUtils : Could not detect default configuration classes for test class [com.project.reservation.interfaces.CategoryControllerTests]: CategoryControllerTests does not declare any static, non-private, non-final, nested classes annotated with @Configuration.
2020-01-26 15:23:28.534  INFO 16900 --- [    Test worker] .b.t.c.SpringBootTestContextBootstrapper : Found @SpringBootConfiguration com.project.reservation.AdminApiApplication for test class com.project.reservation.interfaces.CategoryControllerTests
2020-01-26 15:23:28.535  INFO 16900 --- [    Test worker] .b.t.a.w.s.WebMvcTestContextBootstrapper : Loaded default TestExecutionListener class names from location [META-INF/spring.factories]: [org.springframework.boot.test.autoconfigure.restdocs.RestDocsTestExecutionListener, org.springframework.boot.test.autoconfigure.web.client.MockRestServiceServerResetTestExecutionListener, org.springframework.boot.test.autoconfigure.web.servlet.MockMvcPrintOnlyOnFailureTestExecutionListener, org.springframework.boot.test.autoconfigure.web.servlet.WebDriverTestExecutionListener, org.springframework.boot.test.mock.mockito.MockitoTestExecutionListener, org.springframework.boot.test.mock.mockito.ResetMocksTestExecutionListener, org.springframework.test.context.web.ServletTestExecutionListener, org.springframework.test.context.support.DirtiesContextBeforeModesTestExecutionListener, org.springframework.test.context.support.DependencyInjectionTestExecutionListener, org.springframework.test.context.support.DirtiesContextTestExecutionListener, org.springframework.test.context.transaction.TransactionalTestExecutionListener, org.springframework.test.context.jdbc.SqlScriptsTestExecutionListener, org.springframework.test.context.event.EventPublishingTestExecutionListener]
2020-01-26 15:23:28.535  INFO 16900 --- [    Test worker] .b.t.a.w.s.WebMvcTestContextBootstrapper : Using TestExecutionListeners: [org.springframework.test.context.web.ServletTestExecutionListener@22c80d56, org.springframework.test.context.support.DirtiesContextBeforeModesTestExecutionListener@6a59f582, org.springframework.boot.test.mock.mockito.MockitoTestExecutionListener@7f9927b7, org.springframework.boot.test.autoconfigure.SpringBootDependencyInjectionTestExecutionListener@2c55a352, org.springframework.test.context.support.DirtiesContextTestExecutionListener@4e15b933, org.springframework.test.context.transaction.TransactionalTestExecutionListener@6b45b096, org.springframework.test.context.jdbc.SqlScriptsTestExecutionListener@5d5786d6, org.springframework.test.context.event.EventPublishingTestExecutionListener@5c99e11d, org.springframework.boot.test.autoconfigure.restdocs.RestDocsTestExecutionListener@3f26179c, org.springframework.boot.test.autoconfigure.web.client.MockRestServiceServerResetTestExecutionListener@79a1d1ee, org.springframework.boot.test.autoconfigure.web.servlet.MockMvcPrintOnlyOnFailureTestExecutionListener@18a1893a, org.springframework.boot.test.autoconfigure.web.servlet.WebDriverTestExecutionListener@ba3123a, org.springframework.boot.test.mock.mockito.ResetMocksTestExecutionListener@4366e25]

  .   ____          _            __ _ _
 /\\ / ___'_ __ _ _(_)_ __  __ _ \ \ \ \
( ( )\___ | '_ | '_| | '_ \/ _` | \ \ \ \
 \\/  ___)| |_)| | | | | || (_| |  ) ) ) )
  '  |____| .__|_| |_|_| |_\__, | / / / /
 =========|_|==============|___/=/_/_/_/
 :: Spring Boot ::        (v2.2.2.RELEASE)

2020-01-26 15:23:28.590  INFO 16900 --- [    Test worker] c.p.r.i.CategoryControllerTests          : Starting CategoryControllerTests on DESKTOP-B7A5GTQ with PID 16900 (started by nkh16 in C:\hyun\Programming\WEB\portfolio\Reservation-Restaurant\admin-api)
2020-01-26 15:23:28.591  INFO 16900 --- [    Test worker] c.p.r.i.CategoryControllerTests          : The following profiles are active: test
2020-01-26 15:23:29.045  INFO 16900 --- [    Test worker] o.s.s.concurrent.ThreadPoolTaskExecutor  : Initializing ExecutorService 'applicationTaskExecutor'
2020-01-26 15:23:29.280  INFO 16900 --- [    Test worker] o.s.b.t.m.w.SpringBootMockServletContext : Initializing Spring TestDispatcherServlet ''
2020-01-26 15:23:29.280  INFO 16900 --- [    Test worker] o.s.t.web.servlet.TestDispatcherServlet  : Initializing Servlet ''
2020-01-26 15:23:29.299  INFO 16900 --- [    Test worker] o.s.t.web.servlet.TestDispatcherServlet  : Completed initialization in 19 ms
2020-01-26 15:23:29.316  INFO 16900 --- [    Test worker] c.p.r.i.CategoryControllerTests          : Started CategoryControllerTests in 0.779 seconds (JVM running for 10.533)
]]></system-out>
  <system-err><![CDATA[]]></system-err>
</testsuite>
