<?xml version="1.0" encoding="UTF-8"?>
<testsuite name="com.project.reservation.application.RegionServiceTests" tests="2" skipped="0" failures="0" errors="0" timestamp="2020-01-28T01:59:46" hostname="DESKTOP-B7A5GTQ" time="0.045">
  <properties/>
  <testcase name="addRegion()" classname="com.project.reservation.application.RegionServiceTests" time="0.04"/>
  <testcase name="getRegions()" classname="com.project.reservation.application.RegionServiceTests" time="0.004"/>
  <system-out><![CDATA[]]></system-out>
  <system-err><![CDATA[]]></system-err>
</testsuite>
