<?xml version="1.0" encoding="UTF-8"?>
<testsuite name="com.project.reservation.interfaces.MenuItemControllerTests" tests="1" skipped="0" failures="0" errors="0" timestamp="2020-01-29T02:31:42" hostname="DESKTOP-B7A5GTQ" time="0.019">
  <properties/>
  <testcase name="bulkUpdate()" classname="com.project.reservation.interfaces.MenuItemControllerTests" time="0.019"/>
  <system-out><![CDATA[2020-01-29 11:31:42.362  INFO 16632 --- [    Test worker] .b.t.a.w.s.WebMvcTestContextBootstrapper : Neither @ContextConfiguration nor @ContextHierarchy found for test class [com.project.reservation.interfaces.MenuItemControllerTests], using SpringBootContextLoader
2020-01-29 11:31:42.363  INFO 16632 --- [    Test worker] o.s.t.c.support.AbstractContextLoader    : Could not detect default resource locations for test class [com.project.reservation.interfaces.MenuItemControllerTests]: no resource found for suffixes {-context.xml, Context.groovy}.
2020-01-29 11:31:42.363  INFO 16632 --- [    Test worker] t.c.s.AnnotationConfigContextLoaderUtils : Could not detect default configuration classes for test class [com.project.reservation.interfaces.MenuItemControllerTests]: MenuItemControllerTests does not declare any static, non-private, non-final, nested classes annotated with @Configuration.
2020-01-29 11:31:42.366  INFO 16632 --- [    Test worker] .b.t.c.SpringBootTestContextBootstrapper : Found @SpringBootConfiguration com.project.reservation.AdminApiApplication for test class com.project.reservation.interfaces.MenuItemControllerTests
2020-01-29 11:31:42.366  INFO 16632 --- [    Test worker] .b.t.a.w.s.WebMvcTestContextBootstrapper : Loaded default TestExecutionListener class names from location [META-INF/spring.factories]: [org.springframework.boot.test.autoconfigure.restdocs.RestDocsTestExecutionListener, org.springframework.boot.test.autoconfigure.web.client.MockRestServiceServerResetTestExecutionListener, org.springframework.boot.test.autoconfigure.web.servlet.MockMvcPrintOnlyOnFailureTestExecutionListener, org.springframework.boot.test.autoconfigure.web.servlet.WebDriverTestExecutionListener, org.springframework.boot.test.mock.mockito.MockitoTestExecutionListener, org.springframework.boot.test.mock.mockito.ResetMocksTestExecutionListener, org.springframework.test.context.web.ServletTestExecutionListener, org.springframework.test.context.support.DirtiesContextBeforeModesTestExecutionListener, org.springframework.test.context.support.DependencyInjectionTestExecutionListener, org.springframework.test.context.support.DirtiesContextTestExecutionListener, org.springframework.test.context.transaction.TransactionalTestExecutionListener, org.springframework.test.context.jdbc.SqlScriptsTestExecutionListener, org.springframework.test.context.event.EventPublishingTestExecutionListener]
2020-01-29 11:31:42.367  INFO 16632 --- [    Test worker] .b.t.a.w.s.WebMvcTestContextBootstrapper : Using TestExecutionListeners: [org.springframework.test.context.web.ServletTestExecutionListener@bc23560, org.springframework.test.context.support.DirtiesContextBeforeModesTestExecutionListener@44d5a1fe, org.springframework.boot.test.mock.mockito.MockitoTestExecutionListener@20795b6a, org.springframework.boot.test.autoconfigure.SpringBootDependencyInjectionTestExecutionListener@2392add3, org.springframework.test.context.support.DirtiesContextTestExecutionListener@3961e5f4, org.springframework.test.context.transaction.TransactionalTestExecutionListener@50d26977, org.springframework.test.context.jdbc.SqlScriptsTestExecutionListener@3a9aca0c, org.springframework.test.context.event.EventPublishingTestExecutionListener@c5014b9, org.springframework.boot.test.autoconfigure.restdocs.RestDocsTestExecutionListener@3a280e82, org.springframework.boot.test.autoconfigure.web.client.MockRestServiceServerResetTestExecutionListener@79725161, org.springframework.boot.test.autoconfigure.web.servlet.MockMvcPrintOnlyOnFailureTestExecutionListener@15d43ee9, org.springframework.boot.test.autoconfigure.web.servlet.WebDriverTestExecutionListener@192d1536, org.springframework.boot.test.mock.mockito.ResetMocksTestExecutionListener@638b548f]

  .   ____          _            __ _ _
 /\\ / ___'_ __ _ _(_)_ __  __ _ \ \ \ \
( ( )\___ | '_ | '_| | '_ \/ _` | \ \ \ \
 \\/  ___)| |_)| | | | | || (_| |  ) ) ) )
  '  |____| .__|_| |_|_| |_\__, | / / / /
 =========|_|==============|___/=/_/_/_/
 :: Spring Boot ::        (v2.2.2.RELEASE)

2020-01-29 11:31:42.399  INFO 16632 --- [    Test worker] c.p.r.i.MenuItemControllerTests          : Starting MenuItemControllerTests on DESKTOP-B7A5GTQ with PID 16632 (started by nkh16 in C:\hyun\Programming\WEB\portfolio\Reservation-Restaurant\admin-api)
2020-01-29 11:31:42.399  INFO 16632 --- [    Test worker] c.p.r.i.MenuItemControllerTests          : The following profiles are active: test
2020-01-29 11:31:42.736  INFO 16632 --- [    Test worker] o.s.s.concurrent.ThreadPoolTaskExecutor  : Initializing ExecutorService 'applicationTaskExecutor'
2020-01-29 11:31:42.914  INFO 16632 --- [    Test worker] o.s.b.t.m.w.SpringBootMockServletContext : Initializing Spring TestDispatcherServlet ''
2020-01-29 11:31:42.914  INFO 16632 --- [    Test worker] o.s.t.web.servlet.TestDispatcherServlet  : Initializing Servlet ''
2020-01-29 11:31:42.927  INFO 16632 --- [    Test worker] o.s.t.web.servlet.TestDispatcherServlet  : Completed initialization in 13 ms
2020-01-29 11:31:42.940  INFO 16632 --- [    Test worker] c.p.r.i.MenuItemControllerTests          : Started MenuItemControllerTests in 0.569 seconds (JVM running for 9.561)
]]></system-out>
  <system-err><![CDATA[]]></system-err>
</testsuite>
