<?xml version="1.0" encoding="UTF-8"?>
<testsuite name="com.project.reservation.interfaces.ReviewControllerTests" tests="1" skipped="0" failures="0" errors="0" timestamp="2020-01-27T15:07:56" hostname="DESKTOP-B7A5GTQ" time="0.014">
  <properties/>
  <testcase name="list()" classname="com.project.reservation.interfaces.ReviewControllerTests" time="0.014"/>
  <system-out><![CDATA[2020-01-28 00:07:56.016  INFO 2752 --- [    Test worker] .b.t.a.w.s.WebMvcTestContextBootstrapper : Neither @ContextConfiguration nor @ContextHierarchy found for test class [com.project.reservation.interfaces.ReviewControllerTests], using SpringBootContextLoader
2020-01-28 00:07:56.017  INFO 2752 --- [    Test worker] o.s.t.c.support.AbstractContextLoader    : Could not detect default resource locations for test class [com.project.reservation.interfaces.ReviewControllerTests]: no resource found for suffixes {-context.xml, Context.groovy}.
2020-01-28 00:07:56.017  INFO 2752 --- [    Test worker] t.c.s.AnnotationConfigContextLoaderUtils : Could not detect default configuration classes for test class [com.project.reservation.interfaces.ReviewControllerTests]: ReviewControllerTests does not declare any static, non-private, non-final, nested classes annotated with @Configuration.
2020-01-28 00:07:56.020  INFO 2752 --- [    Test worker] .b.t.c.SpringBootTestContextBootstrapper : Found @SpringBootConfiguration com.project.reservation.AdminApiApplication for test class com.project.reservation.interfaces.ReviewControllerTests
2020-01-28 00:07:56.021  INFO 2752 --- [    Test worker] .b.t.a.w.s.WebMvcTestContextBootstrapper : Loaded default TestExecutionListener class names from location [META-INF/spring.factories]: [org.springframework.boot.test.autoconfigure.restdocs.RestDocsTestExecutionListener, org.springframework.boot.test.autoconfigure.web.client.MockRestServiceServerResetTestExecutionListener, org.springframework.boot.test.autoconfigure.web.servlet.MockMvcPrintOnlyOnFailureTestExecutionListener, org.springframework.boot.test.autoconfigure.web.servlet.WebDriverTestExecutionListener, org.springframework.boot.test.mock.mockito.MockitoTestExecutionListener, org.springframework.boot.test.mock.mockito.ResetMocksTestExecutionListener, org.springframework.test.context.web.ServletTestExecutionListener, org.springframework.test.context.support.DirtiesContextBeforeModesTestExecutionListener, org.springframework.test.context.support.DependencyInjectionTestExecutionListener, org.springframework.test.context.support.DirtiesContextTestExecutionListener, org.springframework.test.context.transaction.TransactionalTestExecutionListener, org.springframework.test.context.jdbc.SqlScriptsTestExecutionListener, org.springframework.test.context.event.EventPublishingTestExecutionListener]
2020-01-28 00:07:56.024  INFO 2752 --- [    Test worker] .b.t.a.w.s.WebMvcTestContextBootstrapper : Using TestExecutionListeners: [org.springframework.test.context.web.ServletTestExecutionListener@756d6cf2, org.springframework.test.context.support.DirtiesContextBeforeModesTestExecutionListener@38389b8e, org.springframework.boot.test.mock.mockito.MockitoTestExecutionListener@2aebc500, org.springframework.boot.test.autoconfigure.SpringBootDependencyInjectionTestExecutionListener@5dca1f62, org.springframework.test.context.support.DirtiesContextTestExecutionListener@43def2d5, org.springframework.test.context.transaction.TransactionalTestExecutionListener@3f46e5cb, org.springframework.test.context.jdbc.SqlScriptsTestExecutionListener@4bf1f4e6, org.springframework.test.context.event.EventPublishingTestExecutionListener@464dd3f5, org.springframework.boot.test.autoconfigure.restdocs.RestDocsTestExecutionListener@7231c9b3, org.springframework.boot.test.autoconfigure.web.client.MockRestServiceServerResetTestExecutionListener@7ad11283, org.springframework.boot.test.autoconfigure.web.servlet.MockMvcPrintOnlyOnFailureTestExecutionListener@3ec39ffb, org.springframework.boot.test.autoconfigure.web.servlet.WebDriverTestExecutionListener@163921ad, org.springframework.boot.test.mock.mockito.ResetMocksTestExecutionListener@6ab91e88]

  .   ____          _            __ _ _
 /\\ / ___'_ __ _ _(_)_ __  __ _ \ \ \ \
( ( )\___ | '_ | '_| | '_ \/ _` | \ \ \ \
 \\/  ___)| |_)| | | | | || (_| |  ) ) ) )
  '  |____| .__|_| |_|_| |_\__, | / / / /
 =========|_|==============|___/=/_/_/_/
 :: Spring Boot ::        (v2.2.2.RELEASE)

2020-01-28 00:07:56.064  INFO 2752 --- [    Test worker] c.p.r.interfaces.ReviewControllerTests   : Starting ReviewControllerTests on DESKTOP-B7A5GTQ with PID 2752 (started by nkh16 in C:\hyun\Programming\WEB\portfolio\Reservation-Restaurant\admin-api)
2020-01-28 00:07:56.064  INFO 2752 --- [    Test worker] c.p.r.interfaces.ReviewControllerTests   : No active profile set, falling back to default profiles: default
2020-01-28 00:07:56.392  INFO 2752 --- [    Test worker] o.s.s.concurrent.ThreadPoolTaskExecutor  : Initializing ExecutorService 'applicationTaskExecutor'
2020-01-28 00:07:56.588  INFO 2752 --- [    Test worker] o.s.b.t.m.w.SpringBootMockServletContext : Initializing Spring TestDispatcherServlet ''
2020-01-28 00:07:56.589  INFO 2752 --- [    Test worker] o.s.t.web.servlet.TestDispatcherServlet  : Initializing Servlet ''
2020-01-28 00:07:56.602  INFO 2752 --- [    Test worker] o.s.t.web.servlet.TestDispatcherServlet  : Completed initialization in 13 ms
2020-01-28 00:07:56.618  INFO 2752 --- [    Test worker] c.p.r.interfaces.ReviewControllerTests   : Started ReviewControllerTests in 0.589 seconds (JVM running for 10.898)
]]></system-out>
  <system-err><![CDATA[]]></system-err>
</testsuite>
