<?xml version="1.0" encoding="UTF-8"?>
<testsuite name="com.project.reservation.AdminApiApplicationTests" tests="1" skipped="0" failures="0" errors="0" timestamp="2020-01-24T09:00:54" hostname="DESKTOP-B7A5GTQ" time="0.192">
  <properties/>
  <testcase name="contextLoads()" classname="com.project.reservation.AdminApiApplicationTests" time="0.192"/>
  <system-out><![CDATA[18:00:46.062 [Test worker] DEBUG org.springframework.test.context.BootstrapUtils - Instantiating CacheAwareContextLoaderDelegate from class [org.springframework.test.context.cache.DefaultCacheAwareContextLoaderDelegate]
18:00:46.092 [Test worker] DEBUG org.springframework.test.context.BootstrapUtils - Instantiating BootstrapContext using constructor [public org.springframework.test.context.support.DefaultBootstrapContext(java.lang.Class,org.springframework.test.context.CacheAwareContextLoaderDelegate)]
18:00:46.155 [Test worker] DEBUG org.springframework.test.context.BootstrapUtils - Instantiating TestContextBootstrapper for test class [com.project.reservation.AdminApiApplicationTests] from class [org.springframework.boot.test.context.SpringBootTestContextBootstrapper]
18:00:46.184 [Test worker] INFO org.springframework.boot.test.context.SpringBootTestContextBootstrapper - Neither @ContextConfiguration nor @ContextHierarchy found for test class [com.project.reservation.AdminApiApplicationTests], using SpringBootContextLoader
18:00:46.189 [Test worker] DEBUG org.springframework.test.context.support.AbstractContextLoader - Did not detect default resource location for test class [com.project.reservation.AdminApiApplicationTests]: class path resource [com/project/reservation/AdminApiApplicationTests-context.xml] does not exist
18:00:46.190 [Test worker] DEBUG org.springframework.test.context.support.AbstractContextLoader - Did not detect default resource location for test class [com.project.reservation.AdminApiApplicationTests]: class path resource [com/project/reservation/AdminApiApplicationTestsContext.groovy] does not exist
18:00:46.190 [Test worker] INFO org.springframework.test.context.support.AbstractContextLoader - Could not detect default resource locations for test class [com.project.reservation.AdminApiApplicationTests]: no resource found for suffixes {-context.xml, Context.groovy}.
18:00:46.191 [Test worker] INFO org.springframework.test.context.support.AnnotationConfigContextLoaderUtils - Could not detect default configuration classes for test class [com.project.reservation.AdminApiApplicationTests]: AdminApiApplicationTests does not declare any static, non-private, non-final, nested classes annotated with @Configuration.
18:00:46.246 [Test worker] DEBUG org.springframework.test.context.support.ActiveProfilesUtils - Could not find an 'annotation declaring class' for annotation type [org.springframework.test.context.ActiveProfiles] and class [com.project.reservation.AdminApiApplicationTests]
18:00:46.355 [Test worker] DEBUG org.springframework.context.annotation.ClassPathScanningCandidateComponentProvider - Identified candidate component class: file [C:\hyun\Programming\WEB\portfolio\Reservation-Restaurant\admin-api\build\classes\java\main\com\project\reservation\AdminApiApplication.class]
18:00:46.356 [Test worker] INFO org.springframework.boot.test.context.SpringBootTestContextBootstrapper - Found @SpringBootConfiguration com.project.reservation.AdminApiApplication for test class com.project.reservation.AdminApiApplicationTests
18:00:46.558 [Test worker] DEBUG org.springframework.boot.test.context.SpringBootTestContextBootstrapper - @TestExecutionListeners is not present for class [com.project.reservation.AdminApiApplicationTests]: using defaults.
18:00:46.559 [Test worker] INFO org.springframework.boot.test.context.SpringBootTestContextBootstrapper - Loaded default TestExecutionListener class names from location [META-INF/spring.factories]: [org.springframework.boot.test.autoconfigure.restdocs.RestDocsTestExecutionListener, org.springframework.boot.test.autoconfigure.web.client.MockRestServiceServerResetTestExecutionListener, org.springframework.boot.test.autoconfigure.web.servlet.MockMvcPrintOnlyOnFailureTestExecutionListener, org.springframework.boot.test.autoconfigure.web.servlet.WebDriverTestExecutionListener, org.springframework.boot.test.mock.mockito.MockitoTestExecutionListener, org.springframework.boot.test.mock.mockito.ResetMocksTestExecutionListener, org.springframework.test.context.web.ServletTestExecutionListener, org.springframework.test.context.support.DirtiesContextBeforeModesTestExecutionListener, org.springframework.test.context.support.DependencyInjectionTestExecutionListener, org.springframework.test.context.support.DirtiesContextTestExecutionListener, org.springframework.test.context.transaction.TransactionalTestExecutionListener, org.springframework.test.context.jdbc.SqlScriptsTestExecutionListener, org.springframework.test.context.event.EventPublishingTestExecutionListener]
18:00:46.592 [Test worker] INFO org.springframework.boot.test.context.SpringBootTestContextBootstrapper - Using TestExecutionListeners: [org.springframework.test.context.web.ServletTestExecutionListener@4126d886, org.springframework.test.context.support.DirtiesContextBeforeModesTestExecutionListener@ce1ae63, org.springframework.boot.test.mock.mockito.MockitoTestExecutionListener@6edbf817, org.springframework.boot.test.autoconfigure.SpringBootDependencyInjectionTestExecutionListener@4b408b80, org.springframework.test.context.support.DirtiesContextTestExecutionListener@3c558886, org.springframework.test.context.transaction.TransactionalTestExecutionListener@3dc6bbd9, org.springframework.test.context.jdbc.SqlScriptsTestExecutionListener@cecf736, org.springframework.test.context.event.EventPublishingTestExecutionListener@43bf71a0, org.springframework.boot.test.autoconfigure.restdocs.RestDocsTestExecutionListener@53bec0e9, org.springframework.boot.test.autoconfigure.web.client.MockRestServiceServerResetTestExecutionListener@5b2eb134, org.springframework.boot.test.autoconfigure.web.servlet.MockMvcPrintOnlyOnFailureTestExecutionListener@3090a820, org.springframework.boot.test.autoconfigure.web.servlet.WebDriverTestExecutionListener@89afde3, org.springframework.boot.test.mock.mockito.ResetMocksTestExecutionListener@2d06dd91]
18:00:46.601 [Test worker] DEBUG org.springframework.test.context.support.AbstractDirtiesContextTestExecutionListener - Before test class: context [DefaultTestContext@56ffd6eb testClass = AdminApiApplicationTests, testInstance = [null], testMethod = [null], testException = [null], mergedContextConfiguration = [WebMergedContextConfiguration@3e70929b testClass = AdminApiApplicationTests, locations = '{}', classes = '{class com.project.reservation.AdminApiApplication}', contextInitializerClasses = '[]', activeProfiles = '{}', propertySourceLocations = '{}', propertySourceProperties = '{org.springframework.boot.test.context.SpringBootTestContextBootstrapper=true}', contextCustomizers = set[org.springframework.boot.test.autoconfigure.properties.PropertyMappingContextCustomizer@0, org.springframework.boot.test.autoconfigure.web.servlet.WebDriverContextCustomizerFactory$Customizer@52d2469f, org.springframework.boot.test.context.filter.ExcludeFilterContextCustomizer@7d9be518, org.springframework.boot.test.json.DuplicateJsonObjectContextCustomizerFactory$DuplicateJsonObjectContextCustomizer@764ccb82, org.springframework.boot.test.mock.mockito.MockitoContextCustomizer@0, org.springframework.boot.test.web.client.TestRestTemplateContextCustomizer@6d8f9bd], resourceBasePath = 'src/main/webapp', contextLoader = 'org.springframework.boot.test.context.SpringBootContextLoader', parent = [null]], attributes = map['org.springframework.test.context.web.ServletTestExecutionListener.activateListener' -> true]], class annotated with @DirtiesContext [false] with mode [null].
18:00:46.654 [Test worker] DEBUG org.springframework.test.context.support.TestPropertySourceUtils - Adding inlined properties to environment: {spring.jmx.enabled=false, org.springframework.boot.test.context.SpringBootTestContextBootstrapper=true, server.port=-1}

  .   ____          _            __ _ _
 /\\ / ___'_ __ _ _(_)_ __  __ _ \ \ \ \
( ( )\___ | '_ | '_| | '_ \/ _` | \ \ \ \
 \\/  ___)| |_)| | | | | || (_| |  ) ) ) )
  '  |____| .__|_| |_|_| |_\__, | / / / /
 =========|_|==============|___/=/_/_/_/
 :: Spring Boot ::        (v2.2.2.RELEASE)

2020-01-24 18:00:47.326  INFO 12468 --- [    Test worker] c.p.r.AdminApiApplicationTests           : Starting AdminApiApplicationTests on DESKTOP-B7A5GTQ with PID 12468 (started by nkh16 in C:\hyun\Programming\WEB\portfolio\Reservation-Restaurant\admin-api)
2020-01-24 18:00:47.337  INFO 12468 --- [    Test worker] c.p.r.AdminApiApplicationTests           : The following profiles are active: test
2020-01-24 18:00:48.413  INFO 12468 --- [    Test worker] .s.d.r.c.RepositoryConfigurationDelegate : Bootstrapping Spring Data JPA repositories in DEFAULT mode.
2020-01-24 18:00:48.508  INFO 12468 --- [    Test worker] .s.d.r.c.RepositoryConfigurationDelegate : Finished Spring Data repository scanning in 82ms. Found 4 JPA repository interfaces.
2020-01-24 18:00:49.044  INFO 12468 --- [    Test worker] trationDelegate$BeanPostProcessorChecker : Bean 'org.springframework.transaction.annotation.ProxyTransactionManagementConfiguration' of type [org.springframework.transaction.annotation.ProxyTransactionManagementConfiguration] is not eligible for getting processed by all BeanPostProcessors (for example: not eligible for auto-proxying)
2020-01-24 18:00:49.379  INFO 12468 --- [    Test worker] o.hibernate.jpa.internal.util.LogHelper  : HHH000204: Processing PersistenceUnitInfo [name: default]
2020-01-24 18:00:49.468  INFO 12468 --- [    Test worker] org.hibernate.Version                    : HHH000412: Hibernate Core {5.4.9.Final}
2020-01-24 18:00:49.651  INFO 12468 --- [    Test worker] o.hibernate.annotations.common.Version   : HCANN000001: Hibernate Commons Annotations {5.1.0.Final}
2020-01-24 18:00:49.812  INFO 12468 --- [    Test worker] com.zaxxer.hikari.HikariDataSource       : HikariPool-1 - Starting...
2020-01-24 18:00:50.123  INFO 12468 --- [    Test worker] com.zaxxer.hikari.HikariDataSource       : HikariPool-1 - Start completed.
2020-01-24 18:00:50.191  INFO 12468 --- [    Test worker] org.hibernate.dialect.Dialect            : HHH000400: Using dialect: org.hibernate.dialect.H2Dialect
2020-01-24 18:00:52.356  INFO 12468 --- [    Test worker] o.h.e.t.j.p.i.JtaPlatformInitiator       : HHH000490: Using JtaPlatform implementation: [org.hibernate.engine.transaction.jta.platform.internal.NoJtaPlatform]
2020-01-24 18:00:52.372  INFO 12468 --- [    Test worker] j.LocalContainerEntityManagerFactoryBean : Initialized JPA EntityManagerFactory for persistence unit 'default'
2020-01-24 18:00:53.372  WARN 12468 --- [    Test worker] JpaBaseConfiguration$JpaWebConfiguration : spring.jpa.open-in-view is enabled by default. Therefore, database queries may be performed during view rendering. Explicitly configure spring.jpa.open-in-view to disable this warning
2020-01-24 18:00:53.736  INFO 12468 --- [    Test worker] o.s.s.concurrent.ThreadPoolTaskExecutor  : Initializing ExecutorService 'applicationTaskExecutor'
2020-01-24 18:00:54.286  INFO 12468 --- [    Test worker] c.p.r.AdminApiApplicationTests           : Started AdminApiApplicationTests in 7.61 seconds (JVM running for 9.607)
]]></system-out>
  <system-err><![CDATA[]]></system-err>
</testsuite>
