<?xml version="1.0" encoding="UTF-8"?>
<testsuite name="com.project.reservation.interfaces.MenuItemControllerTests" tests="1" skipped="0" failures="0" errors="0" timestamp="2020-01-27T08:52:40" hostname="DESKTOP-B7A5GTQ" time="0.061">
  <properties/>
  <testcase name="bulkUpdate()" classname="com.project.reservation.interfaces.MenuItemControllerTests" time="0.061"/>
  <system-out><![CDATA[2020-01-27 17:52:38.659  INFO 9628 --- [    Test worker] .b.t.a.w.s.WebMvcTestContextBootstrapper : Neither @ContextConfiguration nor @ContextHierarchy found for test class [com.project.reservation.interfaces.MenuItemControllerTests], using SpringBootContextLoader
2020-01-27 17:52:38.660  INFO 9628 --- [    Test worker] o.s.t.c.support.AbstractContextLoader    : Could not detect default resource locations for test class [com.project.reservation.interfaces.MenuItemControllerTests]: no resource found for suffixes {-context.xml, Context.groovy}.
2020-01-27 17:52:38.661  INFO 9628 --- [    Test worker] t.c.s.AnnotationConfigContextLoaderUtils : Could not detect default configuration classes for test class [com.project.reservation.interfaces.MenuItemControllerTests]: MenuItemControllerTests does not declare any static, non-private, non-final, nested classes annotated with @Configuration.
2020-01-27 17:52:38.665  INFO 9628 --- [    Test worker] .b.t.c.SpringBootTestContextBootstrapper : Found @SpringBootConfiguration com.project.reservation.AdminApiApplication for test class com.project.reservation.interfaces.MenuItemControllerTests
2020-01-27 17:52:38.666  INFO 9628 --- [    Test worker] .b.t.a.w.s.WebMvcTestContextBootstrapper : Loaded default TestExecutionListener class names from location [META-INF/spring.factories]: [org.springframework.boot.test.autoconfigure.restdocs.RestDocsTestExecutionListener, org.springframework.boot.test.autoconfigure.web.client.MockRestServiceServerResetTestExecutionListener, org.springframework.boot.test.autoconfigure.web.servlet.MockMvcPrintOnlyOnFailureTestExecutionListener, org.springframework.boot.test.autoconfigure.web.servlet.WebDriverTestExecutionListener, org.springframework.boot.test.mock.mockito.MockitoTestExecutionListener, org.springframework.boot.test.mock.mockito.ResetMocksTestExecutionListener, org.springframework.test.context.web.ServletTestExecutionListener, org.springframework.test.context.support.DirtiesContextBeforeModesTestExecutionListener, org.springframework.test.context.support.DependencyInjectionTestExecutionListener, org.springframework.test.context.support.DirtiesContextTestExecutionListener, org.springframework.test.context.transaction.TransactionalTestExecutionListener, org.springframework.test.context.jdbc.SqlScriptsTestExecutionListener, org.springframework.test.context.event.EventPublishingTestExecutionListener]
2020-01-27 17:52:38.667  INFO 9628 --- [    Test worker] .b.t.a.w.s.WebMvcTestContextBootstrapper : Using TestExecutionListeners: [org.springframework.test.context.web.ServletTestExecutionListener@434386df, org.springframework.test.context.support.DirtiesContextBeforeModesTestExecutionListener@37d19881, org.springframework.boot.test.mock.mockito.MockitoTestExecutionListener@1464edf1, org.springframework.boot.test.autoconfigure.SpringBootDependencyInjectionTestExecutionListener@158044f, org.springframework.test.context.support.DirtiesContextTestExecutionListener@5e721fc5, org.springframework.test.context.transaction.TransactionalTestExecutionListener@655c811a, org.springframework.test.context.jdbc.SqlScriptsTestExecutionListener@56e4f325, org.springframework.test.context.event.EventPublishingTestExecutionListener@17dfffca, org.springframework.boot.test.autoconfigure.restdocs.RestDocsTestExecutionListener@591d46c3, org.springframework.boot.test.autoconfigure.web.client.MockRestServiceServerResetTestExecutionListener@584848ab, org.springframework.boot.test.autoconfigure.web.servlet.MockMvcPrintOnlyOnFailureTestExecutionListener@2944e55c, org.springframework.boot.test.autoconfigure.web.servlet.WebDriverTestExecutionListener@418d6e11, org.springframework.boot.test.mock.mockito.ResetMocksTestExecutionListener@721503bd]

  .   ____          _            __ _ _
 /\\ / ___'_ __ _ _(_)_ __  __ _ \ \ \ \
( ( )\___ | '_ | '_| | '_ \/ _` | \ \ \ \
 \\/  ___)| |_)| | | | | || (_| |  ) ) ) )
  '  |____| .__|_| |_|_| |_\__, | / / / /
 =========|_|==============|___/=/_/_/_/
 :: Spring Boot ::        (v2.2.2.RELEASE)

2020-01-27 17:52:38.778  INFO 9628 --- [    Test worker] c.p.r.i.MenuItemControllerTests          : Starting MenuItemControllerTests on DESKTOP-B7A5GTQ with PID 9628 (started by nkh16 in C:\hyun\Programming\WEB\portfolio\Reservation-Restaurant\admin-api)
2020-01-27 17:52:38.792  INFO 9628 --- [    Test worker] c.p.r.i.MenuItemControllerTests          : The following profiles are active: test
2020-01-27 17:52:39.959  INFO 9628 --- [    Test worker] o.s.s.concurrent.ThreadPoolTaskExecutor  : Initializing ExecutorService 'applicationTaskExecutor'
2020-01-27 17:52:40.362  INFO 9628 --- [    Test worker] o.s.b.t.m.w.SpringBootMockServletContext : Initializing Spring TestDispatcherServlet ''
2020-01-27 17:52:40.362  INFO 9628 --- [    Test worker] o.s.t.web.servlet.TestDispatcherServlet  : Initializing Servlet ''
2020-01-27 17:52:40.380  INFO 9628 --- [    Test worker] o.s.t.web.servlet.TestDispatcherServlet  : Completed initialization in 18 ms
2020-01-27 17:52:40.420  INFO 9628 --- [    Test worker] c.p.r.i.MenuItemControllerTests          : Started MenuItemControllerTests in 1.744 seconds (JVM running for 13.536)
]]></system-out>
  <system-err><![CDATA[]]></system-err>
</testsuite>
