<?xml version="1.0" encoding="UTF-8"?>
<testsuite name="com.project.reservation.interfaces.UserControllerTests" tests="4" skipped="0" failures="0" errors="0" timestamp="2020-01-27T08:52:43" hostname="DESKTOP-B7A5GTQ" time="0.046">
  <properties/>
  <testcase name="deactivate()" classname="com.project.reservation.interfaces.UserControllerTests" time="0.011"/>
  <testcase name="create()" classname="com.project.reservation.interfaces.UserControllerTests" time="0.009"/>
  <testcase name="update()" classname="com.project.reservation.interfaces.UserControllerTests" time="0.01"/>
  <testcase name="list()" classname="com.project.reservation.interfaces.UserControllerTests" time="0.011"/>
  <system-out><![CDATA[2020-01-27 17:52:42.611  INFO 9628 --- [    Test worker] .b.t.a.w.s.WebMvcTestContextBootstrapper : Neither @ContextConfiguration nor @ContextHierarchy found for test class [com.project.reservation.interfaces.UserControllerTests], using SpringBootContextLoader
2020-01-27 17:52:42.611  INFO 9628 --- [    Test worker] o.s.t.c.support.AbstractContextLoader    : Could not detect default resource locations for test class [com.project.reservation.interfaces.UserControllerTests]: no resource found for suffixes {-context.xml, Context.groovy}.
2020-01-27 17:52:42.612  INFO 9628 --- [    Test worker] t.c.s.AnnotationConfigContextLoaderUtils : Could not detect default configuration classes for test class [com.project.reservation.interfaces.UserControllerTests]: UserControllerTests does not declare any static, non-private, non-final, nested classes annotated with @Configuration.
2020-01-27 17:52:42.614  INFO 9628 --- [    Test worker] .b.t.c.SpringBootTestContextBootstrapper : Found @SpringBootConfiguration com.project.reservation.AdminApiApplication for test class com.project.reservation.interfaces.UserControllerTests
2020-01-27 17:52:42.615  INFO 9628 --- [    Test worker] .b.t.a.w.s.WebMvcTestContextBootstrapper : Loaded default TestExecutionListener class names from location [META-INF/spring.factories]: [org.springframework.boot.test.autoconfigure.restdocs.RestDocsTestExecutionListener, org.springframework.boot.test.autoconfigure.web.client.MockRestServiceServerResetTestExecutionListener, org.springframework.boot.test.autoconfigure.web.servlet.MockMvcPrintOnlyOnFailureTestExecutionListener, org.springframework.boot.test.autoconfigure.web.servlet.WebDriverTestExecutionListener, org.springframework.boot.test.mock.mockito.MockitoTestExecutionListener, org.springframework.boot.test.mock.mockito.ResetMocksTestExecutionListener, org.springframework.test.context.web.ServletTestExecutionListener, org.springframework.test.context.support.DirtiesContextBeforeModesTestExecutionListener, org.springframework.test.context.support.DependencyInjectionTestExecutionListener, org.springframework.test.context.support.DirtiesContextTestExecutionListener, org.springframework.test.context.transaction.TransactionalTestExecutionListener, org.springframework.test.context.jdbc.SqlScriptsTestExecutionListener, org.springframework.test.context.event.EventPublishingTestExecutionListener]
2020-01-27 17:52:42.615  INFO 9628 --- [    Test worker] .b.t.a.w.s.WebMvcTestContextBootstrapper : Using TestExecutionListeners: [org.springframework.test.context.web.ServletTestExecutionListener@64ffd254, org.springframework.test.context.support.DirtiesContextBeforeModesTestExecutionListener@623908c0, org.springframework.boot.test.mock.mockito.MockitoTestExecutionListener@7bda4cf, org.springframework.boot.test.autoconfigure.SpringBootDependencyInjectionTestExecutionListener@16a9de71, org.springframework.test.context.support.DirtiesContextTestExecutionListener@cded382, org.springframework.test.context.transaction.TransactionalTestExecutionListener@260bb5d1, org.springframework.test.context.jdbc.SqlScriptsTestExecutionListener@4c7af603, org.springframework.test.context.event.EventPublishingTestExecutionListener@14f8e3ab, org.springframework.boot.test.autoconfigure.restdocs.RestDocsTestExecutionListener@6ec06075, org.springframework.boot.test.autoconfigure.web.client.MockRestServiceServerResetTestExecutionListener@151ef541, org.springframework.boot.test.autoconfigure.web.servlet.MockMvcPrintOnlyOnFailureTestExecutionListener@ecfd30f, org.springframework.boot.test.autoconfigure.web.servlet.WebDriverTestExecutionListener@5df98cc6, org.springframework.boot.test.mock.mockito.ResetMocksTestExecutionListener@30579cc4]

  .   ____          _            __ _ _
 /\\ / ___'_ __ _ _(_)_ __  __ _ \ \ \ \
( ( )\___ | '_ | '_| | '_ \/ _` | \ \ \ \
 \\/  ___)| |_)| | | | | || (_| |  ) ) ) )
  '  |____| .__|_| |_|_| |_\__, | / / / /
 =========|_|==============|___/=/_/_/_/
 :: Spring Boot ::        (v2.2.2.RELEASE)

2020-01-27 17:52:42.645  INFO 9628 --- [    Test worker] c.p.r.interfaces.UserControllerTests     : Starting UserControllerTests on DESKTOP-B7A5GTQ with PID 9628 (started by nkh16 in C:\hyun\Programming\WEB\portfolio\Reservation-Restaurant\admin-api)
2020-01-27 17:52:42.646  INFO 9628 --- [    Test worker] c.p.r.interfaces.UserControllerTests     : The following profiles are active: test
2020-01-27 17:52:43.027  INFO 9628 --- [    Test worker] o.s.s.concurrent.ThreadPoolTaskExecutor  : Initializing ExecutorService 'applicationTaskExecutor'
2020-01-27 17:52:43.191  INFO 9628 --- [    Test worker] o.s.b.t.m.w.SpringBootMockServletContext : Initializing Spring TestDispatcherServlet ''
2020-01-27 17:52:43.192  INFO 9628 --- [    Test worker] o.s.t.web.servlet.TestDispatcherServlet  : Initializing Servlet ''
2020-01-27 17:52:43.205  INFO 9628 --- [    Test worker] o.s.t.web.servlet.TestDispatcherServlet  : Completed initialization in 13 ms
2020-01-27 17:52:43.229  INFO 9628 --- [    Test worker] c.p.r.interfaces.UserControllerTests     : Started UserControllerTests in 0.611 seconds (JVM running for 16.345)
]]></system-out>
  <system-err><![CDATA[]]></system-err>
</testsuite>
