<?xml version="1.0" encoding="UTF-8"?>
<testsuite name="com.project.reservation.interfaces.MenuItemControllerTests" tests="1" skipped="0" failures="0" errors="0" timestamp="2020-01-24T05:04:47" hostname="DESKTOP-B7A5GTQ" time="0.191">
  <properties/>
  <testcase name="bulkUpdate()" classname="com.project.reservation.interfaces.MenuItemControllerTests" time="0.191"/>
  <system-out><![CDATA[2020-01-24 14:04:46.232  INFO 2740 --- [    Test worker] .b.t.a.w.s.WebMvcTestContextBootstrapper : Neither @ContextConfiguration nor @ContextHierarchy found for test class [com.project.reservation.interfaces.MenuItemControllerTests], using SpringBootContextLoader
2020-01-24 14:04:46.233  INFO 2740 --- [    Test worker] o.s.t.c.support.AbstractContextLoader    : Could not detect default resource locations for test class [com.project.reservation.interfaces.MenuItemControllerTests]: no resource found for suffixes {-context.xml, Context.groovy}.
2020-01-24 14:04:46.233  INFO 2740 --- [    Test worker] t.c.s.AnnotationConfigContextLoaderUtils : Could not detect default configuration classes for test class [com.project.reservation.interfaces.MenuItemControllerTests]: MenuItemControllerTests does not declare any static, non-private, non-final, nested classes annotated with @Configuration.
2020-01-24 14:04:46.266  INFO 2740 --- [    Test worker] .b.t.c.SpringBootTestContextBootstrapper : Found @SpringBootConfiguration com.project.reservation.AdminApiApplication for test class com.project.reservation.interfaces.MenuItemControllerTests
2020-01-24 14:04:46.266  INFO 2740 --- [    Test worker] .b.t.a.w.s.WebMvcTestContextBootstrapper : Loaded default TestExecutionListener class names from location [META-INF/spring.factories]: [org.springframework.boot.test.autoconfigure.restdocs.RestDocsTestExecutionListener, org.springframework.boot.test.autoconfigure.web.client.MockRestServiceServerResetTestExecutionListener, org.springframework.boot.test.autoconfigure.web.servlet.MockMvcPrintOnlyOnFailureTestExecutionListener, org.springframework.boot.test.autoconfigure.web.servlet.WebDriverTestExecutionListener, org.springframework.boot.test.mock.mockito.MockitoTestExecutionListener, org.springframework.boot.test.mock.mockito.ResetMocksTestExecutionListener, org.springframework.test.context.web.ServletTestExecutionListener, org.springframework.test.context.support.DirtiesContextBeforeModesTestExecutionListener, org.springframework.test.context.support.DependencyInjectionTestExecutionListener, org.springframework.test.context.support.DirtiesContextTestExecutionListener, org.springframework.test.context.transaction.TransactionalTestExecutionListener, org.springframework.test.context.jdbc.SqlScriptsTestExecutionListener, org.springframework.test.context.event.EventPublishingTestExecutionListener]
2020-01-24 14:04:46.267  INFO 2740 --- [    Test worker] .b.t.a.w.s.WebMvcTestContextBootstrapper : Using TestExecutionListeners: [org.springframework.test.context.web.ServletTestExecutionListener@3f27922b, org.springframework.test.context.support.DirtiesContextBeforeModesTestExecutionListener@40f3da01, org.springframework.boot.test.mock.mockito.MockitoTestExecutionListener@2dda3ca9, org.springframework.boot.test.autoconfigure.SpringBootDependencyInjectionTestExecutionListener@1115ed55, org.springframework.test.context.support.DirtiesContextTestExecutionListener@12a08396, org.springframework.test.context.transaction.TransactionalTestExecutionListener@4c5d6011, org.springframework.test.context.jdbc.SqlScriptsTestExecutionListener@309e2247, org.springframework.test.context.event.EventPublishingTestExecutionListener@edf0e44, org.springframework.boot.test.autoconfigure.restdocs.RestDocsTestExecutionListener@18f5903a, org.springframework.boot.test.autoconfigure.web.client.MockRestServiceServerResetTestExecutionListener@3f0f26dd, org.springframework.boot.test.autoconfigure.web.servlet.MockMvcPrintOnlyOnFailureTestExecutionListener@7ec2a761, org.springframework.boot.test.autoconfigure.web.servlet.WebDriverTestExecutionListener@8193bd3, org.springframework.boot.test.mock.mockito.ResetMocksTestExecutionListener@3cd91eaa]

  .   ____          _            __ _ _
 /\\ / ___'_ __ _ _(_)_ __  __ _ \ \ \ \
( ( )\___ | '_ | '_| | '_ \/ _` | \ \ \ \
 \\/  ___)| |_)| | | | | || (_| |  ) ) ) )
  '  |____| .__|_| |_|_| |_\__, | / / / /
 =========|_|==============|___/=/_/_/_/
 :: Spring Boot ::        (v2.2.2.RELEASE)

2020-01-24 14:04:46.326  INFO 2740 --- [    Test worker] c.p.r.i.MenuItemControllerTests          : Starting MenuItemControllerTests on DESKTOP-B7A5GTQ with PID 2740 (started by nkh16 in C:\hyun\Programming\WEB\portfolio\Reservation-Restaurant\admin-api)
2020-01-24 14:04:46.329  INFO 2740 --- [    Test worker] c.p.r.i.MenuItemControllerTests          : No active profile set, falling back to default profiles: default
2020-01-24 14:04:46.815  INFO 2740 --- [    Test worker] o.s.s.concurrent.ThreadPoolTaskExecutor  : Initializing ExecutorService 'applicationTaskExecutor'
2020-01-24 14:04:46.997  INFO 2740 --- [    Test worker] o.s.b.t.m.w.SpringBootMockServletContext : Initializing Spring TestDispatcherServlet ''
2020-01-24 14:04:46.998  INFO 2740 --- [    Test worker] o.s.t.web.servlet.TestDispatcherServlet  : Initializing Servlet ''
2020-01-24 14:04:47.017  INFO 2740 --- [    Test worker] o.s.t.web.servlet.TestDispatcherServlet  : Completed initialization in 19 ms
2020-01-24 14:04:47.041  INFO 2740 --- [    Test worker] c.p.r.i.MenuItemControllerTests          : Started MenuItemControllerTests in 0.77 seconds (JVM running for 10.796)
]]></system-out>
  <system-err><![CDATA[]]></system-err>
</testsuite>
