<?xml version="1.0" encoding="UTF-8"?>
<testsuite name="com.project.reservation.interfaces.UserControllerTests" tests="4" skipped="0" failures="0" errors="0" timestamp="2020-01-29T10:42:05" hostname="DESKTOP-B7A5GTQ" time="0.041">
  <properties/>
  <testcase name="deactivate()" classname="com.project.reservation.interfaces.UserControllerTests" time="0.01"/>
  <testcase name="create()" classname="com.project.reservation.interfaces.UserControllerTests" time="0.011"/>
  <testcase name="update()" classname="com.project.reservation.interfaces.UserControllerTests" time="0.006"/>
  <testcase name="list()" classname="com.project.reservation.interfaces.UserControllerTests" time="0.01"/>
  <system-out><![CDATA[2020-01-29 19:42:04.677  INFO 11464 --- [    Test worker] .b.t.a.w.s.WebMvcTestContextBootstrapper : Neither @ContextConfiguration nor @ContextHierarchy found for test class [com.project.reservation.interfaces.UserControllerTests], using SpringBootContextLoader
2020-01-29 19:42:04.678  INFO 11464 --- [    Test worker] o.s.t.c.support.AbstractContextLoader    : Could not detect default resource locations for test class [com.project.reservation.interfaces.UserControllerTests]: no resource found for suffixes {-context.xml, Context.groovy}.
2020-01-29 19:42:04.678  INFO 11464 --- [    Test worker] t.c.s.AnnotationConfigContextLoaderUtils : Could not detect default configuration classes for test class [com.project.reservation.interfaces.UserControllerTests]: UserControllerTests does not declare any static, non-private, non-final, nested classes annotated with @Configuration.
2020-01-29 19:42:04.683  INFO 11464 --- [    Test worker] .b.t.c.SpringBootTestContextBootstrapper : Found @SpringBootConfiguration com.project.reservation.AdminApiApplication for test class com.project.reservation.interfaces.UserControllerTests
2020-01-29 19:42:04.683  INFO 11464 --- [    Test worker] .b.t.a.w.s.WebMvcTestContextBootstrapper : Loaded default TestExecutionListener class names from location [META-INF/spring.factories]: [org.springframework.boot.test.autoconfigure.restdocs.RestDocsTestExecutionListener, org.springframework.boot.test.autoconfigure.web.client.MockRestServiceServerResetTestExecutionListener, org.springframework.boot.test.autoconfigure.web.servlet.MockMvcPrintOnlyOnFailureTestExecutionListener, org.springframework.boot.test.autoconfigure.web.servlet.WebDriverTestExecutionListener, org.springframework.boot.test.mock.mockito.MockitoTestExecutionListener, org.springframework.boot.test.mock.mockito.ResetMocksTestExecutionListener, org.springframework.test.context.web.ServletTestExecutionListener, org.springframework.test.context.support.DirtiesContextBeforeModesTestExecutionListener, org.springframework.test.context.support.DependencyInjectionTestExecutionListener, org.springframework.test.context.support.DirtiesContextTestExecutionListener, org.springframework.test.context.transaction.TransactionalTestExecutionListener, org.springframework.test.context.jdbc.SqlScriptsTestExecutionListener, org.springframework.test.context.event.EventPublishingTestExecutionListener]
2020-01-29 19:42:04.684  INFO 11464 --- [    Test worker] .b.t.a.w.s.WebMvcTestContextBootstrapper : Using TestExecutionListeners: [org.springframework.test.context.web.ServletTestExecutionListener@7142341f, org.springframework.test.context.support.DirtiesContextBeforeModesTestExecutionListener@19b978b3, org.springframework.boot.test.mock.mockito.MockitoTestExecutionListener@4a24b43f, org.springframework.boot.test.autoconfigure.SpringBootDependencyInjectionTestExecutionListener@1659e975, org.springframework.test.context.support.DirtiesContextTestExecutionListener@765bc56d, org.springframework.test.context.transaction.TransactionalTestExecutionListener@24f547f5, org.springframework.test.context.jdbc.SqlScriptsTestExecutionListener@4b9f8a18, org.springframework.test.context.event.EventPublishingTestExecutionListener@1254c05f, org.springframework.boot.test.autoconfigure.restdocs.RestDocsTestExecutionListener@3a0c1fd5, org.springframework.boot.test.autoconfigure.web.client.MockRestServiceServerResetTestExecutionListener@34483d8e, org.springframework.boot.test.autoconfigure.web.servlet.MockMvcPrintOnlyOnFailureTestExecutionListener@3b0ae55, org.springframework.boot.test.autoconfigure.web.servlet.WebDriverTestExecutionListener@3752d044, org.springframework.boot.test.mock.mockito.ResetMocksTestExecutionListener@6dfa93cc]

  .   ____          _            __ _ _
 /\\ / ___'_ __ _ _(_)_ __  __ _ \ \ \ \
( ( )\___ | '_ | '_| | '_ \/ _` | \ \ \ \
 \\/  ___)| |_)| | | | | || (_| |  ) ) ) )
  '  |____| .__|_| |_|_| |_\__, | / / / /
 =========|_|==============|___/=/_/_/_/
 :: Spring Boot ::        (v2.2.2.RELEASE)

2020-01-29 19:42:04.722  INFO 11464 --- [    Test worker] c.p.r.interfaces.UserControllerTests     : Starting UserControllerTests on DESKTOP-B7A5GTQ with PID 11464 (started by nkh16 in C:\hyun\Programming\WEB\portfolio\Reservation-Restaurant\admin-api)
2020-01-29 19:42:04.722  INFO 11464 --- [    Test worker] c.p.r.interfaces.UserControllerTests     : The following profiles are active: test
2020-01-29 19:42:05.068  INFO 11464 --- [    Test worker] o.s.s.concurrent.ThreadPoolTaskExecutor  : Initializing ExecutorService 'applicationTaskExecutor'
2020-01-29 19:42:05.240  INFO 11464 --- [    Test worker] o.s.b.t.m.w.SpringBootMockServletContext : Initializing Spring TestDispatcherServlet ''
2020-01-29 19:42:05.240  INFO 11464 --- [    Test worker] o.s.t.web.servlet.TestDispatcherServlet  : Initializing Servlet ''
2020-01-29 19:42:05.247  INFO 11464 --- [    Test worker] o.s.t.web.servlet.TestDispatcherServlet  : Completed initialization in 7 ms
2020-01-29 19:42:05.261  INFO 11464 --- [    Test worker] c.p.r.interfaces.UserControllerTests     : Started UserControllerTests in 0.572 seconds (JVM running for 13.777)
]]></system-out>
  <system-err><![CDATA[]]></system-err>
</testsuite>
