<?xml version="1.0" encoding="UTF-8"?>
<testsuite name="com.project.reservation.interfaces.ReviewControllerTests" tests="1" skipped="0" failures="0" errors="0" timestamp="2020-01-29T10:42:04" hostname="DESKTOP-B7A5GTQ" time="0.014">
  <properties/>
  <testcase name="list()" classname="com.project.reservation.interfaces.ReviewControllerTests" time="0.014"/>
  <system-out><![CDATA[2020-01-29 19:42:04.055  INFO 11464 --- [    Test worker] .b.t.a.w.s.WebMvcTestContextBootstrapper : Neither @ContextConfiguration nor @ContextHierarchy found for test class [com.project.reservation.interfaces.ReviewControllerTests], using SpringBootContextLoader
2020-01-29 19:42:04.056  INFO 11464 --- [    Test worker] o.s.t.c.support.AbstractContextLoader    : Could not detect default resource locations for test class [com.project.reservation.interfaces.ReviewControllerTests]: no resource found for suffixes {-context.xml, Context.groovy}.
2020-01-29 19:42:04.056  INFO 11464 --- [    Test worker] t.c.s.AnnotationConfigContextLoaderUtils : Could not detect default configuration classes for test class [com.project.reservation.interfaces.ReviewControllerTests]: ReviewControllerTests does not declare any static, non-private, non-final, nested classes annotated with @Configuration.
2020-01-29 19:42:04.061  INFO 11464 --- [    Test worker] .b.t.c.SpringBootTestContextBootstrapper : Found @SpringBootConfiguration com.project.reservation.AdminApiApplication for test class com.project.reservation.interfaces.ReviewControllerTests
2020-01-29 19:42:04.061  INFO 11464 --- [    Test worker] .b.t.a.w.s.WebMvcTestContextBootstrapper : Loaded default TestExecutionListener class names from location [META-INF/spring.factories]: [org.springframework.boot.test.autoconfigure.restdocs.RestDocsTestExecutionListener, org.springframework.boot.test.autoconfigure.web.client.MockRestServiceServerResetTestExecutionListener, org.springframework.boot.test.autoconfigure.web.servlet.MockMvcPrintOnlyOnFailureTestExecutionListener, org.springframework.boot.test.autoconfigure.web.servlet.WebDriverTestExecutionListener, org.springframework.boot.test.mock.mockito.MockitoTestExecutionListener, org.springframework.boot.test.mock.mockito.ResetMocksTestExecutionListener, org.springframework.test.context.web.ServletTestExecutionListener, org.springframework.test.context.support.DirtiesContextBeforeModesTestExecutionListener, org.springframework.test.context.support.DependencyInjectionTestExecutionListener, org.springframework.test.context.support.DirtiesContextTestExecutionListener, org.springframework.test.context.transaction.TransactionalTestExecutionListener, org.springframework.test.context.jdbc.SqlScriptsTestExecutionListener, org.springframework.test.context.event.EventPublishingTestExecutionListener]
2020-01-29 19:42:04.062  INFO 11464 --- [    Test worker] .b.t.a.w.s.WebMvcTestContextBootstrapper : Using TestExecutionListeners: [org.springframework.test.context.web.ServletTestExecutionListener@6bf51189, org.springframework.test.context.support.DirtiesContextBeforeModesTestExecutionListener@6302ffd0, org.springframework.boot.test.mock.mockito.MockitoTestExecutionListener@1b0eeada, org.springframework.boot.test.autoconfigure.SpringBootDependencyInjectionTestExecutionListener@2fa441f3, org.springframework.test.context.support.DirtiesContextTestExecutionListener@6c1e74d7, org.springframework.test.context.transaction.TransactionalTestExecutionListener@1896fafb, org.springframework.test.context.jdbc.SqlScriptsTestExecutionListener@74229b09, org.springframework.test.context.event.EventPublishingTestExecutionListener@7904f7a7, org.springframework.boot.test.autoconfigure.restdocs.RestDocsTestExecutionListener@66238c9c, org.springframework.boot.test.autoconfigure.web.client.MockRestServiceServerResetTestExecutionListener@49cdf381, org.springframework.boot.test.autoconfigure.web.servlet.MockMvcPrintOnlyOnFailureTestExecutionListener@29d7d362, org.springframework.boot.test.autoconfigure.web.servlet.WebDriverTestExecutionListener@7730b030, org.springframework.boot.test.mock.mockito.ResetMocksTestExecutionListener@d8d8526]

  .   ____          _            __ _ _
 /\\ / ___'_ __ _ _(_)_ __  __ _ \ \ \ \
( ( )\___ | '_ | '_| | '_ \/ _` | \ \ \ \
 \\/  ___)| |_)| | | | | || (_| |  ) ) ) )
  '  |____| .__|_| |_|_| |_\__, | / / / /
 =========|_|==============|___/=/_/_/_/
 :: Spring Boot ::        (v2.2.2.RELEASE)

2020-01-29 19:42:04.108  INFO 11464 --- [    Test worker] c.p.r.interfaces.ReviewControllerTests   : Starting ReviewControllerTests on DESKTOP-B7A5GTQ with PID 11464 (started by nkh16 in C:\hyun\Programming\WEB\portfolio\Reservation-Restaurant\admin-api)
2020-01-29 19:42:04.109  INFO 11464 --- [    Test worker] c.p.r.interfaces.ReviewControllerTests   : The following profiles are active: test
2020-01-29 19:42:04.486  INFO 11464 --- [    Test worker] o.s.s.concurrent.ThreadPoolTaskExecutor  : Initializing ExecutorService 'applicationTaskExecutor'
2020-01-29 19:42:04.632  INFO 11464 --- [    Test worker] o.s.b.t.m.w.SpringBootMockServletContext : Initializing Spring TestDispatcherServlet ''
2020-01-29 19:42:04.633  INFO 11464 --- [    Test worker] o.s.t.web.servlet.TestDispatcherServlet  : Initializing Servlet ''
2020-01-29 19:42:04.644  INFO 11464 --- [    Test worker] o.s.t.web.servlet.TestDispatcherServlet  : Completed initialization in 10 ms
2020-01-29 19:42:04.659  INFO 11464 --- [    Test worker] c.p.r.interfaces.ReviewControllerTests   : Started ReviewControllerTests in 0.59 seconds (JVM running for 13.175)
]]></system-out>
  <system-err><![CDATA[]]></system-err>
</testsuite>
