<?xml version="1.0" encoding="UTF-8"?>
<testsuite name="com.project.reservation.application.RestaurantServiceTests" tests="4" skipped="0" failures="0" errors="0" timestamp="2020-01-26T06:02:11" hostname="DESKTOP-B7A5GTQ" time="0.074">
  <properties/>
  <testcase name="addRestaurant()" classname="com.project.reservation.application.RestaurantServiceTests" time="0.059"/>
  <testcase name="getRestaurantWithExisted()" classname="com.project.reservation.application.RestaurantServiceTests" time="0.003"/>
  <testcase name="getRestaurants()" classname="com.project.reservation.application.RestaurantServiceTests" time="0.003"/>
  <testcase name="updateRestaurant()" classname="com.project.reservation.application.RestaurantServiceTests" time="0.008"/>
  <system-out><![CDATA[]]></system-out>
  <system-err><![CDATA[]]></system-err>
</testsuite>
