<?xml version="1.0" encoding="UTF-8"?>
<testsuite name="com.project.reservation.interfaces.UserControllerTests" tests="4" skipped="0" failures="0" errors="0" timestamp="2020-01-28T15:21:16" hostname="DESKTOP-B7A5GTQ" time="0.045">
  <properties/>
  <testcase name="deactivate()" classname="com.project.reservation.interfaces.UserControllerTests" time="0.007"/>
  <testcase name="create()" classname="com.project.reservation.interfaces.UserControllerTests" time="0.013"/>
  <testcase name="update()" classname="com.project.reservation.interfaces.UserControllerTests" time="0.008"/>
  <testcase name="list()" classname="com.project.reservation.interfaces.UserControllerTests" time="0.009"/>
  <system-out><![CDATA[2020-01-29 00:21:16.211  INFO 1152 --- [    Test worker] .b.t.a.w.s.WebMvcTestContextBootstrapper : Neither @ContextConfiguration nor @ContextHierarchy found for test class [com.project.reservation.interfaces.UserControllerTests], using SpringBootContextLoader
2020-01-29 00:21:16.213  INFO 1152 --- [    Test worker] o.s.t.c.support.AbstractContextLoader    : Could not detect default resource locations for test class [com.project.reservation.interfaces.UserControllerTests]: no resource found for suffixes {-context.xml, Context.groovy}.
2020-01-29 00:21:16.214  INFO 1152 --- [    Test worker] t.c.s.AnnotationConfigContextLoaderUtils : Could not detect default configuration classes for test class [com.project.reservation.interfaces.UserControllerTests]: UserControllerTests does not declare any static, non-private, non-final, nested classes annotated with @Configuration.
2020-01-29 00:21:16.219  INFO 1152 --- [    Test worker] .b.t.c.SpringBootTestContextBootstrapper : Found @SpringBootConfiguration com.project.reservation.AdminApiApplication for test class com.project.reservation.interfaces.UserControllerTests
2020-01-29 00:21:16.220  INFO 1152 --- [    Test worker] .b.t.a.w.s.WebMvcTestContextBootstrapper : Loaded default TestExecutionListener class names from location [META-INF/spring.factories]: [org.springframework.boot.test.autoconfigure.restdocs.RestDocsTestExecutionListener, org.springframework.boot.test.autoconfigure.web.client.MockRestServiceServerResetTestExecutionListener, org.springframework.boot.test.autoconfigure.web.servlet.MockMvcPrintOnlyOnFailureTestExecutionListener, org.springframework.boot.test.autoconfigure.web.servlet.WebDriverTestExecutionListener, org.springframework.boot.test.mock.mockito.MockitoTestExecutionListener, org.springframework.boot.test.mock.mockito.ResetMocksTestExecutionListener, org.springframework.test.context.web.ServletTestExecutionListener, org.springframework.test.context.support.DirtiesContextBeforeModesTestExecutionListener, org.springframework.test.context.support.DependencyInjectionTestExecutionListener, org.springframework.test.context.support.DirtiesContextTestExecutionListener, org.springframework.test.context.transaction.TransactionalTestExecutionListener, org.springframework.test.context.jdbc.SqlScriptsTestExecutionListener, org.springframework.test.context.event.EventPublishingTestExecutionListener]
2020-01-29 00:21:16.220  INFO 1152 --- [    Test worker] .b.t.a.w.s.WebMvcTestContextBootstrapper : Using TestExecutionListeners: [org.springframework.test.context.web.ServletTestExecutionListener@7c3587c3, org.springframework.test.context.support.DirtiesContextBeforeModesTestExecutionListener@6032a1e7, org.springframework.boot.test.mock.mockito.MockitoTestExecutionListener@37db58c9, org.springframework.boot.test.autoconfigure.SpringBootDependencyInjectionTestExecutionListener@2fb178d4, org.springframework.test.context.support.DirtiesContextTestExecutionListener@7f6ae97e, org.springframework.test.context.transaction.TransactionalTestExecutionListener@a2252ed, org.springframework.test.context.jdbc.SqlScriptsTestExecutionListener@67d24e70, org.springframework.test.context.event.EventPublishingTestExecutionListener@4301ed86, org.springframework.boot.test.autoconfigure.restdocs.RestDocsTestExecutionListener@6b88cd81, org.springframework.boot.test.autoconfigure.web.client.MockRestServiceServerResetTestExecutionListener@73a54f27, org.springframework.boot.test.autoconfigure.web.servlet.MockMvcPrintOnlyOnFailureTestExecutionListener@6f13eed, org.springframework.boot.test.autoconfigure.web.servlet.WebDriverTestExecutionListener@4a508e68, org.springframework.boot.test.mock.mockito.ResetMocksTestExecutionListener@6799b666]

  .   ____          _            __ _ _
 /\\ / ___'_ __ _ _(_)_ __  __ _ \ \ \ \
( ( )\___ | '_ | '_| | '_ \/ _` | \ \ \ \
 \\/  ___)| |_)| | | | | || (_| |  ) ) ) )
  '  |____| .__|_| |_|_| |_\__, | / / / /
 =========|_|==============|___/=/_/_/_/
 :: Spring Boot ::        (v2.2.2.RELEASE)

2020-01-29 00:21:16.254  INFO 1152 --- [    Test worker] c.p.r.interfaces.UserControllerTests     : Starting UserControllerTests on DESKTOP-B7A5GTQ with PID 1152 (started by nkh16 in C:\hyun\Programming\WEB\portfolio\Reservation-Restaurant\admin-api)
2020-01-29 00:21:16.254  INFO 1152 --- [    Test worker] c.p.r.interfaces.UserControllerTests     : The following profiles are active: test
2020-01-29 00:21:16.633  INFO 1152 --- [    Test worker] o.s.s.concurrent.ThreadPoolTaskExecutor  : Initializing ExecutorService 'applicationTaskExecutor'
2020-01-29 00:21:16.807  INFO 1152 --- [    Test worker] o.s.b.t.m.w.SpringBootMockServletContext : Initializing Spring TestDispatcherServlet ''
2020-01-29 00:21:16.807  INFO 1152 --- [    Test worker] o.s.t.web.servlet.TestDispatcherServlet  : Initializing Servlet ''
2020-01-29 00:21:16.818  INFO 1152 --- [    Test worker] o.s.t.web.servlet.TestDispatcherServlet  : Completed initialization in 11 ms
2020-01-29 00:21:16.835  INFO 1152 --- [    Test worker] c.p.r.interfaces.UserControllerTests     : Started UserControllerTests in 0.61 seconds (JVM running for 13.213)
]]></system-out>
  <system-err><![CDATA[]]></system-err>
</testsuite>
