<?xml version="1.0" encoding="UTF-8"?>
<testsuite name="com.project.reservation.interfaces.RestaurantControllerTests" tests="6" skipped="0" failures="0" errors="0" timestamp="2020-01-27T08:52:41" hostname="DESKTOP-B7A5GTQ" time="0.147">
  <properties/>
  <testcase name="createWithInvalidData()" classname="com.project.reservation.interfaces.RestaurantControllerTests" time="0.08"/>
  <testcase name="updateWithValidData()" classname="com.project.reservation.interfaces.RestaurantControllerTests" time="0.012"/>
  <testcase name="list()" classname="com.project.reservation.interfaces.RestaurantControllerTests" time="0.013"/>
  <testcase name="updateWithInvalidData()" classname="com.project.reservation.interfaces.RestaurantControllerTests" time="0.007"/>
  <testcase name="detailWithNotExisted()" classname="com.project.reservation.interfaces.RestaurantControllerTests" time="0.015"/>
  <testcase name="detailWithExisted()" classname="com.project.reservation.interfaces.RestaurantControllerTests" time="0.011"/>
  <system-out><![CDATA[2020-01-27 17:52:41.255  INFO 9628 --- [    Test worker] .b.t.a.w.s.WebMvcTestContextBootstrapper : Neither @ContextConfiguration nor @ContextHierarchy found for test class [com.project.reservation.interfaces.RestaurantControllerTests], using SpringBootContextLoader
2020-01-27 17:52:41.257  INFO 9628 --- [    Test worker] o.s.t.c.support.AbstractContextLoader    : Could not detect default resource locations for test class [com.project.reservation.interfaces.RestaurantControllerTests]: no resource found for suffixes {-context.xml, Context.groovy}.
2020-01-27 17:52:41.258  INFO 9628 --- [    Test worker] t.c.s.AnnotationConfigContextLoaderUtils : Could not detect default configuration classes for test class [com.project.reservation.interfaces.RestaurantControllerTests]: RestaurantControllerTests does not declare any static, non-private, non-final, nested classes annotated with @Configuration.
2020-01-27 17:52:41.262  INFO 9628 --- [    Test worker] .b.t.c.SpringBootTestContextBootstrapper : Found @SpringBootConfiguration com.project.reservation.AdminApiApplication for test class com.project.reservation.interfaces.RestaurantControllerTests
2020-01-27 17:52:41.262  INFO 9628 --- [    Test worker] .b.t.a.w.s.WebMvcTestContextBootstrapper : Loaded default TestExecutionListener class names from location [META-INF/spring.factories]: [org.springframework.boot.test.autoconfigure.restdocs.RestDocsTestExecutionListener, org.springframework.boot.test.autoconfigure.web.client.MockRestServiceServerResetTestExecutionListener, org.springframework.boot.test.autoconfigure.web.servlet.MockMvcPrintOnlyOnFailureTestExecutionListener, org.springframework.boot.test.autoconfigure.web.servlet.WebDriverTestExecutionListener, org.springframework.boot.test.mock.mockito.MockitoTestExecutionListener, org.springframework.boot.test.mock.mockito.ResetMocksTestExecutionListener, org.springframework.test.context.web.ServletTestExecutionListener, org.springframework.test.context.support.DirtiesContextBeforeModesTestExecutionListener, org.springframework.test.context.support.DependencyInjectionTestExecutionListener, org.springframework.test.context.support.DirtiesContextTestExecutionListener, org.springframework.test.context.transaction.TransactionalTestExecutionListener, org.springframework.test.context.jdbc.SqlScriptsTestExecutionListener, org.springframework.test.context.event.EventPublishingTestExecutionListener]
2020-01-27 17:52:41.263  INFO 9628 --- [    Test worker] .b.t.a.w.s.WebMvcTestContextBootstrapper : Using TestExecutionListeners: [org.springframework.test.context.web.ServletTestExecutionListener@d0ff48, org.springframework.test.context.support.DirtiesContextBeforeModesTestExecutionListener@4ed2683, org.springframework.boot.test.mock.mockito.MockitoTestExecutionListener@76e1c473, org.springframework.boot.test.autoconfigure.SpringBootDependencyInjectionTestExecutionListener@67c67669, org.springframework.test.context.support.DirtiesContextTestExecutionListener@60ebff66, org.springframework.test.context.transaction.TransactionalTestExecutionListener@ddf04c6, org.springframework.test.context.jdbc.SqlScriptsTestExecutionListener@75659b52, org.springframework.test.context.event.EventPublishingTestExecutionListener@21c4dea9, org.springframework.boot.test.autoconfigure.restdocs.RestDocsTestExecutionListener@1e6b1538, org.springframework.boot.test.autoconfigure.web.client.MockRestServiceServerResetTestExecutionListener@6b67db07, org.springframework.boot.test.autoconfigure.web.servlet.MockMvcPrintOnlyOnFailureTestExecutionListener@32817232, org.springframework.boot.test.autoconfigure.web.servlet.WebDriverTestExecutionListener@3537c35d, org.springframework.boot.test.mock.mockito.ResetMocksTestExecutionListener@73b3d216]

  .   ____          _            __ _ _
 /\\ / ___'_ __ _ _(_)_ __  __ _ \ \ \ \
( ( )\___ | '_ | '_| | '_ \/ _` | \ \ \ \
 \\/  ___)| |_)| | | | | || (_| |  ) ) ) )
  '  |____| .__|_| |_|_| |_\__, | / / / /
 =========|_|==============|___/=/_/_/_/
 :: Spring Boot ::        (v2.2.2.RELEASE)

2020-01-27 17:52:41.294  INFO 9628 --- [    Test worker] c.p.r.i.RestaurantControllerTests        : Starting RestaurantControllerTests on DESKTOP-B7A5GTQ with PID 9628 (started by nkh16 in C:\hyun\Programming\WEB\portfolio\Reservation-Restaurant\admin-api)
2020-01-27 17:52:41.294  INFO 9628 --- [    Test worker] c.p.r.i.RestaurantControllerTests        : The following profiles are active: test
2020-01-27 17:52:41.601  INFO 9628 --- [    Test worker] o.s.s.concurrent.ThreadPoolTaskExecutor  : Initializing ExecutorService 'applicationTaskExecutor'
2020-01-27 17:52:41.764  INFO 9628 --- [    Test worker] o.s.b.t.m.w.SpringBootMockServletContext : Initializing Spring TestDispatcherServlet ''
2020-01-27 17:52:41.764  INFO 9628 --- [    Test worker] o.s.t.web.servlet.TestDispatcherServlet  : Initializing Servlet ''
2020-01-27 17:52:41.774  INFO 9628 --- [    Test worker] o.s.t.web.servlet.TestDispatcherServlet  : Completed initialization in 10 ms
2020-01-27 17:52:41.786  INFO 9628 --- [    Test worker] c.p.r.i.RestaurantControllerTests        : Started RestaurantControllerTests in 0.521 seconds (JVM running for 14.902)
2020-01-27 17:52:41.868  WARN 9628 --- [    Test worker] .w.s.m.s.DefaultHandlerExceptionResolver : Resolved [org.springframework.web.bind.MethodArgumentNotValidException: Validation failed for argument [0] in public org.springframework.http.ResponseEntity<?> com.project.reservation.interfaces.RestaurantController.create(com.project.reservation.domain.Restaurant) throws java.net.URISyntaxException with 3 errors: [Field error in object 'restaurant' on field 'address': rejected value []; codes [NotEmpty.restaurant.address,NotEmpty.address,NotEmpty.java.lang.String,NotEmpty]; arguments [org.springframework.context.support.DefaultMessageSourceResolvable: codes [restaurant.address,address]; arguments []; default message [address]]; default message [must not be empty]] [Field error in object 'restaurant' on field 'name': rejected value []; codes [NotEmpty.restaurant.name,NotEmpty.name,NotEmpty.java.lang.String,NotEmpty]; arguments [org.springframework.context.support.DefaultMessageSourceResolvable: codes [restaurant.name,name]; arguments []; default message [name]]; default message [must not be empty]] [Field error in object 'restaurant' on field 'categoryId': rejected value [null]; codes [NotNull.restaurant.categoryId,NotNull.categoryId,NotNull.java.lang.Long,NotNull]; arguments [org.springframework.context.support.DefaultMessageSourceResolvable: codes [restaurant.categoryId,categoryId]; arguments []; default message [categoryId]]; default message [must not be null]] ]
2020-01-27 17:52:41.908  WARN 9628 --- [    Test worker] .w.s.m.s.DefaultHandlerExceptionResolver : Resolved [org.springframework.web.bind.MethodArgumentNotValidException: Validation failed for argument [1] in public java.lang.String com.project.reservation.interfaces.RestaurantController.update(java.lang.Long,com.project.reservation.domain.Restaurant) with 2 errors: [Field error in object 'restaurant' on field 'address': rejected value []; codes [NotEmpty.restaurant.address,NotEmpty.address,NotEmpty.java.lang.String,NotEmpty]; arguments [org.springframework.context.support.DefaultMessageSourceResolvable: codes [restaurant.address,address]; arguments []; default message [address]]; default message [must not be empty]] [Field error in object 'restaurant' on field 'name': rejected value []; codes [NotEmpty.restaurant.name,NotEmpty.name,NotEmpty.java.lang.String,NotEmpty]; arguments [org.springframework.context.support.DefaultMessageSourceResolvable: codes [restaurant.name,name]; arguments []; default message [name]]; default message [must not be empty]] ]
]]></system-out>
  <system-err><![CDATA[]]></system-err>
</testsuite>
