<?xml version="1.0" encoding="UTF-8"?>
<testsuite name="com.project.reservation.application.UserServiceTests" tests="4" skipped="0" failures="0" errors="0" timestamp="2020-01-26T13:47:13" hostname="DESKTOP-B7A5GTQ" time="0.047">
  <properties/>
  <testcase name="addUser()" classname="com.project.reservation.application.UserServiceTests" time="0.033"/>
  <testcase name="updateUser()" classname="com.project.reservation.application.UserServiceTests" time="0.006"/>
  <testcase name="deactivateUser()" classname="com.project.reservation.application.UserServiceTests" time="0.004"/>
  <testcase name="getUsers()" classname="com.project.reservation.application.UserServiceTests" time="0.002"/>
  <system-out><![CDATA[]]></system-out>
  <system-err><![CDATA[]]></system-err>
</testsuite>
