<?xml version="1.0" encoding="UTF-8"?>
<testsuite name="com.project.reservation.AdminApiApplicationTests" tests="1" skipped="0" failures="0" errors="0" timestamp="2020-01-26T08:34:03" hostname="DESKTOP-B7A5GTQ" time="0.12">
  <properties/>
  <testcase name="contextLoads()" classname="com.project.reservation.AdminApiApplicationTests" time="0.12"/>
  <system-out><![CDATA[17:33:57.780 [Test worker] DEBUG org.springframework.test.context.BootstrapUtils - Instantiating CacheAwareContextLoaderDelegate from class [org.springframework.test.context.cache.DefaultCacheAwareContextLoaderDelegate]
17:33:57.801 [Test worker] DEBUG org.springframework.test.context.BootstrapUtils - Instantiating BootstrapContext using constructor [public org.springframework.test.context.support.DefaultBootstrapContext(java.lang.Class,org.springframework.test.context.CacheAwareContextLoaderDelegate)]
17:33:57.839 [Test worker] DEBUG org.springframework.test.context.BootstrapUtils - Instantiating TestContextBootstrapper for test class [com.project.reservation.AdminApiApplicationTests] from class [org.springframework.boot.test.context.SpringBootTestContextBootstrapper]
17:33:57.861 [Test worker] INFO org.springframework.boot.test.context.SpringBootTestContextBootstrapper - Neither @ContextConfiguration nor @ContextHierarchy found for test class [com.project.reservation.AdminApiApplicationTests], using SpringBootContextLoader
17:33:57.869 [Test worker] DEBUG org.springframework.test.context.support.AbstractContextLoader - Did not detect default resource location for test class [com.project.reservation.AdminApiApplicationTests]: class path resource [com/project/reservation/AdminApiApplicationTests-context.xml] does not exist
17:33:57.870 [Test worker] DEBUG org.springframework.test.context.support.AbstractContextLoader - Did not detect default resource location for test class [com.project.reservation.AdminApiApplicationTests]: class path resource [com/project/reservation/AdminApiApplicationTestsContext.groovy] does not exist
17:33:57.870 [Test worker] INFO org.springframework.test.context.support.AbstractContextLoader - Could not detect default resource locations for test class [com.project.reservation.AdminApiApplicationTests]: no resource found for suffixes {-context.xml, Context.groovy}.
17:33:57.871 [Test worker] INFO org.springframework.test.context.support.AnnotationConfigContextLoaderUtils - Could not detect default configuration classes for test class [com.project.reservation.AdminApiApplicationTests]: AdminApiApplicationTests does not declare any static, non-private, non-final, nested classes annotated with @Configuration.
17:33:57.919 [Test worker] DEBUG org.springframework.test.context.support.ActiveProfilesUtils - Could not find an 'annotation declaring class' for annotation type [org.springframework.test.context.ActiveProfiles] and class [com.project.reservation.AdminApiApplicationTests]
17:33:58.016 [Test worker] DEBUG org.springframework.context.annotation.ClassPathScanningCandidateComponentProvider - Identified candidate component class: file [C:\hyun\Programming\WEB\portfolio\Reservation-Restaurant\admin-api\build\classes\java\main\com\project\reservation\AdminApiApplication.class]
17:33:58.018 [Test worker] INFO org.springframework.boot.test.context.SpringBootTestContextBootstrapper - Found @SpringBootConfiguration com.project.reservation.AdminApiApplication for test class com.project.reservation.AdminApiApplicationTests
17:33:58.159 [Test worker] DEBUG org.springframework.boot.test.context.SpringBootTestContextBootstrapper - @TestExecutionListeners is not present for class [com.project.reservation.AdminApiApplicationTests]: using defaults.
17:33:58.160 [Test worker] INFO org.springframework.boot.test.context.SpringBootTestContextBootstrapper - Loaded default TestExecutionListener class names from location [META-INF/spring.factories]: [org.springframework.boot.test.autoconfigure.restdocs.RestDocsTestExecutionListener, org.springframework.boot.test.autoconfigure.web.client.MockRestServiceServerResetTestExecutionListener, org.springframework.boot.test.autoconfigure.web.servlet.MockMvcPrintOnlyOnFailureTestExecutionListener, org.springframework.boot.test.autoconfigure.web.servlet.WebDriverTestExecutionListener, org.springframework.boot.test.mock.mockito.MockitoTestExecutionListener, org.springframework.boot.test.mock.mockito.ResetMocksTestExecutionListener, org.springframework.test.context.web.ServletTestExecutionListener, org.springframework.test.context.support.DirtiesContextBeforeModesTestExecutionListener, org.springframework.test.context.support.DependencyInjectionTestExecutionListener, org.springframework.test.context.support.DirtiesContextTestExecutionListener, org.springframework.test.context.transaction.TransactionalTestExecutionListener, org.springframework.test.context.jdbc.SqlScriptsTestExecutionListener, org.springframework.test.context.event.EventPublishingTestExecutionListener]
17:33:58.186 [Test worker] INFO org.springframework.boot.test.context.SpringBootTestContextBootstrapper - Using TestExecutionListeners: [org.springframework.test.context.web.ServletTestExecutionListener@38f7e14, org.springframework.test.context.support.DirtiesContextBeforeModesTestExecutionListener@366b17ed, org.springframework.boot.test.mock.mockito.MockitoTestExecutionListener@69419126, org.springframework.boot.test.autoconfigure.SpringBootDependencyInjectionTestExecutionListener@723033ca, org.springframework.test.context.support.DirtiesContextTestExecutionListener@ab79c46, org.springframework.test.context.transaction.TransactionalTestExecutionListener@648d2682, org.springframework.test.context.jdbc.SqlScriptsTestExecutionListener@1a04394, org.springframework.test.context.event.EventPublishingTestExecutionListener@72fd9e09, org.springframework.boot.test.autoconfigure.restdocs.RestDocsTestExecutionListener@449e69bc, org.springframework.boot.test.autoconfigure.web.client.MockRestServiceServerResetTestExecutionListener@492aee9b, org.springframework.boot.test.autoconfigure.web.servlet.MockMvcPrintOnlyOnFailureTestExecutionListener@4a15b8c9, org.springframework.boot.test.autoconfigure.web.servlet.WebDriverTestExecutionListener@54867a54, org.springframework.boot.test.mock.mockito.ResetMocksTestExecutionListener@63e22af1]
17:33:58.192 [Test worker] DEBUG org.springframework.test.context.support.AbstractDirtiesContextTestExecutionListener - Before test class: context [DefaultTestContext@62cb3fd9 testClass = AdminApiApplicationTests, testInstance = [null], testMethod = [null], testException = [null], mergedContextConfiguration = [WebMergedContextConfiguration@19e66a10 testClass = AdminApiApplicationTests, locations = '{}', classes = '{class com.project.reservation.AdminApiApplication}', contextInitializerClasses = '[]', activeProfiles = '{}', propertySourceLocations = '{}', propertySourceProperties = '{org.springframework.boot.test.context.SpringBootTestContextBootstrapper=true}', contextCustomizers = set[org.springframework.boot.test.autoconfigure.properties.PropertyMappingContextCustomizer@0, org.springframework.boot.test.autoconfigure.web.servlet.WebDriverContextCustomizerFactory$Customizer@461b4cb5, org.springframework.boot.test.context.filter.ExcludeFilterContextCustomizer@5cea38aa, org.springframework.boot.test.json.DuplicateJsonObjectContextCustomizerFactory$DuplicateJsonObjectContextCustomizer@7a22d201, org.springframework.boot.test.mock.mockito.MockitoContextCustomizer@0, org.springframework.boot.test.web.client.TestRestTemplateContextCustomizer@4150e31a], resourceBasePath = 'src/main/webapp', contextLoader = 'org.springframework.boot.test.context.SpringBootContextLoader', parent = [null]], attributes = map['org.springframework.test.context.web.ServletTestExecutionListener.activateListener' -> true]], class annotated with @DirtiesContext [false] with mode [null].
17:33:58.229 [Test worker] DEBUG org.springframework.test.context.support.TestPropertySourceUtils - Adding inlined properties to environment: {spring.jmx.enabled=false, org.springframework.boot.test.context.SpringBootTestContextBootstrapper=true, server.port=-1}

  .   ____          _            __ _ _
 /\\ / ___'_ __ _ _(_)_ __  __ _ \ \ \ \
( ( )\___ | '_ | '_| | '_ \/ _` | \ \ \ \
 \\/  ___)| |_)| | | | | || (_| |  ) ) ) )
  '  |____| .__|_| |_|_| |_\__, | / / / /
 =========|_|==============|___/=/_/_/_/
 :: Spring Boot ::        (v2.2.2.RELEASE)

2020-01-26 17:33:58.704  INFO 12920 --- [    Test worker] c.p.r.AdminApiApplicationTests           : Starting AdminApiApplicationTests on DESKTOP-B7A5GTQ with PID 12920 (started by nkh16 in C:\hyun\Programming\WEB\portfolio\Reservation-Restaurant\admin-api)
2020-01-26 17:33:58.705  INFO 12920 --- [    Test worker] c.p.r.AdminApiApplicationTests           : The following profiles are active: test
2020-01-26 17:33:59.525  INFO 12920 --- [    Test worker] .s.d.r.c.RepositoryConfigurationDelegate : Bootstrapping Spring Data JPA repositories in DEFAULT mode.
2020-01-26 17:33:59.630  INFO 12920 --- [    Test worker] .s.d.r.c.RepositoryConfigurationDelegate : Finished Spring Data repository scanning in 92ms. Found 5 JPA repository interfaces.
2020-01-26 17:34:00.067  INFO 12920 --- [    Test worker] trationDelegate$BeanPostProcessorChecker : Bean 'org.springframework.transaction.annotation.ProxyTransactionManagementConfiguration' of type [org.springframework.transaction.annotation.ProxyTransactionManagementConfiguration] is not eligible for getting processed by all BeanPostProcessors (for example: not eligible for auto-proxying)
2020-01-26 17:34:00.329  INFO 12920 --- [    Test worker] o.hibernate.jpa.internal.util.LogHelper  : HHH000204: Processing PersistenceUnitInfo [name: default]
2020-01-26 17:34:00.424  INFO 12920 --- [    Test worker] org.hibernate.Version                    : HHH000412: Hibernate Core {5.4.9.Final}
2020-01-26 17:34:00.605  INFO 12920 --- [    Test worker] o.hibernate.annotations.common.Version   : HCANN000001: Hibernate Commons Annotations {5.1.0.Final}
2020-01-26 17:34:00.752  INFO 12920 --- [    Test worker] com.zaxxer.hikari.HikariDataSource       : HikariPool-1 - Starting...
2020-01-26 17:34:00.994  INFO 12920 --- [    Test worker] com.zaxxer.hikari.HikariDataSource       : HikariPool-1 - Start completed.
2020-01-26 17:34:01.028  INFO 12920 --- [    Test worker] org.hibernate.dialect.Dialect            : HHH000400: Using dialect: org.hibernate.dialect.H2Dialect
2020-01-26 17:34:01.930  INFO 12920 --- [    Test worker] o.h.e.t.j.p.i.JtaPlatformInitiator       : HHH000490: Using JtaPlatform implementation: [org.hibernate.engine.transaction.jta.platform.internal.NoJtaPlatform]
2020-01-26 17:34:01.941  INFO 12920 --- [    Test worker] j.LocalContainerEntityManagerFactoryBean : Initialized JPA EntityManagerFactory for persistence unit 'default'
2020-01-26 17:34:02.762  WARN 12920 --- [    Test worker] JpaBaseConfiguration$JpaWebConfiguration : spring.jpa.open-in-view is enabled by default. Therefore, database queries may be performed during view rendering. Explicitly configure spring.jpa.open-in-view to disable this warning
2020-01-26 17:34:03.056  INFO 12920 --- [    Test worker] o.s.s.concurrent.ThreadPoolTaskExecutor  : Initializing ExecutorService 'applicationTaskExecutor'
2020-01-26 17:34:03.492  INFO 12920 --- [    Test worker] c.p.r.AdminApiApplicationTests           : Started AdminApiApplicationTests in 5.248 seconds (JVM running for 7.014)
]]></system-out>
  <system-err><![CDATA[]]></system-err>
</testsuite>
