<?xml version="1.0" encoding="UTF-8"?>
<testsuite name="com.project.reservation.interfaces.MenuItemControllerTests" tests="1" skipped="0" failures="0" errors="0" timestamp="2020-01-26T05:00:59" hostname="DESKTOP-B7A5GTQ" time="0.202">
  <properties/>
  <testcase name="bulkUpdate()" classname="com.project.reservation.interfaces.MenuItemControllerTests" time="0.202"/>
  <system-out><![CDATA[2020-01-26 14:00:58.948  INFO 1268 --- [    Test worker] .b.t.a.w.s.WebMvcTestContextBootstrapper : Neither @ContextConfiguration nor @ContextHierarchy found for test class [com.project.reservation.interfaces.MenuItemControllerTests], using SpringBootContextLoader
2020-01-26 14:00:58.949  INFO 1268 --- [    Test worker] o.s.t.c.support.AbstractContextLoader    : Could not detect default resource locations for test class [com.project.reservation.interfaces.MenuItemControllerTests]: no resource found for suffixes {-context.xml, Context.groovy}.
2020-01-26 14:00:58.949  INFO 1268 --- [    Test worker] t.c.s.AnnotationConfigContextLoaderUtils : Could not detect default configuration classes for test class [com.project.reservation.interfaces.MenuItemControllerTests]: MenuItemControllerTests does not declare any static, non-private, non-final, nested classes annotated with @Configuration.
2020-01-26 14:00:58.980  INFO 1268 --- [    Test worker] .b.t.c.SpringBootTestContextBootstrapper : Found @SpringBootConfiguration com.project.reservation.AdminApiApplication for test class com.project.reservation.interfaces.MenuItemControllerTests
2020-01-26 14:00:58.981  INFO 1268 --- [    Test worker] .b.t.a.w.s.WebMvcTestContextBootstrapper : Loaded default TestExecutionListener class names from location [META-INF/spring.factories]: [org.springframework.boot.test.autoconfigure.restdocs.RestDocsTestExecutionListener, org.springframework.boot.test.autoconfigure.web.client.MockRestServiceServerResetTestExecutionListener, org.springframework.boot.test.autoconfigure.web.servlet.MockMvcPrintOnlyOnFailureTestExecutionListener, org.springframework.boot.test.autoconfigure.web.servlet.WebDriverTestExecutionListener, org.springframework.boot.test.mock.mockito.MockitoTestExecutionListener, org.springframework.boot.test.mock.mockito.ResetMocksTestExecutionListener, org.springframework.test.context.web.ServletTestExecutionListener, org.springframework.test.context.support.DirtiesContextBeforeModesTestExecutionListener, org.springframework.test.context.support.DependencyInjectionTestExecutionListener, org.springframework.test.context.support.DirtiesContextTestExecutionListener, org.springframework.test.context.transaction.TransactionalTestExecutionListener, org.springframework.test.context.jdbc.SqlScriptsTestExecutionListener, org.springframework.test.context.event.EventPublishingTestExecutionListener]
2020-01-26 14:00:58.981  INFO 1268 --- [    Test worker] .b.t.a.w.s.WebMvcTestContextBootstrapper : Using TestExecutionListeners: [org.springframework.test.context.web.ServletTestExecutionListener@3a207849, org.springframework.test.context.support.DirtiesContextBeforeModesTestExecutionListener@189b02fc, org.springframework.boot.test.mock.mockito.MockitoTestExecutionListener@20e8963e, org.springframework.boot.test.autoconfigure.SpringBootDependencyInjectionTestExecutionListener@5b2be45b, org.springframework.test.context.support.DirtiesContextTestExecutionListener@62f02d47, org.springframework.test.context.transaction.TransactionalTestExecutionListener@223c5f07, org.springframework.test.context.jdbc.SqlScriptsTestExecutionListener@46817418, org.springframework.test.context.event.EventPublishingTestExecutionListener@420c49af, org.springframework.boot.test.autoconfigure.restdocs.RestDocsTestExecutionListener@21f5debc, org.springframework.boot.test.autoconfigure.web.client.MockRestServiceServerResetTestExecutionListener@617169e2, org.springframework.boot.test.autoconfigure.web.servlet.MockMvcPrintOnlyOnFailureTestExecutionListener@2c1de060, org.springframework.boot.test.autoconfigure.web.servlet.WebDriverTestExecutionListener@cfc857d, org.springframework.boot.test.mock.mockito.ResetMocksTestExecutionListener@3f3ba60]

  .   ____          _            __ _ _
 /\\ / ___'_ __ _ _(_)_ __  __ _ \ \ \ \
( ( )\___ | '_ | '_| | '_ \/ _` | \ \ \ \
 \\/  ___)| |_)| | | | | || (_| |  ) ) ) )
  '  |____| .__|_| |_|_| |_\__, | / / / /
 =========|_|==============|___/=/_/_/_/
 :: Spring Boot ::        (v2.2.2.RELEASE)

2020-01-26 14:00:59.063  INFO 1268 --- [    Test worker] c.p.r.i.MenuItemControllerTests          : Starting MenuItemControllerTests on DESKTOP-B7A5GTQ with PID 1268 (started by nkh16 in C:\hyun\Programming\WEB\portfolio\Reservation-Restaurant\admin-api)
2020-01-26 14:00:59.063  INFO 1268 --- [    Test worker] c.p.r.i.MenuItemControllerTests          : The following profiles are active: test
2020-01-26 14:00:59.569  INFO 1268 --- [    Test worker] o.s.s.concurrent.ThreadPoolTaskExecutor  : Initializing ExecutorService 'applicationTaskExecutor'
2020-01-26 14:00:59.764  INFO 1268 --- [    Test worker] o.s.b.t.m.w.SpringBootMockServletContext : Initializing Spring TestDispatcherServlet ''
2020-01-26 14:00:59.764  INFO 1268 --- [    Test worker] o.s.t.web.servlet.TestDispatcherServlet  : Initializing Servlet ''
2020-01-26 14:00:59.785  INFO 1268 --- [    Test worker] o.s.t.web.servlet.TestDispatcherServlet  : Completed initialization in 20 ms
2020-01-26 14:00:59.810  INFO 1268 --- [    Test worker] c.p.r.i.MenuItemControllerTests          : Started MenuItemControllerTests in 0.825 seconds (JVM running for 9.863)
]]></system-out>
  <system-err><![CDATA[]]></system-err>
</testsuite>
