<?xml version="1.0" encoding="UTF-8"?>
<testsuite name="com.project.reservation.interfaces.RegionControllerTests" tests="2" skipped="0" failures="0" errors="0" timestamp="2020-01-27T02:48:05" hostname="DESKTOP-B7A5GTQ" time="0.029">
  <properties/>
  <testcase name="create()" classname="com.project.reservation.interfaces.RegionControllerTests" time="0.015"/>
  <testcase name="list()" classname="com.project.reservation.interfaces.RegionControllerTests" time="0.012"/>
  <system-out><![CDATA[2020-01-27 11:48:04.307  INFO 12692 --- [    Test worker] .b.t.a.w.s.WebMvcTestContextBootstrapper : Neither @ContextConfiguration nor @ContextHierarchy found for test class [com.project.reservation.interfaces.RegionControllerTests], using SpringBootContextLoader
2020-01-27 11:48:04.308  INFO 12692 --- [    Test worker] o.s.t.c.support.AbstractContextLoader    : Could not detect default resource locations for test class [com.project.reservation.interfaces.RegionControllerTests]: no resource found for suffixes {-context.xml, Context.groovy}.
2020-01-27 11:48:04.308  INFO 12692 --- [    Test worker] t.c.s.AnnotationConfigContextLoaderUtils : Could not detect default configuration classes for test class [com.project.reservation.interfaces.RegionControllerTests]: RegionControllerTests does not declare any static, non-private, non-final, nested classes annotated with @Configuration.
2020-01-27 11:48:04.315  INFO 12692 --- [    Test worker] .b.t.c.SpringBootTestContextBootstrapper : Found @SpringBootConfiguration com.project.reservation.AdminApiApplication for test class com.project.reservation.interfaces.RegionControllerTests
2020-01-27 11:48:04.317  INFO 12692 --- [    Test worker] .b.t.a.w.s.WebMvcTestContextBootstrapper : Loaded default TestExecutionListener class names from location [META-INF/spring.factories]: [org.springframework.boot.test.autoconfigure.restdocs.RestDocsTestExecutionListener, org.springframework.boot.test.autoconfigure.web.client.MockRestServiceServerResetTestExecutionListener, org.springframework.boot.test.autoconfigure.web.servlet.MockMvcPrintOnlyOnFailureTestExecutionListener, org.springframework.boot.test.autoconfigure.web.servlet.WebDriverTestExecutionListener, org.springframework.boot.test.mock.mockito.MockitoTestExecutionListener, org.springframework.boot.test.mock.mockito.ResetMocksTestExecutionListener, org.springframework.test.context.web.ServletTestExecutionListener, org.springframework.test.context.support.DirtiesContextBeforeModesTestExecutionListener, org.springframework.test.context.support.DependencyInjectionTestExecutionListener, org.springframework.test.context.support.DirtiesContextTestExecutionListener, org.springframework.test.context.transaction.TransactionalTestExecutionListener, org.springframework.test.context.jdbc.SqlScriptsTestExecutionListener, org.springframework.test.context.event.EventPublishingTestExecutionListener]
2020-01-27 11:48:04.318  INFO 12692 --- [    Test worker] .b.t.a.w.s.WebMvcTestContextBootstrapper : Using TestExecutionListeners: [org.springframework.test.context.web.ServletTestExecutionListener@664f6745, org.springframework.test.context.support.DirtiesContextBeforeModesTestExecutionListener@3a1f0437, org.springframework.boot.test.mock.mockito.MockitoTestExecutionListener@6c36ff09, org.springframework.boot.test.autoconfigure.SpringBootDependencyInjectionTestExecutionListener@17746e71, org.springframework.test.context.support.DirtiesContextTestExecutionListener@a1c5695, org.springframework.test.context.transaction.TransactionalTestExecutionListener@4860d55d, org.springframework.test.context.jdbc.SqlScriptsTestExecutionListener@13f5a5ef, org.springframework.test.context.event.EventPublishingTestExecutionListener@27464606, org.springframework.boot.test.autoconfigure.restdocs.RestDocsTestExecutionListener@4f060485, org.springframework.boot.test.autoconfigure.web.client.MockRestServiceServerResetTestExecutionListener@182fa05, org.springframework.boot.test.autoconfigure.web.servlet.MockMvcPrintOnlyOnFailureTestExecutionListener@3fe6fd07, org.springframework.boot.test.autoconfigure.web.servlet.WebDriverTestExecutionListener@2a05ea8b, org.springframework.boot.test.mock.mockito.ResetMocksTestExecutionListener@5558e162]

  .   ____          _            __ _ _
 /\\ / ___'_ __ _ _(_)_ __  __ _ \ \ \ \
( ( )\___ | '_ | '_| | '_ \/ _` | \ \ \ \
 \\/  ___)| |_)| | | | | || (_| |  ) ) ) )
  '  |____| .__|_| |_|_| |_\__, | / / / /
 =========|_|==============|___/=/_/_/_/
 :: Spring Boot ::        (v2.2.2.RELEASE)

2020-01-27 11:48:04.360  INFO 12692 --- [    Test worker] c.p.r.interfaces.RegionControllerTests   : Starting RegionControllerTests on DESKTOP-B7A5GTQ with PID 12692 (started by nkh16 in C:\hyun\Programming\WEB\portfolio\Reservation-Restaurant\admin-api)
2020-01-27 11:48:04.360  INFO 12692 --- [    Test worker] c.p.r.interfaces.RegionControllerTests   : The following profiles are active: test
2020-01-27 11:48:04.790  INFO 12692 --- [    Test worker] o.s.s.concurrent.ThreadPoolTaskExecutor  : Initializing ExecutorService 'applicationTaskExecutor'
2020-01-27 11:48:05.186  INFO 12692 --- [    Test worker] o.s.b.t.m.w.SpringBootMockServletContext : Initializing Spring TestDispatcherServlet ''
2020-01-27 11:48:05.187  INFO 12692 --- [    Test worker] o.s.t.web.servlet.TestDispatcherServlet  : Initializing Servlet ''
2020-01-27 11:48:05.208  INFO 12692 --- [    Test worker] o.s.t.web.servlet.TestDispatcherServlet  : Completed initialization in 21 ms
2020-01-27 11:48:05.237  INFO 12692 --- [    Test worker] c.p.r.interfaces.RegionControllerTests   : Started RegionControllerTests in 0.914 seconds (JVM running for 12.691)
]]></system-out>
  <system-err><![CDATA[]]></system-err>
</testsuite>
