<?xml version="1.0" encoding="UTF-8"?>
<testsuite name="com.project.reservation.application.RegionServiceTests" tests="2" skipped="0" failures="0" errors="0" timestamp="2020-01-26T06:23:28" hostname="DESKTOP-B7A5GTQ" time="0.041">
  <properties/>
  <testcase name="addRegion()" classname="com.project.reservation.application.RegionServiceTests" time="0.034"/>
  <testcase name="getRegions()" classname="com.project.reservation.application.RegionServiceTests" time="0.006"/>
  <system-out><![CDATA[]]></system-out>
  <system-err><![CDATA[]]></system-err>
</testsuite>
