<?xml version="1.0" encoding="UTF-8"?>
<testsuite name="com.project.reservation.interfaces.MenuItemControllerTests" tests="1" skipped="0" failures="0" errors="0" timestamp="2020-01-26T06:02:13" hostname="DESKTOP-B7A5GTQ" time="0.02">
  <properties/>
  <testcase name="bulkUpdate()" classname="com.project.reservation.interfaces.MenuItemControllerTests" time="0.02"/>
  <system-out><![CDATA[2020-01-26 15:02:12.835  INFO 11108 --- [    Test worker] .b.t.a.w.s.WebMvcTestContextBootstrapper : Neither @ContextConfiguration nor @ContextHierarchy found for test class [com.project.reservation.interfaces.MenuItemControllerTests], using SpringBootContextLoader
2020-01-26 15:02:12.837  INFO 11108 --- [    Test worker] o.s.t.c.support.AbstractContextLoader    : Could not detect default resource locations for test class [com.project.reservation.interfaces.MenuItemControllerTests]: no resource found for suffixes {-context.xml, Context.groovy}.
2020-01-26 15:02:12.837  INFO 11108 --- [    Test worker] t.c.s.AnnotationConfigContextLoaderUtils : Could not detect default configuration classes for test class [com.project.reservation.interfaces.MenuItemControllerTests]: MenuItemControllerTests does not declare any static, non-private, non-final, nested classes annotated with @Configuration.
2020-01-26 15:02:12.840  INFO 11108 --- [    Test worker] .b.t.c.SpringBootTestContextBootstrapper : Found @SpringBootConfiguration com.project.reservation.AdminApiApplication for test class com.project.reservation.interfaces.MenuItemControllerTests
2020-01-26 15:02:12.841  INFO 11108 --- [    Test worker] .b.t.a.w.s.WebMvcTestContextBootstrapper : Loaded default TestExecutionListener class names from location [META-INF/spring.factories]: [org.springframework.boot.test.autoconfigure.restdocs.RestDocsTestExecutionListener, org.springframework.boot.test.autoconfigure.web.client.MockRestServiceServerResetTestExecutionListener, org.springframework.boot.test.autoconfigure.web.servlet.MockMvcPrintOnlyOnFailureTestExecutionListener, org.springframework.boot.test.autoconfigure.web.servlet.WebDriverTestExecutionListener, org.springframework.boot.test.mock.mockito.MockitoTestExecutionListener, org.springframework.boot.test.mock.mockito.ResetMocksTestExecutionListener, org.springframework.test.context.web.ServletTestExecutionListener, org.springframework.test.context.support.DirtiesContextBeforeModesTestExecutionListener, org.springframework.test.context.support.DependencyInjectionTestExecutionListener, org.springframework.test.context.support.DirtiesContextTestExecutionListener, org.springframework.test.context.transaction.TransactionalTestExecutionListener, org.springframework.test.context.jdbc.SqlScriptsTestExecutionListener, org.springframework.test.context.event.EventPublishingTestExecutionListener]
2020-01-26 15:02:12.841  INFO 11108 --- [    Test worker] .b.t.a.w.s.WebMvcTestContextBootstrapper : Using TestExecutionListeners: [org.springframework.test.context.web.ServletTestExecutionListener@f986b3b, org.springframework.test.context.support.DirtiesContextBeforeModesTestExecutionListener@58251c66, org.springframework.boot.test.mock.mockito.MockitoTestExecutionListener@153ad71, org.springframework.boot.test.autoconfigure.SpringBootDependencyInjectionTestExecutionListener@49b2aa72, org.springframework.test.context.support.DirtiesContextTestExecutionListener@53fc1cc, org.springframework.test.context.transaction.TransactionalTestExecutionListener@75093b21, org.springframework.test.context.jdbc.SqlScriptsTestExecutionListener@69ad28d4, org.springframework.test.context.event.EventPublishingTestExecutionListener@3510eea9, org.springframework.boot.test.autoconfigure.restdocs.RestDocsTestExecutionListener@4e5a6866, org.springframework.boot.test.autoconfigure.web.client.MockRestServiceServerResetTestExecutionListener@72b692bf, org.springframework.boot.test.autoconfigure.web.servlet.MockMvcPrintOnlyOnFailureTestExecutionListener@72ddefb5, org.springframework.boot.test.autoconfigure.web.servlet.WebDriverTestExecutionListener@408a22e1, org.springframework.boot.test.mock.mockito.ResetMocksTestExecutionListener@5d8e6bce]

  .   ____          _            __ _ _
 /\\ / ___'_ __ _ _(_)_ __  __ _ \ \ \ \
( ( )\___ | '_ | '_| | '_ \/ _` | \ \ \ \
 \\/  ___)| |_)| | | | | || (_| |  ) ) ) )
  '  |____| .__|_| |_|_| |_\__, | / / / /
 =========|_|==============|___/=/_/_/_/
 :: Spring Boot ::        (v2.2.2.RELEASE)

2020-01-26 15:02:12.889  INFO 11108 --- [    Test worker] c.p.r.i.MenuItemControllerTests          : Starting MenuItemControllerTests on DESKTOP-B7A5GTQ with PID 11108 (started by nkh16 in C:\hyun\Programming\WEB\portfolio\Reservation-Restaurant\admin-api)
2020-01-26 15:02:12.889  INFO 11108 --- [    Test worker] c.p.r.i.MenuItemControllerTests          : The following profiles are active: test
2020-01-26 15:02:13.337  INFO 11108 --- [    Test worker] o.s.s.concurrent.ThreadPoolTaskExecutor  : Initializing ExecutorService 'applicationTaskExecutor'
2020-01-26 15:02:13.504  INFO 11108 --- [    Test worker] o.s.b.t.m.w.SpringBootMockServletContext : Initializing Spring TestDispatcherServlet ''
2020-01-26 15:02:13.505  INFO 11108 --- [    Test worker] o.s.t.web.servlet.TestDispatcherServlet  : Initializing Servlet ''
2020-01-26 15:02:13.519  INFO 11108 --- [    Test worker] o.s.t.web.servlet.TestDispatcherServlet  : Completed initialization in 14 ms
2020-01-26 15:02:13.538  INFO 11108 --- [    Test worker] c.p.r.i.MenuItemControllerTests          : Started MenuItemControllerTests in 0.682 seconds (JVM running for 10.17)
]]></system-out>
  <system-err><![CDATA[]]></system-err>
</testsuite>
