<?xml version="1.0" encoding="UTF-8"?>
<testsuite name="com.project.reservation.interfaces.UserControllerTests" tests="4" skipped="0" failures="0" errors="0" timestamp="2020-01-28T01:59:51" hostname="DESKTOP-B7A5GTQ" time="0.043">
  <properties/>
  <testcase name="deactivate()" classname="com.project.reservation.interfaces.UserControllerTests" time="0.011"/>
  <testcase name="create()" classname="com.project.reservation.interfaces.UserControllerTests" time="0.008"/>
  <testcase name="update()" classname="com.project.reservation.interfaces.UserControllerTests" time="0.006"/>
  <testcase name="list()" classname="com.project.reservation.interfaces.UserControllerTests" time="0.011"/>
  <system-out><![CDATA[2020-01-28 10:59:51.048  INFO 15912 --- [    Test worker] .b.t.a.w.s.WebMvcTestContextBootstrapper : Neither @ContextConfiguration nor @ContextHierarchy found for test class [com.project.reservation.interfaces.UserControllerTests], using SpringBootContextLoader
2020-01-28 10:59:51.050  INFO 15912 --- [    Test worker] o.s.t.c.support.AbstractContextLoader    : Could not detect default resource locations for test class [com.project.reservation.interfaces.UserControllerTests]: no resource found for suffixes {-context.xml, Context.groovy}.
2020-01-28 10:59:51.051  INFO 15912 --- [    Test worker] t.c.s.AnnotationConfigContextLoaderUtils : Could not detect default configuration classes for test class [com.project.reservation.interfaces.UserControllerTests]: UserControllerTests does not declare any static, non-private, non-final, nested classes annotated with @Configuration.
2020-01-28 10:59:51.054  INFO 15912 --- [    Test worker] .b.t.c.SpringBootTestContextBootstrapper : Found @SpringBootConfiguration com.project.reservation.AdminApiApplication for test class com.project.reservation.interfaces.UserControllerTests
2020-01-28 10:59:51.055  INFO 15912 --- [    Test worker] .b.t.a.w.s.WebMvcTestContextBootstrapper : Loaded default TestExecutionListener class names from location [META-INF/spring.factories]: [org.springframework.boot.test.autoconfigure.restdocs.RestDocsTestExecutionListener, org.springframework.boot.test.autoconfigure.web.client.MockRestServiceServerResetTestExecutionListener, org.springframework.boot.test.autoconfigure.web.servlet.MockMvcPrintOnlyOnFailureTestExecutionListener, org.springframework.boot.test.autoconfigure.web.servlet.WebDriverTestExecutionListener, org.springframework.boot.test.mock.mockito.MockitoTestExecutionListener, org.springframework.boot.test.mock.mockito.ResetMocksTestExecutionListener, org.springframework.test.context.web.ServletTestExecutionListener, org.springframework.test.context.support.DirtiesContextBeforeModesTestExecutionListener, org.springframework.test.context.support.DependencyInjectionTestExecutionListener, org.springframework.test.context.support.DirtiesContextTestExecutionListener, org.springframework.test.context.transaction.TransactionalTestExecutionListener, org.springframework.test.context.jdbc.SqlScriptsTestExecutionListener, org.springframework.test.context.event.EventPublishingTestExecutionListener]
2020-01-28 10:59:51.055  INFO 15912 --- [    Test worker] .b.t.a.w.s.WebMvcTestContextBootstrapper : Using TestExecutionListeners: [org.springframework.test.context.web.ServletTestExecutionListener@7dd82b6d, org.springframework.test.context.support.DirtiesContextBeforeModesTestExecutionListener@45fd4d1a, org.springframework.boot.test.mock.mockito.MockitoTestExecutionListener@7f6f1acd, org.springframework.boot.test.autoconfigure.SpringBootDependencyInjectionTestExecutionListener@596f7e6, org.springframework.test.context.support.DirtiesContextTestExecutionListener@39a9277a, org.springframework.test.context.transaction.TransactionalTestExecutionListener@161328c8, org.springframework.test.context.jdbc.SqlScriptsTestExecutionListener@112de1b5, org.springframework.test.context.event.EventPublishingTestExecutionListener@23361db1, org.springframework.boot.test.autoconfigure.restdocs.RestDocsTestExecutionListener@53d46c5a, org.springframework.boot.test.autoconfigure.web.client.MockRestServiceServerResetTestExecutionListener@5c0e4b80, org.springframework.boot.test.autoconfigure.web.servlet.MockMvcPrintOnlyOnFailureTestExecutionListener@22d029fd, org.springframework.boot.test.autoconfigure.web.servlet.WebDriverTestExecutionListener@31187383, org.springframework.boot.test.mock.mockito.ResetMocksTestExecutionListener@41de6f46]

  .   ____          _            __ _ _
 /\\ / ___'_ __ _ _(_)_ __  __ _ \ \ \ \
( ( )\___ | '_ | '_| | '_ \/ _` | \ \ \ \
 \\/  ___)| |_)| | | | | || (_| |  ) ) ) )
  '  |____| .__|_| |_|_| |_\__, | / / / /
 =========|_|==============|___/=/_/_/_/
 :: Spring Boot ::        (v2.2.2.RELEASE)

2020-01-28 10:59:51.089  INFO 15912 --- [    Test worker] c.p.r.interfaces.UserControllerTests     : Starting UserControllerTests on DESKTOP-B7A5GTQ with PID 15912 (started by nkh16 in C:\hyun\Programming\WEB\portfolio\Reservation-Restaurant\admin-api)
2020-01-28 10:59:51.089  INFO 15912 --- [    Test worker] c.p.r.interfaces.UserControllerTests     : The following profiles are active: test
2020-01-28 10:59:51.453  INFO 15912 --- [    Test worker] o.s.s.concurrent.ThreadPoolTaskExecutor  : Initializing ExecutorService 'applicationTaskExecutor'
2020-01-28 10:59:51.609  INFO 15912 --- [    Test worker] o.s.b.t.m.w.SpringBootMockServletContext : Initializing Spring TestDispatcherServlet ''
2020-01-28 10:59:51.609  INFO 15912 --- [    Test worker] o.s.t.web.servlet.TestDispatcherServlet  : Initializing Servlet ''
2020-01-28 10:59:51.622  INFO 15912 --- [    Test worker] o.s.t.web.servlet.TestDispatcherServlet  : Completed initialization in 13 ms
2020-01-28 10:59:51.637  INFO 15912 --- [    Test worker] c.p.r.interfaces.UserControllerTests     : Started UserControllerTests in 0.578 seconds (JVM running for 13.96)
]]></system-out>
  <system-err><![CDATA[]]></system-err>
</testsuite>
