<?xml version="1.0" encoding="UTF-8"?>
<testsuite name="com.project.reservation.application.MenuItemServiceTests" tests="2" skipped="0" failures="0" errors="0" timestamp="2020-01-24T05:04:45" hostname="DESKTOP-B7A5GTQ" time="0.263">
  <properties/>
  <testcase name="getMenuItems()" classname="com.project.reservation.application.MenuItemServiceTests" time="0.242"/>
  <testcase name="bulkUpdate()" classname="com.project.reservation.application.MenuItemServiceTests" time="0.02"/>
  <system-out><![CDATA[]]></system-out>
  <system-err><![CDATA[]]></system-err>
</testsuite>
