<?xml version="1.0" encoding="UTF-8"?>
<testsuite name="com.project.reservation.interfaces.ReviewControllerTests" tests="1" skipped="0" failures="0" errors="0" timestamp="2020-01-23T12:47:21" hostname="DESKTOP-B7A5GTQ" time="0.172">
  <properties/>
  <testcase name="create()" classname="com.project.reservation.interfaces.ReviewControllerTests" time="0.172"/>
  <system-out><![CDATA[21:47:17.258 [Test worker] DEBUG org.springframework.test.context.BootstrapUtils - Instantiating CacheAwareContextLoaderDelegate from class [org.springframework.test.context.cache.DefaultCacheAwareContextLoaderDelegate]
21:47:17.281 [Test worker] DEBUG org.springframework.test.context.BootstrapUtils - Instantiating BootstrapContext using constructor [public org.springframework.test.context.support.DefaultBootstrapContext(java.lang.Class,org.springframework.test.context.CacheAwareContextLoaderDelegate)]
21:47:17.334 [Test worker] DEBUG org.springframework.test.context.BootstrapUtils - Instantiating TestContextBootstrapper for test class [com.project.reservation.interfaces.ReviewControllerTests] from class [org.springframework.boot.test.autoconfigure.web.servlet.WebMvcTestContextBootstrapper]
21:47:17.359 [Test worker] INFO org.springframework.boot.test.autoconfigure.web.servlet.WebMvcTestContextBootstrapper - Neither @ContextConfiguration nor @ContextHierarchy found for test class [com.project.reservation.interfaces.ReviewControllerTests], using SpringBootContextLoader
21:47:17.363 [Test worker] DEBUG org.springframework.test.context.support.AbstractContextLoader - Did not detect default resource location for test class [com.project.reservation.interfaces.ReviewControllerTests]: class path resource [com/project/reservation/interfaces/ReviewControllerTests-context.xml] does not exist
21:47:17.364 [Test worker] DEBUG org.springframework.test.context.support.AbstractContextLoader - Did not detect default resource location for test class [com.project.reservation.interfaces.ReviewControllerTests]: class path resource [com/project/reservation/interfaces/ReviewControllerTestsContext.groovy] does not exist
21:47:17.364 [Test worker] INFO org.springframework.test.context.support.AbstractContextLoader - Could not detect default resource locations for test class [com.project.reservation.interfaces.ReviewControllerTests]: no resource found for suffixes {-context.xml, Context.groovy}.
21:47:17.366 [Test worker] INFO org.springframework.test.context.support.AnnotationConfigContextLoaderUtils - Could not detect default configuration classes for test class [com.project.reservation.interfaces.ReviewControllerTests]: ReviewControllerTests does not declare any static, non-private, non-final, nested classes annotated with @Configuration.
21:47:17.462 [Test worker] DEBUG org.springframework.test.context.support.ActiveProfilesUtils - Could not find an 'annotation declaring class' for annotation type [org.springframework.test.context.ActiveProfiles] and class [com.project.reservation.interfaces.ReviewControllerTests]
21:47:17.598 [Test worker] DEBUG org.springframework.context.annotation.ClassPathScanningCandidateComponentProvider - Identified candidate component class: file [C:\hyun\Programming\WEB\portfolio\Reservation-Restaurant\project-api\build\classes\java\main\com\project\reservation\ReservationRestaurantApplication.class]
21:47:17.601 [Test worker] INFO org.springframework.boot.test.context.SpringBootTestContextBootstrapper - Found @SpringBootConfiguration com.project.reservation.ReservationRestaurantApplication for test class com.project.reservation.interfaces.ReviewControllerTests
21:47:17.605 [Test worker] DEBUG org.springframework.boot.test.autoconfigure.web.servlet.WebMvcTestContextBootstrapper - @TestExecutionListeners is not present for class [com.project.reservation.interfaces.ReviewControllerTests]: using defaults.
21:47:17.606 [Test worker] INFO org.springframework.boot.test.autoconfigure.web.servlet.WebMvcTestContextBootstrapper - Loaded default TestExecutionListener class names from location [META-INF/spring.factories]: [org.springframework.boot.test.autoconfigure.restdocs.RestDocsTestExecutionListener, org.springframework.boot.test.autoconfigure.web.client.MockRestServiceServerResetTestExecutionListener, org.springframework.boot.test.autoconfigure.web.servlet.MockMvcPrintOnlyOnFailureTestExecutionListener, org.springframework.boot.test.autoconfigure.web.servlet.WebDriverTestExecutionListener, org.springframework.boot.test.mock.mockito.MockitoTestExecutionListener, org.springframework.boot.test.mock.mockito.ResetMocksTestExecutionListener, org.springframework.test.context.web.ServletTestExecutionListener, org.springframework.test.context.support.DirtiesContextBeforeModesTestExecutionListener, org.springframework.test.context.support.DependencyInjectionTestExecutionListener, org.springframework.test.context.support.DirtiesContextTestExecutionListener, org.springframework.test.context.transaction.TransactionalTestExecutionListener, org.springframework.test.context.jdbc.SqlScriptsTestExecutionListener, org.springframework.test.context.event.EventPublishingTestExecutionListener]
21:47:17.630 [Test worker] INFO org.springframework.boot.test.autoconfigure.web.servlet.WebMvcTestContextBootstrapper - Using TestExecutionListeners: [org.springframework.test.context.web.ServletTestExecutionListener@72fd8f0e, org.springframework.test.context.support.DirtiesContextBeforeModesTestExecutionListener@73ca26f3, org.springframework.boot.test.mock.mockito.MockitoTestExecutionListener@3518f1f6, org.springframework.boot.test.autoconfigure.SpringBootDependencyInjectionTestExecutionListener@2acac306, org.springframework.test.context.support.DirtiesContextTestExecutionListener@34d1acae, org.springframework.test.context.transaction.TransactionalTestExecutionListener@160ee979, org.springframework.test.context.jdbc.SqlScriptsTestExecutionListener@646b3d0f, org.springframework.test.context.event.EventPublishingTestExecutionListener@18450077, org.springframework.boot.test.autoconfigure.restdocs.RestDocsTestExecutionListener@21486b0d, org.springframework.boot.test.autoconfigure.web.client.MockRestServiceServerResetTestExecutionListener@406c1b7c, org.springframework.boot.test.autoconfigure.web.servlet.MockMvcPrintOnlyOnFailureTestExecutionListener@7d52c53b, org.springframework.boot.test.autoconfigure.web.servlet.WebDriverTestExecutionListener@4d24345e, org.springframework.boot.test.mock.mockito.ResetMocksTestExecutionListener@2fd62ef4]
21:47:17.638 [Test worker] DEBUG org.springframework.test.context.support.AbstractDirtiesContextTestExecutionListener - Before test class: context [DefaultTestContext@69a7daff testClass = ReviewControllerTests, testInstance = [null], testMethod = [null], testException = [null], mergedContextConfiguration = [WebMergedContextConfiguration@15a23fd3 testClass = ReviewControllerTests, locations = '{}', classes = '{class com.project.reservation.ReservationRestaurantApplication}', contextInitializerClasses = '[]', activeProfiles = '{}', propertySourceLocations = '{}', propertySourceProperties = '{org.springframework.boot.test.autoconfigure.web.servlet.WebMvcTestContextBootstrapper=true}', contextCustomizers = set[org.springframework.boot.test.autoconfigure.OverrideAutoConfigurationContextCustomizerFactory$DisableAutoConfigurationContextCustomizer@525d1474, org.springframework.boot.test.autoconfigure.filter.TypeExcludeFiltersContextCustomizer@36eb4539, org.springframework.boot.test.autoconfigure.properties.PropertyMappingContextCustomizer@eeac3b85, org.springframework.boot.test.autoconfigure.web.servlet.WebDriverContextCustomizerFactory$Customizer@7ec7f248, [ImportsContextCustomizer@5cf33d6d key = [org.springframework.boot.autoconfigure.cache.CacheAutoConfiguration, org.springframework.boot.autoconfigure.context.MessageSourceAutoConfiguration, org.springframework.boot.autoconfigure.data.web.SpringDataWebAutoConfiguration, org.springframework.boot.autoconfigure.freemarker.FreeMarkerAutoConfiguration, org.springframework.boot.autoconfigure.groovy.template.GroovyTemplateAutoConfiguration, org.springframework.boot.autoconfigure.gson.GsonAutoConfiguration, org.springframework.boot.autoconfigure.hateoas.HypermediaAutoConfiguration, org.springframework.boot.autoconfigure.http.HttpMessageConvertersAutoConfiguration, org.springframework.boot.autoconfigure.jackson.JacksonAutoConfiguration, org.springframework.boot.autoconfigure.jsonb.JsonbAutoConfiguration, org.springframework.boot.autoconfigure.mustache.MustacheAutoConfiguration, org.springframework.boot.autoconfigure.task.TaskExecutionAutoConfiguration, org.springframework.boot.autoconfigure.thymeleaf.ThymeleafAutoConfiguration, org.springframework.boot.autoconfigure.validation.ValidationAutoConfiguration, org.springframework.boot.autoconfigure.web.servlet.error.ErrorMvcAutoConfiguration, org.springframework.boot.autoconfigure.web.servlet.WebMvcAutoConfiguration, org.springframework.boot.test.autoconfigure.web.servlet.MockMvcAutoConfiguration, org.springframework.boot.test.autoconfigure.web.servlet.MockMvcWebClientAutoConfiguration, org.springframework.boot.test.autoconfigure.web.servlet.MockMvcWebDriverAutoConfiguration, org.springframework.boot.autoconfigure.security.servlet.SecurityAutoConfiguration, org.springframework.boot.autoconfigure.security.servlet.UserDetailsServiceAutoConfiguration, org.springframework.boot.test.autoconfigure.web.servlet.MockMvcSecurityConfiguration]], org.springframework.boot.test.context.filter.ExcludeFilterContextCustomizer@1666f5fb, org.springframework.boot.test.json.DuplicateJsonObjectContextCustomizerFactory$DuplicateJsonObjectContextCustomizer@91406a1, org.springframework.boot.test.mock.mockito.MockitoContextCustomizer@856f93fc], resourceBasePath = 'src/main/webapp', contextLoader = 'org.springframework.boot.test.context.SpringBootContextLoader', parent = [null]], attributes = map[[empty]]], class annotated with @DirtiesContext [false] with mode [null].
21:47:17.825 [Test worker] DEBUG org.springframework.test.context.support.TestPropertySourceUtils - Adding inlined properties to environment: {spring.jmx.enabled=false, org.springframework.boot.test.autoconfigure.web.servlet.WebMvcTestContextBootstrapper=true, server.port=-1}

  .   ____          _            __ _ _
 /\\ / ___'_ __ _ _(_)_ __  __ _ \ \ \ \
( ( )\___ | '_ | '_| | '_ \/ _` | \ \ \ \
 \\/  ___)| |_)| | | | | || (_| |  ) ) ) )
  '  |____| .__|_| |_|_| |_\__, | / / / /
 =========|_|==============|___/=/_/_/_/
 :: Spring Boot ::        (v2.2.2.RELEASE)

2020-01-23 21:47:18.260  INFO 13964 --- [    Test worker] c.p.r.interfaces.ReviewControllerTests   : Starting ReviewControllerTests on DESKTOP-B7A5GTQ with PID 13964 (started by nkh16 in C:\hyun\Programming\WEB\portfolio\Reservation-Restaurant\project-api)
2020-01-23 21:47:18.263  INFO 13964 --- [    Test worker] c.p.r.interfaces.ReviewControllerTests   : No active profile set, falling back to default profiles: default
2020-01-23 21:47:20.594  INFO 13964 --- [    Test worker] o.s.s.concurrent.ThreadPoolTaskExecutor  : Initializing ExecutorService 'applicationTaskExecutor'
2020-01-23 21:47:21.030  INFO 13964 --- [    Test worker] o.s.b.t.m.w.SpringBootMockServletContext : Initializing Spring TestDispatcherServlet ''
2020-01-23 21:47:21.030  INFO 13964 --- [    Test worker] o.s.t.web.servlet.TestDispatcherServlet  : Initializing Servlet ''
2020-01-23 21:47:21.072  INFO 13964 --- [    Test worker] o.s.t.web.servlet.TestDispatcherServlet  : Completed initialization in 42 ms
2020-01-23 21:47:21.119  INFO 13964 --- [    Test worker] c.p.r.interfaces.ReviewControllerTests   : Started ReviewControllerTests in 3.283 seconds (JVM running for 5.728)
]]></system-out>
  <system-err><![CDATA[]]></system-err>
</testsuite>
