<?xml version="1.0" encoding="UTF-8"?>
<testsuite name="com.project.reservation.ReservationRestaurantApplicationTests" tests="1" skipped="0" failures="0" errors="0" timestamp="2020-01-10T06:12:29" hostname="DESKTOP-B7A5GTQ" time="0.448">
  <properties/>
  <testcase name="contextLoads()" classname="com.project.reservation.ReservationRestaurantApplicationTests" time="0.448"/>
  <system-out><![CDATA[15:12:26.660 [Test worker] DEBUG org.springframework.test.context.BootstrapUtils - Instantiating CacheAwareContextLoaderDelegate from class [org.springframework.test.context.cache.DefaultCacheAwareContextLoaderDelegate]
15:12:26.682 [Test worker] DEBUG org.springframework.test.context.BootstrapUtils - Instantiating BootstrapContext using constructor [public org.springframework.test.context.support.DefaultBootstrapContext(java.lang.Class,org.springframework.test.context.CacheAwareContextLoaderDelegate)]
15:12:26.712 [Test worker] DEBUG org.springframework.test.context.BootstrapUtils - Instantiating TestContextBootstrapper for test class [com.project.reservation.ReservationRestaurantApplicationTests] from class [org.springframework.boot.test.context.SpringBootTestContextBootstrapper]
15:12:26.734 [Test worker] INFO org.springframework.boot.test.context.SpringBootTestContextBootstrapper - Neither @ContextConfiguration nor @ContextHierarchy found for test class [com.project.reservation.ReservationRestaurantApplicationTests], using SpringBootContextLoader
15:12:26.740 [Test worker] DEBUG org.springframework.test.context.support.AbstractContextLoader - Did not detect default resource location for test class [com.project.reservation.ReservationRestaurantApplicationTests]: class path resource [com/project/reservation/ReservationRestaurantApplicationTests-context.xml] does not exist
15:12:26.740 [Test worker] DEBUG org.springframework.test.context.support.AbstractContextLoader - Did not detect default resource location for test class [com.project.reservation.ReservationRestaurantApplicationTests]: class path resource [com/project/reservation/ReservationRestaurantApplicationTestsContext.groovy] does not exist
15:12:26.741 [Test worker] INFO org.springframework.test.context.support.AbstractContextLoader - Could not detect default resource locations for test class [com.project.reservation.ReservationRestaurantApplicationTests]: no resource found for suffixes {-context.xml, Context.groovy}.
15:12:26.742 [Test worker] INFO org.springframework.test.context.support.AnnotationConfigContextLoaderUtils - Could not detect default configuration classes for test class [com.project.reservation.ReservationRestaurantApplicationTests]: ReservationRestaurantApplicationTests does not declare any static, non-private, non-final, nested classes annotated with @Configuration.
15:12:26.789 [Test worker] DEBUG org.springframework.test.context.support.ActiveProfilesUtils - Could not find an 'annotation declaring class' for annotation type [org.springframework.test.context.ActiveProfiles] and class [com.project.reservation.ReservationRestaurantApplicationTests]
15:12:26.854 [Test worker] DEBUG org.springframework.context.annotation.ClassPathScanningCandidateComponentProvider - Identified candidate component class: file [C:\hyun\Programming\WEB\portfolio\Reservation-Restaurant\project-api\build\classes\java\main\com\project\reservation\ReservationRestaurantApplication.class]
15:12:26.856 [Test worker] INFO org.springframework.boot.test.context.SpringBootTestContextBootstrapper - Found @SpringBootConfiguration com.project.reservation.ReservationRestaurantApplication for test class com.project.reservation.ReservationRestaurantApplicationTests
15:12:26.959 [Test worker] DEBUG org.springframework.boot.test.context.SpringBootTestContextBootstrapper - @TestExecutionListeners is not present for class [com.project.reservation.ReservationRestaurantApplicationTests]: using defaults.
15:12:26.960 [Test worker] INFO org.springframework.boot.test.context.SpringBootTestContextBootstrapper - Loaded default TestExecutionListener class names from location [META-INF/spring.factories]: [org.springframework.boot.test.autoconfigure.restdocs.RestDocsTestExecutionListener, org.springframework.boot.test.autoconfigure.web.client.MockRestServiceServerResetTestExecutionListener, org.springframework.boot.test.autoconfigure.web.servlet.MockMvcPrintOnlyOnFailureTestExecutionListener, org.springframework.boot.test.autoconfigure.web.servlet.WebDriverTestExecutionListener, org.springframework.boot.test.mock.mockito.MockitoTestExecutionListener, org.springframework.boot.test.mock.mockito.ResetMocksTestExecutionListener, org.springframework.test.context.web.ServletTestExecutionListener, org.springframework.test.context.support.DirtiesContextBeforeModesTestExecutionListener, org.springframework.test.context.support.DependencyInjectionTestExecutionListener, org.springframework.test.context.support.DirtiesContextTestExecutionListener, org.springframework.test.context.transaction.TransactionalTestExecutionListener, org.springframework.test.context.jdbc.SqlScriptsTestExecutionListener, org.springframework.test.context.event.EventPublishingTestExecutionListener]
15:12:26.974 [Test worker] DEBUG org.springframework.boot.test.context.SpringBootTestContextBootstrapper - Skipping candidate TestExecutionListener [org.springframework.test.context.transaction.TransactionalTestExecutionListener] due to a missing dependency. Specify custom listener classes or make the default listener classes and their required dependencies available. Offending class: [org/springframework/transaction/interceptor/TransactionAttributeSource]
15:12:26.975 [Test worker] DEBUG org.springframework.boot.test.context.SpringBootTestContextBootstrapper - Skipping candidate TestExecutionListener [org.springframework.test.context.jdbc.SqlScriptsTestExecutionListener] due to a missing dependency. Specify custom listener classes or make the default listener classes and their required dependencies available. Offending class: [org/springframework/transaction/interceptor/TransactionAttribute]
15:12:26.975 [Test worker] INFO org.springframework.boot.test.context.SpringBootTestContextBootstrapper - Using TestExecutionListeners: [org.springframework.test.context.web.ServletTestExecutionListener@1dd8ba6e, org.springframework.test.context.support.DirtiesContextBeforeModesTestExecutionListener@2c2803e2, org.springframework.boot.test.mock.mockito.MockitoTestExecutionListener@4751dd61, org.springframework.boot.test.autoconfigure.SpringBootDependencyInjectionTestExecutionListener@15bb8960, org.springframework.test.context.support.DirtiesContextTestExecutionListener@4d685a73, org.springframework.test.context.event.EventPublishingTestExecutionListener@21b3772f, org.springframework.boot.test.autoconfigure.restdocs.RestDocsTestExecutionListener@68400cad, org.springframework.boot.test.autoconfigure.web.client.MockRestServiceServerResetTestExecutionListener@21f9684c, org.springframework.boot.test.autoconfigure.web.servlet.MockMvcPrintOnlyOnFailureTestExecutionListener@2e4d05c2, org.springframework.boot.test.autoconfigure.web.servlet.WebDriverTestExecutionListener@147d152b, org.springframework.boot.test.mock.mockito.ResetMocksTestExecutionListener@7cb0466d]
15:12:26.981 [Test worker] DEBUG org.springframework.test.context.support.AbstractDirtiesContextTestExecutionListener - Before test class: context [DefaultTestContext@37069592 testClass = ReservationRestaurantApplicationTests, testInstance = [null], testMethod = [null], testException = [null], mergedContextConfiguration = [WebMergedContextConfiguration@8f74ca2 testClass = ReservationRestaurantApplicationTests, locations = '{}', classes = '{class com.project.reservation.ReservationRestaurantApplication}', contextInitializerClasses = '[]', activeProfiles = '{}', propertySourceLocations = '{}', propertySourceProperties = '{org.springframework.boot.test.context.SpringBootTestContextBootstrapper=true}', contextCustomizers = set[org.springframework.boot.test.autoconfigure.properties.PropertyMappingContextCustomizer@0, org.springframework.boot.test.autoconfigure.web.servlet.WebDriverContextCustomizerFactory$Customizer@3899aaef, org.springframework.boot.test.context.filter.ExcludeFilterContextCustomizer@32e2d7b8, org.springframework.boot.test.json.DuplicateJsonObjectContextCustomizerFactory$DuplicateJsonObjectContextCustomizer@7903fce9, org.springframework.boot.test.mock.mockito.MockitoContextCustomizer@0, org.springframework.boot.test.web.client.TestRestTemplateContextCustomizer@1cb605fb], resourceBasePath = 'src/main/webapp', contextLoader = 'org.springframework.boot.test.context.SpringBootContextLoader', parent = [null]], attributes = map['org.springframework.test.context.web.ServletTestExecutionListener.activateListener' -> true]], class annotated with @DirtiesContext [false] with mode [null].
15:12:27.017 [Test worker] DEBUG org.springframework.test.context.support.TestPropertySourceUtils - Adding inlined properties to environment: {spring.jmx.enabled=false, org.springframework.boot.test.context.SpringBootTestContextBootstrapper=true, server.port=-1}

  .   ____          _            __ _ _
 /\\ / ___'_ __ _ _(_)_ __  __ _ \ \ \ \
( ( )\___ | '_ | '_| | '_ \/ _` | \ \ \ \
 \\/  ___)| |_)| | | | | || (_| |  ) ) ) )
  '  |____| .__|_| |_|_| |_\__, | / / / /
 =========|_|==============|___/=/_/_/_/
 :: Spring Boot ::        (v2.2.2.RELEASE)

2020-01-10 15:12:27.376  INFO 1388 --- [    Test worker] .r.ReservationRestaurantApplicationTests : Starting ReservationRestaurantApplicationTests on DESKTOP-B7A5GTQ with PID 1388 (started by nkh16 in C:\hyun\Programming\WEB\portfolio\Reservation-Restaurant\project-api)
2020-01-10 15:12:27.378  INFO 1388 --- [    Test worker] .r.ReservationRestaurantApplicationTests : No active profile set, falling back to default profiles: default
2020-01-10 15:12:28.835  INFO 1388 --- [    Test worker] o.s.s.concurrent.ThreadPoolTaskExecutor  : Initializing ExecutorService 'applicationTaskExecutor'
2020-01-10 15:12:29.124  INFO 1388 --- [    Test worker] .r.ReservationRestaurantApplicationTests : Started ReservationRestaurantApplicationTests in 2.097 seconds (JVM running for 3.604)
]]></system-out>
  <system-err><![CDATA[]]></system-err>
</testsuite>
