<?xml version="1.0" encoding="UTF-8"?>
<testsuite name="com.project.reservation.ReservationRestaurantApplicationTests" tests="1" skipped="0" failures="0" errors="0" timestamp="2020-01-22T14:16:12" hostname="DESKTOP-B7A5GTQ" time="0.123">
  <properties/>
  <testcase name="contextLoads()" classname="com.project.reservation.ReservationRestaurantApplicationTests" time="0.123"/>
  <system-out><![CDATA[23:16:07.290 [Test worker] DEBUG org.springframework.test.context.BootstrapUtils - Instantiating CacheAwareContextLoaderDelegate from class [org.springframework.test.context.cache.DefaultCacheAwareContextLoaderDelegate]
23:16:07.311 [Test worker] DEBUG org.springframework.test.context.BootstrapUtils - Instantiating BootstrapContext using constructor [public org.springframework.test.context.support.DefaultBootstrapContext(java.lang.Class,org.springframework.test.context.CacheAwareContextLoaderDelegate)]
23:16:07.344 [Test worker] DEBUG org.springframework.test.context.BootstrapUtils - Instantiating TestContextBootstrapper for test class [com.project.reservation.ReservationRestaurantApplicationTests] from class [org.springframework.boot.test.context.SpringBootTestContextBootstrapper]
23:16:07.363 [Test worker] INFO org.springframework.boot.test.context.SpringBootTestContextBootstrapper - Neither @ContextConfiguration nor @ContextHierarchy found for test class [com.project.reservation.ReservationRestaurantApplicationTests], using SpringBootContextLoader
23:16:07.370 [Test worker] DEBUG org.springframework.test.context.support.AbstractContextLoader - Did not detect default resource location for test class [com.project.reservation.ReservationRestaurantApplicationTests]: class path resource [com/project/reservation/ReservationRestaurantApplicationTests-context.xml] does not exist
23:16:07.370 [Test worker] DEBUG org.springframework.test.context.support.AbstractContextLoader - Did not detect default resource location for test class [com.project.reservation.ReservationRestaurantApplicationTests]: class path resource [com/project/reservation/ReservationRestaurantApplicationTestsContext.groovy] does not exist
23:16:07.371 [Test worker] INFO org.springframework.test.context.support.AbstractContextLoader - Could not detect default resource locations for test class [com.project.reservation.ReservationRestaurantApplicationTests]: no resource found for suffixes {-context.xml, Context.groovy}.
23:16:07.372 [Test worker] INFO org.springframework.test.context.support.AnnotationConfigContextLoaderUtils - Could not detect default configuration classes for test class [com.project.reservation.ReservationRestaurantApplicationTests]: ReservationRestaurantApplicationTests does not declare any static, non-private, non-final, nested classes annotated with @Configuration.
23:16:07.416 [Test worker] DEBUG org.springframework.test.context.support.ActiveProfilesUtils - Could not find an 'annotation declaring class' for annotation type [org.springframework.test.context.ActiveProfiles] and class [com.project.reservation.ReservationRestaurantApplicationTests]
23:16:07.490 [Test worker] DEBUG org.springframework.context.annotation.ClassPathScanningCandidateComponentProvider - Identified candidate component class: file [C:\hyun\Programming\WEB\portfolio\Reservation-Restaurant\project-api\build\classes\java\main\com\project\reservation\ReservationRestaurantApplication.class]
23:16:07.491 [Test worker] INFO org.springframework.boot.test.context.SpringBootTestContextBootstrapper - Found @SpringBootConfiguration com.project.reservation.ReservationRestaurantApplication for test class com.project.reservation.ReservationRestaurantApplicationTests
23:16:07.612 [Test worker] DEBUG org.springframework.boot.test.context.SpringBootTestContextBootstrapper - @TestExecutionListeners is not present for class [com.project.reservation.ReservationRestaurantApplicationTests]: using defaults.
23:16:07.613 [Test worker] INFO org.springframework.boot.test.context.SpringBootTestContextBootstrapper - Loaded default TestExecutionListener class names from location [META-INF/spring.factories]: [org.springframework.boot.test.autoconfigure.restdocs.RestDocsTestExecutionListener, org.springframework.boot.test.autoconfigure.web.client.MockRestServiceServerResetTestExecutionListener, org.springframework.boot.test.autoconfigure.web.servlet.MockMvcPrintOnlyOnFailureTestExecutionListener, org.springframework.boot.test.autoconfigure.web.servlet.WebDriverTestExecutionListener, org.springframework.boot.test.mock.mockito.MockitoTestExecutionListener, org.springframework.boot.test.mock.mockito.ResetMocksTestExecutionListener, org.springframework.test.context.web.ServletTestExecutionListener, org.springframework.test.context.support.DirtiesContextBeforeModesTestExecutionListener, org.springframework.test.context.support.DependencyInjectionTestExecutionListener, org.springframework.test.context.support.DirtiesContextTestExecutionListener, org.springframework.test.context.transaction.TransactionalTestExecutionListener, org.springframework.test.context.jdbc.SqlScriptsTestExecutionListener, org.springframework.test.context.event.EventPublishingTestExecutionListener]
23:16:07.637 [Test worker] INFO org.springframework.boot.test.context.SpringBootTestContextBootstrapper - Using TestExecutionListeners: [org.springframework.test.context.web.ServletTestExecutionListener@450da235, org.springframework.test.context.support.DirtiesContextBeforeModesTestExecutionListener@60139189, org.springframework.boot.test.mock.mockito.MockitoTestExecutionListener@373b429e, org.springframework.boot.test.autoconfigure.SpringBootDependencyInjectionTestExecutionListener@b8bd70e, org.springframework.test.context.support.DirtiesContextTestExecutionListener@23bfc040, org.springframework.test.context.transaction.TransactionalTestExecutionListener@5fdc8267, org.springframework.test.context.jdbc.SqlScriptsTestExecutionListener@329e04b0, org.springframework.test.context.event.EventPublishingTestExecutionListener@67f8864a, org.springframework.boot.test.autoconfigure.restdocs.RestDocsTestExecutionListener@3a98e735, org.springframework.boot.test.autoconfigure.web.client.MockRestServiceServerResetTestExecutionListener@16c95bb, org.springframework.boot.test.autoconfigure.web.servlet.MockMvcPrintOnlyOnFailureTestExecutionListener@4395aaa2, org.springframework.boot.test.autoconfigure.web.servlet.WebDriverTestExecutionListener@607cbe4c, org.springframework.boot.test.mock.mockito.ResetMocksTestExecutionListener@1d205c39]
23:16:07.642 [Test worker] DEBUG org.springframework.test.context.support.AbstractDirtiesContextTestExecutionListener - Before test class: context [DefaultTestContext@6bc471f6 testClass = ReservationRestaurantApplicationTests, testInstance = [null], testMethod = [null], testException = [null], mergedContextConfiguration = [WebMergedContextConfiguration@e8fc5fa testClass = ReservationRestaurantApplicationTests, locations = '{}', classes = '{class com.project.reservation.ReservationRestaurantApplication}', contextInitializerClasses = '[]', activeProfiles = '{}', propertySourceLocations = '{}', propertySourceProperties = '{org.springframework.boot.test.context.SpringBootTestContextBootstrapper=true}', contextCustomizers = set[org.springframework.boot.test.autoconfigure.properties.PropertyMappingContextCustomizer@0, org.springframework.boot.test.autoconfigure.web.servlet.WebDriverContextCustomizerFactory$Customizer@624f55e0, org.springframework.boot.test.context.filter.ExcludeFilterContextCustomizer@5df272f0, org.springframework.boot.test.json.DuplicateJsonObjectContextCustomizerFactory$DuplicateJsonObjectContextCustomizer@4af145d0, org.springframework.boot.test.mock.mockito.MockitoContextCustomizer@0, org.springframework.boot.test.web.client.TestRestTemplateContextCustomizer@45d9df45], resourceBasePath = 'src/main/webapp', contextLoader = 'org.springframework.boot.test.context.SpringBootContextLoader', parent = [null]], attributes = map['org.springframework.test.context.web.ServletTestExecutionListener.activateListener' -> true]], class annotated with @DirtiesContext [false] with mode [null].
23:16:07.679 [Test worker] DEBUG org.springframework.test.context.support.TestPropertySourceUtils - Adding inlined properties to environment: {spring.jmx.enabled=false, org.springframework.boot.test.context.SpringBootTestContextBootstrapper=true, server.port=-1}

  .   ____          _            __ _ _
 /\\ / ___'_ __ _ _(_)_ __  __ _ \ \ \ \
( ( )\___ | '_ | '_| | '_ \/ _` | \ \ \ \
 \\/  ___)| |_)| | | | | || (_| |  ) ) ) )
  '  |____| .__|_| |_|_| |_\__, | / / / /
 =========|_|==============|___/=/_/_/_/
 :: Spring Boot ::        (v2.2.2.RELEASE)

2020-01-22 23:16:08.069  INFO 14680 --- [    Test worker] .r.ReservationRestaurantApplicationTests : Starting ReservationRestaurantApplicationTests on DESKTOP-B7A5GTQ with PID 14680 (started by nkh16 in C:\hyun\Programming\WEB\portfolio\Reservation-Restaurant\project-api)
2020-01-22 23:16:08.071  INFO 14680 --- [    Test worker] .r.ReservationRestaurantApplicationTests : No active profile set, falling back to default profiles: default
2020-01-22 23:16:08.945  INFO 14680 --- [    Test worker] .s.d.r.c.RepositoryConfigurationDelegate : Bootstrapping Spring Data JPA repositories in DEFAULT mode.
2020-01-22 23:16:09.023  INFO 14680 --- [    Test worker] .s.d.r.c.RepositoryConfigurationDelegate : Finished Spring Data repository scanning in 67ms. Found 2 JPA repository interfaces.
2020-01-22 23:16:09.470  INFO 14680 --- [    Test worker] trationDelegate$BeanPostProcessorChecker : Bean 'org.springframework.transaction.annotation.ProxyTransactionManagementConfiguration' of type [org.springframework.transaction.annotation.ProxyTransactionManagementConfiguration] is not eligible for getting processed by all BeanPostProcessors (for example: not eligible for auto-proxying)
2020-01-22 23:16:09.689  INFO 14680 --- [    Test worker] com.zaxxer.hikari.HikariDataSource       : HikariPool-1 - Starting...
2020-01-22 23:16:09.930  INFO 14680 --- [    Test worker] com.zaxxer.hikari.HikariDataSource       : HikariPool-1 - Start completed.
2020-01-22 23:16:10.025  INFO 14680 --- [    Test worker] o.hibernate.jpa.internal.util.LogHelper  : HHH000204: Processing PersistenceUnitInfo [name: default]
2020-01-22 23:16:10.125  INFO 14680 --- [    Test worker] org.hibernate.Version                    : HHH000412: Hibernate Core {5.4.9.Final}
2020-01-22 23:16:10.320  INFO 14680 --- [    Test worker] o.hibernate.annotations.common.Version   : HCANN000001: Hibernate Commons Annotations {5.1.0.Final}
2020-01-22 23:16:10.488  INFO 14680 --- [    Test worker] org.hibernate.dialect.Dialect            : HHH000400: Using dialect: org.hibernate.dialect.H2Dialect
2020-01-22 23:16:11.320  INFO 14680 --- [    Test worker] o.h.e.t.j.p.i.JtaPlatformInitiator       : HHH000490: Using JtaPlatform implementation: [org.hibernate.engine.transaction.jta.platform.internal.NoJtaPlatform]
2020-01-22 23:16:11.325  INFO 14680 --- [    Test worker] j.LocalContainerEntityManagerFactoryBean : Initialized JPA EntityManagerFactory for persistence unit 'default'
2020-01-22 23:16:12.127  WARN 14680 --- [    Test worker] JpaBaseConfiguration$JpaWebConfiguration : spring.jpa.open-in-view is enabled by default. Therefore, database queries may be performed during view rendering. Explicitly configure spring.jpa.open-in-view to disable this warning
2020-01-22 23:16:12.421  INFO 14680 --- [    Test worker] o.s.s.concurrent.ThreadPoolTaskExecutor  : Initializing ExecutorService 'applicationTaskExecutor'
2020-01-22 23:16:12.842  INFO 14680 --- [    Test worker] .r.ReservationRestaurantApplicationTests : Started ReservationRestaurantApplicationTests in 5.151 seconds (JVM running for 6.665)
]]></system-out>
  <system-err><![CDATA[]]></system-err>
</testsuite>
