<?xml version="1.0" encoding="UTF-8"?>
<testsuite name="com.project.reservation.domain.RestaurantTests" tests="1" skipped="0" failures="0" errors="0" timestamp="2020-01-22T12:31:45" hostname="DESKTOP-B7A5GTQ" time="0.09">
  <properties/>
  <testcase name="information()" classname="com.project.reservation.domain.RestaurantTests" time="0.09"/>
  <system-out><![CDATA[]]></system-out>
  <system-err><![CDATA[]]></system-err>
</testsuite>
