<?xml version="1.0" encoding="UTF-8"?>
<testsuite name="com.project.reservation.application.MenuItemServiceTests" tests="1" skipped="0" failures="0" errors="0" timestamp="2020-01-23T10:10:23" hostname="DESKTOP-B7A5GTQ" time="0.623">
  <properties/>
  <testcase name="bulkUpdate()" classname="com.project.reservation.application.MenuItemServiceTests" time="0.623"/>
  <system-out><![CDATA[]]></system-out>
  <system-err><![CDATA[]]></system-err>
</testsuite>
