<?xml version="1.0" encoding="UTF-8"?>
<testsuite name="com.project.reservation.application.RestaurantServiceTests" tests="2" skipped="0" failures="0" errors="0" timestamp="2020-01-21T01:46:21" hostname="DESKTOP-B7A5GTQ" time="0.796">
  <properties/>
  <testcase name="getRestaurant()" classname="com.project.reservation.application.RestaurantServiceTests" time="0.788"/>
  <testcase name="getRestaurants()" classname="com.project.reservation.application.RestaurantServiceTests" time="0.007"/>
  <system-out><![CDATA[]]></system-out>
  <system-err><![CDATA[]]></system-err>
</testsuite>
