<?xml version="1.0" encoding="UTF-8"?>
<testsuite name="com.project.reservation.interfaces.UserControllerTests" tests="1" skipped="0" failures="0" errors="0" timestamp="2020-01-28T02:00:12" hostname="DESKTOP-B7A5GTQ" time="0.014">
  <properties/>
  <testcase name="create()" classname="com.project.reservation.interfaces.UserControllerTests" time="0.014"/>
  <system-out><![CDATA[2020-01-28 11:00:12.025  INFO 8984 --- [    Test worker] .b.t.a.w.s.WebMvcTestContextBootstrapper : Neither @ContextConfiguration nor @ContextHierarchy found for test class [com.project.reservation.interfaces.UserControllerTests], using SpringBootContextLoader
2020-01-28 11:00:12.026  INFO 8984 --- [    Test worker] o.s.t.c.support.AbstractContextLoader    : Could not detect default resource locations for test class [com.project.reservation.interfaces.UserControllerTests]: no resource found for suffixes {-context.xml, Context.groovy}.
2020-01-28 11:00:12.026  INFO 8984 --- [    Test worker] t.c.s.AnnotationConfigContextLoaderUtils : Could not detect default configuration classes for test class [com.project.reservation.interfaces.UserControllerTests]: UserControllerTests does not declare any static, non-private, non-final, nested classes annotated with @Configuration.
2020-01-28 11:00:12.029  INFO 8984 --- [    Test worker] .b.t.c.SpringBootTestContextBootstrapper : Found @SpringBootConfiguration com.project.reservation.CustomerApiApplication for test class com.project.reservation.interfaces.UserControllerTests
2020-01-28 11:00:12.029  INFO 8984 --- [    Test worker] .b.t.a.w.s.WebMvcTestContextBootstrapper : Loaded default TestExecutionListener class names from location [META-INF/spring.factories]: [org.springframework.boot.test.autoconfigure.restdocs.RestDocsTestExecutionListener, org.springframework.boot.test.autoconfigure.web.client.MockRestServiceServerResetTestExecutionListener, org.springframework.boot.test.autoconfigure.web.servlet.MockMvcPrintOnlyOnFailureTestExecutionListener, org.springframework.boot.test.autoconfigure.web.servlet.WebDriverTestExecutionListener, org.springframework.boot.test.mock.mockito.MockitoTestExecutionListener, org.springframework.boot.test.mock.mockito.ResetMocksTestExecutionListener, org.springframework.test.context.web.ServletTestExecutionListener, org.springframework.test.context.support.DirtiesContextBeforeModesTestExecutionListener, org.springframework.test.context.support.DependencyInjectionTestExecutionListener, org.springframework.test.context.support.DirtiesContextTestExecutionListener, org.springframework.test.context.transaction.TransactionalTestExecutionListener, org.springframework.test.context.jdbc.SqlScriptsTestExecutionListener, org.springframework.test.context.event.EventPublishingTestExecutionListener]
2020-01-28 11:00:12.031  INFO 8984 --- [    Test worker] .b.t.a.w.s.WebMvcTestContextBootstrapper : Using TestExecutionListeners: [org.springframework.test.context.web.ServletTestExecutionListener@5d698549, org.springframework.test.context.support.DirtiesContextBeforeModesTestExecutionListener@3075f141, org.springframework.boot.test.mock.mockito.MockitoTestExecutionListener@2dc782ad, org.springframework.boot.test.autoconfigure.SpringBootDependencyInjectionTestExecutionListener@40116bc3, org.springframework.test.context.support.DirtiesContextTestExecutionListener@5143fd45, org.springframework.test.context.transaction.TransactionalTestExecutionListener@4ea3e1d5, org.springframework.test.context.jdbc.SqlScriptsTestExecutionListener@5f60c046, org.springframework.test.context.event.EventPublishingTestExecutionListener@1464e71a, org.springframework.boot.test.autoconfigure.restdocs.RestDocsTestExecutionListener@5a038906, org.springframework.boot.test.autoconfigure.web.client.MockRestServiceServerResetTestExecutionListener@b7f66da, org.springframework.boot.test.autoconfigure.web.servlet.MockMvcPrintOnlyOnFailureTestExecutionListener@52c4e503, org.springframework.boot.test.autoconfigure.web.servlet.WebDriverTestExecutionListener@612b8476, org.springframework.boot.test.mock.mockito.ResetMocksTestExecutionListener@27266aec]

  .   ____          _            __ _ _
 /\\ / ___'_ __ _ _(_)_ __  __ _ \ \ \ \
( ( )\___ | '_ | '_| | '_ \/ _` | \ \ \ \
 \\/  ___)| |_)| | | | | || (_| |  ) ) ) )
  '  |____| .__|_| |_|_| |_\__, | / / / /
 =========|_|==============|___/=/_/_/_/
 :: Spring Boot ::        (v2.2.2.RELEASE)

2020-01-28 11:00:12.069  INFO 8984 --- [    Test worker] c.p.r.interfaces.UserControllerTests     : Starting UserControllerTests on DESKTOP-B7A5GTQ with PID 8984 (started by nkh16 in C:\hyun\Programming\WEB\portfolio\Reservation-Restaurant\customer-api)
2020-01-28 11:00:12.069  INFO 8984 --- [    Test worker] c.p.r.interfaces.UserControllerTests     : The following profiles are active: test
2020-01-28 11:00:12.353  INFO 8984 --- [    Test worker] .s.s.UserDetailsServiceAutoConfiguration : 

Using generated security password: d548102e-e18f-4a21-831a-6af17c8d6f89

2020-01-28 11:00:12.436  INFO 8984 --- [    Test worker] o.s.s.web.DefaultSecurityFilterChain     : Creating filter chain: any request, [org.springframework.security.web.context.request.async.WebAsyncManagerIntegrationFilter@65916606, org.springframework.security.web.context.SecurityContextPersistenceFilter@271bf11a, org.springframework.security.web.header.HeaderWriterFilter@6cba8238, org.springframework.security.web.authentication.logout.LogoutFilter@63f08d15, com.project.reservation.filters.JwtAuthenticationFilter@448ac98e, org.springframework.security.web.savedrequest.RequestCacheAwareFilter@5a078fd, org.springframework.security.web.servletapi.SecurityContextHolderAwareRequestFilter@3d339133, org.springframework.security.web.authentication.AnonymousAuthenticationFilter@6316c96, org.springframework.security.web.session.SessionManagementFilter@6ca944ec, org.springframework.security.web.access.ExceptionTranslationFilter@6e399410]
2020-01-28 11:00:12.631  INFO 8984 --- [    Test worker] o.s.s.concurrent.ThreadPoolTaskExecutor  : Initializing ExecutorService 'applicationTaskExecutor'
2020-01-28 11:00:12.819  INFO 8984 --- [    Test worker] o.s.b.t.m.w.SpringBootMockServletContext : Initializing Spring TestDispatcherServlet ''
2020-01-28 11:00:12.819  INFO 8984 --- [    Test worker] o.s.t.web.servlet.TestDispatcherServlet  : Initializing Servlet ''
2020-01-28 11:00:12.834  INFO 8984 --- [    Test worker] o.s.t.web.servlet.TestDispatcherServlet  : Completed initialization in 15 ms
2020-01-28 11:00:12.848  INFO 8984 --- [    Test worker] c.p.r.interfaces.UserControllerTests     : Started UserControllerTests in 0.812 seconds (JVM running for 15.303)
]]></system-out>
  <system-err><![CDATA[]]></system-err>
</testsuite>
