<?xml version="1.0" encoding="UTF-8"?>
<testsuite name="com.project.reservation.application.UserServiceTests" tests="5" skipped="0" failures="0" errors="0" timestamp="2020-01-28T02:35:14" hostname="DESKTOP-B7A5GTQ" time="0.096">
  <properties/>
  <testcase name="authenticateWithNotExistedEmail()" classname="com.project.reservation.application.UserServiceTests" time="0.067"/>
  <testcase name="registerUser()" classname="com.project.reservation.application.UserServiceTests" time="0.008"/>
  <testcase name="authenticateWithValidAttribute()" classname="com.project.reservation.application.UserServiceTests" time="0.005"/>
  <testcase name="registerUserWithExistedEmail()" classname="com.project.reservation.application.UserServiceTests" time="0.004"/>
  <testcase name="authenticateWithWrongPassword()" classname="com.project.reservation.application.UserServiceTests" time="0.009"/>
  <system-out><![CDATA[]]></system-out>
  <system-err><![CDATA[]]></system-err>
</testsuite>
