<?xml version="1.0" encoding="UTF-8"?>
<testsuite name="com.project.reservation.interfaces.RegionControllerTests" tests="1" skipped="0" failures="0" errors="0" timestamp="2020-01-27T15:08:11" hostname="DESKTOP-B7A5GTQ" time="0.008">
  <properties/>
  <testcase name="list()" classname="com.project.reservation.interfaces.RegionControllerTests" time="0.008"/>
  <system-out><![CDATA[2020-01-28 00:08:10.620  INFO 3740 --- [    Test worker] .b.t.a.w.s.WebMvcTestContextBootstrapper : Neither @ContextConfiguration nor @ContextHierarchy found for test class [com.project.reservation.interfaces.RegionControllerTests], using SpringBootContextLoader
2020-01-28 00:08:10.621  INFO 3740 --- [    Test worker] o.s.t.c.support.AbstractContextLoader    : Could not detect default resource locations for test class [com.project.reservation.interfaces.RegionControllerTests]: no resource found for suffixes {-context.xml, Context.groovy}.
2020-01-28 00:08:10.621  INFO 3740 --- [    Test worker] t.c.s.AnnotationConfigContextLoaderUtils : Could not detect default configuration classes for test class [com.project.reservation.interfaces.RegionControllerTests]: RegionControllerTests does not declare any static, non-private, non-final, nested classes annotated with @Configuration.
2020-01-28 00:08:10.627  INFO 3740 --- [    Test worker] .b.t.c.SpringBootTestContextBootstrapper : Found @SpringBootConfiguration com.project.reservation.CustomerApiApplication for test class com.project.reservation.interfaces.RegionControllerTests
2020-01-28 00:08:10.627  INFO 3740 --- [    Test worker] .b.t.a.w.s.WebMvcTestContextBootstrapper : Loaded default TestExecutionListener class names from location [META-INF/spring.factories]: [org.springframework.boot.test.autoconfigure.restdocs.RestDocsTestExecutionListener, org.springframework.boot.test.autoconfigure.web.client.MockRestServiceServerResetTestExecutionListener, org.springframework.boot.test.autoconfigure.web.servlet.MockMvcPrintOnlyOnFailureTestExecutionListener, org.springframework.boot.test.autoconfigure.web.servlet.WebDriverTestExecutionListener, org.springframework.boot.test.mock.mockito.MockitoTestExecutionListener, org.springframework.boot.test.mock.mockito.ResetMocksTestExecutionListener, org.springframework.test.context.web.ServletTestExecutionListener, org.springframework.test.context.support.DirtiesContextBeforeModesTestExecutionListener, org.springframework.test.context.support.DependencyInjectionTestExecutionListener, org.springframework.test.context.support.DirtiesContextTestExecutionListener, org.springframework.test.context.transaction.TransactionalTestExecutionListener, org.springframework.test.context.jdbc.SqlScriptsTestExecutionListener, org.springframework.test.context.event.EventPublishingTestExecutionListener]
2020-01-28 00:08:10.628  INFO 3740 --- [    Test worker] .b.t.a.w.s.WebMvcTestContextBootstrapper : Using TestExecutionListeners: [org.springframework.test.context.web.ServletTestExecutionListener@7795add8, org.springframework.test.context.support.DirtiesContextBeforeModesTestExecutionListener@4d630c6b, org.springframework.boot.test.mock.mockito.MockitoTestExecutionListener@643fe5dd, org.springframework.boot.test.autoconfigure.SpringBootDependencyInjectionTestExecutionListener@4b1f25c4, org.springframework.test.context.support.DirtiesContextTestExecutionListener@11beaa12, org.springframework.test.context.transaction.TransactionalTestExecutionListener@44ebec1a, org.springframework.test.context.jdbc.SqlScriptsTestExecutionListener@5f61e857, org.springframework.test.context.event.EventPublishingTestExecutionListener@6d62d77a, org.springframework.boot.test.autoconfigure.restdocs.RestDocsTestExecutionListener@9e80efe, org.springframework.boot.test.autoconfigure.web.client.MockRestServiceServerResetTestExecutionListener@12f8b8e5, org.springframework.boot.test.autoconfigure.web.servlet.MockMvcPrintOnlyOnFailureTestExecutionListener@428bd9bd, org.springframework.boot.test.autoconfigure.web.servlet.WebDriverTestExecutionListener@39291f91, org.springframework.boot.test.mock.mockito.ResetMocksTestExecutionListener@70ff69b4]

  .   ____          _            __ _ _
 /\\ / ___'_ __ _ _(_)_ __  __ _ \ \ \ \
( ( )\___ | '_ | '_| | '_ \/ _` | \ \ \ \
 \\/  ___)| |_)| | | | | || (_| |  ) ) ) )
  '  |____| .__|_| |_|_| |_\__, | / / / /
 =========|_|==============|___/=/_/_/_/
 :: Spring Boot ::        (v2.2.2.RELEASE)

2020-01-28 00:08:10.660  INFO 3740 --- [    Test worker] c.p.r.interfaces.RegionControllerTests   : Starting RegionControllerTests on DESKTOP-B7A5GTQ with PID 3740 (started by nkh16 in C:\hyun\Programming\WEB\portfolio\Reservation-Restaurant\customer-api)
2020-01-28 00:08:10.660  INFO 3740 --- [    Test worker] c.p.r.interfaces.RegionControllerTests   : No active profile set, falling back to default profiles: default
2020-01-28 00:08:10.926  INFO 3740 --- [    Test worker] .s.s.UserDetailsServiceAutoConfiguration : 

Using generated security password: 63edfdf3-9106-4524-b356-d7668301a07a

2020-01-28 00:08:10.997  INFO 3740 --- [    Test worker] o.s.s.web.DefaultSecurityFilterChain     : Creating filter chain: any request, [org.springframework.security.web.context.request.async.WebAsyncManagerIntegrationFilter@2094b3b4, org.springframework.security.web.context.SecurityContextPersistenceFilter@61180cb2, org.springframework.security.web.header.HeaderWriterFilter@912ebda, org.springframework.security.web.authentication.logout.LogoutFilter@45639db0, org.springframework.security.web.savedrequest.RequestCacheAwareFilter@73b2c40c, org.springframework.security.web.servletapi.SecurityContextHolderAwareRequestFilter@6d60ad9b, org.springframework.security.web.authentication.AnonymousAuthenticationFilter@48f0de48, org.springframework.security.web.session.SessionManagementFilter@37e7c638, org.springframework.security.web.access.ExceptionTranslationFilter@4d9bf461]
2020-01-28 00:08:11.130  INFO 3740 --- [    Test worker] o.s.s.concurrent.ThreadPoolTaskExecutor  : Initializing ExecutorService 'applicationTaskExecutor'
2020-01-28 00:08:11.253  INFO 3740 --- [    Test worker] o.s.b.t.m.w.SpringBootMockServletContext : Initializing Spring TestDispatcherServlet ''
2020-01-28 00:08:11.254  INFO 3740 --- [    Test worker] o.s.t.web.servlet.TestDispatcherServlet  : Initializing Servlet ''
2020-01-28 00:08:11.263  INFO 3740 --- [    Test worker] o.s.t.web.servlet.TestDispatcherServlet  : Completed initialization in 9 ms
2020-01-28 00:08:11.275  INFO 3740 --- [    Test worker] c.p.r.interfaces.RegionControllerTests   : Started RegionControllerTests in 0.644 seconds (JVM running for 9.653)
]]></system-out>
  <system-err><![CDATA[]]></system-err>
</testsuite>
