<?xml version="1.0" encoding="UTF-8"?>
<testsuite name="com.project.reservation.interfaces.UserControllerTests" tests="1" skipped="0" failures="0" errors="0" timestamp="2020-01-28T15:21:37" hostname="DESKTOP-B7A5GTQ" time="0.013">
  <properties/>
  <testcase name="create()" classname="com.project.reservation.interfaces.UserControllerTests" time="0.013"/>
  <system-out><![CDATA[2020-01-29 00:21:36.980  INFO 6768 --- [    Test worker] .b.t.a.w.s.WebMvcTestContextBootstrapper : Neither @ContextConfiguration nor @ContextHierarchy found for test class [com.project.reservation.interfaces.UserControllerTests], using SpringBootContextLoader
2020-01-29 00:21:36.983  INFO 6768 --- [    Test worker] o.s.t.c.support.AbstractContextLoader    : Could not detect default resource locations for test class [com.project.reservation.interfaces.UserControllerTests]: no resource found for suffixes {-context.xml, Context.groovy}.
2020-01-29 00:21:36.984  INFO 6768 --- [    Test worker] t.c.s.AnnotationConfigContextLoaderUtils : Could not detect default configuration classes for test class [com.project.reservation.interfaces.UserControllerTests]: UserControllerTests does not declare any static, non-private, non-final, nested classes annotated with @Configuration.
2020-01-29 00:21:36.987  INFO 6768 --- [    Test worker] .b.t.c.SpringBootTestContextBootstrapper : Found @SpringBootConfiguration com.project.reservation.CustomerApiApplication for test class com.project.reservation.interfaces.UserControllerTests
2020-01-29 00:21:36.987  INFO 6768 --- [    Test worker] .b.t.a.w.s.WebMvcTestContextBootstrapper : Loaded default TestExecutionListener class names from location [META-INF/spring.factories]: [org.springframework.boot.test.autoconfigure.restdocs.RestDocsTestExecutionListener, org.springframework.boot.test.autoconfigure.web.client.MockRestServiceServerResetTestExecutionListener, org.springframework.boot.test.autoconfigure.web.servlet.MockMvcPrintOnlyOnFailureTestExecutionListener, org.springframework.boot.test.autoconfigure.web.servlet.WebDriverTestExecutionListener, org.springframework.boot.test.mock.mockito.MockitoTestExecutionListener, org.springframework.boot.test.mock.mockito.ResetMocksTestExecutionListener, org.springframework.test.context.web.ServletTestExecutionListener, org.springframework.test.context.support.DirtiesContextBeforeModesTestExecutionListener, org.springframework.test.context.support.DependencyInjectionTestExecutionListener, org.springframework.test.context.support.DirtiesContextTestExecutionListener, org.springframework.test.context.transaction.TransactionalTestExecutionListener, org.springframework.test.context.jdbc.SqlScriptsTestExecutionListener, org.springframework.test.context.event.EventPublishingTestExecutionListener]
2020-01-29 00:21:36.987  INFO 6768 --- [    Test worker] .b.t.a.w.s.WebMvcTestContextBootstrapper : Using TestExecutionListeners: [org.springframework.test.context.web.ServletTestExecutionListener@22eeb031, org.springframework.test.context.support.DirtiesContextBeforeModesTestExecutionListener@122f939, org.springframework.boot.test.mock.mockito.MockitoTestExecutionListener@69b80a14, org.springframework.boot.test.autoconfigure.SpringBootDependencyInjectionTestExecutionListener@6b79004, org.springframework.test.context.support.DirtiesContextTestExecutionListener@510fc7db, org.springframework.test.context.transaction.TransactionalTestExecutionListener@47f207f2, org.springframework.test.context.jdbc.SqlScriptsTestExecutionListener@6e335db2, org.springframework.test.context.event.EventPublishingTestExecutionListener@54bec7c0, org.springframework.boot.test.autoconfigure.restdocs.RestDocsTestExecutionListener@7b20e393, org.springframework.boot.test.autoconfigure.web.client.MockRestServiceServerResetTestExecutionListener@2cbaa692, org.springframework.boot.test.autoconfigure.web.servlet.MockMvcPrintOnlyOnFailureTestExecutionListener@5810a07a, org.springframework.boot.test.autoconfigure.web.servlet.WebDriverTestExecutionListener@7a32fc7f, org.springframework.boot.test.mock.mockito.ResetMocksTestExecutionListener@6f2b4d1]

  .   ____          _            __ _ _
 /\\ / ___'_ __ _ _(_)_ __  __ _ \ \ \ \
( ( )\___ | '_ | '_| | '_ \/ _` | \ \ \ \
 \\/  ___)| |_)| | | | | || (_| |  ) ) ) )
  '  |____| .__|_| |_|_| |_\__, | / / / /
 =========|_|==============|___/=/_/_/_/
 :: Spring Boot ::        (v2.2.2.RELEASE)

2020-01-29 00:21:37.021  INFO 6768 --- [    Test worker] c.p.r.interfaces.UserControllerTests     : Starting UserControllerTests on DESKTOP-B7A5GTQ with PID 6768 (started by nkh16 in C:\hyun\Programming\WEB\portfolio\Reservation-Restaurant\customer-api)
2020-01-29 00:21:37.021  INFO 6768 --- [    Test worker] c.p.r.interfaces.UserControllerTests     : The following profiles are active: test
2020-01-29 00:21:37.324  INFO 6768 --- [    Test worker] .s.s.UserDetailsServiceAutoConfiguration : 

Using generated security password: b1ab94e7-8196-4435-bad1-87e85e971964

2020-01-29 00:21:37.398  INFO 6768 --- [    Test worker] o.s.s.web.DefaultSecurityFilterChain     : Creating filter chain: any request, [org.springframework.security.web.context.request.async.WebAsyncManagerIntegrationFilter@2c53465a, org.springframework.security.web.context.SecurityContextPersistenceFilter@6c29ca6c, org.springframework.security.web.header.HeaderWriterFilter@21449613, org.springframework.security.web.authentication.logout.LogoutFilter@60efd9fa, com.project.reservation.filters.JwtAuthenticationFilter@6adc1014, org.springframework.security.web.savedrequest.RequestCacheAwareFilter@186a834e, org.springframework.security.web.servletapi.SecurityContextHolderAwareRequestFilter@1d9b6a5e, org.springframework.security.web.authentication.AnonymousAuthenticationFilter@109a6064, org.springframework.security.web.session.SessionManagementFilter@20affb9c, org.springframework.security.web.access.ExceptionTranslationFilter@1e2d5354]
2020-01-29 00:21:37.577  INFO 6768 --- [    Test worker] o.s.s.concurrent.ThreadPoolTaskExecutor  : Initializing ExecutorService 'applicationTaskExecutor'
2020-01-29 00:21:37.770  INFO 6768 --- [    Test worker] o.s.b.t.m.w.SpringBootMockServletContext : Initializing Spring TestDispatcherServlet ''
2020-01-29 00:21:37.770  INFO 6768 --- [    Test worker] o.s.t.web.servlet.TestDispatcherServlet  : Initializing Servlet ''
2020-01-29 00:21:37.779  INFO 6768 --- [    Test worker] o.s.t.web.servlet.TestDispatcherServlet  : Completed initialization in 9 ms
2020-01-29 00:21:37.795  INFO 6768 --- [    Test worker] c.p.r.interfaces.UserControllerTests     : Started UserControllerTests in 0.806 seconds (JVM running for 14.662)
]]></system-out>
  <system-err><![CDATA[]]></system-err>
</testsuite>
