<?xml version="1.0" encoding="UTF-8"?>
<testsuite name="com.project.reservation.interfaces.UserControllerTests" tests="1" skipped="0" failures="0" errors="0" timestamp="2020-01-28T02:35:30" hostname="DESKTOP-B7A5GTQ" time="0.017">
  <properties/>
  <testcase name="create()" classname="com.project.reservation.interfaces.UserControllerTests" time="0.017"/>
  <system-out><![CDATA[2020-01-28 11:35:29.311  INFO 17020 --- [    Test worker] .b.t.a.w.s.WebMvcTestContextBootstrapper : Neither @ContextConfiguration nor @ContextHierarchy found for test class [com.project.reservation.interfaces.UserControllerTests], using SpringBootContextLoader
2020-01-28 11:35:29.317  INFO 17020 --- [    Test worker] o.s.t.c.support.AbstractContextLoader    : Could not detect default resource locations for test class [com.project.reservation.interfaces.UserControllerTests]: no resource found for suffixes {-context.xml, Context.groovy}.
2020-01-28 11:35:29.318  INFO 17020 --- [    Test worker] t.c.s.AnnotationConfigContextLoaderUtils : Could not detect default configuration classes for test class [com.project.reservation.interfaces.UserControllerTests]: UserControllerTests does not declare any static, non-private, non-final, nested classes annotated with @Configuration.
2020-01-28 11:35:29.324  INFO 17020 --- [    Test worker] .b.t.c.SpringBootTestContextBootstrapper : Found @SpringBootConfiguration com.project.reservation.CustomerApiApplication for test class com.project.reservation.interfaces.UserControllerTests
2020-01-28 11:35:29.325  INFO 17020 --- [    Test worker] .b.t.a.w.s.WebMvcTestContextBootstrapper : Loaded default TestExecutionListener class names from location [META-INF/spring.factories]: [org.springframework.boot.test.autoconfigure.restdocs.RestDocsTestExecutionListener, org.springframework.boot.test.autoconfigure.web.client.MockRestServiceServerResetTestExecutionListener, org.springframework.boot.test.autoconfigure.web.servlet.MockMvcPrintOnlyOnFailureTestExecutionListener, org.springframework.boot.test.autoconfigure.web.servlet.WebDriverTestExecutionListener, org.springframework.boot.test.mock.mockito.MockitoTestExecutionListener, org.springframework.boot.test.mock.mockito.ResetMocksTestExecutionListener, org.springframework.test.context.web.ServletTestExecutionListener, org.springframework.test.context.support.DirtiesContextBeforeModesTestExecutionListener, org.springframework.test.context.support.DependencyInjectionTestExecutionListener, org.springframework.test.context.support.DirtiesContextTestExecutionListener, org.springframework.test.context.transaction.TransactionalTestExecutionListener, org.springframework.test.context.jdbc.SqlScriptsTestExecutionListener, org.springframework.test.context.event.EventPublishingTestExecutionListener]
2020-01-28 11:35:29.325  INFO 17020 --- [    Test worker] .b.t.a.w.s.WebMvcTestContextBootstrapper : Using TestExecutionListeners: [org.springframework.test.context.web.ServletTestExecutionListener@3c73f09, org.springframework.test.context.support.DirtiesContextBeforeModesTestExecutionListener@131d23ee, org.springframework.boot.test.mock.mockito.MockitoTestExecutionListener@516f2cf, org.springframework.boot.test.autoconfigure.SpringBootDependencyInjectionTestExecutionListener@65988119, org.springframework.test.context.support.DirtiesContextTestExecutionListener@5f1dc5d4, org.springframework.test.context.transaction.TransactionalTestExecutionListener@25e58f8a, org.springframework.test.context.jdbc.SqlScriptsTestExecutionListener@17578173, org.springframework.test.context.event.EventPublishingTestExecutionListener@36665ac9, org.springframework.boot.test.autoconfigure.restdocs.RestDocsTestExecutionListener@7641ab4, org.springframework.boot.test.autoconfigure.web.client.MockRestServiceServerResetTestExecutionListener@ef44c0d, org.springframework.boot.test.autoconfigure.web.servlet.MockMvcPrintOnlyOnFailureTestExecutionListener@250318b9, org.springframework.boot.test.autoconfigure.web.servlet.WebDriverTestExecutionListener@2137bec2, org.springframework.boot.test.mock.mockito.ResetMocksTestExecutionListener@621a1ea]

  .   ____          _            __ _ _
 /\\ / ___'_ __ _ _(_)_ __  __ _ \ \ \ \
( ( )\___ | '_ | '_| | '_ \/ _` | \ \ \ \
 \\/  ___)| |_)| | | | | || (_| |  ) ) ) )
  '  |____| .__|_| |_|_| |_\__, | / / / /
 =========|_|==============|___/=/_/_/_/
 :: Spring Boot ::        (v2.2.2.RELEASE)

2020-01-28 11:35:29.394  INFO 17020 --- [    Test worker] c.p.r.interfaces.UserControllerTests     : Starting UserControllerTests on DESKTOP-B7A5GTQ with PID 17020 (started by nkh16 in C:\hyun\Programming\WEB\portfolio\Reservation-Restaurant\customer-api)
2020-01-28 11:35:29.395  INFO 17020 --- [    Test worker] c.p.r.interfaces.UserControllerTests     : The following profiles are active: test
2020-01-28 11:35:29.941  INFO 17020 --- [    Test worker] .s.s.UserDetailsServiceAutoConfiguration : 

Using generated security password: cf93fbfe-9752-48df-9a8f-9fa3b0f86335

2020-01-28 11:35:30.052  INFO 17020 --- [    Test worker] o.s.s.web.DefaultSecurityFilterChain     : Creating filter chain: any request, [org.springframework.security.web.context.request.async.WebAsyncManagerIntegrationFilter@295fa083, org.springframework.security.web.context.SecurityContextPersistenceFilter@5263a696, org.springframework.security.web.header.HeaderWriterFilter@594dab64, org.springframework.security.web.authentication.logout.LogoutFilter@6801f920, com.project.reservation.filters.JwtAuthenticationFilter@480d7475, org.springframework.security.web.savedrequest.RequestCacheAwareFilter@61441b78, org.springframework.security.web.servletapi.SecurityContextHolderAwareRequestFilter@55669abf, org.springframework.security.web.authentication.AnonymousAuthenticationFilter@229c3203, org.springframework.security.web.session.SessionManagementFilter@47c6b971, org.springframework.security.web.access.ExceptionTranslationFilter@52cc3b11]
2020-01-28 11:35:30.273  INFO 17020 --- [    Test worker] o.s.s.concurrent.ThreadPoolTaskExecutor  : Initializing ExecutorService 'applicationTaskExecutor'
2020-01-28 11:35:30.504  INFO 17020 --- [    Test worker] o.s.b.t.m.w.SpringBootMockServletContext : Initializing Spring TestDispatcherServlet ''
2020-01-28 11:35:30.504  INFO 17020 --- [    Test worker] o.s.t.web.servlet.TestDispatcherServlet  : Initializing Servlet ''
2020-01-28 11:35:30.518  INFO 17020 --- [    Test worker] o.s.t.web.servlet.TestDispatcherServlet  : Completed initialization in 13 ms
2020-01-28 11:35:30.530  INFO 17020 --- [    Test worker] c.p.r.interfaces.UserControllerTests     : Started UserControllerTests in 1.201 seconds (JVM running for 18.542)
]]></system-out>
  <system-err><![CDATA[]]></system-err>
</testsuite>
