<?xml version="1.0" encoding="UTF-8"?>
<testsuite name="com.project.reservation.application.RestaurantServiceTests" tests="4" skipped="0" failures="0" errors="0" timestamp="2020-01-24T09:01:04" hostname="DESKTOP-B7A5GTQ" time="1.02">
  <properties/>
  <testcase name="addRestaurant()" classname="com.project.reservation.application.RestaurantServiceTests" time="0.977"/>
  <testcase name="getRestaurantWithExisted()" classname="com.project.reservation.application.RestaurantServiceTests" time="0.026"/>
  <testcase name="getRestaurants()" classname="com.project.reservation.application.RestaurantServiceTests" time="0.009"/>
  <testcase name="updateRestaurant()" classname="com.project.reservation.application.RestaurantServiceTests" time="0.006"/>
  <system-out><![CDATA[]]></system-out>
  <system-err><![CDATA[]]></system-err>
</testsuite>
