<?xml version="1.0" encoding="UTF-8"?>
<testsuite name="com.project.reservation.interfaces.CategoryControllerTests" tests="1" skipped="0" failures="0" errors="0" timestamp="2020-01-26T13:17:07" hostname="DESKTOP-B7A5GTQ" time="0.131">
  <properties/>
  <testcase name="list()" classname="com.project.reservation.interfaces.CategoryControllerTests" time="0.131"/>
  <system-out><![CDATA[2020-01-26 22:17:07.267  INFO 17048 --- [    Test worker] .b.t.a.w.s.WebMvcTestContextBootstrapper : Neither @ContextConfiguration nor @ContextHierarchy found for test class [com.project.reservation.interfaces.CategoryControllerTests], using SpringBootContextLoader
2020-01-26 22:17:07.269  INFO 17048 --- [    Test worker] o.s.t.c.support.AbstractContextLoader    : Could not detect default resource locations for test class [com.project.reservation.interfaces.CategoryControllerTests]: no resource found for suffixes {-context.xml, Context.groovy}.
2020-01-26 22:17:07.269  INFO 17048 --- [    Test worker] t.c.s.AnnotationConfigContextLoaderUtils : Could not detect default configuration classes for test class [com.project.reservation.interfaces.CategoryControllerTests]: CategoryControllerTests does not declare any static, non-private, non-final, nested classes annotated with @Configuration.
2020-01-26 22:17:07.298  INFO 17048 --- [    Test worker] .b.t.c.SpringBootTestContextBootstrapper : Found @SpringBootConfiguration com.project.reservation.CustomerApiApplication for test class com.project.reservation.interfaces.CategoryControllerTests
2020-01-26 22:17:07.299  INFO 17048 --- [    Test worker] .b.t.a.w.s.WebMvcTestContextBootstrapper : Loaded default TestExecutionListener class names from location [META-INF/spring.factories]: [org.springframework.boot.test.autoconfigure.restdocs.RestDocsTestExecutionListener, org.springframework.boot.test.autoconfigure.web.client.MockRestServiceServerResetTestExecutionListener, org.springframework.boot.test.autoconfigure.web.servlet.MockMvcPrintOnlyOnFailureTestExecutionListener, org.springframework.boot.test.autoconfigure.web.servlet.WebDriverTestExecutionListener, org.springframework.boot.test.mock.mockito.MockitoTestExecutionListener, org.springframework.boot.test.mock.mockito.ResetMocksTestExecutionListener, org.springframework.test.context.web.ServletTestExecutionListener, org.springframework.test.context.support.DirtiesContextBeforeModesTestExecutionListener, org.springframework.test.context.support.DependencyInjectionTestExecutionListener, org.springframework.test.context.support.DirtiesContextTestExecutionListener, org.springframework.test.context.transaction.TransactionalTestExecutionListener, org.springframework.test.context.jdbc.SqlScriptsTestExecutionListener, org.springframework.test.context.event.EventPublishingTestExecutionListener]
2020-01-26 22:17:07.299  INFO 17048 --- [    Test worker] .b.t.a.w.s.WebMvcTestContextBootstrapper : Using TestExecutionListeners: [org.springframework.test.context.web.ServletTestExecutionListener@78767528, org.springframework.test.context.support.DirtiesContextBeforeModesTestExecutionListener@364db12f, org.springframework.boot.test.mock.mockito.MockitoTestExecutionListener@534c6283, org.springframework.boot.test.autoconfigure.SpringBootDependencyInjectionTestExecutionListener@f4f4886, org.springframework.test.context.support.DirtiesContextTestExecutionListener@44dbb372, org.springframework.test.context.transaction.TransactionalTestExecutionListener@1fc4a60f, org.springframework.test.context.jdbc.SqlScriptsTestExecutionListener@2f2c870e, org.springframework.test.context.event.EventPublishingTestExecutionListener@5ad2e115, org.springframework.boot.test.autoconfigure.restdocs.RestDocsTestExecutionListener@438b891e, org.springframework.boot.test.autoconfigure.web.client.MockRestServiceServerResetTestExecutionListener@7945abbe, org.springframework.boot.test.autoconfigure.web.servlet.MockMvcPrintOnlyOnFailureTestExecutionListener@329a476f, org.springframework.boot.test.autoconfigure.web.servlet.WebDriverTestExecutionListener@7f8dc260, org.springframework.boot.test.mock.mockito.ResetMocksTestExecutionListener@605177f6]

  .   ____          _            __ _ _
 /\\ / ___'_ __ _ _(_)_ __  __ _ \ \ \ \
( ( )\___ | '_ | '_| | '_ \/ _` | \ \ \ \
 \\/  ___)| |_)| | | | | || (_| |  ) ) ) )
  '  |____| .__|_| |_|_| |_\__, | / / / /
 =========|_|==============|___/=/_/_/_/
 :: Spring Boot ::        (v2.2.2.RELEASE)

2020-01-26 22:17:07.340  INFO 17048 --- [    Test worker] c.p.r.i.CategoryControllerTests          : Starting CategoryControllerTests on DESKTOP-B7A5GTQ with PID 17048 (started by nkh16 in C:\hyun\Programming\WEB\portfolio\Reservation-Restaurant\customer-api)
2020-01-26 22:17:07.340  INFO 17048 --- [    Test worker] c.p.r.i.CategoryControllerTests          : The following profiles are active: test
2020-01-26 22:17:07.718  INFO 17048 --- [    Test worker] o.s.s.concurrent.ThreadPoolTaskExecutor  : Initializing ExecutorService 'applicationTaskExecutor'
2020-01-26 22:17:07.858  INFO 17048 --- [    Test worker] o.s.b.t.m.w.SpringBootMockServletContext : Initializing Spring TestDispatcherServlet ''
2020-01-26 22:17:07.858  INFO 17048 --- [    Test worker] o.s.t.web.servlet.TestDispatcherServlet  : Initializing Servlet ''
2020-01-26 22:17:07.871  INFO 17048 --- [    Test worker] o.s.t.web.servlet.TestDispatcherServlet  : Completed initialization in 13 ms
2020-01-26 22:17:07.885  INFO 17048 --- [    Test worker] c.p.r.i.CategoryControllerTests          : Started CategoryControllerTests in 0.581 seconds (JVM running for 7.99)
]]></system-out>
  <system-err><![CDATA[]]></system-err>
</testsuite>
