<?xml version="1.0" encoding="UTF-8"?>
<testsuite name="com.project.reservation.interfaces.CategoryControllerTests" tests="1" skipped="0" failures="0" errors="0" timestamp="2020-01-26T08:34:24" hostname="DESKTOP-B7A5GTQ" time="0.175">
  <properties/>
  <testcase name="list()" classname="com.project.reservation.interfaces.CategoryControllerTests" time="0.175"/>
  <system-out><![CDATA[2020-01-26 17:34:23.409  INFO 1168 --- [    Test worker] .b.t.a.w.s.WebMvcTestContextBootstrapper : Neither @ContextConfiguration nor @ContextHierarchy found for test class [com.project.reservation.interfaces.CategoryControllerTests], using SpringBootContextLoader
2020-01-26 17:34:23.411  INFO 1168 --- [    Test worker] o.s.t.c.support.AbstractContextLoader    : Could not detect default resource locations for test class [com.project.reservation.interfaces.CategoryControllerTests]: no resource found for suffixes {-context.xml, Context.groovy}.
2020-01-26 17:34:23.411  INFO 1168 --- [    Test worker] t.c.s.AnnotationConfigContextLoaderUtils : Could not detect default configuration classes for test class [com.project.reservation.interfaces.CategoryControllerTests]: CategoryControllerTests does not declare any static, non-private, non-final, nested classes annotated with @Configuration.
2020-01-26 17:34:23.446  INFO 1168 --- [    Test worker] .b.t.c.SpringBootTestContextBootstrapper : Found @SpringBootConfiguration com.project.reservation.CustomerApiApplication for test class com.project.reservation.interfaces.CategoryControllerTests
2020-01-26 17:34:23.447  INFO 1168 --- [    Test worker] .b.t.a.w.s.WebMvcTestContextBootstrapper : Loaded default TestExecutionListener class names from location [META-INF/spring.factories]: [org.springframework.boot.test.autoconfigure.restdocs.RestDocsTestExecutionListener, org.springframework.boot.test.autoconfigure.web.client.MockRestServiceServerResetTestExecutionListener, org.springframework.boot.test.autoconfigure.web.servlet.MockMvcPrintOnlyOnFailureTestExecutionListener, org.springframework.boot.test.autoconfigure.web.servlet.WebDriverTestExecutionListener, org.springframework.boot.test.mock.mockito.MockitoTestExecutionListener, org.springframework.boot.test.mock.mockito.ResetMocksTestExecutionListener, org.springframework.test.context.web.ServletTestExecutionListener, org.springframework.test.context.support.DirtiesContextBeforeModesTestExecutionListener, org.springframework.test.context.support.DependencyInjectionTestExecutionListener, org.springframework.test.context.support.DirtiesContextTestExecutionListener, org.springframework.test.context.transaction.TransactionalTestExecutionListener, org.springframework.test.context.jdbc.SqlScriptsTestExecutionListener, org.springframework.test.context.event.EventPublishingTestExecutionListener]
2020-01-26 17:34:23.447  INFO 1168 --- [    Test worker] .b.t.a.w.s.WebMvcTestContextBootstrapper : Using TestExecutionListeners: [org.springframework.test.context.web.ServletTestExecutionListener@1cd5993c, org.springframework.test.context.support.DirtiesContextBeforeModesTestExecutionListener@2934fe06, org.springframework.boot.test.mock.mockito.MockitoTestExecutionListener@6ce021f6, org.springframework.boot.test.autoconfigure.SpringBootDependencyInjectionTestExecutionListener@5fa3d65c, org.springframework.test.context.support.DirtiesContextTestExecutionListener@6f0fa8ed, org.springframework.test.context.transaction.TransactionalTestExecutionListener@61c5afc4, org.springframework.test.context.jdbc.SqlScriptsTestExecutionListener@c47dd9b, org.springframework.test.context.event.EventPublishingTestExecutionListener@4d97fb79, org.springframework.boot.test.autoconfigure.restdocs.RestDocsTestExecutionListener@5fcd6ae6, org.springframework.boot.test.autoconfigure.web.client.MockRestServiceServerResetTestExecutionListener@133a4554, org.springframework.boot.test.autoconfigure.web.servlet.MockMvcPrintOnlyOnFailureTestExecutionListener@21a3f9ad, org.springframework.boot.test.autoconfigure.web.servlet.WebDriverTestExecutionListener@539d92d3, org.springframework.boot.test.mock.mockito.ResetMocksTestExecutionListener@67b3481c]

  .   ____          _            __ _ _
 /\\ / ___'_ __ _ _(_)_ __  __ _ \ \ \ \
( ( )\___ | '_ | '_| | '_ \/ _` | \ \ \ \
 \\/  ___)| |_)| | | | | || (_| |  ) ) ) )
  '  |____| .__|_| |_|_| |_\__, | / / / /
 =========|_|==============|___/=/_/_/_/
 :: Spring Boot ::        (v2.2.2.RELEASE)

2020-01-26 17:34:23.502  INFO 1168 --- [    Test worker] c.p.r.i.CategoryControllerTests          : Starting CategoryControllerTests on DESKTOP-B7A5GTQ with PID 1168 (started by nkh16 in C:\hyun\Programming\WEB\portfolio\Reservation-Restaurant\customer-api)
2020-01-26 17:34:23.502  INFO 1168 --- [    Test worker] c.p.r.i.CategoryControllerTests          : The following profiles are active: test
2020-01-26 17:34:24.096  INFO 1168 --- [    Test worker] o.s.s.concurrent.ThreadPoolTaskExecutor  : Initializing ExecutorService 'applicationTaskExecutor'
2020-01-26 17:34:24.308  INFO 1168 --- [    Test worker] o.s.b.t.m.w.SpringBootMockServletContext : Initializing Spring TestDispatcherServlet ''
2020-01-26 17:34:24.308  INFO 1168 --- [    Test worker] o.s.t.web.servlet.TestDispatcherServlet  : Initializing Servlet ''
2020-01-26 17:34:24.331  INFO 1168 --- [    Test worker] o.s.t.web.servlet.TestDispatcherServlet  : Completed initialization in 22 ms
2020-01-26 17:34:24.362  INFO 1168 --- [    Test worker] c.p.r.i.CategoryControllerTests          : Started CategoryControllerTests in 0.911 seconds (JVM running for 11.415)
]]></system-out>
  <system-err><![CDATA[]]></system-err>
</testsuite>
