<?xml version="1.0" encoding="UTF-8"?>
<testsuite name="com.project.reservation.interfaces.CategoryControllerTests" tests="1" skipped="0" failures="0" errors="0" timestamp="2020-01-28T02:35:24" hostname="DESKTOP-B7A5GTQ" time="0.193">
  <properties/>
  <testcase name="list()" classname="com.project.reservation.interfaces.CategoryControllerTests" time="0.193"/>
  <system-out><![CDATA[2020-01-28 11:35:23.216  INFO 17020 --- [    Test worker] .b.t.a.w.s.WebMvcTestContextBootstrapper : Neither @ContextConfiguration nor @ContextHierarchy found for test class [com.project.reservation.interfaces.CategoryControllerTests], using SpringBootContextLoader
2020-01-28 11:35:23.218  INFO 17020 --- [    Test worker] o.s.t.c.support.AbstractContextLoader    : Could not detect default resource locations for test class [com.project.reservation.interfaces.CategoryControllerTests]: no resource found for suffixes {-context.xml, Context.groovy}.
2020-01-28 11:35:23.219  INFO 17020 --- [    Test worker] t.c.s.AnnotationConfigContextLoaderUtils : Could not detect default configuration classes for test class [com.project.reservation.interfaces.CategoryControllerTests]: CategoryControllerTests does not declare any static, non-private, non-final, nested classes annotated with @Configuration.
2020-01-28 11:35:23.257  INFO 17020 --- [    Test worker] .b.t.c.SpringBootTestContextBootstrapper : Found @SpringBootConfiguration com.project.reservation.CustomerApiApplication for test class com.project.reservation.interfaces.CategoryControllerTests
2020-01-28 11:35:23.258  INFO 17020 --- [    Test worker] .b.t.a.w.s.WebMvcTestContextBootstrapper : Loaded default TestExecutionListener class names from location [META-INF/spring.factories]: [org.springframework.boot.test.autoconfigure.restdocs.RestDocsTestExecutionListener, org.springframework.boot.test.autoconfigure.web.client.MockRestServiceServerResetTestExecutionListener, org.springframework.boot.test.autoconfigure.web.servlet.MockMvcPrintOnlyOnFailureTestExecutionListener, org.springframework.boot.test.autoconfigure.web.servlet.WebDriverTestExecutionListener, org.springframework.boot.test.mock.mockito.MockitoTestExecutionListener, org.springframework.boot.test.mock.mockito.ResetMocksTestExecutionListener, org.springframework.test.context.web.ServletTestExecutionListener, org.springframework.test.context.support.DirtiesContextBeforeModesTestExecutionListener, org.springframework.test.context.support.DependencyInjectionTestExecutionListener, org.springframework.test.context.support.DirtiesContextTestExecutionListener, org.springframework.test.context.transaction.TransactionalTestExecutionListener, org.springframework.test.context.jdbc.SqlScriptsTestExecutionListener, org.springframework.test.context.event.EventPublishingTestExecutionListener]
2020-01-28 11:35:23.258  INFO 17020 --- [    Test worker] .b.t.a.w.s.WebMvcTestContextBootstrapper : Using TestExecutionListeners: [org.springframework.test.context.web.ServletTestExecutionListener@5f815e8f, org.springframework.test.context.support.DirtiesContextBeforeModesTestExecutionListener@62e3391d, org.springframework.boot.test.mock.mockito.MockitoTestExecutionListener@745133df, org.springframework.boot.test.autoconfigure.SpringBootDependencyInjectionTestExecutionListener@432d25fa, org.springframework.test.context.support.DirtiesContextTestExecutionListener@160d7e36, org.springframework.test.context.transaction.TransactionalTestExecutionListener@6ddd863b, org.springframework.test.context.jdbc.SqlScriptsTestExecutionListener@106f9f94, org.springframework.test.context.event.EventPublishingTestExecutionListener@3a477a96, org.springframework.boot.test.autoconfigure.restdocs.RestDocsTestExecutionListener@47c65f26, org.springframework.boot.test.autoconfigure.web.client.MockRestServiceServerResetTestExecutionListener@462bf5bb, org.springframework.boot.test.autoconfigure.web.servlet.MockMvcPrintOnlyOnFailureTestExecutionListener@2a5441d5, org.springframework.boot.test.autoconfigure.web.servlet.WebDriverTestExecutionListener@2b461dc3, org.springframework.boot.test.mock.mockito.ResetMocksTestExecutionListener@5e8c58e2]

  .   ____          _            __ _ _
 /\\ / ___'_ __ _ _(_)_ __  __ _ \ \ \ \
( ( )\___ | '_ | '_| | '_ \/ _` | \ \ \ \
 \\/  ___)| |_)| | | | | || (_| |  ) ) ) )
  '  |____| .__|_| |_|_| |_\__, | / / / /
 =========|_|==============|___/=/_/_/_/
 :: Spring Boot ::        (v2.2.2.RELEASE)

2020-01-28 11:35:23.317  INFO 17020 --- [    Test worker] c.p.r.i.CategoryControllerTests          : Starting CategoryControllerTests on DESKTOP-B7A5GTQ with PID 17020 (started by nkh16 in C:\hyun\Programming\WEB\portfolio\Reservation-Restaurant\customer-api)
2020-01-28 11:35:23.317  INFO 17020 --- [    Test worker] c.p.r.i.CategoryControllerTests          : The following profiles are active: test
2020-01-28 11:35:23.844  INFO 17020 --- [    Test worker] .s.s.UserDetailsServiceAutoConfiguration : 

Using generated security password: c39e6700-bc18-47e7-b978-b6916ff8bc44

2020-01-28 11:35:23.940  INFO 17020 --- [    Test worker] o.s.s.web.DefaultSecurityFilterChain     : Creating filter chain: any request, [org.springframework.security.web.context.request.async.WebAsyncManagerIntegrationFilter@7574b6f5, org.springframework.security.web.context.SecurityContextPersistenceFilter@264a623a, org.springframework.security.web.header.HeaderWriterFilter@1d398b26, org.springframework.security.web.authentication.logout.LogoutFilter@667a1368, com.project.reservation.filters.JwtAuthenticationFilter@392b8864, org.springframework.security.web.savedrequest.RequestCacheAwareFilter@63be0466, org.springframework.security.web.servletapi.SecurityContextHolderAwareRequestFilter@320fd38c, org.springframework.security.web.authentication.AnonymousAuthenticationFilter@d0fb763, org.springframework.security.web.session.SessionManagementFilter@17c6c780, org.springframework.security.web.access.ExceptionTranslationFilter@1aabe346]
2020-01-28 11:35:24.124  INFO 17020 --- [    Test worker] o.s.s.concurrent.ThreadPoolTaskExecutor  : Initializing ExecutorService 'applicationTaskExecutor'
2020-01-28 11:35:24.310  INFO 17020 --- [    Test worker] o.s.b.t.m.w.SpringBootMockServletContext : Initializing Spring TestDispatcherServlet ''
2020-01-28 11:35:24.310  INFO 17020 --- [    Test worker] o.s.t.web.servlet.TestDispatcherServlet  : Initializing Servlet ''
2020-01-28 11:35:24.333  INFO 17020 --- [    Test worker] o.s.t.web.servlet.TestDispatcherServlet  : Completed initialization in 23 ms
2020-01-28 11:35:24.354  INFO 17020 --- [    Test worker] c.p.r.i.CategoryControllerTests          : Started CategoryControllerTests in 1.092 seconds (JVM running for 12.366)
]]></system-out>
  <system-err><![CDATA[]]></system-err>
</testsuite>
