<?xml version="1.0" encoding="UTF-8"?>
<testsuite name="com.project.reservation.interfaces.RegionControllerTests" tests="1" skipped="0" failures="0" errors="0" timestamp="2020-01-27T08:52:59" hostname="DESKTOP-B7A5GTQ" time="0.014">
  <properties/>
  <testcase name="list()" classname="com.project.reservation.interfaces.RegionControllerTests" time="0.014"/>
  <system-out><![CDATA[2020-01-27 17:52:58.635  INFO 11452 --- [    Test worker] .b.t.a.w.s.WebMvcTestContextBootstrapper : Neither @ContextConfiguration nor @ContextHierarchy found for test class [com.project.reservation.interfaces.RegionControllerTests], using SpringBootContextLoader
2020-01-27 17:52:58.636  INFO 11452 --- [    Test worker] o.s.t.c.support.AbstractContextLoader    : Could not detect default resource locations for test class [com.project.reservation.interfaces.RegionControllerTests]: no resource found for suffixes {-context.xml, Context.groovy}.
2020-01-27 17:52:58.637  INFO 11452 --- [    Test worker] t.c.s.AnnotationConfigContextLoaderUtils : Could not detect default configuration classes for test class [com.project.reservation.interfaces.RegionControllerTests]: RegionControllerTests does not declare any static, non-private, non-final, nested classes annotated with @Configuration.
2020-01-27 17:52:58.642  INFO 11452 --- [    Test worker] .b.t.c.SpringBootTestContextBootstrapper : Found @SpringBootConfiguration com.project.reservation.CustomerApiApplication for test class com.project.reservation.interfaces.RegionControllerTests
2020-01-27 17:52:58.642  INFO 11452 --- [    Test worker] .b.t.a.w.s.WebMvcTestContextBootstrapper : Loaded default TestExecutionListener class names from location [META-INF/spring.factories]: [org.springframework.boot.test.autoconfigure.restdocs.RestDocsTestExecutionListener, org.springframework.boot.test.autoconfigure.web.client.MockRestServiceServerResetTestExecutionListener, org.springframework.boot.test.autoconfigure.web.servlet.MockMvcPrintOnlyOnFailureTestExecutionListener, org.springframework.boot.test.autoconfigure.web.servlet.WebDriverTestExecutionListener, org.springframework.boot.test.mock.mockito.MockitoTestExecutionListener, org.springframework.boot.test.mock.mockito.ResetMocksTestExecutionListener, org.springframework.test.context.web.ServletTestExecutionListener, org.springframework.test.context.support.DirtiesContextBeforeModesTestExecutionListener, org.springframework.test.context.support.DependencyInjectionTestExecutionListener, org.springframework.test.context.support.DirtiesContextTestExecutionListener, org.springframework.test.context.transaction.TransactionalTestExecutionListener, org.springframework.test.context.jdbc.SqlScriptsTestExecutionListener, org.springframework.test.context.event.EventPublishingTestExecutionListener]
2020-01-27 17:52:58.643  INFO 11452 --- [    Test worker] .b.t.a.w.s.WebMvcTestContextBootstrapper : Using TestExecutionListeners: [org.springframework.test.context.web.ServletTestExecutionListener@17a87ad4, org.springframework.test.context.support.DirtiesContextBeforeModesTestExecutionListener@51b9144, org.springframework.boot.test.mock.mockito.MockitoTestExecutionListener@13c977b2, org.springframework.boot.test.autoconfigure.SpringBootDependencyInjectionTestExecutionListener@2dad9d1c, org.springframework.test.context.support.DirtiesContextTestExecutionListener@79072ca7, org.springframework.test.context.transaction.TransactionalTestExecutionListener@20cf0372, org.springframework.test.context.jdbc.SqlScriptsTestExecutionListener@78e3943e, org.springframework.test.context.event.EventPublishingTestExecutionListener@3967a343, org.springframework.boot.test.autoconfigure.restdocs.RestDocsTestExecutionListener@7945c2dc, org.springframework.boot.test.autoconfigure.web.client.MockRestServiceServerResetTestExecutionListener@21c99a15, org.springframework.boot.test.autoconfigure.web.servlet.MockMvcPrintOnlyOnFailureTestExecutionListener@45efa876, org.springframework.boot.test.autoconfigure.web.servlet.WebDriverTestExecutionListener@41167633, org.springframework.boot.test.mock.mockito.ResetMocksTestExecutionListener@16920fef]

  .   ____          _            __ _ _
 /\\ / ___'_ __ _ _(_)_ __  __ _ \ \ \ \
( ( )\___ | '_ | '_| | '_ \/ _` | \ \ \ \
 \\/  ___)| |_)| | | | | || (_| |  ) ) ) )
  '  |____| .__|_| |_|_| |_\__, | / / / /
 =========|_|==============|___/=/_/_/_/
 :: Spring Boot ::        (v2.2.2.RELEASE)

2020-01-27 17:52:58.685  INFO 11452 --- [    Test worker] c.p.r.interfaces.RegionControllerTests   : Starting RegionControllerTests on DESKTOP-B7A5GTQ with PID 11452 (started by nkh16 in C:\hyun\Programming\WEB\portfolio\Reservation-Restaurant\customer-api)
2020-01-27 17:52:58.685  INFO 11452 --- [    Test worker] c.p.r.interfaces.RegionControllerTests   : The following profiles are active: test
2020-01-27 17:52:59.042  INFO 11452 --- [    Test worker] .s.s.UserDetailsServiceAutoConfiguration : 

Using generated security password: 3e753836-e7c5-4eca-99d4-4970b7431d8e

2020-01-27 17:52:59.117  INFO 11452 --- [    Test worker] o.s.s.web.DefaultSecurityFilterChain     : Creating filter chain: any request, [org.springframework.security.web.context.request.async.WebAsyncManagerIntegrationFilter@5c25078d, org.springframework.security.web.context.SecurityContextPersistenceFilter@6b9dc8e9, org.springframework.security.web.header.HeaderWriterFilter@55546ab7, org.springframework.security.web.authentication.logout.LogoutFilter@2d2463de, org.springframework.security.web.savedrequest.RequestCacheAwareFilter@cffb1f6, org.springframework.security.web.servletapi.SecurityContextHolderAwareRequestFilter@7a08730c, org.springframework.security.web.authentication.AnonymousAuthenticationFilter@658c9f16, org.springframework.security.web.session.SessionManagementFilter@3c2dc194, org.springframework.security.web.access.ExceptionTranslationFilter@2f49199d]
2020-01-27 17:52:59.298  INFO 11452 --- [    Test worker] o.s.s.concurrent.ThreadPoolTaskExecutor  : Initializing ExecutorService 'applicationTaskExecutor'
2020-01-27 17:52:59.487  INFO 11452 --- [    Test worker] o.s.b.t.m.w.SpringBootMockServletContext : Initializing Spring TestDispatcherServlet ''
2020-01-27 17:52:59.488  INFO 11452 --- [    Test worker] o.s.t.web.servlet.TestDispatcherServlet  : Initializing Servlet ''
2020-01-27 17:52:59.499  INFO 11452 --- [    Test worker] o.s.t.web.servlet.TestDispatcherServlet  : Completed initialization in 9 ms
2020-01-27 17:52:59.520  INFO 11452 --- [    Test worker] c.p.r.interfaces.RegionControllerTests   : Started RegionControllerTests in 0.873 seconds (JVM running for 12.002)
]]></system-out>
  <system-err><![CDATA[]]></system-err>
</testsuite>
