<?xml version="1.0" encoding="UTF-8"?>
<testsuite name="com.project.reservation.interfaces.ReviewControllerTests" tests="2" skipped="0" failures="0" errors="0" timestamp="2020-01-27T04:31:25" hostname="DESKTOP-B7A5GTQ" time="0.211">
  <properties/>
  <testcase name="createWithValidAttribute()" classname="com.project.reservation.interfaces.ReviewControllerTests" time="0.163"/>
  <testcase name="createWithInvalidAttribute()" classname="com.project.reservation.interfaces.ReviewControllerTests" time="0.047"/>
  <system-out><![CDATA[2020-01-27 13:31:24.316  INFO 17164 --- [    Test worker] .b.t.a.w.s.WebMvcTestContextBootstrapper : Neither @ContextConfiguration nor @ContextHierarchy found for test class [com.project.reservation.interfaces.ReviewControllerTests], using SpringBootContextLoader
2020-01-27 13:31:24.317  INFO 17164 --- [    Test worker] o.s.t.c.support.AbstractContextLoader    : Could not detect default resource locations for test class [com.project.reservation.interfaces.ReviewControllerTests]: no resource found for suffixes {-context.xml, Context.groovy}.
2020-01-27 13:31:24.318  INFO 17164 --- [    Test worker] t.c.s.AnnotationConfigContextLoaderUtils : Could not detect default configuration classes for test class [com.project.reservation.interfaces.ReviewControllerTests]: ReviewControllerTests does not declare any static, non-private, non-final, nested classes annotated with @Configuration.
2020-01-27 13:31:24.322  INFO 17164 --- [    Test worker] .b.t.c.SpringBootTestContextBootstrapper : Found @SpringBootConfiguration com.project.reservation.CustomerApiApplication for test class com.project.reservation.interfaces.ReviewControllerTests
2020-01-27 13:31:24.322  INFO 17164 --- [    Test worker] .b.t.a.w.s.WebMvcTestContextBootstrapper : Loaded default TestExecutionListener class names from location [META-INF/spring.factories]: [org.springframework.boot.test.autoconfigure.restdocs.RestDocsTestExecutionListener, org.springframework.boot.test.autoconfigure.web.client.MockRestServiceServerResetTestExecutionListener, org.springframework.boot.test.autoconfigure.web.servlet.MockMvcPrintOnlyOnFailureTestExecutionListener, org.springframework.boot.test.autoconfigure.web.servlet.WebDriverTestExecutionListener, org.springframework.boot.test.mock.mockito.MockitoTestExecutionListener, org.springframework.boot.test.mock.mockito.ResetMocksTestExecutionListener, org.springframework.test.context.web.ServletTestExecutionListener, org.springframework.test.context.support.DirtiesContextBeforeModesTestExecutionListener, org.springframework.test.context.support.DependencyInjectionTestExecutionListener, org.springframework.test.context.support.DirtiesContextTestExecutionListener, org.springframework.test.context.transaction.TransactionalTestExecutionListener, org.springframework.test.context.jdbc.SqlScriptsTestExecutionListener, org.springframework.test.context.event.EventPublishingTestExecutionListener]
2020-01-27 13:31:24.322  INFO 17164 --- [    Test worker] .b.t.a.w.s.WebMvcTestContextBootstrapper : Using TestExecutionListeners: [org.springframework.test.context.web.ServletTestExecutionListener@4ac6582e, org.springframework.test.context.support.DirtiesContextBeforeModesTestExecutionListener@7083430f, org.springframework.boot.test.mock.mockito.MockitoTestExecutionListener@728c73be, org.springframework.boot.test.autoconfigure.SpringBootDependencyInjectionTestExecutionListener@3a88cd02, org.springframework.test.context.support.DirtiesContextTestExecutionListener@4277e555, org.springframework.test.context.transaction.TransactionalTestExecutionListener@28065d2f, org.springframework.test.context.jdbc.SqlScriptsTestExecutionListener@3906ca12, org.springframework.test.context.event.EventPublishingTestExecutionListener@459af0ed, org.springframework.boot.test.autoconfigure.restdocs.RestDocsTestExecutionListener@38bae846, org.springframework.boot.test.autoconfigure.web.client.MockRestServiceServerResetTestExecutionListener@224f255b, org.springframework.boot.test.autoconfigure.web.servlet.MockMvcPrintOnlyOnFailureTestExecutionListener@2d162d5a, org.springframework.boot.test.autoconfigure.web.servlet.WebDriverTestExecutionListener@3f99ad8d, org.springframework.boot.test.mock.mockito.ResetMocksTestExecutionListener@508e9ae0]

  .   ____          _            __ _ _
 /\\ / ___'_ __ _ _(_)_ __  __ _ \ \ \ \
( ( )\___ | '_ | '_| | '_ \/ _` | \ \ \ \
 \\/  ___)| |_)| | | | | || (_| |  ) ) ) )
  '  |____| .__|_| |_|_| |_\__, | / / / /
 =========|_|==============|___/=/_/_/_/
 :: Spring Boot ::        (v2.2.2.RELEASE)

2020-01-27 13:31:24.357  INFO 17164 --- [    Test worker] c.p.r.interfaces.ReviewControllerTests   : Starting ReviewControllerTests on DESKTOP-B7A5GTQ with PID 17164 (started by nkh16 in C:\hyun\Programming\WEB\portfolio\Reservation-Restaurant\customer-api)
2020-01-27 13:31:24.357  INFO 17164 --- [    Test worker] c.p.r.interfaces.ReviewControllerTests   : The following profiles are active: test
2020-01-27 13:31:24.691  INFO 17164 --- [    Test worker] .s.s.UserDetailsServiceAutoConfiguration : 

Using generated security password: bb8b30ea-d54e-4643-a6fc-d13c14fd8c5d

2020-01-27 13:31:24.773  INFO 17164 --- [    Test worker] o.s.s.web.DefaultSecurityFilterChain     : Creating filter chain: any request, [org.springframework.security.web.context.request.async.WebAsyncManagerIntegrationFilter@1288330c, org.springframework.security.web.context.SecurityContextPersistenceFilter@1eae010f, org.springframework.security.web.header.HeaderWriterFilter@320424c2, org.springframework.security.web.authentication.logout.LogoutFilter@2448200f, org.springframework.security.web.savedrequest.RequestCacheAwareFilter@5b3db96b, org.springframework.security.web.servletapi.SecurityContextHolderAwareRequestFilter@488cb4fa, org.springframework.security.web.authentication.AnonymousAuthenticationFilter@3f8e7ec3, org.springframework.security.web.session.SessionManagementFilter@11626d87, org.springframework.security.web.access.ExceptionTranslationFilter@5381dcc]
2020-01-27 13:31:24.967  INFO 17164 --- [    Test worker] o.s.s.concurrent.ThreadPoolTaskExecutor  : Initializing ExecutorService 'applicationTaskExecutor'
2020-01-27 13:31:25.152  INFO 17164 --- [    Test worker] o.s.b.t.m.w.SpringBootMockServletContext : Initializing Spring TestDispatcherServlet ''
2020-01-27 13:31:25.152  INFO 17164 --- [    Test worker] o.s.t.web.servlet.TestDispatcherServlet  : Initializing Servlet ''
2020-01-27 13:31:25.168  INFO 17164 --- [    Test worker] o.s.t.web.servlet.TestDispatcherServlet  : Completed initialization in 15 ms
2020-01-27 13:31:25.185  INFO 17164 --- [    Test worker] c.p.r.interfaces.ReviewControllerTests   : Started ReviewControllerTests in 0.86 seconds (JVM running for 14.238)
2020-01-27 13:31:25.390  WARN 17164 --- [    Test worker] .w.s.m.s.DefaultHandlerExceptionResolver : Resolved [org.springframework.web.bind.MethodArgumentNotValidException: Validation failed for argument [1] in public org.springframework.http.ResponseEntity<?> com.project.reservation.interfaces.ReviewController.create(java.lang.Long,com.project.reservation.domain.Review) throws java.net.URISyntaxException with 3 errors: [Field error in object 'review' on field 'name': rejected value [null]; codes [NotEmpty.review.name,NotEmpty.name,NotEmpty.java.lang.String,NotEmpty]; arguments [org.springframework.context.support.DefaultMessageSourceResolvable: codes [review.name,name]; arguments []; default message [name]]; default message [must not be empty]] [Field error in object 'review' on field 'score': rejected value [null]; codes [NotNull.review.score,NotNull.score,NotNull.java.lang.Integer,NotNull]; arguments [org.springframework.context.support.DefaultMessageSourceResolvable: codes [review.score,score]; arguments []; default message [score]]; default message [must not be null]] [Field error in object 'review' on field 'description': rejected value [null]; codes [NotEmpty.review.description,NotEmpty.description,NotEmpty.java.lang.String,NotEmpty]; arguments [org.springframework.context.support.DefaultMessageSourceResolvable: codes [review.description,description]; arguments []; default message [description]]; default message [must not be empty]] ]
]]></system-out>
  <system-err><![CDATA[]]></system-err>
</testsuite>
