<?xml version="1.0" encoding="UTF-8"?>
<testsuite name="com.project.reservation.application.ReviewServiceTests" tests="1" skipped="0" failures="0" errors="0" timestamp="2020-01-24T09:01:05" hostname="DESKTOP-B7A5GTQ" time="0.003">
  <properties/>
  <testcase name="addReview()" classname="com.project.reservation.application.ReviewServiceTests" time="0.003"/>
  <system-out><![CDATA[]]></system-out>
  <system-err><![CDATA[]]></system-err>
</testsuite>
