<?xml version="1.0" encoding="UTF-8"?>
<testsuite name="com.project.reservation.interfaces.RestaurantControllerTests" tests="3" skipped="0" failures="0" errors="0" timestamp="2020-01-28T15:21:35" hostname="DESKTOP-B7A5GTQ" time="0.066">
  <properties/>
  <testcase name="list()" classname="com.project.reservation.interfaces.RestaurantControllerTests" time="0.03"/>
  <testcase name="detailWithNotExisted()" classname="com.project.reservation.interfaces.RestaurantControllerTests" time="0.019"/>
  <testcase name="detailWithExisted()" classname="com.project.reservation.interfaces.RestaurantControllerTests" time="0.014"/>
  <system-out><![CDATA[2020-01-29 00:21:35.000  INFO 6768 --- [    Test worker] .b.t.a.w.s.WebMvcTestContextBootstrapper : Neither @ContextConfiguration nor @ContextHierarchy found for test class [com.project.reservation.interfaces.RestaurantControllerTests], using SpringBootContextLoader
2020-01-29 00:21:35.002  INFO 6768 --- [    Test worker] o.s.t.c.support.AbstractContextLoader    : Could not detect default resource locations for test class [com.project.reservation.interfaces.RestaurantControllerTests]: no resource found for suffixes {-context.xml, Context.groovy}.
2020-01-29 00:21:35.005  INFO 6768 --- [    Test worker] t.c.s.AnnotationConfigContextLoaderUtils : Could not detect default configuration classes for test class [com.project.reservation.interfaces.RestaurantControllerTests]: RestaurantControllerTests does not declare any static, non-private, non-final, nested classes annotated with @Configuration.
2020-01-29 00:21:35.008  INFO 6768 --- [    Test worker] .b.t.c.SpringBootTestContextBootstrapper : Found @SpringBootConfiguration com.project.reservation.CustomerApiApplication for test class com.project.reservation.interfaces.RestaurantControllerTests
2020-01-29 00:21:35.009  INFO 6768 --- [    Test worker] .b.t.a.w.s.WebMvcTestContextBootstrapper : Loaded default TestExecutionListener class names from location [META-INF/spring.factories]: [org.springframework.boot.test.autoconfigure.restdocs.RestDocsTestExecutionListener, org.springframework.boot.test.autoconfigure.web.client.MockRestServiceServerResetTestExecutionListener, org.springframework.boot.test.autoconfigure.web.servlet.MockMvcPrintOnlyOnFailureTestExecutionListener, org.springframework.boot.test.autoconfigure.web.servlet.WebDriverTestExecutionListener, org.springframework.boot.test.mock.mockito.MockitoTestExecutionListener, org.springframework.boot.test.mock.mockito.ResetMocksTestExecutionListener, org.springframework.test.context.web.ServletTestExecutionListener, org.springframework.test.context.support.DirtiesContextBeforeModesTestExecutionListener, org.springframework.test.context.support.DependencyInjectionTestExecutionListener, org.springframework.test.context.support.DirtiesContextTestExecutionListener, org.springframework.test.context.transaction.TransactionalTestExecutionListener, org.springframework.test.context.jdbc.SqlScriptsTestExecutionListener, org.springframework.test.context.event.EventPublishingTestExecutionListener]
2020-01-29 00:21:35.009  INFO 6768 --- [    Test worker] .b.t.a.w.s.WebMvcTestContextBootstrapper : Using TestExecutionListeners: [org.springframework.test.context.web.ServletTestExecutionListener@275c0c25, org.springframework.test.context.support.DirtiesContextBeforeModesTestExecutionListener@318f9fe7, org.springframework.boot.test.mock.mockito.MockitoTestExecutionListener@1672360f, org.springframework.boot.test.autoconfigure.SpringBootDependencyInjectionTestExecutionListener@daab240, org.springframework.test.context.support.DirtiesContextTestExecutionListener@4ad0baf4, org.springframework.test.context.transaction.TransactionalTestExecutionListener@76d74ee, org.springframework.test.context.jdbc.SqlScriptsTestExecutionListener@a8f842, org.springframework.test.context.event.EventPublishingTestExecutionListener@584872a5, org.springframework.boot.test.autoconfigure.restdocs.RestDocsTestExecutionListener@17007442, org.springframework.boot.test.autoconfigure.web.client.MockRestServiceServerResetTestExecutionListener@7ba6a848, org.springframework.boot.test.autoconfigure.web.servlet.MockMvcPrintOnlyOnFailureTestExecutionListener@3c8b3596, org.springframework.boot.test.autoconfigure.web.servlet.WebDriverTestExecutionListener@27cda5f8, org.springframework.boot.test.mock.mockito.ResetMocksTestExecutionListener@33fb6727]

  .   ____          _            __ _ _
 /\\ / ___'_ __ _ _(_)_ __  __ _ \ \ \ \
( ( )\___ | '_ | '_| | '_ \/ _` | \ \ \ \
 \\/  ___)| |_)| | | | | || (_| |  ) ) ) )
  '  |____| .__|_| |_|_| |_\__, | / / / /
 =========|_|==============|___/=/_/_/_/
 :: Spring Boot ::        (v2.2.2.RELEASE)

2020-01-29 00:21:35.053  INFO 6768 --- [    Test worker] c.p.r.i.RestaurantControllerTests        : Starting RestaurantControllerTests on DESKTOP-B7A5GTQ with PID 6768 (started by nkh16 in C:\hyun\Programming\WEB\portfolio\Reservation-Restaurant\customer-api)
2020-01-29 00:21:35.054  INFO 6768 --- [    Test worker] c.p.r.i.RestaurantControllerTests        : The following profiles are active: test
2020-01-29 00:21:35.404  INFO 6768 --- [    Test worker] .s.s.UserDetailsServiceAutoConfiguration : 

Using generated security password: 06fa3f72-724d-4c97-a639-0b8eb7005e34

2020-01-29 00:21:35.486  INFO 6768 --- [    Test worker] o.s.s.web.DefaultSecurityFilterChain     : Creating filter chain: any request, [org.springframework.security.web.context.request.async.WebAsyncManagerIntegrationFilter@4dad0a56, org.springframework.security.web.context.SecurityContextPersistenceFilter@66938310, org.springframework.security.web.header.HeaderWriterFilter@44d144a4, org.springframework.security.web.authentication.logout.LogoutFilter@2539322e, com.project.reservation.filters.JwtAuthenticationFilter@3f16b362, org.springframework.security.web.savedrequest.RequestCacheAwareFilter@93c381f, org.springframework.security.web.servletapi.SecurityContextHolderAwareRequestFilter@4706b9f8, org.springframework.security.web.authentication.AnonymousAuthenticationFilter@25caf355, org.springframework.security.web.session.SessionManagementFilter@2c66960a, org.springframework.security.web.access.ExceptionTranslationFilter@2279a72a]
2020-01-29 00:21:35.674  INFO 6768 --- [    Test worker] o.s.s.concurrent.ThreadPoolTaskExecutor  : Initializing ExecutorService 'applicationTaskExecutor'
2020-01-29 00:21:35.837  INFO 6768 --- [    Test worker] o.s.b.t.m.w.SpringBootMockServletContext : Initializing Spring TestDispatcherServlet ''
2020-01-29 00:21:35.837  INFO 6768 --- [    Test worker] o.s.t.web.servlet.TestDispatcherServlet  : Initializing Servlet ''
2020-01-29 00:21:35.846  INFO 6768 --- [    Test worker] o.s.t.web.servlet.TestDispatcherServlet  : Completed initialization in 9 ms
2020-01-29 00:21:35.870  INFO 6768 --- [    Test worker] c.p.r.i.RestaurantControllerTests        : Started RestaurantControllerTests in 0.856 seconds (JVM running for 12.736)
]]></system-out>
  <system-err><![CDATA[]]></system-err>
</testsuite>
