<?xml version="1.0" encoding="UTF-8"?>
<testsuite name="com.project.reservation.interfaces.RestaurantControllerTests" tests="3" skipped="0" failures="0" errors="0" timestamp="2020-01-27T04:31:24" hostname="DESKTOP-B7A5GTQ" time="0.071">
  <properties/>
  <testcase name="list()" classname="com.project.reservation.interfaces.RestaurantControllerTests" time="0.032"/>
  <testcase name="detailWithNotExisted()" classname="com.project.reservation.interfaces.RestaurantControllerTests" time="0.021"/>
  <testcase name="detailWithExisted()" classname="com.project.reservation.interfaces.RestaurantControllerTests" time="0.012"/>
  <system-out><![CDATA[2020-01-27 13:31:23.387  INFO 17164 --- [    Test worker] .b.t.a.w.s.WebMvcTestContextBootstrapper : Neither @ContextConfiguration nor @ContextHierarchy found for test class [com.project.reservation.interfaces.RestaurantControllerTests], using SpringBootContextLoader
2020-01-27 13:31:23.387  INFO 17164 --- [    Test worker] o.s.t.c.support.AbstractContextLoader    : Could not detect default resource locations for test class [com.project.reservation.interfaces.RestaurantControllerTests]: no resource found for suffixes {-context.xml, Context.groovy}.
2020-01-27 13:31:23.387  INFO 17164 --- [    Test worker] t.c.s.AnnotationConfigContextLoaderUtils : Could not detect default configuration classes for test class [com.project.reservation.interfaces.RestaurantControllerTests]: RestaurantControllerTests does not declare any static, non-private, non-final, nested classes annotated with @Configuration.
2020-01-27 13:31:23.390  INFO 17164 --- [    Test worker] .b.t.c.SpringBootTestContextBootstrapper : Found @SpringBootConfiguration com.project.reservation.CustomerApiApplication for test class com.project.reservation.interfaces.RestaurantControllerTests
2020-01-27 13:31:23.391  INFO 17164 --- [    Test worker] .b.t.a.w.s.WebMvcTestContextBootstrapper : Loaded default TestExecutionListener class names from location [META-INF/spring.factories]: [org.springframework.boot.test.autoconfigure.restdocs.RestDocsTestExecutionListener, org.springframework.boot.test.autoconfigure.web.client.MockRestServiceServerResetTestExecutionListener, org.springframework.boot.test.autoconfigure.web.servlet.MockMvcPrintOnlyOnFailureTestExecutionListener, org.springframework.boot.test.autoconfigure.web.servlet.WebDriverTestExecutionListener, org.springframework.boot.test.mock.mockito.MockitoTestExecutionListener, org.springframework.boot.test.mock.mockito.ResetMocksTestExecutionListener, org.springframework.test.context.web.ServletTestExecutionListener, org.springframework.test.context.support.DirtiesContextBeforeModesTestExecutionListener, org.springframework.test.context.support.DependencyInjectionTestExecutionListener, org.springframework.test.context.support.DirtiesContextTestExecutionListener, org.springframework.test.context.transaction.TransactionalTestExecutionListener, org.springframework.test.context.jdbc.SqlScriptsTestExecutionListener, org.springframework.test.context.event.EventPublishingTestExecutionListener]
2020-01-27 13:31:23.392  INFO 17164 --- [    Test worker] .b.t.a.w.s.WebMvcTestContextBootstrapper : Using TestExecutionListeners: [org.springframework.test.context.web.ServletTestExecutionListener@43c23aff, org.springframework.test.context.support.DirtiesContextBeforeModesTestExecutionListener@7e424de4, org.springframework.boot.test.mock.mockito.MockitoTestExecutionListener@7b10c0d1, org.springframework.boot.test.autoconfigure.SpringBootDependencyInjectionTestExecutionListener@7783266, org.springframework.test.context.support.DirtiesContextTestExecutionListener@55bfe5b4, org.springframework.test.context.transaction.TransactionalTestExecutionListener@397ebf8a, org.springframework.test.context.jdbc.SqlScriptsTestExecutionListener@4495e63c, org.springframework.test.context.event.EventPublishingTestExecutionListener@2b817ca, org.springframework.boot.test.autoconfigure.restdocs.RestDocsTestExecutionListener@2800c06c, org.springframework.boot.test.autoconfigure.web.client.MockRestServiceServerResetTestExecutionListener@644ea809, org.springframework.boot.test.autoconfigure.web.servlet.MockMvcPrintOnlyOnFailureTestExecutionListener@f8116ba, org.springframework.boot.test.autoconfigure.web.servlet.WebDriverTestExecutionListener@4d4546c7, org.springframework.boot.test.mock.mockito.ResetMocksTestExecutionListener@6368eca3]

  .   ____          _            __ _ _
 /\\ / ___'_ __ _ _(_)_ __  __ _ \ \ \ \
( ( )\___ | '_ | '_| | '_ \/ _` | \ \ \ \
 \\/  ___)| |_)| | | | | || (_| |  ) ) ) )
  '  |____| .__|_| |_|_| |_\__, | / / / /
 =========|_|==============|___/=/_/_/_/
 :: Spring Boot ::        (v2.2.2.RELEASE)

2020-01-27 13:31:23.429  INFO 17164 --- [    Test worker] c.p.r.i.RestaurantControllerTests        : Starting RestaurantControllerTests on DESKTOP-B7A5GTQ with PID 17164 (started by nkh16 in C:\hyun\Programming\WEB\portfolio\Reservation-Restaurant\customer-api)
2020-01-27 13:31:23.430  INFO 17164 --- [    Test worker] c.p.r.i.RestaurantControllerTests        : The following profiles are active: test
2020-01-27 13:31:23.765  INFO 17164 --- [    Test worker] .s.s.UserDetailsServiceAutoConfiguration : 

Using generated security password: 4be0d11e-6592-4eae-81d5-0e920435c829

2020-01-27 13:31:23.862  INFO 17164 --- [    Test worker] o.s.s.web.DefaultSecurityFilterChain     : Creating filter chain: any request, [org.springframework.security.web.context.request.async.WebAsyncManagerIntegrationFilter@7c45ff65, org.springframework.security.web.context.SecurityContextPersistenceFilter@33a41a56, org.springframework.security.web.header.HeaderWriterFilter@6c639255, org.springframework.security.web.authentication.logout.LogoutFilter@49999c1c, org.springframework.security.web.savedrequest.RequestCacheAwareFilter@f375bd9, org.springframework.security.web.servletapi.SecurityContextHolderAwareRequestFilter@7f368150, org.springframework.security.web.authentication.AnonymousAuthenticationFilter@37b2ddbc, org.springframework.security.web.session.SessionManagementFilter@74fa32b3, org.springframework.security.web.access.ExceptionTranslationFilter@43afe003]
2020-01-27 13:31:24.047  INFO 17164 --- [    Test worker] o.s.s.concurrent.ThreadPoolTaskExecutor  : Initializing ExecutorService 'applicationTaskExecutor'
2020-01-27 13:31:24.207  INFO 17164 --- [    Test worker] o.s.b.t.m.w.SpringBootMockServletContext : Initializing Spring TestDispatcherServlet ''
2020-01-27 13:31:24.207  INFO 17164 --- [    Test worker] o.s.t.web.servlet.TestDispatcherServlet  : Initializing Servlet ''
2020-01-27 13:31:24.220  INFO 17164 --- [    Test worker] o.s.t.web.servlet.TestDispatcherServlet  : Completed initialization in 13 ms
2020-01-27 13:31:24.234  INFO 17164 --- [    Test worker] c.p.r.i.RestaurantControllerTests        : Started RestaurantControllerTests in 0.837 seconds (JVM running for 13.287)
]]></system-out>
  <system-err><![CDATA[]]></system-err>
</testsuite>
