<?xml version="1.0" encoding="UTF-8"?>
<testsuite name="com.project.reservation.interfaces.ReviewControllerTests" tests="2" skipped="0" failures="0" errors="0" timestamp="2020-01-29T10:42:24" hostname="DESKTOP-B7A5GTQ" time="0.062">
  <properties/>
  <testcase name="createWithValidAttribute()" classname="com.project.reservation.interfaces.ReviewControllerTests" time="0.025"/>
  <testcase name="createWithInvalidAttribute()" classname="com.project.reservation.interfaces.ReviewControllerTests" time="0.035"/>
  <system-out><![CDATA[2020-01-29 19:42:24.223  INFO 140 --- [    Test worker] .b.t.a.w.s.WebMvcTestContextBootstrapper : Neither @ContextConfiguration nor @ContextHierarchy found for test class [com.project.reservation.interfaces.ReviewControllerTests], using SpringBootContextLoader
2020-01-29 19:42:24.224  INFO 140 --- [    Test worker] o.s.t.c.support.AbstractContextLoader    : Could not detect default resource locations for test class [com.project.reservation.interfaces.ReviewControllerTests]: no resource found for suffixes {-context.xml, Context.groovy}.
2020-01-29 19:42:24.224  INFO 140 --- [    Test worker] t.c.s.AnnotationConfigContextLoaderUtils : Could not detect default configuration classes for test class [com.project.reservation.interfaces.ReviewControllerTests]: ReviewControllerTests does not declare any static, non-private, non-final, nested classes annotated with @Configuration.
2020-01-29 19:42:24.227  INFO 140 --- [    Test worker] .b.t.c.SpringBootTestContextBootstrapper : Found @SpringBootConfiguration com.project.reservation.CustomerApiApplication for test class com.project.reservation.interfaces.ReviewControllerTests
2020-01-29 19:42:24.227  INFO 140 --- [    Test worker] .b.t.a.w.s.WebMvcTestContextBootstrapper : Loaded default TestExecutionListener class names from location [META-INF/spring.factories]: [org.springframework.boot.test.autoconfigure.restdocs.RestDocsTestExecutionListener, org.springframework.boot.test.autoconfigure.web.client.MockRestServiceServerResetTestExecutionListener, org.springframework.boot.test.autoconfigure.web.servlet.MockMvcPrintOnlyOnFailureTestExecutionListener, org.springframework.boot.test.autoconfigure.web.servlet.WebDriverTestExecutionListener, org.springframework.boot.test.mock.mockito.MockitoTestExecutionListener, org.springframework.boot.test.mock.mockito.ResetMocksTestExecutionListener, org.springframework.test.context.web.ServletTestExecutionListener, org.springframework.test.context.support.DirtiesContextBeforeModesTestExecutionListener, org.springframework.test.context.support.DependencyInjectionTestExecutionListener, org.springframework.test.context.support.DirtiesContextTestExecutionListener, org.springframework.test.context.transaction.TransactionalTestExecutionListener, org.springframework.test.context.jdbc.SqlScriptsTestExecutionListener, org.springframework.test.context.event.EventPublishingTestExecutionListener]
2020-01-29 19:42:24.227  INFO 140 --- [    Test worker] .b.t.a.w.s.WebMvcTestContextBootstrapper : Using TestExecutionListeners: [org.springframework.test.context.web.ServletTestExecutionListener@43dde1e, org.springframework.test.context.support.DirtiesContextBeforeModesTestExecutionListener@57ad0172, org.springframework.boot.test.mock.mockito.MockitoTestExecutionListener@7bcf5311, org.springframework.boot.test.autoconfigure.SpringBootDependencyInjectionTestExecutionListener@40d3b535, org.springframework.test.context.support.DirtiesContextTestExecutionListener@2af44e1f, org.springframework.test.context.transaction.TransactionalTestExecutionListener@15ed7ca2, org.springframework.test.context.jdbc.SqlScriptsTestExecutionListener@143be2d5, org.springframework.test.context.event.EventPublishingTestExecutionListener@491c877a, org.springframework.boot.test.autoconfigure.restdocs.RestDocsTestExecutionListener@4110bcf0, org.springframework.boot.test.autoconfigure.web.client.MockRestServiceServerResetTestExecutionListener@3fe6c01c, org.springframework.boot.test.autoconfigure.web.servlet.MockMvcPrintOnlyOnFailureTestExecutionListener@7400a07f, org.springframework.boot.test.autoconfigure.web.servlet.WebDriverTestExecutionListener@598aced2, org.springframework.boot.test.mock.mockito.ResetMocksTestExecutionListener@1d390e2f]

  .   ____          _            __ _ _
 /\\ / ___'_ __ _ _(_)_ __  __ _ \ \ \ \
( ( )\___ | '_ | '_| | '_ \/ _` | \ \ \ \
 \\/  ___)| |_)| | | | | || (_| |  ) ) ) )
  '  |____| .__|_| |_|_| |_\__, | / / / /
 =========|_|==============|___/=/_/_/_/
 :: Spring Boot ::        (v2.2.2.RELEASE)

2020-01-29 19:42:24.265  INFO 140 --- [    Test worker] c.p.r.interfaces.ReviewControllerTests   : Starting ReviewControllerTests on DESKTOP-B7A5GTQ with PID 140 (started by nkh16 in C:\hyun\Programming\WEB\portfolio\Reservation-Restaurant\customer-api)
2020-01-29 19:42:24.265  INFO 140 --- [    Test worker] c.p.r.interfaces.ReviewControllerTests   : The following profiles are active: test
2020-01-29 19:42:24.551  INFO 140 --- [    Test worker] .s.s.UserDetailsServiceAutoConfiguration : 

Using generated security password: 0390e3d5-9754-4777-a0e7-727df862d6a7

2020-01-29 19:42:24.614  INFO 140 --- [    Test worker] o.s.s.web.DefaultSecurityFilterChain     : Creating filter chain: any request, [org.springframework.security.web.context.request.async.WebAsyncManagerIntegrationFilter@5105612e, org.springframework.security.web.context.SecurityContextPersistenceFilter@2712860, org.springframework.security.web.header.HeaderWriterFilter@468a5cb3, org.springframework.security.web.authentication.logout.LogoutFilter@78a5ae0b, com.project.reservation.filters.JwtAuthenticationFilter@31756634, org.springframework.security.web.savedrequest.RequestCacheAwareFilter@39421968, org.springframework.security.web.servletapi.SecurityContextHolderAwareRequestFilter@2db9b537, org.springframework.security.web.authentication.AnonymousAuthenticationFilter@272e0780, org.springframework.security.web.session.SessionManagementFilter@753569c1, org.springframework.security.web.access.ExceptionTranslationFilter@2503c17f]
2020-01-29 19:42:24.776  INFO 140 --- [    Test worker] o.s.s.concurrent.ThreadPoolTaskExecutor  : Initializing ExecutorService 'applicationTaskExecutor'
2020-01-29 19:42:24.924  INFO 140 --- [    Test worker] o.s.b.t.m.w.SpringBootMockServletContext : Initializing Spring TestDispatcherServlet ''
2020-01-29 19:42:24.924  INFO 140 --- [    Test worker] o.s.t.web.servlet.TestDispatcherServlet  : Initializing Servlet ''
2020-01-29 19:42:24.932  INFO 140 --- [    Test worker] o.s.t.web.servlet.TestDispatcherServlet  : Completed initialization in 8 ms
2020-01-29 19:42:24.952  INFO 140 --- [    Test worker] c.p.r.interfaces.ReviewControllerTests   : Started ReviewControllerTests in 0.722 seconds (JVM running for 14.291)
2020-01-29 19:42:25.013  WARN 140 --- [    Test worker] .w.s.m.s.DefaultHandlerExceptionResolver : Resolved [org.springframework.web.bind.MethodArgumentNotValidException: Validation failed for argument [2] in public org.springframework.http.ResponseEntity<?> com.project.reservation.interfaces.ReviewController.create(org.springframework.security.core.Authentication,java.lang.Long,com.project.reservation.domain.Review) throws java.net.URISyntaxException with 2 errors: [Field error in object 'review' on field 'description': rejected value [null]; codes [NotEmpty.review.description,NotEmpty.description,NotEmpty.java.lang.String,NotEmpty]; arguments [org.springframework.context.support.DefaultMessageSourceResolvable: codes [review.description,description]; arguments []; default message [description]]; default message [must not be empty]] [Field error in object 'review' on field 'score': rejected value [null]; codes [NotNull.review.score,NotNull.score,NotNull.java.lang.Integer,NotNull]; arguments [org.springframework.context.support.DefaultMessageSourceResolvable: codes [review.score,score]; arguments []; default message [score]]; default message [must not be null]] ]
]]></system-out>
  <system-err><![CDATA[]]></system-err>
</testsuite>
