<?xml version="1.0" encoding="UTF-8"?>
<testsuite name="com.project.reservation.interfaces.RegionControllerTests" tests="1" skipped="0" failures="0" errors="0" timestamp="2020-01-28T02:35:25" hostname="DESKTOP-B7A5GTQ" time="0.013">
  <properties/>
  <testcase name="list()" classname="com.project.reservation.interfaces.RegionControllerTests" time="0.013"/>
  <system-out><![CDATA[2020-01-28 11:35:24.557  INFO 17020 --- [    Test worker] .b.t.a.w.s.WebMvcTestContextBootstrapper : Neither @ContextConfiguration nor @ContextHierarchy found for test class [com.project.reservation.interfaces.RegionControllerTests], using SpringBootContextLoader
2020-01-28 11:35:24.558  INFO 17020 --- [    Test worker] o.s.t.c.support.AbstractContextLoader    : Could not detect default resource locations for test class [com.project.reservation.interfaces.RegionControllerTests]: no resource found for suffixes {-context.xml, Context.groovy}.
2020-01-28 11:35:24.558  INFO 17020 --- [    Test worker] t.c.s.AnnotationConfigContextLoaderUtils : Could not detect default configuration classes for test class [com.project.reservation.interfaces.RegionControllerTests]: RegionControllerTests does not declare any static, non-private, non-final, nested classes annotated with @Configuration.
2020-01-28 11:35:24.561  INFO 17020 --- [    Test worker] .b.t.c.SpringBootTestContextBootstrapper : Found @SpringBootConfiguration com.project.reservation.CustomerApiApplication for test class com.project.reservation.interfaces.RegionControllerTests
2020-01-28 11:35:24.562  INFO 17020 --- [    Test worker] .b.t.a.w.s.WebMvcTestContextBootstrapper : Loaded default TestExecutionListener class names from location [META-INF/spring.factories]: [org.springframework.boot.test.autoconfigure.restdocs.RestDocsTestExecutionListener, org.springframework.boot.test.autoconfigure.web.client.MockRestServiceServerResetTestExecutionListener, org.springframework.boot.test.autoconfigure.web.servlet.MockMvcPrintOnlyOnFailureTestExecutionListener, org.springframework.boot.test.autoconfigure.web.servlet.WebDriverTestExecutionListener, org.springframework.boot.test.mock.mockito.MockitoTestExecutionListener, org.springframework.boot.test.mock.mockito.ResetMocksTestExecutionListener, org.springframework.test.context.web.ServletTestExecutionListener, org.springframework.test.context.support.DirtiesContextBeforeModesTestExecutionListener, org.springframework.test.context.support.DependencyInjectionTestExecutionListener, org.springframework.test.context.support.DirtiesContextTestExecutionListener, org.springframework.test.context.transaction.TransactionalTestExecutionListener, org.springframework.test.context.jdbc.SqlScriptsTestExecutionListener, org.springframework.test.context.event.EventPublishingTestExecutionListener]
2020-01-28 11:35:24.562  INFO 17020 --- [    Test worker] .b.t.a.w.s.WebMvcTestContextBootstrapper : Using TestExecutionListeners: [org.springframework.test.context.web.ServletTestExecutionListener@8bde17d, org.springframework.test.context.support.DirtiesContextBeforeModesTestExecutionListener@46c7ae77, org.springframework.boot.test.mock.mockito.MockitoTestExecutionListener@495b8ab1, org.springframework.boot.test.autoconfigure.SpringBootDependencyInjectionTestExecutionListener@22b8c9ab, org.springframework.test.context.support.DirtiesContextTestExecutionListener@45e96288, org.springframework.test.context.transaction.TransactionalTestExecutionListener@3ea6c854, org.springframework.test.context.jdbc.SqlScriptsTestExecutionListener@2bbdd333, org.springframework.test.context.event.EventPublishingTestExecutionListener@4f2ca27e, org.springframework.boot.test.autoconfigure.restdocs.RestDocsTestExecutionListener@41df6431, org.springframework.boot.test.autoconfigure.web.client.MockRestServiceServerResetTestExecutionListener@49b3f036, org.springframework.boot.test.autoconfigure.web.servlet.MockMvcPrintOnlyOnFailureTestExecutionListener@cd29678, org.springframework.boot.test.autoconfigure.web.servlet.WebDriverTestExecutionListener@2647face, org.springframework.boot.test.mock.mockito.ResetMocksTestExecutionListener@1c83fcdb]

  .   ____          _            __ _ _
 /\\ / ___'_ __ _ _(_)_ __  __ _ \ \ \ \
( ( )\___ | '_ | '_| | '_ \/ _` | \ \ \ \
 \\/  ___)| |_)| | | | | || (_| |  ) ) ) )
  '  |____| .__|_| |_|_| |_\__, | / / / /
 =========|_|==============|___/=/_/_/_/
 :: Spring Boot ::        (v2.2.2.RELEASE)

2020-01-28 11:35:24.604  INFO 17020 --- [    Test worker] c.p.r.interfaces.RegionControllerTests   : Starting RegionControllerTests on DESKTOP-B7A5GTQ with PID 17020 (started by nkh16 in C:\hyun\Programming\WEB\portfolio\Reservation-Restaurant\customer-api)
2020-01-28 11:35:24.604  INFO 17020 --- [    Test worker] c.p.r.interfaces.RegionControllerTests   : The following profiles are active: test
2020-01-28 11:35:24.936  INFO 17020 --- [    Test worker] .s.s.UserDetailsServiceAutoConfiguration : 

Using generated security password: f2123d96-5854-4ea1-b8f7-2f1411817703

2020-01-28 11:35:25.010  INFO 17020 --- [    Test worker] o.s.s.web.DefaultSecurityFilterChain     : Creating filter chain: any request, [org.springframework.security.web.context.request.async.WebAsyncManagerIntegrationFilter@7cb5acd7, org.springframework.security.web.context.SecurityContextPersistenceFilter@6368eca3, org.springframework.security.web.header.HeaderWriterFilter@f8116ba, org.springframework.security.web.authentication.logout.LogoutFilter@36791a09, com.project.reservation.filters.JwtAuthenticationFilter@2eb33d8e, org.springframework.security.web.savedrequest.RequestCacheAwareFilter@72f70e27, org.springframework.security.web.servletapi.SecurityContextHolderAwareRequestFilter@7544e205, org.springframework.security.web.authentication.AnonymousAuthenticationFilter@3b7e210d, org.springframework.security.web.session.SessionManagementFilter@4d4546c7, org.springframework.security.web.access.ExceptionTranslationFilter@644ea809]
2020-01-28 11:35:25.207  INFO 17020 --- [    Test worker] o.s.s.concurrent.ThreadPoolTaskExecutor  : Initializing ExecutorService 'applicationTaskExecutor'
2020-01-28 11:35:25.423  INFO 17020 --- [    Test worker] o.s.b.t.m.w.SpringBootMockServletContext : Initializing Spring TestDispatcherServlet ''
2020-01-28 11:35:25.423  INFO 17020 --- [    Test worker] o.s.t.web.servlet.TestDispatcherServlet  : Initializing Servlet ''
2020-01-28 11:35:25.439  INFO 17020 --- [    Test worker] o.s.t.web.servlet.TestDispatcherServlet  : Completed initialization in 16 ms
2020-01-28 11:35:25.458  INFO 17020 --- [    Test worker] c.p.r.interfaces.RegionControllerTests   : Started RegionControllerTests in 0.889 seconds (JVM running for 13.471)
]]></system-out>
  <system-err><![CDATA[]]></system-err>
</testsuite>
