<?xml version="1.0" encoding="UTF-8"?>
<testsuite name="com.project.reservation.interfaces.CategoryControllerTests" tests="1" skipped="0" failures="0" errors="0" timestamp="2020-01-26T06:23:48" hostname="DESKTOP-B7A5GTQ" time="0.202">
  <properties/>
  <testcase name="list()" classname="com.project.reservation.interfaces.CategoryControllerTests" time="0.202"/>
  <system-out><![CDATA[2020-01-26 15:23:47.131  INFO 15592 --- [    Test worker] .b.t.a.w.s.WebMvcTestContextBootstrapper : Neither @ContextConfiguration nor @ContextHierarchy found for test class [com.project.reservation.interfaces.CategoryControllerTests], using SpringBootContextLoader
2020-01-26 15:23:47.134  INFO 15592 --- [    Test worker] o.s.t.c.support.AbstractContextLoader    : Could not detect default resource locations for test class [com.project.reservation.interfaces.CategoryControllerTests]: no resource found for suffixes {-context.xml, Context.groovy}.
2020-01-26 15:23:47.135  INFO 15592 --- [    Test worker] t.c.s.AnnotationConfigContextLoaderUtils : Could not detect default configuration classes for test class [com.project.reservation.interfaces.CategoryControllerTests]: CategoryControllerTests does not declare any static, non-private, non-final, nested classes annotated with @Configuration.
2020-01-26 15:23:47.176  INFO 15592 --- [    Test worker] .b.t.c.SpringBootTestContextBootstrapper : Found @SpringBootConfiguration com.project.reservation.CustomerApiApplication for test class com.project.reservation.interfaces.CategoryControllerTests
2020-01-26 15:23:47.177  INFO 15592 --- [    Test worker] .b.t.a.w.s.WebMvcTestContextBootstrapper : Loaded default TestExecutionListener class names from location [META-INF/spring.factories]: [org.springframework.boot.test.autoconfigure.restdocs.RestDocsTestExecutionListener, org.springframework.boot.test.autoconfigure.web.client.MockRestServiceServerResetTestExecutionListener, org.springframework.boot.test.autoconfigure.web.servlet.MockMvcPrintOnlyOnFailureTestExecutionListener, org.springframework.boot.test.autoconfigure.web.servlet.WebDriverTestExecutionListener, org.springframework.boot.test.mock.mockito.MockitoTestExecutionListener, org.springframework.boot.test.mock.mockito.ResetMocksTestExecutionListener, org.springframework.test.context.web.ServletTestExecutionListener, org.springframework.test.context.support.DirtiesContextBeforeModesTestExecutionListener, org.springframework.test.context.support.DependencyInjectionTestExecutionListener, org.springframework.test.context.support.DirtiesContextTestExecutionListener, org.springframework.test.context.transaction.TransactionalTestExecutionListener, org.springframework.test.context.jdbc.SqlScriptsTestExecutionListener, org.springframework.test.context.event.EventPublishingTestExecutionListener]
2020-01-26 15:23:47.206  INFO 15592 --- [    Test worker] .b.t.a.w.s.WebMvcTestContextBootstrapper : Using TestExecutionListeners: [org.springframework.test.context.web.ServletTestExecutionListener@456bf2b8, org.springframework.test.context.support.DirtiesContextBeforeModesTestExecutionListener@1e981070, org.springframework.boot.test.mock.mockito.MockitoTestExecutionListener@3c22ad0c, org.springframework.boot.test.autoconfigure.SpringBootDependencyInjectionTestExecutionListener@c82d4af, org.springframework.test.context.support.DirtiesContextTestExecutionListener@166619b5, org.springframework.test.context.transaction.TransactionalTestExecutionListener@48a39099, org.springframework.test.context.jdbc.SqlScriptsTestExecutionListener@61c00e4c, org.springframework.test.context.event.EventPublishingTestExecutionListener@7bfd9977, org.springframework.boot.test.autoconfigure.restdocs.RestDocsTestExecutionListener@5d709c0c, org.springframework.boot.test.autoconfigure.web.client.MockRestServiceServerResetTestExecutionListener@983f863, org.springframework.boot.test.autoconfigure.web.servlet.MockMvcPrintOnlyOnFailureTestExecutionListener@68d02571, org.springframework.boot.test.autoconfigure.web.servlet.WebDriverTestExecutionListener@7ff12f3d, org.springframework.boot.test.mock.mockito.ResetMocksTestExecutionListener@26385c33]

  .   ____          _            __ _ _
 /\\ / ___'_ __ _ _(_)_ __  __ _ \ \ \ \
( ( )\___ | '_ | '_| | '_ \/ _` | \ \ \ \
 \\/  ___)| |_)| | | | | || (_| |  ) ) ) )
  '  |____| .__|_| |_|_| |_\__, | / / / /
 =========|_|==============|___/=/_/_/_/
 :: Spring Boot ::        (v2.2.2.RELEASE)

2020-01-26 15:23:47.274  INFO 15592 --- [    Test worker] c.p.r.i.CategoryControllerTests          : Starting CategoryControllerTests on DESKTOP-B7A5GTQ with PID 15592 (started by nkh16 in C:\hyun\Programming\WEB\portfolio\Reservation-Restaurant\customer-api)
2020-01-26 15:23:47.274  INFO 15592 --- [    Test worker] c.p.r.i.CategoryControllerTests          : The following profiles are active: test
2020-01-26 15:23:47.774  INFO 15592 --- [    Test worker] o.s.s.concurrent.ThreadPoolTaskExecutor  : Initializing ExecutorService 'applicationTaskExecutor'
2020-01-26 15:23:47.980  INFO 15592 --- [    Test worker] o.s.b.t.m.w.SpringBootMockServletContext : Initializing Spring TestDispatcherServlet ''
2020-01-26 15:23:47.981  INFO 15592 --- [    Test worker] o.s.t.web.servlet.TestDispatcherServlet  : Initializing Servlet ''
2020-01-26 15:23:48.001  INFO 15592 --- [    Test worker] o.s.t.web.servlet.TestDispatcherServlet  : Completed initialization in 20 ms
2020-01-26 15:23:48.023  INFO 15592 --- [    Test worker] c.p.r.i.CategoryControllerTests          : Started CategoryControllerTests in 0.806 seconds (JVM running for 11.45)
]]></system-out>
  <system-err><![CDATA[]]></system-err>
</testsuite>
