<?xml version="1.0" encoding="UTF-8"?>
<testsuite name="com.project.reservation.interfaces.RegionControllerTests" tests="1" skipped="0" failures="0" errors="0" timestamp="2020-01-28T02:00:09" hostname="DESKTOP-B7A5GTQ" time="0.015">
  <properties/>
  <testcase name="list()" classname="com.project.reservation.interfaces.RegionControllerTests" time="0.015"/>
  <system-out><![CDATA[2020-01-28 11:00:08.305  INFO 8984 --- [    Test worker] .b.t.a.w.s.WebMvcTestContextBootstrapper : Neither @ContextConfiguration nor @ContextHierarchy found for test class [com.project.reservation.interfaces.RegionControllerTests], using SpringBootContextLoader
2020-01-28 11:00:08.306  INFO 8984 --- [    Test worker] o.s.t.c.support.AbstractContextLoader    : Could not detect default resource locations for test class [com.project.reservation.interfaces.RegionControllerTests]: no resource found for suffixes {-context.xml, Context.groovy}.
2020-01-28 11:00:08.307  INFO 8984 --- [    Test worker] t.c.s.AnnotationConfigContextLoaderUtils : Could not detect default configuration classes for test class [com.project.reservation.interfaces.RegionControllerTests]: RegionControllerTests does not declare any static, non-private, non-final, nested classes annotated with @Configuration.
2020-01-28 11:00:08.311  INFO 8984 --- [    Test worker] .b.t.c.SpringBootTestContextBootstrapper : Found @SpringBootConfiguration com.project.reservation.CustomerApiApplication for test class com.project.reservation.interfaces.RegionControllerTests
2020-01-28 11:00:08.312  INFO 8984 --- [    Test worker] .b.t.a.w.s.WebMvcTestContextBootstrapper : Loaded default TestExecutionListener class names from location [META-INF/spring.factories]: [org.springframework.boot.test.autoconfigure.restdocs.RestDocsTestExecutionListener, org.springframework.boot.test.autoconfigure.web.client.MockRestServiceServerResetTestExecutionListener, org.springframework.boot.test.autoconfigure.web.servlet.MockMvcPrintOnlyOnFailureTestExecutionListener, org.springframework.boot.test.autoconfigure.web.servlet.WebDriverTestExecutionListener, org.springframework.boot.test.mock.mockito.MockitoTestExecutionListener, org.springframework.boot.test.mock.mockito.ResetMocksTestExecutionListener, org.springframework.test.context.web.ServletTestExecutionListener, org.springframework.test.context.support.DirtiesContextBeforeModesTestExecutionListener, org.springframework.test.context.support.DependencyInjectionTestExecutionListener, org.springframework.test.context.support.DirtiesContextTestExecutionListener, org.springframework.test.context.transaction.TransactionalTestExecutionListener, org.springframework.test.context.jdbc.SqlScriptsTestExecutionListener, org.springframework.test.context.event.EventPublishingTestExecutionListener]
2020-01-28 11:00:08.313  INFO 8984 --- [    Test worker] .b.t.a.w.s.WebMvcTestContextBootstrapper : Using TestExecutionListeners: [org.springframework.test.context.web.ServletTestExecutionListener@4349211b, org.springframework.test.context.support.DirtiesContextBeforeModesTestExecutionListener@2e867e02, org.springframework.boot.test.mock.mockito.MockitoTestExecutionListener@5d343607, org.springframework.boot.test.autoconfigure.SpringBootDependencyInjectionTestExecutionListener@2d0b1a49, org.springframework.test.context.support.DirtiesContextTestExecutionListener@2740a70a, org.springframework.test.context.transaction.TransactionalTestExecutionListener@3a2bbb8e, org.springframework.test.context.jdbc.SqlScriptsTestExecutionListener@46d336c2, org.springframework.test.context.event.EventPublishingTestExecutionListener@337fb503, org.springframework.boot.test.autoconfigure.restdocs.RestDocsTestExecutionListener@11253c91, org.springframework.boot.test.autoconfigure.web.client.MockRestServiceServerResetTestExecutionListener@76b502f0, org.springframework.boot.test.autoconfigure.web.servlet.MockMvcPrintOnlyOnFailureTestExecutionListener@290f4fc2, org.springframework.boot.test.autoconfigure.web.servlet.WebDriverTestExecutionListener@6716204d, org.springframework.boot.test.mock.mockito.ResetMocksTestExecutionListener@5fef598a]

  .   ____          _            __ _ _
 /\\ / ___'_ __ _ _(_)_ __  __ _ \ \ \ \
( ( )\___ | '_ | '_| | '_ \/ _` | \ \ \ \
 \\/  ___)| |_)| | | | | || (_| |  ) ) ) )
  '  |____| .__|_| |_|_| |_\__, | / / / /
 =========|_|==============|___/=/_/_/_/
 :: Spring Boot ::        (v2.2.2.RELEASE)

2020-01-28 11:00:08.367  INFO 8984 --- [    Test worker] c.p.r.interfaces.RegionControllerTests   : Starting RegionControllerTests on DESKTOP-B7A5GTQ with PID 8984 (started by nkh16 in C:\hyun\Programming\WEB\portfolio\Reservation-Restaurant\customer-api)
2020-01-28 11:00:08.368  INFO 8984 --- [    Test worker] c.p.r.interfaces.RegionControllerTests   : The following profiles are active: test
2020-01-28 11:00:08.718  INFO 8984 --- [    Test worker] .s.s.UserDetailsServiceAutoConfiguration : 

Using generated security password: d05b474e-f6c4-4a49-a816-42b4d8d85c2e

2020-01-28 11:00:08.811  INFO 8984 --- [    Test worker] o.s.s.web.DefaultSecurityFilterChain     : Creating filter chain: any request, [org.springframework.security.web.context.request.async.WebAsyncManagerIntegrationFilter@60d96253, org.springframework.security.web.context.SecurityContextPersistenceFilter@57244225, org.springframework.security.web.header.HeaderWriterFilter@421c1d2d, org.springframework.security.web.authentication.logout.LogoutFilter@7daab017, com.project.reservation.filters.JwtAuthenticationFilter@63fd59cc, org.springframework.security.web.savedrequest.RequestCacheAwareFilter@1cf023c2, org.springframework.security.web.servletapi.SecurityContextHolderAwareRequestFilter@3ea7a004, org.springframework.security.web.authentication.AnonymousAuthenticationFilter@3c3a0b30, org.springframework.security.web.session.SessionManagementFilter@662a1a37, org.springframework.security.web.access.ExceptionTranslationFilter@9f84cf7]
2020-01-28 11:00:08.990  INFO 8984 --- [    Test worker] o.s.s.concurrent.ThreadPoolTaskExecutor  : Initializing ExecutorService 'applicationTaskExecutor'
2020-01-28 11:00:09.155  INFO 8984 --- [    Test worker] o.s.b.t.m.w.SpringBootMockServletContext : Initializing Spring TestDispatcherServlet ''
2020-01-28 11:00:09.155  INFO 8984 --- [    Test worker] o.s.t.web.servlet.TestDispatcherServlet  : Initializing Servlet ''
2020-01-28 11:00:09.162  INFO 8984 --- [    Test worker] o.s.t.web.servlet.TestDispatcherServlet  : Completed initialization in 7 ms
2020-01-28 11:00:09.175  INFO 8984 --- [    Test worker] c.p.r.interfaces.RegionControllerTests   : Started RegionControllerTests in 0.854 seconds (JVM running for 11.63)
]]></system-out>
  <system-err><![CDATA[]]></system-err>
</testsuite>
