<?xml version="1.0" encoding="UTF-8"?>
<testsuite name="com.project.reservation.interfaces.ReservationControllerTests" tests="1" skipped="0" failures="0" errors="0" timestamp="2020-01-29T10:42:23" hostname="DESKTOP-B7A5GTQ" time="0.222">
  <properties/>
  <testcase name="create()" classname="com.project.reservation.interfaces.ReservationControllerTests" time="0.222"/>
  <system-out><![CDATA[2020-01-29 19:42:22.324  INFO 140 --- [    Test worker] .b.t.a.w.s.WebMvcTestContextBootstrapper : Neither @ContextConfiguration nor @ContextHierarchy found for test class [com.project.reservation.interfaces.ReservationControllerTests], using SpringBootContextLoader
2020-01-29 19:42:22.325  INFO 140 --- [    Test worker] o.s.t.c.support.AbstractContextLoader    : Could not detect default resource locations for test class [com.project.reservation.interfaces.ReservationControllerTests]: no resource found for suffixes {-context.xml, Context.groovy}.
2020-01-29 19:42:22.325  INFO 140 --- [    Test worker] t.c.s.AnnotationConfigContextLoaderUtils : Could not detect default configuration classes for test class [com.project.reservation.interfaces.ReservationControllerTests]: ReservationControllerTests does not declare any static, non-private, non-final, nested classes annotated with @Configuration.
2020-01-29 19:42:22.329  INFO 140 --- [    Test worker] .b.t.c.SpringBootTestContextBootstrapper : Found @SpringBootConfiguration com.project.reservation.CustomerApiApplication for test class com.project.reservation.interfaces.ReservationControllerTests
2020-01-29 19:42:22.329  INFO 140 --- [    Test worker] .b.t.a.w.s.WebMvcTestContextBootstrapper : Loaded default TestExecutionListener class names from location [META-INF/spring.factories]: [org.springframework.boot.test.autoconfigure.restdocs.RestDocsTestExecutionListener, org.springframework.boot.test.autoconfigure.web.client.MockRestServiceServerResetTestExecutionListener, org.springframework.boot.test.autoconfigure.web.servlet.MockMvcPrintOnlyOnFailureTestExecutionListener, org.springframework.boot.test.autoconfigure.web.servlet.WebDriverTestExecutionListener, org.springframework.boot.test.mock.mockito.MockitoTestExecutionListener, org.springframework.boot.test.mock.mockito.ResetMocksTestExecutionListener, org.springframework.test.context.web.ServletTestExecutionListener, org.springframework.test.context.support.DirtiesContextBeforeModesTestExecutionListener, org.springframework.test.context.support.DependencyInjectionTestExecutionListener, org.springframework.test.context.support.DirtiesContextTestExecutionListener, org.springframework.test.context.transaction.TransactionalTestExecutionListener, org.springframework.test.context.jdbc.SqlScriptsTestExecutionListener, org.springframework.test.context.event.EventPublishingTestExecutionListener]
2020-01-29 19:42:22.330  INFO 140 --- [    Test worker] .b.t.a.w.s.WebMvcTestContextBootstrapper : Using TestExecutionListeners: [org.springframework.test.context.web.ServletTestExecutionListener@58dc4fb1, org.springframework.test.context.support.DirtiesContextBeforeModesTestExecutionListener@615c4ffb, org.springframework.boot.test.mock.mockito.MockitoTestExecutionListener@3eac701f, org.springframework.boot.test.autoconfigure.SpringBootDependencyInjectionTestExecutionListener@faeed06, org.springframework.test.context.support.DirtiesContextTestExecutionListener@35b59a85, org.springframework.test.context.transaction.TransactionalTestExecutionListener@3615285f, org.springframework.test.context.jdbc.SqlScriptsTestExecutionListener@6b649a0a, org.springframework.test.context.event.EventPublishingTestExecutionListener@135a9cbd, org.springframework.boot.test.autoconfigure.restdocs.RestDocsTestExecutionListener@aa24de1, org.springframework.boot.test.autoconfigure.web.client.MockRestServiceServerResetTestExecutionListener@15eadb3a, org.springframework.boot.test.autoconfigure.web.servlet.MockMvcPrintOnlyOnFailureTestExecutionListener@5a91b747, org.springframework.boot.test.autoconfigure.web.servlet.WebDriverTestExecutionListener@1de977dc, org.springframework.boot.test.mock.mockito.ResetMocksTestExecutionListener@5bcecc5]

  .   ____          _            __ _ _
 /\\ / ___'_ __ _ _(_)_ __  __ _ \ \ \ \
( ( )\___ | '_ | '_| | '_ \/ _` | \ \ \ \
 \\/  ___)| |_)| | | | | || (_| |  ) ) ) )
  '  |____| .__|_| |_|_| |_\__, | / / / /
 =========|_|==============|___/=/_/_/_/
 :: Spring Boot ::        (v2.2.2.RELEASE)

2020-01-29 19:42:22.370  INFO 140 --- [    Test worker] c.p.r.i.ReservationControllerTests       : Starting ReservationControllerTests on DESKTOP-B7A5GTQ with PID 140 (started by nkh16 in C:\hyun\Programming\WEB\portfolio\Reservation-Restaurant\customer-api)
2020-01-29 19:42:22.371  INFO 140 --- [    Test worker] c.p.r.i.ReservationControllerTests       : The following profiles are active: test
2020-01-29 19:42:22.697  INFO 140 --- [    Test worker] .s.s.UserDetailsServiceAutoConfiguration : 

Using generated security password: e3a4d8db-744a-4e96-b165-bc1c6b4f8f31

2020-01-29 19:42:22.763  INFO 140 --- [    Test worker] o.s.s.web.DefaultSecurityFilterChain     : Creating filter chain: any request, [org.springframework.security.web.context.request.async.WebAsyncManagerIntegrationFilter@49d0d538, org.springframework.security.web.context.SecurityContextPersistenceFilter@7188aa0a, org.springframework.security.web.header.HeaderWriterFilter@2de24931, org.springframework.security.web.authentication.logout.LogoutFilter@7d581156, com.project.reservation.filters.JwtAuthenticationFilter@613c022a, org.springframework.security.web.savedrequest.RequestCacheAwareFilter@3b81e7b2, org.springframework.security.web.servletapi.SecurityContextHolderAwareRequestFilter@4958a32, org.springframework.security.web.authentication.AnonymousAuthenticationFilter@93444a7, org.springframework.security.web.session.SessionManagementFilter@300fbc7c, org.springframework.security.web.access.ExceptionTranslationFilter@50035819]
2020-01-29 19:42:22.915  INFO 140 --- [    Test worker] o.s.s.concurrent.ThreadPoolTaskExecutor  : Initializing ExecutorService 'applicationTaskExecutor'
2020-01-29 19:42:23.066  INFO 140 --- [    Test worker] o.s.b.t.m.w.SpringBootMockServletContext : Initializing Spring TestDispatcherServlet ''
2020-01-29 19:42:23.068  INFO 140 --- [    Test worker] o.s.t.web.servlet.TestDispatcherServlet  : Initializing Servlet ''
2020-01-29 19:42:23.080  INFO 140 --- [    Test worker] o.s.t.web.servlet.TestDispatcherServlet  : Completed initialization in 11 ms
2020-01-29 19:42:23.104  INFO 140 --- [    Test worker] c.p.r.i.ReservationControllerTests       : Started ReservationControllerTests in 0.771 seconds (JVM running for 12.444)
]]></system-out>
  <system-err><![CDATA[]]></system-err>
</testsuite>
