<?xml version="1.0" encoding="UTF-8"?>
<testsuite name="com.project.reservation.interfaces.UserControllerTests" tests="1" skipped="0" failures="0" errors="0" timestamp="2020-01-29T02:32:02" hostname="DESKTOP-B7A5GTQ" time="0.012">
  <properties/>
  <testcase name="create()" classname="com.project.reservation.interfaces.UserControllerTests" time="0.012"/>
  <system-out><![CDATA[2020-01-29 11:32:02.129  INFO 18200 --- [    Test worker] .b.t.a.w.s.WebMvcTestContextBootstrapper : Neither @ContextConfiguration nor @ContextHierarchy found for test class [com.project.reservation.interfaces.UserControllerTests], using SpringBootContextLoader
2020-01-29 11:32:02.130  INFO 18200 --- [    Test worker] o.s.t.c.support.AbstractContextLoader    : Could not detect default resource locations for test class [com.project.reservation.interfaces.UserControllerTests]: no resource found for suffixes {-context.xml, Context.groovy}.
2020-01-29 11:32:02.131  INFO 18200 --- [    Test worker] t.c.s.AnnotationConfigContextLoaderUtils : Could not detect default configuration classes for test class [com.project.reservation.interfaces.UserControllerTests]: UserControllerTests does not declare any static, non-private, non-final, nested classes annotated with @Configuration.
2020-01-29 11:32:02.134  INFO 18200 --- [    Test worker] .b.t.c.SpringBootTestContextBootstrapper : Found @SpringBootConfiguration com.project.reservation.CustomerApiApplication for test class com.project.reservation.interfaces.UserControllerTests
2020-01-29 11:32:02.134  INFO 18200 --- [    Test worker] .b.t.a.w.s.WebMvcTestContextBootstrapper : Loaded default TestExecutionListener class names from location [META-INF/spring.factories]: [org.springframework.boot.test.autoconfigure.restdocs.RestDocsTestExecutionListener, org.springframework.boot.test.autoconfigure.web.client.MockRestServiceServerResetTestExecutionListener, org.springframework.boot.test.autoconfigure.web.servlet.MockMvcPrintOnlyOnFailureTestExecutionListener, org.springframework.boot.test.autoconfigure.web.servlet.WebDriverTestExecutionListener, org.springframework.boot.test.mock.mockito.MockitoTestExecutionListener, org.springframework.boot.test.mock.mockito.ResetMocksTestExecutionListener, org.springframework.test.context.web.ServletTestExecutionListener, org.springframework.test.context.support.DirtiesContextBeforeModesTestExecutionListener, org.springframework.test.context.support.DependencyInjectionTestExecutionListener, org.springframework.test.context.support.DirtiesContextTestExecutionListener, org.springframework.test.context.transaction.TransactionalTestExecutionListener, org.springframework.test.context.jdbc.SqlScriptsTestExecutionListener, org.springframework.test.context.event.EventPublishingTestExecutionListener]
2020-01-29 11:32:02.135  INFO 18200 --- [    Test worker] .b.t.a.w.s.WebMvcTestContextBootstrapper : Using TestExecutionListeners: [org.springframework.test.context.web.ServletTestExecutionListener@172e2bc4, org.springframework.test.context.support.DirtiesContextBeforeModesTestExecutionListener@138dfe78, org.springframework.boot.test.mock.mockito.MockitoTestExecutionListener@6447771d, org.springframework.boot.test.autoconfigure.SpringBootDependencyInjectionTestExecutionListener@8ebbc58, org.springframework.test.context.support.DirtiesContextTestExecutionListener@6efdd68a, org.springframework.test.context.transaction.TransactionalTestExecutionListener@127f8b13, org.springframework.test.context.jdbc.SqlScriptsTestExecutionListener@4ddfe9de, org.springframework.test.context.event.EventPublishingTestExecutionListener@18039541, org.springframework.boot.test.autoconfigure.restdocs.RestDocsTestExecutionListener@184a494d, org.springframework.boot.test.autoconfigure.web.client.MockRestServiceServerResetTestExecutionListener@76836e44, org.springframework.boot.test.autoconfigure.web.servlet.MockMvcPrintOnlyOnFailureTestExecutionListener@44a0e853, org.springframework.boot.test.autoconfigure.web.servlet.WebDriverTestExecutionListener@408dc41b, org.springframework.boot.test.mock.mockito.ResetMocksTestExecutionListener@a47ed66]

  .   ____          _            __ _ _
 /\\ / ___'_ __ _ _(_)_ __  __ _ \ \ \ \
( ( )\___ | '_ | '_| | '_ \/ _` | \ \ \ \
 \\/  ___)| |_)| | | | | || (_| |  ) ) ) )
  '  |____| .__|_| |_|_| |_\__, | / / / /
 =========|_|==============|___/=/_/_/_/
 :: Spring Boot ::        (v2.2.2.RELEASE)

2020-01-29 11:32:02.166  INFO 18200 --- [    Test worker] c.p.r.interfaces.UserControllerTests     : Starting UserControllerTests on DESKTOP-B7A5GTQ with PID 18200 (started by nkh16 in C:\hyun\Programming\WEB\portfolio\Reservation-Restaurant\customer-api)
2020-01-29 11:32:02.166  INFO 18200 --- [    Test worker] c.p.r.interfaces.UserControllerTests     : The following profiles are active: test
2020-01-29 11:32:02.434  INFO 18200 --- [    Test worker] .s.s.UserDetailsServiceAutoConfiguration : 

Using generated security password: c731ee7e-e31f-41af-8a5c-a3265b0160c1

2020-01-29 11:32:02.503  INFO 18200 --- [    Test worker] o.s.s.web.DefaultSecurityFilterChain     : Creating filter chain: any request, [org.springframework.security.web.context.request.async.WebAsyncManagerIntegrationFilter@76815773, org.springframework.security.web.context.SecurityContextPersistenceFilter@2041a8f7, org.springframework.security.web.header.HeaderWriterFilter@1b333e2e, org.springframework.security.web.authentication.logout.LogoutFilter@efa8189, com.project.reservation.filters.JwtAuthenticationFilter@8a1b0d9, org.springframework.security.web.savedrequest.RequestCacheAwareFilter@7e60dc71, org.springframework.security.web.servletapi.SecurityContextHolderAwareRequestFilter@7c204fdd, org.springframework.security.web.authentication.AnonymousAuthenticationFilter@2747dbea, org.springframework.security.web.session.SessionManagementFilter@6047fd30, org.springframework.security.web.access.ExceptionTranslationFilter@62c78701]
2020-01-29 11:32:02.643  INFO 18200 --- [    Test worker] o.s.s.concurrent.ThreadPoolTaskExecutor  : Initializing ExecutorService 'applicationTaskExecutor'
2020-01-29 11:32:02.772  INFO 18200 --- [    Test worker] o.s.b.t.m.w.SpringBootMockServletContext : Initializing Spring TestDispatcherServlet ''
2020-01-29 11:32:02.772  INFO 18200 --- [    Test worker] o.s.t.web.servlet.TestDispatcherServlet  : Initializing Servlet ''
2020-01-29 11:32:02.779  INFO 18200 --- [    Test worker] o.s.t.web.servlet.TestDispatcherServlet  : Completed initialization in 7 ms
2020-01-29 11:32:02.792  INFO 18200 --- [    Test worker] c.p.r.interfaces.UserControllerTests     : Started UserControllerTests in 0.652 seconds (JVM running for 13.031)
]]></system-out>
  <system-err><![CDATA[]]></system-err>
</testsuite>
