<?xml version="1.0" encoding="UTF-8"?>
<testsuite name="com.project.reservation.CustomerApiApplicationTests" tests="1" skipped="0" failures="0" errors="0" timestamp="2020-01-27T08:52:57" hostname="DESKTOP-B7A5GTQ" time="0.018">
  <properties/>
  <testcase name="contextLoads()" classname="com.project.reservation.CustomerApiApplicationTests" time="0.018"/>
  <system-out><![CDATA[17:52:49.863 [Test worker] DEBUG org.springframework.test.context.BootstrapUtils - Instantiating CacheAwareContextLoaderDelegate from class [org.springframework.test.context.cache.DefaultCacheAwareContextLoaderDelegate]
17:52:49.882 [Test worker] DEBUG org.springframework.test.context.BootstrapUtils - Instantiating BootstrapContext using constructor [public org.springframework.test.context.support.DefaultBootstrapContext(java.lang.Class,org.springframework.test.context.CacheAwareContextLoaderDelegate)]
17:52:49.915 [Test worker] DEBUG org.springframework.test.context.BootstrapUtils - Instantiating TestContextBootstrapper for test class [com.project.reservation.CustomerApiApplicationTests] from class [org.springframework.boot.test.context.SpringBootTestContextBootstrapper]
17:52:49.938 [Test worker] INFO org.springframework.boot.test.context.SpringBootTestContextBootstrapper - Neither @ContextConfiguration nor @ContextHierarchy found for test class [com.project.reservation.CustomerApiApplicationTests], using SpringBootContextLoader
17:52:49.944 [Test worker] DEBUG org.springframework.test.context.support.AbstractContextLoader - Did not detect default resource location for test class [com.project.reservation.CustomerApiApplicationTests]: class path resource [com/project/reservation/CustomerApiApplicationTests-context.xml] does not exist
17:52:49.945 [Test worker] DEBUG org.springframework.test.context.support.AbstractContextLoader - Did not detect default resource location for test class [com.project.reservation.CustomerApiApplicationTests]: class path resource [com/project/reservation/CustomerApiApplicationTestsContext.groovy] does not exist
17:52:49.945 [Test worker] INFO org.springframework.test.context.support.AbstractContextLoader - Could not detect default resource locations for test class [com.project.reservation.CustomerApiApplicationTests]: no resource found for suffixes {-context.xml, Context.groovy}.
17:52:49.946 [Test worker] INFO org.springframework.test.context.support.AnnotationConfigContextLoaderUtils - Could not detect default configuration classes for test class [com.project.reservation.CustomerApiApplicationTests]: CustomerApiApplicationTests does not declare any static, non-private, non-final, nested classes annotated with @Configuration.
17:52:49.993 [Test worker] DEBUG org.springframework.test.context.support.ActiveProfilesUtils - Could not find an 'annotation declaring class' for annotation type [org.springframework.test.context.ActiveProfiles] and class [com.project.reservation.CustomerApiApplicationTests]
17:52:50.072 [Test worker] DEBUG org.springframework.context.annotation.ClassPathScanningCandidateComponentProvider - Identified candidate component class: file [C:\hyun\Programming\WEB\portfolio\Reservation-Restaurant\customer-api\build\classes\java\main\com\project\reservation\CustomerApiApplication.class]
17:52:50.081 [Test worker] INFO org.springframework.boot.test.context.SpringBootTestContextBootstrapper - Found @SpringBootConfiguration com.project.reservation.CustomerApiApplication for test class com.project.reservation.CustomerApiApplicationTests
17:52:50.198 [Test worker] DEBUG org.springframework.boot.test.context.SpringBootTestContextBootstrapper - @TestExecutionListeners is not present for class [com.project.reservation.CustomerApiApplicationTests]: using defaults.
17:52:50.198 [Test worker] INFO org.springframework.boot.test.context.SpringBootTestContextBootstrapper - Loaded default TestExecutionListener class names from location [META-INF/spring.factories]: [org.springframework.boot.test.autoconfigure.restdocs.RestDocsTestExecutionListener, org.springframework.boot.test.autoconfigure.web.client.MockRestServiceServerResetTestExecutionListener, org.springframework.boot.test.autoconfigure.web.servlet.MockMvcPrintOnlyOnFailureTestExecutionListener, org.springframework.boot.test.autoconfigure.web.servlet.WebDriverTestExecutionListener, org.springframework.boot.test.mock.mockito.MockitoTestExecutionListener, org.springframework.boot.test.mock.mockito.ResetMocksTestExecutionListener, org.springframework.test.context.web.ServletTestExecutionListener, org.springframework.test.context.support.DirtiesContextBeforeModesTestExecutionListener, org.springframework.test.context.support.DependencyInjectionTestExecutionListener, org.springframework.test.context.support.DirtiesContextTestExecutionListener, org.springframework.test.context.transaction.TransactionalTestExecutionListener, org.springframework.test.context.jdbc.SqlScriptsTestExecutionListener, org.springframework.test.context.event.EventPublishingTestExecutionListener]
17:52:50.218 [Test worker] INFO org.springframework.boot.test.context.SpringBootTestContextBootstrapper - Using TestExecutionListeners: [org.springframework.test.context.web.ServletTestExecutionListener@55c5bf8c, org.springframework.test.context.support.DirtiesContextBeforeModesTestExecutionListener@6c47de34, org.springframework.boot.test.mock.mockito.MockitoTestExecutionListener@148dea8c, org.springframework.boot.test.autoconfigure.SpringBootDependencyInjectionTestExecutionListener@2809de06, org.springframework.test.context.support.DirtiesContextTestExecutionListener@50c83d54, org.springframework.test.context.transaction.TransactionalTestExecutionListener@22cef07, org.springframework.test.context.jdbc.SqlScriptsTestExecutionListener@798eac44, org.springframework.test.context.event.EventPublishingTestExecutionListener@1f11a49d, org.springframework.boot.test.autoconfigure.restdocs.RestDocsTestExecutionListener@ea208b6, org.springframework.boot.test.autoconfigure.web.client.MockRestServiceServerResetTestExecutionListener@6b138ab2, org.springframework.boot.test.autoconfigure.web.servlet.MockMvcPrintOnlyOnFailureTestExecutionListener@6773f718, org.springframework.boot.test.autoconfigure.web.servlet.WebDriverTestExecutionListener@75548227, org.springframework.boot.test.mock.mockito.ResetMocksTestExecutionListener@6badd383]
17:52:50.232 [Test worker] DEBUG org.springframework.test.context.support.AbstractDirtiesContextTestExecutionListener - Before test class: context [DefaultTestContext@3b0e21b9 testClass = CustomerApiApplicationTests, testInstance = [null], testMethod = [null], testException = [null], mergedContextConfiguration = [WebMergedContextConfiguration@1e2d00f8 testClass = CustomerApiApplicationTests, locations = '{}', classes = '{class com.project.reservation.CustomerApiApplication}', contextInitializerClasses = '[]', activeProfiles = '{}', propertySourceLocations = '{}', propertySourceProperties = '{org.springframework.boot.test.context.SpringBootTestContextBootstrapper=true}', contextCustomizers = set[org.springframework.boot.test.autoconfigure.properties.PropertyMappingContextCustomizer@0, org.springframework.boot.test.autoconfigure.web.servlet.WebDriverContextCustomizerFactory$Customizer@5bf42cf3, org.springframework.boot.test.context.filter.ExcludeFilterContextCustomizer@1392ad15, org.springframework.boot.test.json.DuplicateJsonObjectContextCustomizerFactory$DuplicateJsonObjectContextCustomizer@76a00bbe, org.springframework.boot.test.mock.mockito.MockitoContextCustomizer@0, org.springframework.boot.test.web.client.TestRestTemplateContextCustomizer@1eb01b94], resourceBasePath = 'src/main/webapp', contextLoader = 'org.springframework.boot.test.context.SpringBootContextLoader', parent = [null]], attributes = map['org.springframework.test.context.web.ServletTestExecutionListener.activateListener' -> true]], class annotated with @DirtiesContext [false] with mode [null].
17:52:50.266 [Test worker] DEBUG org.springframework.test.context.support.TestPropertySourceUtils - Adding inlined properties to environment: {spring.jmx.enabled=false, org.springframework.boot.test.context.SpringBootTestContextBootstrapper=true, server.port=-1}

  .   ____          _            __ _ _
 /\\ / ___'_ __ _ _(_)_ __  __ _ \ \ \ \
( ( )\___ | '_ | '_| | '_ \/ _` | \ \ \ \
 \\/  ___)| |_)| | | | | || (_| |  ) ) ) )
  '  |____| .__|_| |_|_| |_\__, | / / / /
 =========|_|==============|___/=/_/_/_/
 :: Spring Boot ::        (v2.2.2.RELEASE)

2020-01-27 17:52:50.781  INFO 11452 --- [    Test worker] c.p.r.CustomerApiApplicationTests        : Starting CustomerApiApplicationTests on DESKTOP-B7A5GTQ with PID 11452 (started by nkh16 in C:\hyun\Programming\WEB\portfolio\Reservation-Restaurant\customer-api)
2020-01-27 17:52:50.782  INFO 11452 --- [    Test worker] c.p.r.CustomerApiApplicationTests        : The following profiles are active: test
2020-01-27 17:52:51.863  INFO 11452 --- [    Test worker] .s.d.r.c.RepositoryConfigurationDelegate : Bootstrapping Spring Data JPA repositories in DEFAULT mode.
2020-01-27 17:52:51.999  INFO 11452 --- [    Test worker] .s.d.r.c.RepositoryConfigurationDelegate : Finished Spring Data repository scanning in 123ms. Found 6 JPA repository interfaces.
2020-01-27 17:52:52.623  INFO 11452 --- [    Test worker] trationDelegate$BeanPostProcessorChecker : Bean 'org.springframework.transaction.annotation.ProxyTransactionManagementConfiguration' of type [org.springframework.transaction.annotation.ProxyTransactionManagementConfiguration] is not eligible for getting processed by all BeanPostProcessors (for example: not eligible for auto-proxying)
2020-01-27 17:52:52.979  INFO 11452 --- [    Test worker] o.hibernate.jpa.internal.util.LogHelper  : HHH000204: Processing PersistenceUnitInfo [name: default]
2020-01-27 17:52:53.125  INFO 11452 --- [    Test worker] org.hibernate.Version                    : HHH000412: Hibernate Core {5.4.9.Final}
2020-01-27 17:52:53.196  INFO 11452 --- [    Test worker] o.hibernate.annotations.common.Version   : HCANN000001: Hibernate Commons Annotations {5.1.0.Final}
2020-01-27 17:52:53.381  INFO 11452 --- [    Test worker] com.zaxxer.hikari.HikariDataSource       : HikariPool-1 - Starting...
2020-01-27 17:52:53.686  INFO 11452 --- [    Test worker] com.zaxxer.hikari.HikariDataSource       : HikariPool-1 - Start completed.
2020-01-27 17:52:53.731  INFO 11452 --- [    Test worker] org.hibernate.dialect.Dialect            : HHH000400: Using dialect: org.hibernate.dialect.H2Dialect
2020-01-27 17:52:54.744  INFO 11452 --- [    Test worker] o.h.e.t.j.p.i.JtaPlatformInitiator       : HHH000490: Using JtaPlatform implementation: [org.hibernate.engine.transaction.jta.platform.internal.NoJtaPlatform]
2020-01-27 17:52:54.758  INFO 11452 --- [    Test worker] j.LocalContainerEntityManagerFactoryBean : Initialized JPA EntityManagerFactory for persistence unit 'default'
2020-01-27 17:52:54.860  WARN 11452 --- [    Test worker] JpaBaseConfiguration$JpaWebConfiguration : spring.jpa.open-in-view is enabled by default. Therefore, database queries may be performed during view rendering. Explicitly configure spring.jpa.open-in-view to disable this warning
2020-01-27 17:52:55.835  INFO 11452 --- [    Test worker] .s.s.UserDetailsServiceAutoConfiguration : 

Using generated security password: 0824a9d2-6a70-49ce-97d7-10e33cd6a185

2020-01-27 17:52:56.062  INFO 11452 --- [    Test worker] o.s.s.web.DefaultSecurityFilterChain     : Creating filter chain: any request, [org.springframework.security.web.context.request.async.WebAsyncManagerIntegrationFilter@3fbdd3ab, org.springframework.security.web.context.SecurityContextPersistenceFilter@77d4884c, org.springframework.security.web.header.HeaderWriterFilter@6ca9a7a9, org.springframework.security.web.authentication.logout.LogoutFilter@2bd180e8, org.springframework.security.web.savedrequest.RequestCacheAwareFilter@3a2feb2c, org.springframework.security.web.servletapi.SecurityContextHolderAwareRequestFilter@506f26a1, org.springframework.security.web.authentication.AnonymousAuthenticationFilter@767d0cd0, org.springframework.security.web.session.SessionManagementFilter@474fdb5a, org.springframework.security.web.access.ExceptionTranslationFilter@4fbefeae]
2020-01-27 17:52:56.732  INFO 11452 --- [    Test worker] o.s.s.concurrent.ThreadPoolTaskExecutor  : Initializing ExecutorService 'applicationTaskExecutor'
2020-01-27 17:52:57.314  INFO 11452 --- [    Test worker] c.p.r.CustomerApiApplicationTests        : Started CustomerApiApplicationTests in 7.033 seconds (JVM running for 9.796)
]]></system-out>
  <system-err><![CDATA[]]></system-err>
</testsuite>
