<?xml version="1.0" encoding="UTF-8"?>
<testsuite name="com.project.reservation.application.UserServiceTests" tests="2" skipped="0" failures="0" errors="0" timestamp="2020-01-29T10:42:12" hostname="DESKTOP-B7A5GTQ" time="0.058">
  <properties/>
  <testcase name="registerUser()" classname="com.project.reservation.application.UserServiceTests" time="0.047"/>
  <testcase name="registerUserWithExistedEmail()" classname="com.project.reservation.application.UserServiceTests" time="0.01"/>
  <system-out><![CDATA[]]></system-out>
  <system-err><![CDATA[]]></system-err>
</testsuite>
