<?xml version="1.0" encoding="UTF-8"?>
<testsuite name="com.project.reservation.interfaces.RegionControllerTests" tests="1" skipped="0" failures="0" errors="0" timestamp="2020-01-26T13:47:33" hostname="DESKTOP-B7A5GTQ" time="0.014">
  <properties/>
  <testcase name="list()" classname="com.project.reservation.interfaces.RegionControllerTests" time="0.014"/>
  <system-out><![CDATA[2020-01-26 22:47:32.503  INFO 14668 --- [    Test worker] .b.t.a.w.s.WebMvcTestContextBootstrapper : Neither @ContextConfiguration nor @ContextHierarchy found for test class [com.project.reservation.interfaces.RegionControllerTests], using SpringBootContextLoader
2020-01-26 22:47:32.505  INFO 14668 --- [    Test worker] o.s.t.c.support.AbstractContextLoader    : Could not detect default resource locations for test class [com.project.reservation.interfaces.RegionControllerTests]: no resource found for suffixes {-context.xml, Context.groovy}.
2020-01-26 22:47:32.507  INFO 14668 --- [    Test worker] t.c.s.AnnotationConfigContextLoaderUtils : Could not detect default configuration classes for test class [com.project.reservation.interfaces.RegionControllerTests]: RegionControllerTests does not declare any static, non-private, non-final, nested classes annotated with @Configuration.
2020-01-26 22:47:32.512  INFO 14668 --- [    Test worker] .b.t.c.SpringBootTestContextBootstrapper : Found @SpringBootConfiguration com.project.reservation.CustomerApiApplication for test class com.project.reservation.interfaces.RegionControllerTests
2020-01-26 22:47:32.513  INFO 14668 --- [    Test worker] .b.t.a.w.s.WebMvcTestContextBootstrapper : Loaded default TestExecutionListener class names from location [META-INF/spring.factories]: [org.springframework.boot.test.autoconfigure.restdocs.RestDocsTestExecutionListener, org.springframework.boot.test.autoconfigure.web.client.MockRestServiceServerResetTestExecutionListener, org.springframework.boot.test.autoconfigure.web.servlet.MockMvcPrintOnlyOnFailureTestExecutionListener, org.springframework.boot.test.autoconfigure.web.servlet.WebDriverTestExecutionListener, org.springframework.boot.test.mock.mockito.MockitoTestExecutionListener, org.springframework.boot.test.mock.mockito.ResetMocksTestExecutionListener, org.springframework.test.context.web.ServletTestExecutionListener, org.springframework.test.context.support.DirtiesContextBeforeModesTestExecutionListener, org.springframework.test.context.support.DependencyInjectionTestExecutionListener, org.springframework.test.context.support.DirtiesContextTestExecutionListener, org.springframework.test.context.transaction.TransactionalTestExecutionListener, org.springframework.test.context.jdbc.SqlScriptsTestExecutionListener, org.springframework.test.context.event.EventPublishingTestExecutionListener]
2020-01-26 22:47:32.515  INFO 14668 --- [    Test worker] .b.t.a.w.s.WebMvcTestContextBootstrapper : Using TestExecutionListeners: [org.springframework.test.context.web.ServletTestExecutionListener@325f141e, org.springframework.test.context.support.DirtiesContextBeforeModesTestExecutionListener@20f89b2f, org.springframework.boot.test.mock.mockito.MockitoTestExecutionListener@70ced800, org.springframework.boot.test.autoconfigure.SpringBootDependencyInjectionTestExecutionListener@1193b6cc, org.springframework.test.context.support.DirtiesContextTestExecutionListener@5ba6bf04, org.springframework.test.context.transaction.TransactionalTestExecutionListener@3f6376bc, org.springframework.test.context.jdbc.SqlScriptsTestExecutionListener@39ebb788, org.springframework.test.context.event.EventPublishingTestExecutionListener@35c243af, org.springframework.boot.test.autoconfigure.restdocs.RestDocsTestExecutionListener@5bf2848c, org.springframework.boot.test.autoconfigure.web.client.MockRestServiceServerResetTestExecutionListener@7f80cfd8, org.springframework.boot.test.autoconfigure.web.servlet.MockMvcPrintOnlyOnFailureTestExecutionListener@1bb37057, org.springframework.boot.test.autoconfigure.web.servlet.WebDriverTestExecutionListener@3c4b87b5, org.springframework.boot.test.mock.mockito.ResetMocksTestExecutionListener@7352a254]

  .   ____          _            __ _ _
 /\\ / ___'_ __ _ _(_)_ __  __ _ \ \ \ \
( ( )\___ | '_ | '_| | '_ \/ _` | \ \ \ \
 \\/  ___)| |_)| | | | | || (_| |  ) ) ) )
  '  |____| .__|_| |_|_| |_\__, | / / / /
 =========|_|==============|___/=/_/_/_/
 :: Spring Boot ::        (v2.2.2.RELEASE)

2020-01-26 22:47:32.553  INFO 14668 --- [    Test worker] c.p.r.interfaces.RegionControllerTests   : Starting RegionControllerTests on DESKTOP-B7A5GTQ with PID 14668 (started by nkh16 in C:\hyun\Programming\WEB\portfolio\Reservation-Restaurant\customer-api)
2020-01-26 22:47:32.554  INFO 14668 --- [    Test worker] c.p.r.interfaces.RegionControllerTests   : The following profiles are active: test
2020-01-26 22:47:33.010  INFO 14668 --- [    Test worker] o.s.s.concurrent.ThreadPoolTaskExecutor  : Initializing ExecutorService 'applicationTaskExecutor'
2020-01-26 22:47:33.192  INFO 14668 --- [    Test worker] o.s.b.t.m.w.SpringBootMockServletContext : Initializing Spring TestDispatcherServlet ''
2020-01-26 22:47:33.192  INFO 14668 --- [    Test worker] o.s.t.web.servlet.TestDispatcherServlet  : Initializing Servlet ''
2020-01-26 22:47:33.204  INFO 14668 --- [    Test worker] o.s.t.web.servlet.TestDispatcherServlet  : Completed initialization in 12 ms
2020-01-26 22:47:33.221  INFO 14668 --- [    Test worker] c.p.r.interfaces.RegionControllerTests   : Started RegionControllerTests in 0.7 seconds (JVM running for 11.667)
]]></system-out>
  <system-err><![CDATA[]]></system-err>
</testsuite>
