<?xml version="1.0" encoding="UTF-8"?>
<testsuite name="com.project.reservation.interfaces.SessionControllerTests" tests="3" skipped="0" failures="0" errors="0" timestamp="2020-01-28T02:35:29" hostname="DESKTOP-B7A5GTQ" time="0.052">
  <properties/>
  <testcase name="createWithValidAttribute()" classname="com.project.reservation.interfaces.SessionControllerTests" time="0.019"/>
  <testcase name="createWithNotExistedEmail()" classname="com.project.reservation.interfaces.SessionControllerTests" time="0.014"/>
  <testcase name="createWithWrongPassword()" classname="com.project.reservation.interfaces.SessionControllerTests" time="0.015"/>
  <system-out><![CDATA[2020-01-28 11:35:27.927  INFO 17020 --- [    Test worker] .b.t.a.w.s.WebMvcTestContextBootstrapper : Neither @ContextConfiguration nor @ContextHierarchy found for test class [com.project.reservation.interfaces.SessionControllerTests], using SpringBootContextLoader
2020-01-28 11:35:27.928  INFO 17020 --- [    Test worker] o.s.t.c.support.AbstractContextLoader    : Could not detect default resource locations for test class [com.project.reservation.interfaces.SessionControllerTests]: no resource found for suffixes {-context.xml, Context.groovy}.
2020-01-28 11:35:27.928  INFO 17020 --- [    Test worker] t.c.s.AnnotationConfigContextLoaderUtils : Could not detect default configuration classes for test class [com.project.reservation.interfaces.SessionControllerTests]: SessionControllerTests does not declare any static, non-private, non-final, nested classes annotated with @Configuration.
2020-01-28 11:35:27.934  INFO 17020 --- [    Test worker] .b.t.c.SpringBootTestContextBootstrapper : Found @SpringBootConfiguration com.project.reservation.CustomerApiApplication for test class com.project.reservation.interfaces.SessionControllerTests
2020-01-28 11:35:27.934  INFO 17020 --- [    Test worker] .b.t.a.w.s.WebMvcTestContextBootstrapper : Loaded default TestExecutionListener class names from location [META-INF/spring.factories]: [org.springframework.boot.test.autoconfigure.restdocs.RestDocsTestExecutionListener, org.springframework.boot.test.autoconfigure.web.client.MockRestServiceServerResetTestExecutionListener, org.springframework.boot.test.autoconfigure.web.servlet.MockMvcPrintOnlyOnFailureTestExecutionListener, org.springframework.boot.test.autoconfigure.web.servlet.WebDriverTestExecutionListener, org.springframework.boot.test.mock.mockito.MockitoTestExecutionListener, org.springframework.boot.test.mock.mockito.ResetMocksTestExecutionListener, org.springframework.test.context.web.ServletTestExecutionListener, org.springframework.test.context.support.DirtiesContextBeforeModesTestExecutionListener, org.springframework.test.context.support.DependencyInjectionTestExecutionListener, org.springframework.test.context.support.DirtiesContextTestExecutionListener, org.springframework.test.context.transaction.TransactionalTestExecutionListener, org.springframework.test.context.jdbc.SqlScriptsTestExecutionListener, org.springframework.test.context.event.EventPublishingTestExecutionListener]
2020-01-28 11:35:27.935  INFO 17020 --- [    Test worker] .b.t.a.w.s.WebMvcTestContextBootstrapper : Using TestExecutionListeners: [org.springframework.test.context.web.ServletTestExecutionListener@178b20f5, org.springframework.test.context.support.DirtiesContextBeforeModesTestExecutionListener@63da7c7d, org.springframework.boot.test.mock.mockito.MockitoTestExecutionListener@543c560f, org.springframework.boot.test.autoconfigure.SpringBootDependencyInjectionTestExecutionListener@20e12e30, org.springframework.test.context.support.DirtiesContextTestExecutionListener@6e232e51, org.springframework.test.context.transaction.TransactionalTestExecutionListener@5eaa8e7c, org.springframework.test.context.jdbc.SqlScriptsTestExecutionListener@68903788, org.springframework.test.context.event.EventPublishingTestExecutionListener@41290404, org.springframework.boot.test.autoconfigure.restdocs.RestDocsTestExecutionListener@360ffbd6, org.springframework.boot.test.autoconfigure.web.client.MockRestServiceServerResetTestExecutionListener@3c5c4a05, org.springframework.boot.test.autoconfigure.web.servlet.MockMvcPrintOnlyOnFailureTestExecutionListener@55990671, org.springframework.boot.test.autoconfigure.web.servlet.WebDriverTestExecutionListener@5c9921e2, org.springframework.boot.test.mock.mockito.ResetMocksTestExecutionListener@1501b0ec]

  .   ____          _            __ _ _
 /\\ / ___'_ __ _ _(_)_ __  __ _ \ \ \ \
( ( )\___ | '_ | '_| | '_ \/ _` | \ \ \ \
 \\/  ___)| |_)| | | | | || (_| |  ) ) ) )
  '  |____| .__|_| |_|_| |_\__, | / / / /
 =========|_|==============|___/=/_/_/_/
 :: Spring Boot ::        (v2.2.2.RELEASE)

2020-01-28 11:35:27.974  INFO 17020 --- [    Test worker] c.p.r.interfaces.SessionControllerTests  : Starting SessionControllerTests on DESKTOP-B7A5GTQ with PID 17020 (started by nkh16 in C:\hyun\Programming\WEB\portfolio\Reservation-Restaurant\customer-api)
2020-01-28 11:35:27.974  INFO 17020 --- [    Test worker] c.p.r.interfaces.SessionControllerTests  : The following profiles are active: test
2020-01-28 11:35:28.391  INFO 17020 --- [    Test worker] .s.s.UserDetailsServiceAutoConfiguration : 

Using generated security password: 109170f0-da8d-464e-b5a0-266f212be9e1

2020-01-28 11:35:28.495  INFO 17020 --- [    Test worker] o.s.s.web.DefaultSecurityFilterChain     : Creating filter chain: any request, [org.springframework.security.web.context.request.async.WebAsyncManagerIntegrationFilter@20b2cfe8, org.springframework.security.web.context.SecurityContextPersistenceFilter@5b74c54f, org.springframework.security.web.header.HeaderWriterFilter@2cc63926, org.springframework.security.web.authentication.logout.LogoutFilter@3e58fe24, com.project.reservation.filters.JwtAuthenticationFilter@335fac29, org.springframework.security.web.savedrequest.RequestCacheAwareFilter@29a6fa55, org.springframework.security.web.servletapi.SecurityContextHolderAwareRequestFilter@34b4e94e, org.springframework.security.web.authentication.AnonymousAuthenticationFilter@2892a1b6, org.springframework.security.web.session.SessionManagementFilter@3de94a23, org.springframework.security.web.access.ExceptionTranslationFilter@6a831460]
2020-01-28 11:35:28.723  INFO 17020 --- [    Test worker] o.s.s.concurrent.ThreadPoolTaskExecutor  : Initializing ExecutorService 'applicationTaskExecutor'
2020-01-28 11:35:29.210  INFO 17020 --- [    Test worker] o.s.b.t.m.w.SpringBootMockServletContext : Initializing Spring TestDispatcherServlet ''
2020-01-28 11:35:29.210  INFO 17020 --- [    Test worker] o.s.t.web.servlet.TestDispatcherServlet  : Initializing Servlet ''
2020-01-28 11:35:29.227  INFO 17020 --- [    Test worker] o.s.t.web.servlet.TestDispatcherServlet  : Completed initialization in 17 ms
2020-01-28 11:35:29.245  INFO 17020 --- [    Test worker] c.p.r.interfaces.SessionControllerTests  : Started SessionControllerTests in 1.307 seconds (JVM running for 17.258)
]]></system-out>
  <system-err><![CDATA[]]></system-err>
</testsuite>
