<?xml version="1.0" encoding="UTF-8"?>
<testsuite name="com.project.reservation.interfaces.RegionControllerTests" tests="1" skipped="0" failures="0" errors="0" timestamp="2020-01-28T15:21:34" hostname="DESKTOP-B7A5GTQ" time="0.014">
  <properties/>
  <testcase name="list()" classname="com.project.reservation.interfaces.RegionControllerTests" time="0.014"/>
  <system-out><![CDATA[2020-01-29 00:21:33.984  INFO 6768 --- [    Test worker] .b.t.a.w.s.WebMvcTestContextBootstrapper : Neither @ContextConfiguration nor @ContextHierarchy found for test class [com.project.reservation.interfaces.RegionControllerTests], using SpringBootContextLoader
2020-01-29 00:21:33.987  INFO 6768 --- [    Test worker] o.s.t.c.support.AbstractContextLoader    : Could not detect default resource locations for test class [com.project.reservation.interfaces.RegionControllerTests]: no resource found for suffixes {-context.xml, Context.groovy}.
2020-01-29 00:21:33.988  INFO 6768 --- [    Test worker] t.c.s.AnnotationConfigContextLoaderUtils : Could not detect default configuration classes for test class [com.project.reservation.interfaces.RegionControllerTests]: RegionControllerTests does not declare any static, non-private, non-final, nested classes annotated with @Configuration.
2020-01-29 00:21:33.991  INFO 6768 --- [    Test worker] .b.t.c.SpringBootTestContextBootstrapper : Found @SpringBootConfiguration com.project.reservation.CustomerApiApplication for test class com.project.reservation.interfaces.RegionControllerTests
2020-01-29 00:21:33.991  INFO 6768 --- [    Test worker] .b.t.a.w.s.WebMvcTestContextBootstrapper : Loaded default TestExecutionListener class names from location [META-INF/spring.factories]: [org.springframework.boot.test.autoconfigure.restdocs.RestDocsTestExecutionListener, org.springframework.boot.test.autoconfigure.web.client.MockRestServiceServerResetTestExecutionListener, org.springframework.boot.test.autoconfigure.web.servlet.MockMvcPrintOnlyOnFailureTestExecutionListener, org.springframework.boot.test.autoconfigure.web.servlet.WebDriverTestExecutionListener, org.springframework.boot.test.mock.mockito.MockitoTestExecutionListener, org.springframework.boot.test.mock.mockito.ResetMocksTestExecutionListener, org.springframework.test.context.web.ServletTestExecutionListener, org.springframework.test.context.support.DirtiesContextBeforeModesTestExecutionListener, org.springframework.test.context.support.DependencyInjectionTestExecutionListener, org.springframework.test.context.support.DirtiesContextTestExecutionListener, org.springframework.test.context.transaction.TransactionalTestExecutionListener, org.springframework.test.context.jdbc.SqlScriptsTestExecutionListener, org.springframework.test.context.event.EventPublishingTestExecutionListener]
2020-01-29 00:21:33.992  INFO 6768 --- [    Test worker] .b.t.a.w.s.WebMvcTestContextBootstrapper : Using TestExecutionListeners: [org.springframework.test.context.web.ServletTestExecutionListener@282100c6, org.springframework.test.context.support.DirtiesContextBeforeModesTestExecutionListener@8ce22c8, org.springframework.boot.test.mock.mockito.MockitoTestExecutionListener@2976102a, org.springframework.boot.test.autoconfigure.SpringBootDependencyInjectionTestExecutionListener@2ce25b1a, org.springframework.test.context.support.DirtiesContextTestExecutionListener@c655970, org.springframework.test.context.transaction.TransactionalTestExecutionListener@75c4e256, org.springframework.test.context.jdbc.SqlScriptsTestExecutionListener@6caa5b84, org.springframework.test.context.event.EventPublishingTestExecutionListener@522ef780, org.springframework.boot.test.autoconfigure.restdocs.RestDocsTestExecutionListener@74a68a6c, org.springframework.boot.test.autoconfigure.web.client.MockRestServiceServerResetTestExecutionListener@262200fc, org.springframework.boot.test.autoconfigure.web.servlet.MockMvcPrintOnlyOnFailureTestExecutionListener@18ea09c7, org.springframework.boot.test.autoconfigure.web.servlet.WebDriverTestExecutionListener@3d5d7fad, org.springframework.boot.test.mock.mockito.ResetMocksTestExecutionListener@7de87780]

  .   ____          _            __ _ _
 /\\ / ___'_ __ _ _(_)_ __  __ _ \ \ \ \
( ( )\___ | '_ | '_| | '_ \/ _` | \ \ \ \
 \\/  ___)| |_)| | | | | || (_| |  ) ) ) )
  '  |____| .__|_| |_|_| |_\__, | / / / /
 =========|_|==============|___/=/_/_/_/
 :: Spring Boot ::        (v2.2.2.RELEASE)

2020-01-29 00:21:34.037  INFO 6768 --- [    Test worker] c.p.r.interfaces.RegionControllerTests   : Starting RegionControllerTests on DESKTOP-B7A5GTQ with PID 6768 (started by nkh16 in C:\hyun\Programming\WEB\portfolio\Reservation-Restaurant\customer-api)
2020-01-29 00:21:34.038  INFO 6768 --- [    Test worker] c.p.r.interfaces.RegionControllerTests   : The following profiles are active: test
2020-01-29 00:21:34.419  INFO 6768 --- [    Test worker] .s.s.UserDetailsServiceAutoConfiguration : 

Using generated security password: ca19807f-a8fc-49c6-8b92-1a69f7d87c2a

2020-01-29 00:21:34.526  INFO 6768 --- [    Test worker] o.s.s.web.DefaultSecurityFilterChain     : Creating filter chain: any request, [org.springframework.security.web.context.request.async.WebAsyncManagerIntegrationFilter@59f3b87, org.springframework.security.web.context.SecurityContextPersistenceFilter@2a6c6967, org.springframework.security.web.header.HeaderWriterFilter@7a4facf1, org.springframework.security.web.authentication.logout.LogoutFilter@2214550b, com.project.reservation.filters.JwtAuthenticationFilter@5de57b68, org.springframework.security.web.savedrequest.RequestCacheAwareFilter@471c1618, org.springframework.security.web.servletapi.SecurityContextHolderAwareRequestFilter@4033022e, org.springframework.security.web.authentication.AnonymousAuthenticationFilter@67574628, org.springframework.security.web.session.SessionManagementFilter@3653a63c, org.springframework.security.web.access.ExceptionTranslationFilter@77e34fd5]
2020-01-29 00:21:34.754  INFO 6768 --- [    Test worker] o.s.s.concurrent.ThreadPoolTaskExecutor  : Initializing ExecutorService 'applicationTaskExecutor'
2020-01-29 00:21:34.946  INFO 6768 --- [    Test worker] o.s.b.t.m.w.SpringBootMockServletContext : Initializing Spring TestDispatcherServlet ''
2020-01-29 00:21:34.946  INFO 6768 --- [    Test worker] o.s.t.web.servlet.TestDispatcherServlet  : Initializing Servlet ''
2020-01-29 00:21:34.960  INFO 6768 --- [    Test worker] o.s.t.web.servlet.TestDispatcherServlet  : Completed initialization in 14 ms
2020-01-29 00:21:34.977  INFO 6768 --- [    Test worker] c.p.r.interfaces.RegionControllerTests   : Started RegionControllerTests in 0.981 seconds (JVM running for 11.843)
]]></system-out>
  <system-err><![CDATA[]]></system-err>
</testsuite>
