<?xml version="1.0" encoding="UTF-8"?>
<testsuite name="com.project.reservation.interfaces.CategoryControllerTests" tests="1" skipped="0" failures="0" errors="0" timestamp="2020-01-28T02:00:08" hostname="DESKTOP-B7A5GTQ" time="0.191">
  <properties/>
  <testcase name="list()" classname="com.project.reservation.interfaces.CategoryControllerTests" time="0.191"/>
  <system-out><![CDATA[2020-01-28 11:00:07.100  INFO 8984 --- [    Test worker] .b.t.a.w.s.WebMvcTestContextBootstrapper : Neither @ContextConfiguration nor @ContextHierarchy found for test class [com.project.reservation.interfaces.CategoryControllerTests], using SpringBootContextLoader
2020-01-28 11:00:07.103  INFO 8984 --- [    Test worker] o.s.t.c.support.AbstractContextLoader    : Could not detect default resource locations for test class [com.project.reservation.interfaces.CategoryControllerTests]: no resource found for suffixes {-context.xml, Context.groovy}.
2020-01-28 11:00:07.103  INFO 8984 --- [    Test worker] t.c.s.AnnotationConfigContextLoaderUtils : Could not detect default configuration classes for test class [com.project.reservation.interfaces.CategoryControllerTests]: CategoryControllerTests does not declare any static, non-private, non-final, nested classes annotated with @Configuration.
2020-01-28 11:00:07.133  INFO 8984 --- [    Test worker] .b.t.c.SpringBootTestContextBootstrapper : Found @SpringBootConfiguration com.project.reservation.CustomerApiApplication for test class com.project.reservation.interfaces.CategoryControllerTests
2020-01-28 11:00:07.134  INFO 8984 --- [    Test worker] .b.t.a.w.s.WebMvcTestContextBootstrapper : Loaded default TestExecutionListener class names from location [META-INF/spring.factories]: [org.springframework.boot.test.autoconfigure.restdocs.RestDocsTestExecutionListener, org.springframework.boot.test.autoconfigure.web.client.MockRestServiceServerResetTestExecutionListener, org.springframework.boot.test.autoconfigure.web.servlet.MockMvcPrintOnlyOnFailureTestExecutionListener, org.springframework.boot.test.autoconfigure.web.servlet.WebDriverTestExecutionListener, org.springframework.boot.test.mock.mockito.MockitoTestExecutionListener, org.springframework.boot.test.mock.mockito.ResetMocksTestExecutionListener, org.springframework.test.context.web.ServletTestExecutionListener, org.springframework.test.context.support.DirtiesContextBeforeModesTestExecutionListener, org.springframework.test.context.support.DependencyInjectionTestExecutionListener, org.springframework.test.context.support.DirtiesContextTestExecutionListener, org.springframework.test.context.transaction.TransactionalTestExecutionListener, org.springframework.test.context.jdbc.SqlScriptsTestExecutionListener, org.springframework.test.context.event.EventPublishingTestExecutionListener]
2020-01-28 11:00:07.135  INFO 8984 --- [    Test worker] .b.t.a.w.s.WebMvcTestContextBootstrapper : Using TestExecutionListeners: [org.springframework.test.context.web.ServletTestExecutionListener@593e254d, org.springframework.test.context.support.DirtiesContextBeforeModesTestExecutionListener@1f0a151f, org.springframework.boot.test.mock.mockito.MockitoTestExecutionListener@10c07638, org.springframework.boot.test.autoconfigure.SpringBootDependencyInjectionTestExecutionListener@18b2276e, org.springframework.test.context.support.DirtiesContextTestExecutionListener@300e7d78, org.springframework.test.context.transaction.TransactionalTestExecutionListener@7fe3248b, org.springframework.test.context.jdbc.SqlScriptsTestExecutionListener@6c81fcf9, org.springframework.test.context.event.EventPublishingTestExecutionListener@65813f50, org.springframework.boot.test.autoconfigure.restdocs.RestDocsTestExecutionListener@26a76b25, org.springframework.boot.test.autoconfigure.web.client.MockRestServiceServerResetTestExecutionListener@4086c406, org.springframework.boot.test.autoconfigure.web.servlet.MockMvcPrintOnlyOnFailureTestExecutionListener@23039edb, org.springframework.boot.test.autoconfigure.web.servlet.WebDriverTestExecutionListener@4f144e54, org.springframework.boot.test.mock.mockito.ResetMocksTestExecutionListener@5277ead0]

  .   ____          _            __ _ _
 /\\ / ___'_ __ _ _(_)_ __  __ _ \ \ \ \
( ( )\___ | '_ | '_| | '_ \/ _` | \ \ \ \
 \\/  ___)| |_)| | | | | || (_| |  ) ) ) )
  '  |____| .__|_| |_|_| |_\__, | / / / /
 =========|_|==============|___/=/_/_/_/
 :: Spring Boot ::        (v2.2.2.RELEASE)

2020-01-28 11:00:07.188  INFO 8984 --- [    Test worker] c.p.r.i.CategoryControllerTests          : Starting CategoryControllerTests on DESKTOP-B7A5GTQ with PID 8984 (started by nkh16 in C:\hyun\Programming\WEB\portfolio\Reservation-Restaurant\customer-api)
2020-01-28 11:00:07.189  INFO 8984 --- [    Test worker] c.p.r.i.CategoryControllerTests          : The following profiles are active: test
2020-01-28 11:00:07.589  INFO 8984 --- [    Test worker] .s.s.UserDetailsServiceAutoConfiguration : 

Using generated security password: bde1e6c6-38f5-4de0-a462-73f9dc443ca7

2020-01-28 11:00:07.658  INFO 8984 --- [    Test worker] o.s.s.web.DefaultSecurityFilterChain     : Creating filter chain: any request, [org.springframework.security.web.context.request.async.WebAsyncManagerIntegrationFilter@5b5863fa, org.springframework.security.web.context.SecurityContextPersistenceFilter@33fb1b13, org.springframework.security.web.header.HeaderWriterFilter@7afd2348, org.springframework.security.web.authentication.logout.LogoutFilter@2cb5d1e0, com.project.reservation.filters.JwtAuthenticationFilter@1b19b195, org.springframework.security.web.savedrequest.RequestCacheAwareFilter@4eb725a1, org.springframework.security.web.servletapi.SecurityContextHolderAwareRequestFilter@5d43b85c, org.springframework.security.web.authentication.AnonymousAuthenticationFilter@37849278, org.springframework.security.web.session.SessionManagementFilter@1c90d685, org.springframework.security.web.access.ExceptionTranslationFilter@ffb9d4]
2020-01-28 11:00:07.845  INFO 8984 --- [    Test worker] o.s.s.concurrent.ThreadPoolTaskExecutor  : Initializing ExecutorService 'applicationTaskExecutor'
2020-01-28 11:00:08.043  INFO 8984 --- [    Test worker] o.s.b.t.m.w.SpringBootMockServletContext : Initializing Spring TestDispatcherServlet ''
2020-01-28 11:00:08.044  INFO 8984 --- [    Test worker] o.s.t.web.servlet.TestDispatcherServlet  : Initializing Servlet ''
2020-01-28 11:00:08.067  INFO 8984 --- [    Test worker] o.s.t.web.servlet.TestDispatcherServlet  : Completed initialization in 23 ms
2020-01-28 11:00:08.108  INFO 8984 --- [    Test worker] c.p.r.i.CategoryControllerTests          : Started CategoryControllerTests in 0.968 seconds (JVM running for 10.563)
]]></system-out>
  <system-err><![CDATA[]]></system-err>
</testsuite>
