<?xml version="1.0" encoding="UTF-8"?>
<testsuite name="com.project.reservation.CustomerApiApplicationTests" tests="1" skipped="0" failures="0" errors="0" timestamp="2020-01-24T09:01:12" hostname="DESKTOP-B7A5GTQ" time="0.02">
  <properties/>
  <testcase name="contextLoads()" classname="com.project.reservation.CustomerApiApplicationTests" time="0.02"/>
  <system-out><![CDATA[18:01:05.771 [Test worker] DEBUG org.springframework.test.context.BootstrapUtils - Instantiating CacheAwareContextLoaderDelegate from class [org.springframework.test.context.cache.DefaultCacheAwareContextLoaderDelegate]
18:01:05.796 [Test worker] DEBUG org.springframework.test.context.BootstrapUtils - Instantiating BootstrapContext using constructor [public org.springframework.test.context.support.DefaultBootstrapContext(java.lang.Class,org.springframework.test.context.CacheAwareContextLoaderDelegate)]
18:01:05.838 [Test worker] DEBUG org.springframework.test.context.BootstrapUtils - Instantiating TestContextBootstrapper for test class [com.project.reservation.CustomerApiApplicationTests] from class [org.springframework.boot.test.context.SpringBootTestContextBootstrapper]
18:01:05.855 [Test worker] INFO org.springframework.boot.test.context.SpringBootTestContextBootstrapper - Neither @ContextConfiguration nor @ContextHierarchy found for test class [com.project.reservation.CustomerApiApplicationTests], using SpringBootContextLoader
18:01:05.860 [Test worker] DEBUG org.springframework.test.context.support.AbstractContextLoader - Did not detect default resource location for test class [com.project.reservation.CustomerApiApplicationTests]: class path resource [com/project/reservation/CustomerApiApplicationTests-context.xml] does not exist
18:01:05.861 [Test worker] DEBUG org.springframework.test.context.support.AbstractContextLoader - Did not detect default resource location for test class [com.project.reservation.CustomerApiApplicationTests]: class path resource [com/project/reservation/CustomerApiApplicationTestsContext.groovy] does not exist
18:01:05.861 [Test worker] INFO org.springframework.test.context.support.AbstractContextLoader - Could not detect default resource locations for test class [com.project.reservation.CustomerApiApplicationTests]: no resource found for suffixes {-context.xml, Context.groovy}.
18:01:05.862 [Test worker] INFO org.springframework.test.context.support.AnnotationConfigContextLoaderUtils - Could not detect default configuration classes for test class [com.project.reservation.CustomerApiApplicationTests]: CustomerApiApplicationTests does not declare any static, non-private, non-final, nested classes annotated with @Configuration.
18:01:05.913 [Test worker] DEBUG org.springframework.test.context.support.ActiveProfilesUtils - Could not find an 'annotation declaring class' for annotation type [org.springframework.test.context.ActiveProfiles] and class [com.project.reservation.CustomerApiApplicationTests]
18:01:05.998 [Test worker] DEBUG org.springframework.context.annotation.ClassPathScanningCandidateComponentProvider - Identified candidate component class: file [C:\hyun\Programming\WEB\portfolio\Reservation-Restaurant\customer-api\build\classes\java\main\com\project\reservation\CustomerApiApplication.class]
18:01:06.001 [Test worker] INFO org.springframework.boot.test.context.SpringBootTestContextBootstrapper - Found @SpringBootConfiguration com.project.reservation.CustomerApiApplication for test class com.project.reservation.CustomerApiApplicationTests
18:01:06.138 [Test worker] DEBUG org.springframework.boot.test.context.SpringBootTestContextBootstrapper - @TestExecutionListeners is not present for class [com.project.reservation.CustomerApiApplicationTests]: using defaults.
18:01:06.139 [Test worker] INFO org.springframework.boot.test.context.SpringBootTestContextBootstrapper - Loaded default TestExecutionListener class names from location [META-INF/spring.factories]: [org.springframework.boot.test.autoconfigure.restdocs.RestDocsTestExecutionListener, org.springframework.boot.test.autoconfigure.web.client.MockRestServiceServerResetTestExecutionListener, org.springframework.boot.test.autoconfigure.web.servlet.MockMvcPrintOnlyOnFailureTestExecutionListener, org.springframework.boot.test.autoconfigure.web.servlet.WebDriverTestExecutionListener, org.springframework.boot.test.mock.mockito.MockitoTestExecutionListener, org.springframework.boot.test.mock.mockito.ResetMocksTestExecutionListener, org.springframework.test.context.web.ServletTestExecutionListener, org.springframework.test.context.support.DirtiesContextBeforeModesTestExecutionListener, org.springframework.test.context.support.DependencyInjectionTestExecutionListener, org.springframework.test.context.support.DirtiesContextTestExecutionListener, org.springframework.test.context.transaction.TransactionalTestExecutionListener, org.springframework.test.context.jdbc.SqlScriptsTestExecutionListener, org.springframework.test.context.event.EventPublishingTestExecutionListener]
18:01:06.160 [Test worker] INFO org.springframework.boot.test.context.SpringBootTestContextBootstrapper - Using TestExecutionListeners: [org.springframework.test.context.web.ServletTestExecutionListener@7e717adc, org.springframework.test.context.support.DirtiesContextBeforeModesTestExecutionListener@3d694469, org.springframework.boot.test.mock.mockito.MockitoTestExecutionListener@11f7f0c4, org.springframework.boot.test.autoconfigure.SpringBootDependencyInjectionTestExecutionListener@6ebb2e53, org.springframework.test.context.support.DirtiesContextTestExecutionListener@1b690ec2, org.springframework.test.context.transaction.TransactionalTestExecutionListener@6cd45bca, org.springframework.test.context.jdbc.SqlScriptsTestExecutionListener@428bf744, org.springframework.test.context.event.EventPublishingTestExecutionListener@757580f0, org.springframework.boot.test.autoconfigure.restdocs.RestDocsTestExecutionListener@26b98f82, org.springframework.boot.test.autoconfigure.web.client.MockRestServiceServerResetTestExecutionListener@687d9a94, org.springframework.boot.test.autoconfigure.web.servlet.MockMvcPrintOnlyOnFailureTestExecutionListener@75517108, org.springframework.boot.test.autoconfigure.web.servlet.WebDriverTestExecutionListener@2cfa0d52, org.springframework.boot.test.mock.mockito.ResetMocksTestExecutionListener@465542d0]
18:01:06.164 [Test worker] DEBUG org.springframework.test.context.support.AbstractDirtiesContextTestExecutionListener - Before test class: context [DefaultTestContext@4805ba6a testClass = CustomerApiApplicationTests, testInstance = [null], testMethod = [null], testException = [null], mergedContextConfiguration = [WebMergedContextConfiguration@371a5d0d testClass = CustomerApiApplicationTests, locations = '{}', classes = '{class com.project.reservation.CustomerApiApplication}', contextInitializerClasses = '[]', activeProfiles = '{}', propertySourceLocations = '{}', propertySourceProperties = '{org.springframework.boot.test.context.SpringBootTestContextBootstrapper=true}', contextCustomizers = set[org.springframework.boot.test.autoconfigure.properties.PropertyMappingContextCustomizer@0, org.springframework.boot.test.autoconfigure.web.servlet.WebDriverContextCustomizerFactory$Customizer@343aa600, org.springframework.boot.test.context.filter.ExcludeFilterContextCustomizer@38c78545, org.springframework.boot.test.json.DuplicateJsonObjectContextCustomizerFactory$DuplicateJsonObjectContextCustomizer@5c9c1264, org.springframework.boot.test.mock.mockito.MockitoContextCustomizer@0, org.springframework.boot.test.web.client.TestRestTemplateContextCustomizer@a777f9b], resourceBasePath = 'src/main/webapp', contextLoader = 'org.springframework.boot.test.context.SpringBootContextLoader', parent = [null]], attributes = map['org.springframework.test.context.web.ServletTestExecutionListener.activateListener' -> true]], class annotated with @DirtiesContext [false] with mode [null].
18:01:06.196 [Test worker] DEBUG org.springframework.test.context.support.TestPropertySourceUtils - Adding inlined properties to environment: {spring.jmx.enabled=false, org.springframework.boot.test.context.SpringBootTestContextBootstrapper=true, server.port=-1}

  .   ____          _            __ _ _
 /\\ / ___'_ __ _ _(_)_ __  __ _ \ \ \ \
( ( )\___ | '_ | '_| | '_ \/ _` | \ \ \ \
 \\/  ___)| |_)| | | | | || (_| |  ) ) ) )
  '  |____| .__|_| |_|_| |_\__, | / / / /
 =========|_|==============|___/=/_/_/_/
 :: Spring Boot ::        (v2.2.2.RELEASE)

2020-01-24 18:01:06.823  INFO 8960 --- [    Test worker] c.p.r.CustomerApiApplicationTests        : Starting CustomerApiApplicationTests on DESKTOP-B7A5GTQ with PID 8960 (started by nkh16 in C:\hyun\Programming\WEB\portfolio\Reservation-Restaurant\customer-api)
2020-01-24 18:01:06.824  INFO 8960 --- [    Test worker] c.p.r.CustomerApiApplicationTests        : The following profiles are active: test
2020-01-24 18:01:07.844  INFO 8960 --- [    Test worker] .s.d.r.c.RepositoryConfigurationDelegate : Bootstrapping Spring Data JPA repositories in DEFAULT mode.
2020-01-24 18:01:07.960  INFO 8960 --- [    Test worker] .s.d.r.c.RepositoryConfigurationDelegate : Finished Spring Data repository scanning in 99ms. Found 4 JPA repository interfaces.
2020-01-24 18:01:08.578  INFO 8960 --- [    Test worker] trationDelegate$BeanPostProcessorChecker : Bean 'org.springframework.transaction.annotation.ProxyTransactionManagementConfiguration' of type [org.springframework.transaction.annotation.ProxyTransactionManagementConfiguration] is not eligible for getting processed by all BeanPostProcessors (for example: not eligible for auto-proxying)
2020-01-24 18:01:08.951  INFO 8960 --- [    Test worker] o.hibernate.jpa.internal.util.LogHelper  : HHH000204: Processing PersistenceUnitInfo [name: default]
2020-01-24 18:01:09.058  INFO 8960 --- [    Test worker] org.hibernate.Version                    : HHH000412: Hibernate Core {5.4.9.Final}
2020-01-24 18:01:09.113  INFO 8960 --- [    Test worker] o.hibernate.annotations.common.Version   : HCANN000001: Hibernate Commons Annotations {5.1.0.Final}
2020-01-24 18:01:09.259  INFO 8960 --- [    Test worker] com.zaxxer.hikari.HikariDataSource       : HikariPool-1 - Starting...
2020-01-24 18:01:09.544  INFO 8960 --- [    Test worker] com.zaxxer.hikari.HikariDataSource       : HikariPool-1 - Start completed.
2020-01-24 18:01:09.599  INFO 8960 --- [    Test worker] org.hibernate.dialect.Dialect            : HHH000400: Using dialect: org.hibernate.dialect.H2Dialect
2020-01-24 18:01:10.506  INFO 8960 --- [    Test worker] o.h.e.t.j.p.i.JtaPlatformInitiator       : HHH000490: Using JtaPlatform implementation: [org.hibernate.engine.transaction.jta.platform.internal.NoJtaPlatform]
2020-01-24 18:01:10.519  INFO 8960 --- [    Test worker] j.LocalContainerEntityManagerFactoryBean : Initialized JPA EntityManagerFactory for persistence unit 'default'
2020-01-24 18:01:11.506  WARN 8960 --- [    Test worker] JpaBaseConfiguration$JpaWebConfiguration : spring.jpa.open-in-view is enabled by default. Therefore, database queries may be performed during view rendering. Explicitly configure spring.jpa.open-in-view to disable this warning
2020-01-24 18:01:11.921  INFO 8960 --- [    Test worker] o.s.s.concurrent.ThreadPoolTaskExecutor  : Initializing ExecutorService 'applicationTaskExecutor'
2020-01-24 18:01:12.561  INFO 8960 --- [    Test worker] c.p.r.CustomerApiApplicationTests        : Started CustomerApiApplicationTests in 6.346 seconds (JVM running for 9.33)
]]></system-out>
  <system-err><![CDATA[]]></system-err>
</testsuite>
