<?xml version="1.0" encoding="UTF-8"?>
<testsuite name="com.project.reservation.interfaces.CategoryControllerTests" tests="1" skipped="0" failures="0" errors="0" timestamp="2020-01-29T10:42:21" hostname="DESKTOP-B7A5GTQ" time="0.176">
  <properties/>
  <testcase name="list()" classname="com.project.reservation.interfaces.CategoryControllerTests" time="0.176"/>
  <system-out><![CDATA[2020-01-29 19:42:20.276  INFO 140 --- [    Test worker] .b.t.a.w.s.WebMvcTestContextBootstrapper : Neither @ContextConfiguration nor @ContextHierarchy found for test class [com.project.reservation.interfaces.CategoryControllerTests], using SpringBootContextLoader
2020-01-29 19:42:20.277  INFO 140 --- [    Test worker] o.s.t.c.support.AbstractContextLoader    : Could not detect default resource locations for test class [com.project.reservation.interfaces.CategoryControllerTests]: no resource found for suffixes {-context.xml, Context.groovy}.
2020-01-29 19:42:20.278  INFO 140 --- [    Test worker] t.c.s.AnnotationConfigContextLoaderUtils : Could not detect default configuration classes for test class [com.project.reservation.interfaces.CategoryControllerTests]: CategoryControllerTests does not declare any static, non-private, non-final, nested classes annotated with @Configuration.
2020-01-29 19:42:20.305  INFO 140 --- [    Test worker] .b.t.c.SpringBootTestContextBootstrapper : Found @SpringBootConfiguration com.project.reservation.CustomerApiApplication for test class com.project.reservation.interfaces.CategoryControllerTests
2020-01-29 19:42:20.306  INFO 140 --- [    Test worker] .b.t.a.w.s.WebMvcTestContextBootstrapper : Loaded default TestExecutionListener class names from location [META-INF/spring.factories]: [org.springframework.boot.test.autoconfigure.restdocs.RestDocsTestExecutionListener, org.springframework.boot.test.autoconfigure.web.client.MockRestServiceServerResetTestExecutionListener, org.springframework.boot.test.autoconfigure.web.servlet.MockMvcPrintOnlyOnFailureTestExecutionListener, org.springframework.boot.test.autoconfigure.web.servlet.WebDriverTestExecutionListener, org.springframework.boot.test.mock.mockito.MockitoTestExecutionListener, org.springframework.boot.test.mock.mockito.ResetMocksTestExecutionListener, org.springframework.test.context.web.ServletTestExecutionListener, org.springframework.test.context.support.DirtiesContextBeforeModesTestExecutionListener, org.springframework.test.context.support.DependencyInjectionTestExecutionListener, org.springframework.test.context.support.DirtiesContextTestExecutionListener, org.springframework.test.context.transaction.TransactionalTestExecutionListener, org.springframework.test.context.jdbc.SqlScriptsTestExecutionListener, org.springframework.test.context.event.EventPublishingTestExecutionListener]
2020-01-29 19:42:20.306  INFO 140 --- [    Test worker] .b.t.a.w.s.WebMvcTestContextBootstrapper : Using TestExecutionListeners: [org.springframework.test.context.web.ServletTestExecutionListener@28da5583, org.springframework.test.context.support.DirtiesContextBeforeModesTestExecutionListener@9db022b, org.springframework.boot.test.mock.mockito.MockitoTestExecutionListener@4da26591, org.springframework.boot.test.autoconfigure.SpringBootDependencyInjectionTestExecutionListener@7f32401d, org.springframework.test.context.support.DirtiesContextTestExecutionListener@53e7435, org.springframework.test.context.transaction.TransactionalTestExecutionListener@54a5e4e3, org.springframework.test.context.jdbc.SqlScriptsTestExecutionListener@a758d0b, org.springframework.test.context.event.EventPublishingTestExecutionListener@67aa16f0, org.springframework.boot.test.autoconfigure.restdocs.RestDocsTestExecutionListener@11c349ec, org.springframework.boot.test.autoconfigure.web.client.MockRestServiceServerResetTestExecutionListener@6a3a35cb, org.springframework.boot.test.autoconfigure.web.servlet.MockMvcPrintOnlyOnFailureTestExecutionListener@4c81f052, org.springframework.boot.test.autoconfigure.web.servlet.WebDriverTestExecutionListener@7b2b62a4, org.springframework.boot.test.mock.mockito.ResetMocksTestExecutionListener@70acc804]

  .   ____          _            __ _ _
 /\\ / ___'_ __ _ _(_)_ __  __ _ \ \ \ \
( ( )\___ | '_ | '_| | '_ \/ _` | \ \ \ \
 \\/  ___)| |_)| | | | | || (_| |  ) ) ) )
  '  |____| .__|_| |_|_| |_\__, | / / / /
 =========|_|==============|___/=/_/_/_/
 :: Spring Boot ::        (v2.2.2.RELEASE)

2020-01-29 19:42:20.360  INFO 140 --- [    Test worker] c.p.r.i.CategoryControllerTests          : Starting CategoryControllerTests on DESKTOP-B7A5GTQ with PID 140 (started by nkh16 in C:\hyun\Programming\WEB\portfolio\Reservation-Restaurant\customer-api)
2020-01-29 19:42:20.360  INFO 140 --- [    Test worker] c.p.r.i.CategoryControllerTests          : The following profiles are active: test
2020-01-29 19:42:20.726  INFO 140 --- [    Test worker] .s.s.UserDetailsServiceAutoConfiguration : 

Using generated security password: 994ee2e5-e3a4-4911-9888-b8f77c4d4cf6

2020-01-29 19:42:20.803  INFO 140 --- [    Test worker] o.s.s.web.DefaultSecurityFilterChain     : Creating filter chain: any request, [org.springframework.security.web.context.request.async.WebAsyncManagerIntegrationFilter@39958f79, org.springframework.security.web.context.SecurityContextPersistenceFilter@30b5ff88, org.springframework.security.web.header.HeaderWriterFilter@5dfb3ff5, org.springframework.security.web.authentication.logout.LogoutFilter@5f49a663, com.project.reservation.filters.JwtAuthenticationFilter@5f7ab7e3, org.springframework.security.web.savedrequest.RequestCacheAwareFilter@28b9c06b, org.springframework.security.web.servletapi.SecurityContextHolderAwareRequestFilter@2cb9461e, org.springframework.security.web.authentication.AnonymousAuthenticationFilter@659d113b, org.springframework.security.web.session.SessionManagementFilter@5906a99f, org.springframework.security.web.access.ExceptionTranslationFilter@6bfe6d58]
2020-01-29 19:42:20.998  INFO 140 --- [    Test worker] o.s.s.concurrent.ThreadPoolTaskExecutor  : Initializing ExecutorService 'applicationTaskExecutor'
2020-01-29 19:42:21.213  INFO 140 --- [    Test worker] o.s.b.t.m.w.SpringBootMockServletContext : Initializing Spring TestDispatcherServlet ''
2020-01-29 19:42:21.214  INFO 140 --- [    Test worker] o.s.t.web.servlet.TestDispatcherServlet  : Initializing Servlet ''
2020-01-29 19:42:21.231  INFO 140 --- [    Test worker] o.s.t.web.servlet.TestDispatcherServlet  : Completed initialization in 17 ms
2020-01-29 19:42:21.252  INFO 140 --- [    Test worker] c.p.r.i.CategoryControllerTests          : Started CategoryControllerTests in 0.941 seconds (JVM running for 10.591)
]]></system-out>
  <system-err><![CDATA[]]></system-err>
</testsuite>
