<?xml version="1.0" encoding="UTF-8"?>
<testsuite name="com.project.reservation.interfaces.RestaurantControllerTests" tests="3" skipped="0" failures="0" errors="0" timestamp="2020-01-26T13:47:33" hostname="DESKTOP-B7A5GTQ" time="0.076">
  <properties/>
  <testcase name="list()" classname="com.project.reservation.interfaces.RestaurantControllerTests" time="0.035"/>
  <testcase name="detailWithNotExisted()" classname="com.project.reservation.interfaces.RestaurantControllerTests" time="0.02"/>
  <testcase name="detailWithExisted()" classname="com.project.reservation.interfaces.RestaurantControllerTests" time="0.017"/>
  <system-out><![CDATA[2020-01-26 22:47:33.241  INFO 14668 --- [    Test worker] .b.t.a.w.s.WebMvcTestContextBootstrapper : Neither @ContextConfiguration nor @ContextHierarchy found for test class [com.project.reservation.interfaces.RestaurantControllerTests], using SpringBootContextLoader
2020-01-26 22:47:33.243  INFO 14668 --- [    Test worker] o.s.t.c.support.AbstractContextLoader    : Could not detect default resource locations for test class [com.project.reservation.interfaces.RestaurantControllerTests]: no resource found for suffixes {-context.xml, Context.groovy}.
2020-01-26 22:47:33.243  INFO 14668 --- [    Test worker] t.c.s.AnnotationConfigContextLoaderUtils : Could not detect default configuration classes for test class [com.project.reservation.interfaces.RestaurantControllerTests]: RestaurantControllerTests does not declare any static, non-private, non-final, nested classes annotated with @Configuration.
2020-01-26 22:47:33.247  INFO 14668 --- [    Test worker] .b.t.c.SpringBootTestContextBootstrapper : Found @SpringBootConfiguration com.project.reservation.CustomerApiApplication for test class com.project.reservation.interfaces.RestaurantControllerTests
2020-01-26 22:47:33.249  INFO 14668 --- [    Test worker] .b.t.a.w.s.WebMvcTestContextBootstrapper : Loaded default TestExecutionListener class names from location [META-INF/spring.factories]: [org.springframework.boot.test.autoconfigure.restdocs.RestDocsTestExecutionListener, org.springframework.boot.test.autoconfigure.web.client.MockRestServiceServerResetTestExecutionListener, org.springframework.boot.test.autoconfigure.web.servlet.MockMvcPrintOnlyOnFailureTestExecutionListener, org.springframework.boot.test.autoconfigure.web.servlet.WebDriverTestExecutionListener, org.springframework.boot.test.mock.mockito.MockitoTestExecutionListener, org.springframework.boot.test.mock.mockito.ResetMocksTestExecutionListener, org.springframework.test.context.web.ServletTestExecutionListener, org.springframework.test.context.support.DirtiesContextBeforeModesTestExecutionListener, org.springframework.test.context.support.DependencyInjectionTestExecutionListener, org.springframework.test.context.support.DirtiesContextTestExecutionListener, org.springframework.test.context.transaction.TransactionalTestExecutionListener, org.springframework.test.context.jdbc.SqlScriptsTestExecutionListener, org.springframework.test.context.event.EventPublishingTestExecutionListener]
2020-01-26 22:47:33.250  INFO 14668 --- [    Test worker] .b.t.a.w.s.WebMvcTestContextBootstrapper : Using TestExecutionListeners: [org.springframework.test.context.web.ServletTestExecutionListener@19b7c17f, org.springframework.test.context.support.DirtiesContextBeforeModesTestExecutionListener@68b899da, org.springframework.boot.test.mock.mockito.MockitoTestExecutionListener@4ba8e6a6, org.springframework.boot.test.autoconfigure.SpringBootDependencyInjectionTestExecutionListener@6fa31db2, org.springframework.test.context.support.DirtiesContextTestExecutionListener@48389500, org.springframework.test.context.transaction.TransactionalTestExecutionListener@6462a394, org.springframework.test.context.jdbc.SqlScriptsTestExecutionListener@68f3e468, org.springframework.test.context.event.EventPublishingTestExecutionListener@1fca2a49, org.springframework.boot.test.autoconfigure.restdocs.RestDocsTestExecutionListener@13d62c25, org.springframework.boot.test.autoconfigure.web.client.MockRestServiceServerResetTestExecutionListener@62d943c8, org.springframework.boot.test.autoconfigure.web.servlet.MockMvcPrintOnlyOnFailureTestExecutionListener@15fe2b5f, org.springframework.boot.test.autoconfigure.web.servlet.WebDriverTestExecutionListener@5b28d3cb, org.springframework.boot.test.mock.mockito.ResetMocksTestExecutionListener@79bd6b8f]

  .   ____          _            __ _ _
 /\\ / ___'_ __ _ _(_)_ __  __ _ \ \ \ \
( ( )\___ | '_ | '_| | '_ \/ _` | \ \ \ \
 \\/  ___)| |_)| | | | | || (_| |  ) ) ) )
  '  |____| .__|_| |_|_| |_\__, | / / / /
 =========|_|==============|___/=/_/_/_/
 :: Spring Boot ::        (v2.2.2.RELEASE)

2020-01-26 22:47:33.286  INFO 14668 --- [    Test worker] c.p.r.i.RestaurantControllerTests        : Starting RestaurantControllerTests on DESKTOP-B7A5GTQ with PID 14668 (started by nkh16 in C:\hyun\Programming\WEB\portfolio\Reservation-Restaurant\customer-api)
2020-01-26 22:47:33.286  INFO 14668 --- [    Test worker] c.p.r.i.RestaurantControllerTests        : The following profiles are active: test
2020-01-26 22:47:33.686  INFO 14668 --- [    Test worker] o.s.s.concurrent.ThreadPoolTaskExecutor  : Initializing ExecutorService 'applicationTaskExecutor'
2020-01-26 22:47:33.855  INFO 14668 --- [    Test worker] o.s.b.t.m.w.SpringBootMockServletContext : Initializing Spring TestDispatcherServlet ''
2020-01-26 22:47:33.855  INFO 14668 --- [    Test worker] o.s.t.web.servlet.TestDispatcherServlet  : Initializing Servlet ''
2020-01-26 22:47:33.861  INFO 14668 --- [    Test worker] o.s.t.web.servlet.TestDispatcherServlet  : Completed initialization in 6 ms
2020-01-26 22:47:33.882  INFO 14668 --- [    Test worker] c.p.r.i.RestaurantControllerTests        : Started RestaurantControllerTests in 0.626 seconds (JVM running for 12.327)
]]></system-out>
  <system-err><![CDATA[]]></system-err>
</testsuite>
