<?xml version="1.0" encoding="UTF-8"?>
<testsuite name="com.project.reservation.interfaces.UserControllerTests" tests="1" skipped="0" failures="0" errors="0" timestamp="2020-01-27T04:31:26" hostname="DESKTOP-B7A5GTQ" time="0.019">
  <properties/>
  <testcase name="create()" classname="com.project.reservation.interfaces.UserControllerTests" time="0.019"/>
  <system-out><![CDATA[2020-01-27 13:31:25.403  INFO 17164 --- [    Test worker] .b.t.a.w.s.WebMvcTestContextBootstrapper : Neither @ContextConfiguration nor @ContextHierarchy found for test class [com.project.reservation.interfaces.UserControllerTests], using SpringBootContextLoader
2020-01-27 13:31:25.404  INFO 17164 --- [    Test worker] o.s.t.c.support.AbstractContextLoader    : Could not detect default resource locations for test class [com.project.reservation.interfaces.UserControllerTests]: no resource found for suffixes {-context.xml, Context.groovy}.
2020-01-27 13:31:25.405  INFO 17164 --- [    Test worker] t.c.s.AnnotationConfigContextLoaderUtils : Could not detect default configuration classes for test class [com.project.reservation.interfaces.UserControllerTests]: UserControllerTests does not declare any static, non-private, non-final, nested classes annotated with @Configuration.
2020-01-27 13:31:25.407  INFO 17164 --- [    Test worker] .b.t.c.SpringBootTestContextBootstrapper : Found @SpringBootConfiguration com.project.reservation.CustomerApiApplication for test class com.project.reservation.interfaces.UserControllerTests
2020-01-27 13:31:25.407  INFO 17164 --- [    Test worker] .b.t.a.w.s.WebMvcTestContextBootstrapper : Loaded default TestExecutionListener class names from location [META-INF/spring.factories]: [org.springframework.boot.test.autoconfigure.restdocs.RestDocsTestExecutionListener, org.springframework.boot.test.autoconfigure.web.client.MockRestServiceServerResetTestExecutionListener, org.springframework.boot.test.autoconfigure.web.servlet.MockMvcPrintOnlyOnFailureTestExecutionListener, org.springframework.boot.test.autoconfigure.web.servlet.WebDriverTestExecutionListener, org.springframework.boot.test.mock.mockito.MockitoTestExecutionListener, org.springframework.boot.test.mock.mockito.ResetMocksTestExecutionListener, org.springframework.test.context.web.ServletTestExecutionListener, org.springframework.test.context.support.DirtiesContextBeforeModesTestExecutionListener, org.springframework.test.context.support.DependencyInjectionTestExecutionListener, org.springframework.test.context.support.DirtiesContextTestExecutionListener, org.springframework.test.context.transaction.TransactionalTestExecutionListener, org.springframework.test.context.jdbc.SqlScriptsTestExecutionListener, org.springframework.test.context.event.EventPublishingTestExecutionListener]
2020-01-27 13:31:25.408  INFO 17164 --- [    Test worker] .b.t.a.w.s.WebMvcTestContextBootstrapper : Using TestExecutionListeners: [org.springframework.test.context.web.ServletTestExecutionListener@11f17e8f, org.springframework.test.context.support.DirtiesContextBeforeModesTestExecutionListener@2aa39b6e, org.springframework.boot.test.mock.mockito.MockitoTestExecutionListener@2c78d6e7, org.springframework.boot.test.autoconfigure.SpringBootDependencyInjectionTestExecutionListener@2a96ea6f, org.springframework.test.context.support.DirtiesContextTestExecutionListener@3009ecb4, org.springframework.test.context.transaction.TransactionalTestExecutionListener@6476930, org.springframework.test.context.jdbc.SqlScriptsTestExecutionListener@6ce258f1, org.springframework.test.context.event.EventPublishingTestExecutionListener@71ba1290, org.springframework.boot.test.autoconfigure.restdocs.RestDocsTestExecutionListener@e293c5f, org.springframework.boot.test.autoconfigure.web.client.MockRestServiceServerResetTestExecutionListener@339aca43, org.springframework.boot.test.autoconfigure.web.servlet.MockMvcPrintOnlyOnFailureTestExecutionListener@4d413911, org.springframework.boot.test.autoconfigure.web.servlet.WebDriverTestExecutionListener@6cce9cbb, org.springframework.boot.test.mock.mockito.ResetMocksTestExecutionListener@2bc29eb9]

  .   ____          _            __ _ _
 /\\ / ___'_ __ _ _(_)_ __  __ _ \ \ \ \
( ( )\___ | '_ | '_| | '_ \/ _` | \ \ \ \
 \\/  ___)| |_)| | | | | || (_| |  ) ) ) )
  '  |____| .__|_| |_|_| |_\__, | / / / /
 =========|_|==============|___/=/_/_/_/
 :: Spring Boot ::        (v2.2.2.RELEASE)

2020-01-27 13:31:25.455  INFO 17164 --- [    Test worker] c.p.r.interfaces.UserControllerTests     : Starting UserControllerTests on DESKTOP-B7A5GTQ with PID 17164 (started by nkh16 in C:\hyun\Programming\WEB\portfolio\Reservation-Restaurant\customer-api)
2020-01-27 13:31:25.456  INFO 17164 --- [    Test worker] c.p.r.interfaces.UserControllerTests     : The following profiles are active: test
2020-01-27 13:31:25.798  INFO 17164 --- [    Test worker] .s.s.UserDetailsServiceAutoConfiguration : 

Using generated security password: db5526e3-331a-42b7-9665-9e5e89514eba

2020-01-27 13:31:25.926  INFO 17164 --- [    Test worker] o.s.s.web.DefaultSecurityFilterChain     : Creating filter chain: any request, [org.springframework.security.web.context.request.async.WebAsyncManagerIntegrationFilter@444b3a6, org.springframework.security.web.context.SecurityContextPersistenceFilter@55935e6d, org.springframework.security.web.header.HeaderWriterFilter@3db28ceb, org.springframework.security.web.authentication.logout.LogoutFilter@85fe9ba, org.springframework.security.web.savedrequest.RequestCacheAwareFilter@b184cb, org.springframework.security.web.servletapi.SecurityContextHolderAwareRequestFilter@294d85e2, org.springframework.security.web.authentication.AnonymousAuthenticationFilter@41634459, org.springframework.security.web.session.SessionManagementFilter@7d727430, org.springframework.security.web.access.ExceptionTranslationFilter@248e2f23]
2020-01-27 13:31:26.093  INFO 17164 --- [    Test worker] o.s.s.concurrent.ThreadPoolTaskExecutor  : Initializing ExecutorService 'applicationTaskExecutor'
2020-01-27 13:31:26.274  INFO 17164 --- [    Test worker] o.s.b.t.m.w.SpringBootMockServletContext : Initializing Spring TestDispatcherServlet ''
2020-01-27 13:31:26.274  INFO 17164 --- [    Test worker] o.s.t.web.servlet.TestDispatcherServlet  : Initializing Servlet ''
2020-01-27 13:31:26.295  INFO 17164 --- [    Test worker] o.s.t.web.servlet.TestDispatcherServlet  : Completed initialization in 21 ms
2020-01-27 13:31:26.312  INFO 17164 --- [    Test worker] c.p.r.interfaces.UserControllerTests     : Started UserControllerTests in 0.893 seconds (JVM running for 15.365)
]]></system-out>
  <system-err><![CDATA[]]></system-err>
</testsuite>
