<?xml version="1.0" encoding="UTF-8"?>
<testsuite name="com.project.reservation.interfaces.ReviewControllerTests" tests="2" skipped="0" failures="0" errors="0" timestamp="2020-01-28T15:21:36" hostname="DESKTOP-B7A5GTQ" time="0.254">
  <properties/>
  <testcase name="createWithValidAttribute()" classname="com.project.reservation.interfaces.ReviewControllerTests" time="0.219"/>
  <testcase name="createWithInvalidAttribute()" classname="com.project.reservation.interfaces.ReviewControllerTests" time="0.034"/>
  <system-out><![CDATA[2020-01-29 00:21:35.943  INFO 6768 --- [    Test worker] .b.t.a.w.s.WebMvcTestContextBootstrapper : Neither @ContextConfiguration nor @ContextHierarchy found for test class [com.project.reservation.interfaces.ReviewControllerTests], using SpringBootContextLoader
2020-01-29 00:21:35.945  INFO 6768 --- [    Test worker] o.s.t.c.support.AbstractContextLoader    : Could not detect default resource locations for test class [com.project.reservation.interfaces.ReviewControllerTests]: no resource found for suffixes {-context.xml, Context.groovy}.
2020-01-29 00:21:35.945  INFO 6768 --- [    Test worker] t.c.s.AnnotationConfigContextLoaderUtils : Could not detect default configuration classes for test class [com.project.reservation.interfaces.ReviewControllerTests]: ReviewControllerTests does not declare any static, non-private, non-final, nested classes annotated with @Configuration.
2020-01-29 00:21:35.952  INFO 6768 --- [    Test worker] .b.t.c.SpringBootTestContextBootstrapper : Found @SpringBootConfiguration com.project.reservation.CustomerApiApplication for test class com.project.reservation.interfaces.ReviewControllerTests
2020-01-29 00:21:35.953  INFO 6768 --- [    Test worker] .b.t.a.w.s.WebMvcTestContextBootstrapper : Loaded default TestExecutionListener class names from location [META-INF/spring.factories]: [org.springframework.boot.test.autoconfigure.restdocs.RestDocsTestExecutionListener, org.springframework.boot.test.autoconfigure.web.client.MockRestServiceServerResetTestExecutionListener, org.springframework.boot.test.autoconfigure.web.servlet.MockMvcPrintOnlyOnFailureTestExecutionListener, org.springframework.boot.test.autoconfigure.web.servlet.WebDriverTestExecutionListener, org.springframework.boot.test.mock.mockito.MockitoTestExecutionListener, org.springframework.boot.test.mock.mockito.ResetMocksTestExecutionListener, org.springframework.test.context.web.ServletTestExecutionListener, org.springframework.test.context.support.DirtiesContextBeforeModesTestExecutionListener, org.springframework.test.context.support.DependencyInjectionTestExecutionListener, org.springframework.test.context.support.DirtiesContextTestExecutionListener, org.springframework.test.context.transaction.TransactionalTestExecutionListener, org.springframework.test.context.jdbc.SqlScriptsTestExecutionListener, org.springframework.test.context.event.EventPublishingTestExecutionListener]
2020-01-29 00:21:35.953  INFO 6768 --- [    Test worker] .b.t.a.w.s.WebMvcTestContextBootstrapper : Using TestExecutionListeners: [org.springframework.test.context.web.ServletTestExecutionListener@18780887, org.springframework.test.context.support.DirtiesContextBeforeModesTestExecutionListener@583f2d38, org.springframework.boot.test.mock.mockito.MockitoTestExecutionListener@37e80b34, org.springframework.boot.test.autoconfigure.SpringBootDependencyInjectionTestExecutionListener@bb5d6cc, org.springframework.test.context.support.DirtiesContextTestExecutionListener@5351db0d, org.springframework.test.context.transaction.TransactionalTestExecutionListener@72a67ab2, org.springframework.test.context.jdbc.SqlScriptsTestExecutionListener@5606e79, org.springframework.test.context.event.EventPublishingTestExecutionListener@20c6dbaf, org.springframework.boot.test.autoconfigure.restdocs.RestDocsTestExecutionListener@7d12f509, org.springframework.boot.test.autoconfigure.web.client.MockRestServiceServerResetTestExecutionListener@3c2073f3, org.springframework.boot.test.autoconfigure.web.servlet.MockMvcPrintOnlyOnFailureTestExecutionListener@3a35d1a8, org.springframework.boot.test.autoconfigure.web.servlet.WebDriverTestExecutionListener@2cb87ee2, org.springframework.boot.test.mock.mockito.ResetMocksTestExecutionListener@46687cc1]

  .   ____          _            __ _ _
 /\\ / ___'_ __ _ _(_)_ __  __ _ \ \ \ \
( ( )\___ | '_ | '_| | '_ \/ _` | \ \ \ \
 \\/  ___)| |_)| | | | | || (_| |  ) ) ) )
  '  |____| .__|_| |_|_| |_\__, | / / / /
 =========|_|==============|___/=/_/_/_/
 :: Spring Boot ::        (v2.2.2.RELEASE)

2020-01-29 00:21:35.993  INFO 6768 --- [    Test worker] c.p.r.interfaces.ReviewControllerTests   : Starting ReviewControllerTests on DESKTOP-B7A5GTQ with PID 6768 (started by nkh16 in C:\hyun\Programming\WEB\portfolio\Reservation-Restaurant\customer-api)
2020-01-29 00:21:35.993  INFO 6768 --- [    Test worker] c.p.r.interfaces.ReviewControllerTests   : The following profiles are active: test
2020-01-29 00:21:36.302  INFO 6768 --- [    Test worker] .s.s.UserDetailsServiceAutoConfiguration : 

Using generated security password: 949c4815-d86c-4be4-a139-ecd2fa325fff

2020-01-29 00:21:36.378  INFO 6768 --- [    Test worker] o.s.s.web.DefaultSecurityFilterChain     : Creating filter chain: any request, [org.springframework.security.web.context.request.async.WebAsyncManagerIntegrationFilter@668b9202, org.springframework.security.web.context.SecurityContextPersistenceFilter@25884dc8, org.springframework.security.web.header.HeaderWriterFilter@2b46b277, org.springframework.security.web.authentication.logout.LogoutFilter@48bbb698, com.project.reservation.filters.JwtAuthenticationFilter@85f2216, org.springframework.security.web.savedrequest.RequestCacheAwareFilter@1487433e, org.springframework.security.web.servletapi.SecurityContextHolderAwareRequestFilter@acc8ed3, org.springframework.security.web.authentication.AnonymousAuthenticationFilter@75ddd4af, org.springframework.security.web.session.SessionManagementFilter@3072b434, org.springframework.security.web.access.ExceptionTranslationFilter@58dd3c63]
2020-01-29 00:21:36.526  INFO 6768 --- [    Test worker] o.s.s.concurrent.ThreadPoolTaskExecutor  : Initializing ExecutorService 'applicationTaskExecutor'
2020-01-29 00:21:36.695  INFO 6768 --- [    Test worker] o.s.b.t.m.w.SpringBootMockServletContext : Initializing Spring TestDispatcherServlet ''
2020-01-29 00:21:36.696  INFO 6768 --- [    Test worker] o.s.t.web.servlet.TestDispatcherServlet  : Initializing Servlet ''
2020-01-29 00:21:36.707  INFO 6768 --- [    Test worker] o.s.t.web.servlet.TestDispatcherServlet  : Completed initialization in 11 ms
2020-01-29 00:21:36.719  INFO 6768 --- [    Test worker] c.p.r.interfaces.ReviewControllerTests   : Started ReviewControllerTests in 0.764 seconds (JVM running for 13.586)
2020-01-29 00:21:36.972  WARN 6768 --- [    Test worker] .w.s.m.s.DefaultHandlerExceptionResolver : Resolved [org.springframework.web.bind.MethodArgumentNotValidException: Validation failed for argument [2] in public org.springframework.http.ResponseEntity<?> com.project.reservation.interfaces.ReviewController.create(org.springframework.security.core.Authentication,java.lang.Long,com.project.reservation.domain.Review) throws java.net.URISyntaxException with 2 errors: [Field error in object 'review' on field 'description': rejected value [null]; codes [NotEmpty.review.description,NotEmpty.description,NotEmpty.java.lang.String,NotEmpty]; arguments [org.springframework.context.support.DefaultMessageSourceResolvable: codes [review.description,description]; arguments []; default message [description]]; default message [must not be empty]] [Field error in object 'review' on field 'score': rejected value [null]; codes [NotNull.review.score,NotNull.score,NotNull.java.lang.Integer,NotNull]; arguments [org.springframework.context.support.DefaultMessageSourceResolvable: codes [review.score,score]; arguments []; default message [score]]; default message [must not be null]] ]
]]></system-out>
  <system-err><![CDATA[]]></system-err>
</testsuite>
