<?xml version="1.0" encoding="UTF-8"?>
<testsuite name="com.project.reservation.interfaces.UserControllerTests" tests="1" skipped="0" failures="0" errors="0" timestamp="2020-01-29T10:42:25" hostname="DESKTOP-B7A5GTQ" time="0.016">
  <properties/>
  <testcase name="create()" classname="com.project.reservation.interfaces.UserControllerTests" time="0.016"/>
  <system-out><![CDATA[2020-01-29 19:42:25.021  INFO 140 --- [    Test worker] .b.t.a.w.s.WebMvcTestContextBootstrapper : Neither @ContextConfiguration nor @ContextHierarchy found for test class [com.project.reservation.interfaces.UserControllerTests], using SpringBootContextLoader
2020-01-29 19:42:25.022  INFO 140 --- [    Test worker] o.s.t.c.support.AbstractContextLoader    : Could not detect default resource locations for test class [com.project.reservation.interfaces.UserControllerTests]: no resource found for suffixes {-context.xml, Context.groovy}.
2020-01-29 19:42:25.022  INFO 140 --- [    Test worker] t.c.s.AnnotationConfigContextLoaderUtils : Could not detect default configuration classes for test class [com.project.reservation.interfaces.UserControllerTests]: UserControllerTests does not declare any static, non-private, non-final, nested classes annotated with @Configuration.
2020-01-29 19:42:25.025  INFO 140 --- [    Test worker] .b.t.c.SpringBootTestContextBootstrapper : Found @SpringBootConfiguration com.project.reservation.CustomerApiApplication for test class com.project.reservation.interfaces.UserControllerTests
2020-01-29 19:42:25.025  INFO 140 --- [    Test worker] .b.t.a.w.s.WebMvcTestContextBootstrapper : Loaded default TestExecutionListener class names from location [META-INF/spring.factories]: [org.springframework.boot.test.autoconfigure.restdocs.RestDocsTestExecutionListener, org.springframework.boot.test.autoconfigure.web.client.MockRestServiceServerResetTestExecutionListener, org.springframework.boot.test.autoconfigure.web.servlet.MockMvcPrintOnlyOnFailureTestExecutionListener, org.springframework.boot.test.autoconfigure.web.servlet.WebDriverTestExecutionListener, org.springframework.boot.test.mock.mockito.MockitoTestExecutionListener, org.springframework.boot.test.mock.mockito.ResetMocksTestExecutionListener, org.springframework.test.context.web.ServletTestExecutionListener, org.springframework.test.context.support.DirtiesContextBeforeModesTestExecutionListener, org.springframework.test.context.support.DependencyInjectionTestExecutionListener, org.springframework.test.context.support.DirtiesContextTestExecutionListener, org.springframework.test.context.transaction.TransactionalTestExecutionListener, org.springframework.test.context.jdbc.SqlScriptsTestExecutionListener, org.springframework.test.context.event.EventPublishingTestExecutionListener]
2020-01-29 19:42:25.026  INFO 140 --- [    Test worker] .b.t.a.w.s.WebMvcTestContextBootstrapper : Using TestExecutionListeners: [org.springframework.test.context.web.ServletTestExecutionListener@68ddfe2b, org.springframework.test.context.support.DirtiesContextBeforeModesTestExecutionListener@4b4d0698, org.springframework.boot.test.mock.mockito.MockitoTestExecutionListener@568cc50e, org.springframework.boot.test.autoconfigure.SpringBootDependencyInjectionTestExecutionListener@10e6374a, org.springframework.test.context.support.DirtiesContextTestExecutionListener@17cdbfdb, org.springframework.test.context.transaction.TransactionalTestExecutionListener@3497027c, org.springframework.test.context.jdbc.SqlScriptsTestExecutionListener@4831555, org.springframework.test.context.event.EventPublishingTestExecutionListener@25fe3ee8, org.springframework.boot.test.autoconfigure.restdocs.RestDocsTestExecutionListener@5fb77eeb, org.springframework.boot.test.autoconfigure.web.client.MockRestServiceServerResetTestExecutionListener@53bf0383, org.springframework.boot.test.autoconfigure.web.servlet.MockMvcPrintOnlyOnFailureTestExecutionListener@4f0a9d1c, org.springframework.boot.test.autoconfigure.web.servlet.WebDriverTestExecutionListener@1b57f36b, org.springframework.boot.test.mock.mockito.ResetMocksTestExecutionListener@7f7386cc]

  .   ____          _            __ _ _
 /\\ / ___'_ __ _ _(_)_ __  __ _ \ \ \ \
( ( )\___ | '_ | '_| | '_ \/ _` | \ \ \ \
 \\/  ___)| |_)| | | | | || (_| |  ) ) ) )
  '  |____| .__|_| |_|_| |_\__, | / / / /
 =========|_|==============|___/=/_/_/_/
 :: Spring Boot ::        (v2.2.2.RELEASE)

2020-01-29 19:42:25.058  INFO 140 --- [    Test worker] c.p.r.interfaces.UserControllerTests     : Starting UserControllerTests on DESKTOP-B7A5GTQ with PID 140 (started by nkh16 in C:\hyun\Programming\WEB\portfolio\Reservation-Restaurant\customer-api)
2020-01-29 19:42:25.058  INFO 140 --- [    Test worker] c.p.r.interfaces.UserControllerTests     : The following profiles are active: test
2020-01-29 19:42:25.379  INFO 140 --- [    Test worker] .s.s.UserDetailsServiceAutoConfiguration : 

Using generated security password: c285a4f5-10ff-40ef-8337-a2474a35d2c9

2020-01-29 19:42:25.451  INFO 140 --- [    Test worker] o.s.s.web.DefaultSecurityFilterChain     : Creating filter chain: any request, [org.springframework.security.web.context.request.async.WebAsyncManagerIntegrationFilter@42f5aded, org.springframework.security.web.context.SecurityContextPersistenceFilter@1fcdc85a, org.springframework.security.web.header.HeaderWriterFilter@244d6fec, org.springframework.security.web.authentication.logout.LogoutFilter@795f70bc, com.project.reservation.filters.JwtAuthenticationFilter@5f147831, org.springframework.security.web.savedrequest.RequestCacheAwareFilter@7fc88b39, org.springframework.security.web.servletapi.SecurityContextHolderAwareRequestFilter@30b5b923, org.springframework.security.web.authentication.AnonymousAuthenticationFilter@5805d30f, org.springframework.security.web.session.SessionManagementFilter@318135aa, org.springframework.security.web.access.ExceptionTranslationFilter@68ccd2f]
2020-01-29 19:42:25.593  INFO 140 --- [    Test worker] o.s.s.concurrent.ThreadPoolTaskExecutor  : Initializing ExecutorService 'applicationTaskExecutor'
2020-01-29 19:42:25.738  INFO 140 --- [    Test worker] o.s.b.t.m.w.SpringBootMockServletContext : Initializing Spring TestDispatcherServlet ''
2020-01-29 19:42:25.739  INFO 140 --- [    Test worker] o.s.t.web.servlet.TestDispatcherServlet  : Initializing Servlet ''
2020-01-29 19:42:25.747  INFO 140 --- [    Test worker] o.s.t.web.servlet.TestDispatcherServlet  : Completed initialization in 7 ms
2020-01-29 19:42:25.763  INFO 140 --- [    Test worker] c.p.r.interfaces.UserControllerTests     : Started UserControllerTests in 0.734 seconds (JVM running for 15.103)
]]></system-out>
  <system-err><![CDATA[]]></system-err>
</testsuite>
