<?xml version="1.0" encoding="UTF-8"?>
<testsuite name="com.project.reservation.CustomerApiApplicationTests" tests="1" skipped="0" failures="0" errors="0" timestamp="2020-01-26T05:01:15" hostname="DESKTOP-B7A5GTQ" time="0.016">
  <properties/>
  <testcase name="contextLoads()" classname="com.project.reservation.CustomerApiApplicationTests" time="0.016"/>
  <system-out><![CDATA[14:01:09.683 [Test worker] DEBUG org.springframework.test.context.BootstrapUtils - Instantiating CacheAwareContextLoaderDelegate from class [org.springframework.test.context.cache.DefaultCacheAwareContextLoaderDelegate]
14:01:09.706 [Test worker] DEBUG org.springframework.test.context.BootstrapUtils - Instantiating BootstrapContext using constructor [public org.springframework.test.context.support.DefaultBootstrapContext(java.lang.Class,org.springframework.test.context.CacheAwareContextLoaderDelegate)]
14:01:09.737 [Test worker] DEBUG org.springframework.test.context.BootstrapUtils - Instantiating TestContextBootstrapper for test class [com.project.reservation.CustomerApiApplicationTests] from class [org.springframework.boot.test.context.SpringBootTestContextBootstrapper]
14:01:09.759 [Test worker] INFO org.springframework.boot.test.context.SpringBootTestContextBootstrapper - Neither @ContextConfiguration nor @ContextHierarchy found for test class [com.project.reservation.CustomerApiApplicationTests], using SpringBootContextLoader
14:01:09.764 [Test worker] DEBUG org.springframework.test.context.support.AbstractContextLoader - Did not detect default resource location for test class [com.project.reservation.CustomerApiApplicationTests]: class path resource [com/project/reservation/CustomerApiApplicationTests-context.xml] does not exist
14:01:09.764 [Test worker] DEBUG org.springframework.test.context.support.AbstractContextLoader - Did not detect default resource location for test class [com.project.reservation.CustomerApiApplicationTests]: class path resource [com/project/reservation/CustomerApiApplicationTestsContext.groovy] does not exist
14:01:09.765 [Test worker] INFO org.springframework.test.context.support.AbstractContextLoader - Could not detect default resource locations for test class [com.project.reservation.CustomerApiApplicationTests]: no resource found for suffixes {-context.xml, Context.groovy}.
14:01:09.766 [Test worker] INFO org.springframework.test.context.support.AnnotationConfigContextLoaderUtils - Could not detect default configuration classes for test class [com.project.reservation.CustomerApiApplicationTests]: CustomerApiApplicationTests does not declare any static, non-private, non-final, nested classes annotated with @Configuration.
14:01:09.808 [Test worker] DEBUG org.springframework.test.context.support.ActiveProfilesUtils - Could not find an 'annotation declaring class' for annotation type [org.springframework.test.context.ActiveProfiles] and class [com.project.reservation.CustomerApiApplicationTests]
14:01:09.879 [Test worker] DEBUG org.springframework.context.annotation.ClassPathScanningCandidateComponentProvider - Identified candidate component class: file [C:\hyun\Programming\WEB\portfolio\Reservation-Restaurant\customer-api\build\classes\java\main\com\project\reservation\CustomerApiApplication.class]
14:01:09.880 [Test worker] INFO org.springframework.boot.test.context.SpringBootTestContextBootstrapper - Found @SpringBootConfiguration com.project.reservation.CustomerApiApplication for test class com.project.reservation.CustomerApiApplicationTests
14:01:09.999 [Test worker] DEBUG org.springframework.boot.test.context.SpringBootTestContextBootstrapper - @TestExecutionListeners is not present for class [com.project.reservation.CustomerApiApplicationTests]: using defaults.
14:01:10.000 [Test worker] INFO org.springframework.boot.test.context.SpringBootTestContextBootstrapper - Loaded default TestExecutionListener class names from location [META-INF/spring.factories]: [org.springframework.boot.test.autoconfigure.restdocs.RestDocsTestExecutionListener, org.springframework.boot.test.autoconfigure.web.client.MockRestServiceServerResetTestExecutionListener, org.springframework.boot.test.autoconfigure.web.servlet.MockMvcPrintOnlyOnFailureTestExecutionListener, org.springframework.boot.test.autoconfigure.web.servlet.WebDriverTestExecutionListener, org.springframework.boot.test.mock.mockito.MockitoTestExecutionListener, org.springframework.boot.test.mock.mockito.ResetMocksTestExecutionListener, org.springframework.test.context.web.ServletTestExecutionListener, org.springframework.test.context.support.DirtiesContextBeforeModesTestExecutionListener, org.springframework.test.context.support.DependencyInjectionTestExecutionListener, org.springframework.test.context.support.DirtiesContextTestExecutionListener, org.springframework.test.context.transaction.TransactionalTestExecutionListener, org.springframework.test.context.jdbc.SqlScriptsTestExecutionListener, org.springframework.test.context.event.EventPublishingTestExecutionListener]
14:01:10.019 [Test worker] INFO org.springframework.boot.test.context.SpringBootTestContextBootstrapper - Using TestExecutionListeners: [org.springframework.test.context.web.ServletTestExecutionListener@3f89f7fc, org.springframework.test.context.support.DirtiesContextBeforeModesTestExecutionListener@b339d7e, org.springframework.boot.test.mock.mockito.MockitoTestExecutionListener@33040b7c, org.springframework.boot.test.autoconfigure.SpringBootDependencyInjectionTestExecutionListener@f7e4f50, org.springframework.test.context.support.DirtiesContextTestExecutionListener@7fb87f54, org.springframework.test.context.transaction.TransactionalTestExecutionListener@68f7c5b0, org.springframework.test.context.jdbc.SqlScriptsTestExecutionListener@7b3b6c39, org.springframework.test.context.event.EventPublishingTestExecutionListener@642a8c1, org.springframework.boot.test.autoconfigure.restdocs.RestDocsTestExecutionListener@3abc3582, org.springframework.boot.test.autoconfigure.web.client.MockRestServiceServerResetTestExecutionListener@6c30bd20, org.springframework.boot.test.autoconfigure.web.servlet.MockMvcPrintOnlyOnFailureTestExecutionListener@4cca5e3b, org.springframework.boot.test.autoconfigure.web.servlet.WebDriverTestExecutionListener@5fddf3c3, org.springframework.boot.test.mock.mockito.ResetMocksTestExecutionListener@496cd9f]
14:01:10.028 [Test worker] DEBUG org.springframework.test.context.support.AbstractDirtiesContextTestExecutionListener - Before test class: context [DefaultTestContext@31cd1e4c testClass = CustomerApiApplicationTests, testInstance = [null], testMethod = [null], testException = [null], mergedContextConfiguration = [WebMergedContextConfiguration@1190c2c1 testClass = CustomerApiApplicationTests, locations = '{}', classes = '{class com.project.reservation.CustomerApiApplication}', contextInitializerClasses = '[]', activeProfiles = '{}', propertySourceLocations = '{}', propertySourceProperties = '{org.springframework.boot.test.context.SpringBootTestContextBootstrapper=true}', contextCustomizers = set[org.springframework.boot.test.autoconfigure.properties.PropertyMappingContextCustomizer@0, org.springframework.boot.test.autoconfigure.web.servlet.WebDriverContextCustomizerFactory$Customizer@15711298, org.springframework.boot.test.context.filter.ExcludeFilterContextCustomizer@34d36f6, org.springframework.boot.test.json.DuplicateJsonObjectContextCustomizerFactory$DuplicateJsonObjectContextCustomizer@1ee5ccac, org.springframework.boot.test.mock.mockito.MockitoContextCustomizer@0, org.springframework.boot.test.web.client.TestRestTemplateContextCustomizer@4d667f07], resourceBasePath = 'src/main/webapp', contextLoader = 'org.springframework.boot.test.context.SpringBootContextLoader', parent = [null]], attributes = map['org.springframework.test.context.web.ServletTestExecutionListener.activateListener' -> true]], class annotated with @DirtiesContext [false] with mode [null].
14:01:10.057 [Test worker] DEBUG org.springframework.test.context.support.TestPropertySourceUtils - Adding inlined properties to environment: {spring.jmx.enabled=false, org.springframework.boot.test.context.SpringBootTestContextBootstrapper=true, server.port=-1}

  .   ____          _            __ _ _
 /\\ / ___'_ __ _ _(_)_ __  __ _ \ \ \ \
( ( )\___ | '_ | '_| | '_ \/ _` | \ \ \ \
 \\/  ___)| |_)| | | | | || (_| |  ) ) ) )
  '  |____| .__|_| |_|_| |_\__, | / / / /
 =========|_|==============|___/=/_/_/_/
 :: Spring Boot ::        (v2.2.2.RELEASE)

2020-01-26 14:01:10.608  INFO 7348 --- [    Test worker] c.p.r.CustomerApiApplicationTests        : Starting CustomerApiApplicationTests on DESKTOP-B7A5GTQ with PID 7348 (started by nkh16 in C:\hyun\Programming\WEB\portfolio\Reservation-Restaurant\customer-api)
2020-01-26 14:01:10.611  INFO 7348 --- [    Test worker] c.p.r.CustomerApiApplicationTests        : The following profiles are active: test
2020-01-26 14:01:11.579  INFO 7348 --- [    Test worker] .s.d.r.c.RepositoryConfigurationDelegate : Bootstrapping Spring Data JPA repositories in DEFAULT mode.
2020-01-26 14:01:11.681  INFO 7348 --- [    Test worker] .s.d.r.c.RepositoryConfigurationDelegate : Finished Spring Data repository scanning in 88ms. Found 4 JPA repository interfaces.
2020-01-26 14:01:12.193  INFO 7348 --- [    Test worker] trationDelegate$BeanPostProcessorChecker : Bean 'org.springframework.transaction.annotation.ProxyTransactionManagementConfiguration' of type [org.springframework.transaction.annotation.ProxyTransactionManagementConfiguration] is not eligible for getting processed by all BeanPostProcessors (for example: not eligible for auto-proxying)
2020-01-26 14:01:12.521  INFO 7348 --- [    Test worker] o.hibernate.jpa.internal.util.LogHelper  : HHH000204: Processing PersistenceUnitInfo [name: default]
2020-01-26 14:01:12.615  INFO 7348 --- [    Test worker] org.hibernate.Version                    : HHH000412: Hibernate Core {5.4.9.Final}
2020-01-26 14:01:12.667  INFO 7348 --- [    Test worker] o.hibernate.annotations.common.Version   : HCANN000001: Hibernate Commons Annotations {5.1.0.Final}
2020-01-26 14:01:12.810  INFO 7348 --- [    Test worker] com.zaxxer.hikari.HikariDataSource       : HikariPool-1 - Starting...
2020-01-26 14:01:13.062  INFO 7348 --- [    Test worker] com.zaxxer.hikari.HikariDataSource       : HikariPool-1 - Start completed.
2020-01-26 14:01:13.107  INFO 7348 --- [    Test worker] org.hibernate.dialect.Dialect            : HHH000400: Using dialect: org.hibernate.dialect.H2Dialect
2020-01-26 14:01:14.009  INFO 7348 --- [    Test worker] o.h.e.t.j.p.i.JtaPlatformInitiator       : HHH000490: Using JtaPlatform implementation: [org.hibernate.engine.transaction.jta.platform.internal.NoJtaPlatform]
2020-01-26 14:01:14.018  INFO 7348 --- [    Test worker] j.LocalContainerEntityManagerFactoryBean : Initialized JPA EntityManagerFactory for persistence unit 'default'
2020-01-26 14:01:14.904  WARN 7348 --- [    Test worker] JpaBaseConfiguration$JpaWebConfiguration : spring.jpa.open-in-view is enabled by default. Therefore, database queries may be performed during view rendering. Explicitly configure spring.jpa.open-in-view to disable this warning
2020-01-26 14:01:15.280  INFO 7348 --- [    Test worker] o.s.s.concurrent.ThreadPoolTaskExecutor  : Initializing ExecutorService 'applicationTaskExecutor'
2020-01-26 14:01:15.792  INFO 7348 --- [    Test worker] c.p.r.CustomerApiApplicationTests        : Started CustomerApiApplicationTests in 5.723 seconds (JVM running for 8.357)
]]></system-out>
  <system-err><![CDATA[]]></system-err>
</testsuite>
