<?xml version="1.0" encoding="UTF-8"?>
<testsuite name="com.project.reservation.interfaces.SessionControllerTests" tests="3" skipped="0" failures="0" errors="0" timestamp="2020-01-27T06:24:25" hostname="DESKTOP-B7A5GTQ" time="0.342">
  <properties/>
  <testcase name="createWithValidAttribute()" classname="com.project.reservation.interfaces.SessionControllerTests" time="0.305"/>
  <testcase name="createWithNotExistedEmail()" classname="com.project.reservation.interfaces.SessionControllerTests" time="0.022"/>
  <testcase name="createWithWrongPassword()" classname="com.project.reservation.interfaces.SessionControllerTests" time="0.008"/>
  <system-out><![CDATA[15:24:20.766 [Test worker] DEBUG org.springframework.test.context.BootstrapUtils - Instantiating CacheAwareContextLoaderDelegate from class [org.springframework.test.context.cache.DefaultCacheAwareContextLoaderDelegate]
15:24:20.797 [Test worker] DEBUG org.springframework.test.context.BootstrapUtils - Instantiating BootstrapContext using constructor [public org.springframework.test.context.support.DefaultBootstrapContext(java.lang.Class,org.springframework.test.context.CacheAwareContextLoaderDelegate)]
15:24:20.869 [Test worker] DEBUG org.springframework.test.context.BootstrapUtils - Instantiating TestContextBootstrapper for test class [com.project.reservation.interfaces.SessionControllerTests] from class [org.springframework.boot.test.autoconfigure.web.servlet.WebMvcTestContextBootstrapper]
15:24:20.898 [Test worker] INFO org.springframework.boot.test.autoconfigure.web.servlet.WebMvcTestContextBootstrapper - Neither @ContextConfiguration nor @ContextHierarchy found for test class [com.project.reservation.interfaces.SessionControllerTests], using SpringBootContextLoader
15:24:20.903 [Test worker] DEBUG org.springframework.test.context.support.AbstractContextLoader - Did not detect default resource location for test class [com.project.reservation.interfaces.SessionControllerTests]: class path resource [com/project/reservation/interfaces/SessionControllerTests-context.xml] does not exist
15:24:20.904 [Test worker] DEBUG org.springframework.test.context.support.AbstractContextLoader - Did not detect default resource location for test class [com.project.reservation.interfaces.SessionControllerTests]: class path resource [com/project/reservation/interfaces/SessionControllerTestsContext.groovy] does not exist
15:24:20.905 [Test worker] INFO org.springframework.test.context.support.AbstractContextLoader - Could not detect default resource locations for test class [com.project.reservation.interfaces.SessionControllerTests]: no resource found for suffixes {-context.xml, Context.groovy}.
15:24:20.906 [Test worker] INFO org.springframework.test.context.support.AnnotationConfigContextLoaderUtils - Could not detect default configuration classes for test class [com.project.reservation.interfaces.SessionControllerTests]: SessionControllerTests does not declare any static, non-private, non-final, nested classes annotated with @Configuration.
15:24:21.001 [Test worker] DEBUG org.springframework.test.context.support.ActiveProfilesUtils - Could not find an 'annotation declaring class' for annotation type [org.springframework.test.context.ActiveProfiles] and class [com.project.reservation.interfaces.SessionControllerTests]
15:24:21.155 [Test worker] DEBUG org.springframework.context.annotation.ClassPathScanningCandidateComponentProvider - Identified candidate component class: file [C:\hyun\Programming\WEB\portfolio\Reservation-Restaurant\customer-api\build\classes\java\main\com\project\reservation\CustomerApiApplication.class]
15:24:21.168 [Test worker] INFO org.springframework.boot.test.context.SpringBootTestContextBootstrapper - Found @SpringBootConfiguration com.project.reservation.CustomerApiApplication for test class com.project.reservation.interfaces.SessionControllerTests
15:24:21.170 [Test worker] DEBUG org.springframework.boot.test.autoconfigure.web.servlet.WebMvcTestContextBootstrapper - @TestExecutionListeners is not present for class [com.project.reservation.interfaces.SessionControllerTests]: using defaults.
15:24:21.171 [Test worker] INFO org.springframework.boot.test.autoconfigure.web.servlet.WebMvcTestContextBootstrapper - Loaded default TestExecutionListener class names from location [META-INF/spring.factories]: [org.springframework.boot.test.autoconfigure.restdocs.RestDocsTestExecutionListener, org.springframework.boot.test.autoconfigure.web.client.MockRestServiceServerResetTestExecutionListener, org.springframework.boot.test.autoconfigure.web.servlet.MockMvcPrintOnlyOnFailureTestExecutionListener, org.springframework.boot.test.autoconfigure.web.servlet.WebDriverTestExecutionListener, org.springframework.boot.test.mock.mockito.MockitoTestExecutionListener, org.springframework.boot.test.mock.mockito.ResetMocksTestExecutionListener, org.springframework.test.context.web.ServletTestExecutionListener, org.springframework.test.context.support.DirtiesContextBeforeModesTestExecutionListener, org.springframework.test.context.support.DependencyInjectionTestExecutionListener, org.springframework.test.context.support.DirtiesContextTestExecutionListener, org.springframework.test.context.transaction.TransactionalTestExecutionListener, org.springframework.test.context.jdbc.SqlScriptsTestExecutionListener, org.springframework.test.context.event.EventPublishingTestExecutionListener]
15:24:21.222 [Test worker] INFO org.springframework.boot.test.autoconfigure.web.servlet.WebMvcTestContextBootstrapper - Using TestExecutionListeners: [org.springframework.test.context.web.ServletTestExecutionListener@9671413, org.springframework.test.context.support.DirtiesContextBeforeModesTestExecutionListener@dd8d8ed, org.springframework.boot.test.mock.mockito.MockitoTestExecutionListener@3cddc479, org.springframework.boot.test.autoconfigure.SpringBootDependencyInjectionTestExecutionListener@50f1c852, org.springframework.test.context.support.DirtiesContextTestExecutionListener@610799d3, org.springframework.test.context.transaction.TransactionalTestExecutionListener@2ad32aae, org.springframework.test.context.jdbc.SqlScriptsTestExecutionListener@78ffdd81, org.springframework.test.context.event.EventPublishingTestExecutionListener@26122994, org.springframework.boot.test.autoconfigure.restdocs.RestDocsTestExecutionListener@7b06f584, org.springframework.boot.test.autoconfigure.web.client.MockRestServiceServerResetTestExecutionListener@48332610, org.springframework.boot.test.autoconfigure.web.servlet.MockMvcPrintOnlyOnFailureTestExecutionListener@4e26f942, org.springframework.boot.test.autoconfigure.web.servlet.WebDriverTestExecutionListener@794f379b, org.springframework.boot.test.mock.mockito.ResetMocksTestExecutionListener@35a957e3]
15:24:21.237 [Test worker] DEBUG org.springframework.test.context.support.AbstractDirtiesContextTestExecutionListener - Before test class: context [DefaultTestContext@7e7f9255 testClass = SessionControllerTests, testInstance = [null], testMethod = [null], testException = [null], mergedContextConfiguration = [WebMergedContextConfiguration@774791e2 testClass = SessionControllerTests, locations = '{}', classes = '{class com.project.reservation.CustomerApiApplication}', contextInitializerClasses = '[]', activeProfiles = '{}', propertySourceLocations = '{}', propertySourceProperties = '{org.springframework.boot.test.autoconfigure.web.servlet.WebMvcTestContextBootstrapper=true}', contextCustomizers = set[org.springframework.boot.test.autoconfigure.OverrideAutoConfigurationContextCustomizerFactory$DisableAutoConfigurationContextCustomizer@6e784b61, org.springframework.boot.test.autoconfigure.filter.TypeExcludeFiltersContextCustomizer@bf98d05e, org.springframework.boot.test.autoconfigure.properties.PropertyMappingContextCustomizer@e2ed53d5, org.springframework.boot.test.autoconfigure.web.servlet.WebDriverContextCustomizerFactory$Customizer@11cba75f, [ImportsContextCustomizer@5f6c1e5d key = [org.springframework.boot.autoconfigure.cache.CacheAutoConfiguration, org.springframework.boot.autoconfigure.context.MessageSourceAutoConfiguration, org.springframework.boot.autoconfigure.data.web.SpringDataWebAutoConfiguration, org.springframework.boot.autoconfigure.freemarker.FreeMarkerAutoConfiguration, org.springframework.boot.autoconfigure.groovy.template.GroovyTemplateAutoConfiguration, org.springframework.boot.autoconfigure.gson.GsonAutoConfiguration, org.springframework.boot.autoconfigure.hateoas.HypermediaAutoConfiguration, org.springframework.boot.autoconfigure.http.HttpMessageConvertersAutoConfiguration, org.springframework.boot.autoconfigure.jackson.JacksonAutoConfiguration, org.springframework.boot.autoconfigure.jsonb.JsonbAutoConfiguration, org.springframework.boot.autoconfigure.mustache.MustacheAutoConfiguration, org.springframework.boot.autoconfigure.task.TaskExecutionAutoConfiguration, org.springframework.boot.autoconfigure.thymeleaf.ThymeleafAutoConfiguration, org.springframework.boot.autoconfigure.validation.ValidationAutoConfiguration, org.springframework.boot.autoconfigure.web.servlet.error.ErrorMvcAutoConfiguration, org.springframework.boot.autoconfigure.web.servlet.WebMvcAutoConfiguration, org.springframework.boot.test.autoconfigure.web.servlet.MockMvcAutoConfiguration, org.springframework.boot.test.autoconfigure.web.servlet.MockMvcWebClientAutoConfiguration, org.springframework.boot.test.autoconfigure.web.servlet.MockMvcWebDriverAutoConfiguration, org.springframework.boot.autoconfigure.security.servlet.SecurityAutoConfiguration, org.springframework.boot.autoconfigure.security.servlet.UserDetailsServiceAutoConfiguration, org.springframework.boot.test.autoconfigure.web.servlet.MockMvcSecurityConfiguration]], org.springframework.boot.test.context.filter.ExcludeFilterContextCustomizer@1b93856e, org.springframework.boot.test.json.DuplicateJsonObjectContextCustomizerFactory$DuplicateJsonObjectContextCustomizer@18bbc52e, org.springframework.boot.test.mock.mockito.MockitoContextCustomizer@dbe98b89], resourceBasePath = 'src/main/webapp', contextLoader = 'org.springframework.boot.test.context.SpringBootContextLoader', parent = [null]], attributes = map[[empty]]], class annotated with @DirtiesContext [false] with mode [null].
15:24:21.561 [Test worker] DEBUG org.springframework.test.context.support.TestPropertySourceUtils - Adding inlined properties to environment: {spring.jmx.enabled=false, org.springframework.boot.test.autoconfigure.web.servlet.WebMvcTestContextBootstrapper=true, server.port=-1}

  .   ____          _            __ _ _
 /\\ / ___'_ __ _ _(_)_ __  __ _ \ \ \ \
( ( )\___ | '_ | '_| | '_ \/ _` | \ \ \ \
 \\/  ___)| |_)| | | | | || (_| |  ) ) ) )
  '  |____| .__|_| |_|_| |_\__, | / / / /
 =========|_|==============|___/=/_/_/_/
 :: Spring Boot ::        (v2.2.2.RELEASE)

2020-01-27 15:24:22.200  INFO 15192 --- [    Test worker] c.p.r.interfaces.SessionControllerTests  : Starting SessionControllerTests on DESKTOP-B7A5GTQ with PID 15192 (started by nkh16 in C:\hyun\Programming\WEB\portfolio\Reservation-Restaurant\customer-api)
2020-01-27 15:24:22.204  INFO 15192 --- [    Test worker] c.p.r.interfaces.SessionControllerTests  : No active profile set, falling back to default profiles: default
2020-01-27 15:24:24.265  INFO 15192 --- [    Test worker] .s.s.UserDetailsServiceAutoConfiguration : 

Using generated security password: 196aaf1a-d577-4720-924b-18761065fa08

2020-01-27 15:24:24.440  INFO 15192 --- [    Test worker] o.s.s.web.DefaultSecurityFilterChain     : Creating filter chain: any request, [org.springframework.security.web.context.request.async.WebAsyncManagerIntegrationFilter@677c47ff, org.springframework.security.web.context.SecurityContextPersistenceFilter@193b8de4, org.springframework.security.web.header.HeaderWriterFilter@da01d08, org.springframework.security.web.authentication.logout.LogoutFilter@579e5678, org.springframework.security.web.savedrequest.RequestCacheAwareFilter@3ac886fd, org.springframework.security.web.servletapi.SecurityContextHolderAwareRequestFilter@2d545bf5, org.springframework.security.web.authentication.AnonymousAuthenticationFilter@a34e09d, org.springframework.security.web.session.SessionManagementFilter@5df069f4, org.springframework.security.web.access.ExceptionTranslationFilter@55e10057]
2020-01-27 15:24:24.865  INFO 15192 --- [    Test worker] o.s.s.concurrent.ThreadPoolTaskExecutor  : Initializing ExecutorService 'applicationTaskExecutor'
2020-01-27 15:24:25.205  INFO 15192 --- [    Test worker] o.s.b.t.m.w.SpringBootMockServletContext : Initializing Spring TestDispatcherServlet ''
2020-01-27 15:24:25.205  INFO 15192 --- [    Test worker] o.s.t.web.servlet.TestDispatcherServlet  : Initializing Servlet ''
2020-01-27 15:24:25.226  INFO 15192 --- [    Test worker] o.s.t.web.servlet.TestDispatcherServlet  : Completed initialization in 21 ms
2020-01-27 15:24:25.264  INFO 15192 --- [    Test worker] c.p.r.interfaces.SessionControllerTests  : Started SessionControllerTests in 3.69 seconds (JVM running for 6.063)
]]></system-out>
  <system-err><![CDATA[]]></system-err>
</testsuite>
