<?xml version="1.0" encoding="UTF-8"?>
<testsuite name="com.project.reservation.interfaces.RestaurantControllerTests" tests="3" skipped="0" failures="0" errors="0" timestamp="2020-01-29T10:42:24" hostname="DESKTOP-B7A5GTQ" time="0.062">
  <properties/>
  <testcase name="list()" classname="com.project.reservation.interfaces.RestaurantControllerTests" time="0.02"/>
  <testcase name="detailWithNotExisted()" classname="com.project.reservation.interfaces.RestaurantControllerTests" time="0.018"/>
  <testcase name="detailWithExisted()" classname="com.project.reservation.interfaces.RestaurantControllerTests" time="0.017"/>
  <system-out><![CDATA[2020-01-29 19:42:23.337  INFO 140 --- [    Test worker] .b.t.a.w.s.WebMvcTestContextBootstrapper : Neither @ContextConfiguration nor @ContextHierarchy found for test class [com.project.reservation.interfaces.RestaurantControllerTests], using SpringBootContextLoader
2020-01-29 19:42:23.340  INFO 140 --- [    Test worker] o.s.t.c.support.AbstractContextLoader    : Could not detect default resource locations for test class [com.project.reservation.interfaces.RestaurantControllerTests]: no resource found for suffixes {-context.xml, Context.groovy}.
2020-01-29 19:42:23.340  INFO 140 --- [    Test worker] t.c.s.AnnotationConfigContextLoaderUtils : Could not detect default configuration classes for test class [com.project.reservation.interfaces.RestaurantControllerTests]: RestaurantControllerTests does not declare any static, non-private, non-final, nested classes annotated with @Configuration.
2020-01-29 19:42:23.344  INFO 140 --- [    Test worker] .b.t.c.SpringBootTestContextBootstrapper : Found @SpringBootConfiguration com.project.reservation.CustomerApiApplication for test class com.project.reservation.interfaces.RestaurantControllerTests
2020-01-29 19:42:23.344  INFO 140 --- [    Test worker] .b.t.a.w.s.WebMvcTestContextBootstrapper : Loaded default TestExecutionListener class names from location [META-INF/spring.factories]: [org.springframework.boot.test.autoconfigure.restdocs.RestDocsTestExecutionListener, org.springframework.boot.test.autoconfigure.web.client.MockRestServiceServerResetTestExecutionListener, org.springframework.boot.test.autoconfigure.web.servlet.MockMvcPrintOnlyOnFailureTestExecutionListener, org.springframework.boot.test.autoconfigure.web.servlet.WebDriverTestExecutionListener, org.springframework.boot.test.mock.mockito.MockitoTestExecutionListener, org.springframework.boot.test.mock.mockito.ResetMocksTestExecutionListener, org.springframework.test.context.web.ServletTestExecutionListener, org.springframework.test.context.support.DirtiesContextBeforeModesTestExecutionListener, org.springframework.test.context.support.DependencyInjectionTestExecutionListener, org.springframework.test.context.support.DirtiesContextTestExecutionListener, org.springframework.test.context.transaction.TransactionalTestExecutionListener, org.springframework.test.context.jdbc.SqlScriptsTestExecutionListener, org.springframework.test.context.event.EventPublishingTestExecutionListener]
2020-01-29 19:42:23.345  INFO 140 --- [    Test worker] .b.t.a.w.s.WebMvcTestContextBootstrapper : Using TestExecutionListeners: [org.springframework.test.context.web.ServletTestExecutionListener@39643b7a, org.springframework.test.context.support.DirtiesContextBeforeModesTestExecutionListener@3818a1c5, org.springframework.boot.test.mock.mockito.MockitoTestExecutionListener@15c8b1fb, org.springframework.boot.test.autoconfigure.SpringBootDependencyInjectionTestExecutionListener@11e6e2c0, org.springframework.test.context.support.DirtiesContextTestExecutionListener@941a46d, org.springframework.test.context.transaction.TransactionalTestExecutionListener@74aa2a09, org.springframework.test.context.jdbc.SqlScriptsTestExecutionListener@243d0a0e, org.springframework.test.context.event.EventPublishingTestExecutionListener@26b0cab, org.springframework.boot.test.autoconfigure.restdocs.RestDocsTestExecutionListener@68da247, org.springframework.boot.test.autoconfigure.web.client.MockRestServiceServerResetTestExecutionListener@23522afd, org.springframework.boot.test.autoconfigure.web.servlet.MockMvcPrintOnlyOnFailureTestExecutionListener@6f7329e3, org.springframework.boot.test.autoconfigure.web.servlet.WebDriverTestExecutionListener@35276ef2, org.springframework.boot.test.mock.mockito.ResetMocksTestExecutionListener@5e537d8b]

  .   ____          _            __ _ _
 /\\ / ___'_ __ _ _(_)_ __  __ _ \ \ \ \
( ( )\___ | '_ | '_| | '_ \/ _` | \ \ \ \
 \\/  ___)| |_)| | | | | || (_| |  ) ) ) )
  '  |____| .__|_| |_|_| |_\__, | / / / /
 =========|_|==============|___/=/_/_/_/
 :: Spring Boot ::        (v2.2.2.RELEASE)

2020-01-29 19:42:23.386  INFO 140 --- [    Test worker] c.p.r.i.RestaurantControllerTests        : Starting RestaurantControllerTests on DESKTOP-B7A5GTQ with PID 140 (started by nkh16 in C:\hyun\Programming\WEB\portfolio\Reservation-Restaurant\customer-api)
2020-01-29 19:42:23.387  INFO 140 --- [    Test worker] c.p.r.i.RestaurantControllerTests        : The following profiles are active: test
2020-01-29 19:42:23.690  INFO 140 --- [    Test worker] .s.s.UserDetailsServiceAutoConfiguration : 

Using generated security password: e286fd0a-7284-4448-8a17-9b685bf2307e

2020-01-29 19:42:23.763  INFO 140 --- [    Test worker] o.s.s.web.DefaultSecurityFilterChain     : Creating filter chain: any request, [org.springframework.security.web.context.request.async.WebAsyncManagerIntegrationFilter@239ff774, org.springframework.security.web.context.SecurityContextPersistenceFilter@1f06958b, org.springframework.security.web.header.HeaderWriterFilter@1869bc61, org.springframework.security.web.authentication.logout.LogoutFilter@613421d3, com.project.reservation.filters.JwtAuthenticationFilter@4df6b9c3, org.springframework.security.web.savedrequest.RequestCacheAwareFilter@47f0b322, org.springframework.security.web.servletapi.SecurityContextHolderAwareRequestFilter@12af8509, org.springframework.security.web.authentication.AnonymousAuthenticationFilter@2d5d3c79, org.springframework.security.web.session.SessionManagementFilter@49d23215, org.springframework.security.web.access.ExceptionTranslationFilter@7c748b52]
2020-01-29 19:42:23.941  INFO 140 --- [    Test worker] o.s.s.concurrent.ThreadPoolTaskExecutor  : Initializing ExecutorService 'applicationTaskExecutor'
2020-01-29 19:42:24.112  INFO 140 --- [    Test worker] o.s.b.t.m.w.SpringBootMockServletContext : Initializing Spring TestDispatcherServlet ''
2020-01-29 19:42:24.113  INFO 140 --- [    Test worker] o.s.t.web.servlet.TestDispatcherServlet  : Initializing Servlet ''
2020-01-29 19:42:24.128  INFO 140 --- [    Test worker] o.s.t.web.servlet.TestDispatcherServlet  : Completed initialization in 15 ms
2020-01-29 19:42:24.152  INFO 140 --- [    Test worker] c.p.r.i.RestaurantControllerTests        : Started RestaurantControllerTests in 0.798 seconds (JVM running for 13.492)
]]></system-out>
  <system-err><![CDATA[]]></system-err>
</testsuite>
