<?xml version="1.0" encoding="UTF-8"?>
<testsuite name="com.project.reservation.interfaces.RestaurantControllerTests" tests="3" skipped="0" failures="0" errors="0" timestamp="2020-01-29T02:32:01" hostname="DESKTOP-B7A5GTQ" time="0.045">
  <properties/>
  <testcase name="list()" classname="com.project.reservation.interfaces.RestaurantControllerTests" time="0.017"/>
  <testcase name="detailWithNotExisted()" classname="com.project.reservation.interfaces.RestaurantControllerTests" time="0.014"/>
  <testcase name="detailWithExisted()" classname="com.project.reservation.interfaces.RestaurantControllerTests" time="0.012"/>
  <system-out><![CDATA[2020-01-29 11:32:00.635  INFO 18200 --- [    Test worker] .b.t.a.w.s.WebMvcTestContextBootstrapper : Neither @ContextConfiguration nor @ContextHierarchy found for test class [com.project.reservation.interfaces.RestaurantControllerTests], using SpringBootContextLoader
2020-01-29 11:32:00.638  INFO 18200 --- [    Test worker] o.s.t.c.support.AbstractContextLoader    : Could not detect default resource locations for test class [com.project.reservation.interfaces.RestaurantControllerTests]: no resource found for suffixes {-context.xml, Context.groovy}.
2020-01-29 11:32:00.638  INFO 18200 --- [    Test worker] t.c.s.AnnotationConfigContextLoaderUtils : Could not detect default configuration classes for test class [com.project.reservation.interfaces.RestaurantControllerTests]: RestaurantControllerTests does not declare any static, non-private, non-final, nested classes annotated with @Configuration.
2020-01-29 11:32:00.641  INFO 18200 --- [    Test worker] .b.t.c.SpringBootTestContextBootstrapper : Found @SpringBootConfiguration com.project.reservation.CustomerApiApplication for test class com.project.reservation.interfaces.RestaurantControllerTests
2020-01-29 11:32:00.642  INFO 18200 --- [    Test worker] .b.t.a.w.s.WebMvcTestContextBootstrapper : Loaded default TestExecutionListener class names from location [META-INF/spring.factories]: [org.springframework.boot.test.autoconfigure.restdocs.RestDocsTestExecutionListener, org.springframework.boot.test.autoconfigure.web.client.MockRestServiceServerResetTestExecutionListener, org.springframework.boot.test.autoconfigure.web.servlet.MockMvcPrintOnlyOnFailureTestExecutionListener, org.springframework.boot.test.autoconfigure.web.servlet.WebDriverTestExecutionListener, org.springframework.boot.test.mock.mockito.MockitoTestExecutionListener, org.springframework.boot.test.mock.mockito.ResetMocksTestExecutionListener, org.springframework.test.context.web.ServletTestExecutionListener, org.springframework.test.context.support.DirtiesContextBeforeModesTestExecutionListener, org.springframework.test.context.support.DependencyInjectionTestExecutionListener, org.springframework.test.context.support.DirtiesContextTestExecutionListener, org.springframework.test.context.transaction.TransactionalTestExecutionListener, org.springframework.test.context.jdbc.SqlScriptsTestExecutionListener, org.springframework.test.context.event.EventPublishingTestExecutionListener]
2020-01-29 11:32:00.642  INFO 18200 --- [    Test worker] .b.t.a.w.s.WebMvcTestContextBootstrapper : Using TestExecutionListeners: [org.springframework.test.context.web.ServletTestExecutionListener@4baad2b8, org.springframework.test.context.support.DirtiesContextBeforeModesTestExecutionListener@4854f9fb, org.springframework.boot.test.mock.mockito.MockitoTestExecutionListener@4c7b2d20, org.springframework.boot.test.autoconfigure.SpringBootDependencyInjectionTestExecutionListener@780117b3, org.springframework.test.context.support.DirtiesContextTestExecutionListener@65a33519, org.springframework.test.context.transaction.TransactionalTestExecutionListener@a579377, org.springframework.test.context.jdbc.SqlScriptsTestExecutionListener@1f50bd30, org.springframework.test.context.event.EventPublishingTestExecutionListener@6f9c9de6, org.springframework.boot.test.autoconfigure.restdocs.RestDocsTestExecutionListener@136b76f1, org.springframework.boot.test.autoconfigure.web.client.MockRestServiceServerResetTestExecutionListener@259193c0, org.springframework.boot.test.autoconfigure.web.servlet.MockMvcPrintOnlyOnFailureTestExecutionListener@3f32137f, org.springframework.boot.test.autoconfigure.web.servlet.WebDriverTestExecutionListener@344acad2, org.springframework.boot.test.mock.mockito.ResetMocksTestExecutionListener@7cdeee54]

  .   ____          _            __ _ _
 /\\ / ___'_ __ _ _(_)_ __  __ _ \ \ \ \
( ( )\___ | '_ | '_| | '_ \/ _` | \ \ \ \
 \\/  ___)| |_)| | | | | || (_| |  ) ) ) )
  '  |____| .__|_| |_|_| |_\__, | / / / /
 =========|_|==============|___/=/_/_/_/
 :: Spring Boot ::        (v2.2.2.RELEASE)

2020-01-29 11:32:00.677  INFO 18200 --- [    Test worker] c.p.r.i.RestaurantControllerTests        : Starting RestaurantControllerTests on DESKTOP-B7A5GTQ with PID 18200 (started by nkh16 in C:\hyun\Programming\WEB\portfolio\Reservation-Restaurant\customer-api)
2020-01-29 11:32:00.678  INFO 18200 --- [    Test worker] c.p.r.i.RestaurantControllerTests        : The following profiles are active: test
2020-01-29 11:32:00.975  INFO 18200 --- [    Test worker] .s.s.UserDetailsServiceAutoConfiguration : 

Using generated security password: f3b1595c-0229-45bc-ad91-bf63f28ffccd

2020-01-29 11:32:01.033  INFO 18200 --- [    Test worker] o.s.s.web.DefaultSecurityFilterChain     : Creating filter chain: any request, [org.springframework.security.web.context.request.async.WebAsyncManagerIntegrationFilter@2bb1d9e3, org.springframework.security.web.context.SecurityContextPersistenceFilter@73a30c6c, org.springframework.security.web.header.HeaderWriterFilter@5eb858d5, org.springframework.security.web.authentication.logout.LogoutFilter@3cd03bba, com.project.reservation.filters.JwtAuthenticationFilter@34b899de, org.springframework.security.web.savedrequest.RequestCacheAwareFilter@736c8340, org.springframework.security.web.servletapi.SecurityContextHolderAwareRequestFilter@6f0e0308, org.springframework.security.web.authentication.AnonymousAuthenticationFilter@3f222bb9, org.springframework.security.web.session.SessionManagementFilter@6ebacef2, org.springframework.security.web.access.ExceptionTranslationFilter@5f3bee86]
2020-01-29 11:32:01.168  INFO 18200 --- [    Test worker] o.s.s.concurrent.ThreadPoolTaskExecutor  : Initializing ExecutorService 'applicationTaskExecutor'
2020-01-29 11:32:01.294  INFO 18200 --- [    Test worker] o.s.b.t.m.w.SpringBootMockServletContext : Initializing Spring TestDispatcherServlet ''
2020-01-29 11:32:01.294  INFO 18200 --- [    Test worker] o.s.t.web.servlet.TestDispatcherServlet  : Initializing Servlet ''
2020-01-29 11:32:01.301  INFO 18200 --- [    Test worker] o.s.t.web.servlet.TestDispatcherServlet  : Completed initialization in 7 ms
2020-01-29 11:32:01.323  INFO 18200 --- [    Test worker] c.p.r.i.RestaurantControllerTests        : Started RestaurantControllerTests in 0.678 seconds (JVM running for 11.563)
]]></system-out>
  <system-err><![CDATA[]]></system-err>
</testsuite>
