<?xml version="1.0" encoding="UTF-8"?>
<testsuite name="com.project.reservation.interfaces.SessionControllerTests" tests="3" skipped="0" failures="0" errors="0" timestamp="2020-01-27T15:08:13" hostname="DESKTOP-B7A5GTQ" time="0.037">
  <properties/>
  <testcase name="createWithValidAttribute()" classname="com.project.reservation.interfaces.SessionControllerTests" time="0.013"/>
  <testcase name="createWithNotExistedEmail()" classname="com.project.reservation.interfaces.SessionControllerTests" time="0.01"/>
  <testcase name="createWithWrongPassword()" classname="com.project.reservation.interfaces.SessionControllerTests" time="0.009"/>
  <system-out><![CDATA[2020-01-28 00:08:12.821  INFO 3740 --- [    Test worker] .b.t.a.w.s.WebMvcTestContextBootstrapper : Neither @ContextConfiguration nor @ContextHierarchy found for test class [com.project.reservation.interfaces.SessionControllerTests], using SpringBootContextLoader
2020-01-28 00:08:12.822  INFO 3740 --- [    Test worker] o.s.t.c.support.AbstractContextLoader    : Could not detect default resource locations for test class [com.project.reservation.interfaces.SessionControllerTests]: no resource found for suffixes {-context.xml, Context.groovy}.
2020-01-28 00:08:12.823  INFO 3740 --- [    Test worker] t.c.s.AnnotationConfigContextLoaderUtils : Could not detect default configuration classes for test class [com.project.reservation.interfaces.SessionControllerTests]: SessionControllerTests does not declare any static, non-private, non-final, nested classes annotated with @Configuration.
2020-01-28 00:08:12.828  INFO 3740 --- [    Test worker] .b.t.c.SpringBootTestContextBootstrapper : Found @SpringBootConfiguration com.project.reservation.CustomerApiApplication for test class com.project.reservation.interfaces.SessionControllerTests
2020-01-28 00:08:12.828  INFO 3740 --- [    Test worker] .b.t.a.w.s.WebMvcTestContextBootstrapper : Loaded default TestExecutionListener class names from location [META-INF/spring.factories]: [org.springframework.boot.test.autoconfigure.restdocs.RestDocsTestExecutionListener, org.springframework.boot.test.autoconfigure.web.client.MockRestServiceServerResetTestExecutionListener, org.springframework.boot.test.autoconfigure.web.servlet.MockMvcPrintOnlyOnFailureTestExecutionListener, org.springframework.boot.test.autoconfigure.web.servlet.WebDriverTestExecutionListener, org.springframework.boot.test.mock.mockito.MockitoTestExecutionListener, org.springframework.boot.test.mock.mockito.ResetMocksTestExecutionListener, org.springframework.test.context.web.ServletTestExecutionListener, org.springframework.test.context.support.DirtiesContextBeforeModesTestExecutionListener, org.springframework.test.context.support.DependencyInjectionTestExecutionListener, org.springframework.test.context.support.DirtiesContextTestExecutionListener, org.springframework.test.context.transaction.TransactionalTestExecutionListener, org.springframework.test.context.jdbc.SqlScriptsTestExecutionListener, org.springframework.test.context.event.EventPublishingTestExecutionListener]
2020-01-28 00:08:12.828  INFO 3740 --- [    Test worker] .b.t.a.w.s.WebMvcTestContextBootstrapper : Using TestExecutionListeners: [org.springframework.test.context.web.ServletTestExecutionListener@66167905, org.springframework.test.context.support.DirtiesContextBeforeModesTestExecutionListener@19e2491a, org.springframework.boot.test.mock.mockito.MockitoTestExecutionListener@36c5e126, org.springframework.boot.test.autoconfigure.SpringBootDependencyInjectionTestExecutionListener@53aff9ea, org.springframework.test.context.support.DirtiesContextTestExecutionListener@6a46ccb, org.springframework.test.context.transaction.TransactionalTestExecutionListener@d055f9c, org.springframework.test.context.jdbc.SqlScriptsTestExecutionListener@14d043cb, org.springframework.test.context.event.EventPublishingTestExecutionListener@381c8812, org.springframework.boot.test.autoconfigure.restdocs.RestDocsTestExecutionListener@1dfb69ee, org.springframework.boot.test.autoconfigure.web.client.MockRestServiceServerResetTestExecutionListener@3a253c72, org.springframework.boot.test.autoconfigure.web.servlet.MockMvcPrintOnlyOnFailureTestExecutionListener@2c7dfee6, org.springframework.boot.test.autoconfigure.web.servlet.WebDriverTestExecutionListener@707dbf63, org.springframework.boot.test.mock.mockito.ResetMocksTestExecutionListener@368f1c9b]

  .   ____          _            __ _ _
 /\\ / ___'_ __ _ _(_)_ __  __ _ \ \ \ \
( ( )\___ | '_ | '_| | '_ \/ _` | \ \ \ \
 \\/  ___)| |_)| | | | | || (_| |  ) ) ) )
  '  |____| .__|_| |_|_| |_\__, | / / / /
 =========|_|==============|___/=/_/_/_/
 :: Spring Boot ::        (v2.2.2.RELEASE)

2020-01-28 00:08:12.851  INFO 3740 --- [    Test worker] c.p.r.interfaces.SessionControllerTests  : Starting SessionControllerTests on DESKTOP-B7A5GTQ with PID 3740 (started by nkh16 in C:\hyun\Programming\WEB\portfolio\Reservation-Restaurant\customer-api)
2020-01-28 00:08:12.852  INFO 3740 --- [    Test worker] c.p.r.interfaces.SessionControllerTests  : No active profile set, falling back to default profiles: default
2020-01-28 00:08:13.102  INFO 3740 --- [    Test worker] .s.s.UserDetailsServiceAutoConfiguration : 

Using generated security password: 356e4c54-be75-40de-b8e3-564186750caa

2020-01-28 00:08:13.167  INFO 3740 --- [    Test worker] o.s.s.web.DefaultSecurityFilterChain     : Creating filter chain: any request, [org.springframework.security.web.context.request.async.WebAsyncManagerIntegrationFilter@1a04480f, org.springframework.security.web.context.SecurityContextPersistenceFilter@197a6304, org.springframework.security.web.header.HeaderWriterFilter@74eac446, org.springframework.security.web.authentication.logout.LogoutFilter@6db389d8, org.springframework.security.web.savedrequest.RequestCacheAwareFilter@4ce774fd, org.springframework.security.web.servletapi.SecurityContextHolderAwareRequestFilter@6e8d51d3, org.springframework.security.web.authentication.AnonymousAuthenticationFilter@1e038155, org.springframework.security.web.session.SessionManagementFilter@6465b751, org.springframework.security.web.access.ExceptionTranslationFilter@15281c1a]
2020-01-28 00:08:13.320  INFO 3740 --- [    Test worker] o.s.s.concurrent.ThreadPoolTaskExecutor  : Initializing ExecutorService 'applicationTaskExecutor'
2020-01-28 00:08:13.452  INFO 3740 --- [    Test worker] o.s.b.t.m.w.SpringBootMockServletContext : Initializing Spring TestDispatcherServlet ''
2020-01-28 00:08:13.453  INFO 3740 --- [    Test worker] o.s.t.web.servlet.TestDispatcherServlet  : Initializing Servlet ''
2020-01-28 00:08:13.463  INFO 3740 --- [    Test worker] o.s.t.web.servlet.TestDispatcherServlet  : Completed initialization in 10 ms
2020-01-28 00:08:13.477  INFO 3740 --- [    Test worker] c.p.r.interfaces.SessionControllerTests  : Started SessionControllerTests in 0.646 seconds (JVM running for 11.855)
]]></system-out>
  <system-err><![CDATA[]]></system-err>
</testsuite>
