<?xml version="1.0" encoding="UTF-8"?>
<testsuite name="com.project.reservation.CustomerApiApplicationTests" tests="1" skipped="0" failures="0" errors="0" timestamp="2020-01-24T07:28:32" hostname="DESKTOP-B7A5GTQ" time="0.036">
  <properties/>
  <testcase name="contextLoads()" classname="com.project.reservation.CustomerApiApplicationTests" time="0.036"/>
  <system-out><![CDATA[16:28:26.509 [Test worker] DEBUG org.springframework.test.context.BootstrapUtils - Instantiating CacheAwareContextLoaderDelegate from class [org.springframework.test.context.cache.DefaultCacheAwareContextLoaderDelegate]
16:28:26.532 [Test worker] DEBUG org.springframework.test.context.BootstrapUtils - Instantiating BootstrapContext using constructor [public org.springframework.test.context.support.DefaultBootstrapContext(java.lang.Class,org.springframework.test.context.CacheAwareContextLoaderDelegate)]
16:28:26.567 [Test worker] DEBUG org.springframework.test.context.BootstrapUtils - Instantiating TestContextBootstrapper for test class [com.project.reservation.CustomerApiApplicationTests] from class [org.springframework.boot.test.context.SpringBootTestContextBootstrapper]
16:28:26.584 [Test worker] INFO org.springframework.boot.test.context.SpringBootTestContextBootstrapper - Neither @ContextConfiguration nor @ContextHierarchy found for test class [com.project.reservation.CustomerApiApplicationTests], using SpringBootContextLoader
16:28:26.591 [Test worker] DEBUG org.springframework.test.context.support.AbstractContextLoader - Did not detect default resource location for test class [com.project.reservation.CustomerApiApplicationTests]: class path resource [com/project/reservation/CustomerApiApplicationTests-context.xml] does not exist
16:28:26.592 [Test worker] DEBUG org.springframework.test.context.support.AbstractContextLoader - Did not detect default resource location for test class [com.project.reservation.CustomerApiApplicationTests]: class path resource [com/project/reservation/CustomerApiApplicationTestsContext.groovy] does not exist
16:28:26.593 [Test worker] INFO org.springframework.test.context.support.AbstractContextLoader - Could not detect default resource locations for test class [com.project.reservation.CustomerApiApplicationTests]: no resource found for suffixes {-context.xml, Context.groovy}.
16:28:26.595 [Test worker] INFO org.springframework.test.context.support.AnnotationConfigContextLoaderUtils - Could not detect default configuration classes for test class [com.project.reservation.CustomerApiApplicationTests]: CustomerApiApplicationTests does not declare any static, non-private, non-final, nested classes annotated with @Configuration.
16:28:26.640 [Test worker] DEBUG org.springframework.test.context.support.ActiveProfilesUtils - Could not find an 'annotation declaring class' for annotation type [org.springframework.test.context.ActiveProfiles] and class [com.project.reservation.CustomerApiApplicationTests]
16:28:26.720 [Test worker] DEBUG org.springframework.context.annotation.ClassPathScanningCandidateComponentProvider - Identified candidate component class: file [C:\hyun\Programming\WEB\portfolio\Reservation-Restaurant\customer-api\build\classes\java\main\com\project\reservation\CustomerApiApplication.class]
16:28:26.723 [Test worker] INFO org.springframework.boot.test.context.SpringBootTestContextBootstrapper - Found @SpringBootConfiguration com.project.reservation.CustomerApiApplication for test class com.project.reservation.CustomerApiApplicationTests
16:28:26.847 [Test worker] DEBUG org.springframework.boot.test.context.SpringBootTestContextBootstrapper - @TestExecutionListeners is not present for class [com.project.reservation.CustomerApiApplicationTests]: using defaults.
16:28:26.848 [Test worker] INFO org.springframework.boot.test.context.SpringBootTestContextBootstrapper - Loaded default TestExecutionListener class names from location [META-INF/spring.factories]: [org.springframework.boot.test.autoconfigure.restdocs.RestDocsTestExecutionListener, org.springframework.boot.test.autoconfigure.web.client.MockRestServiceServerResetTestExecutionListener, org.springframework.boot.test.autoconfigure.web.servlet.MockMvcPrintOnlyOnFailureTestExecutionListener, org.springframework.boot.test.autoconfigure.web.servlet.WebDriverTestExecutionListener, org.springframework.boot.test.mock.mockito.MockitoTestExecutionListener, org.springframework.boot.test.mock.mockito.ResetMocksTestExecutionListener, org.springframework.test.context.web.ServletTestExecutionListener, org.springframework.test.context.support.DirtiesContextBeforeModesTestExecutionListener, org.springframework.test.context.support.DependencyInjectionTestExecutionListener, org.springframework.test.context.support.DirtiesContextTestExecutionListener, org.springframework.test.context.transaction.TransactionalTestExecutionListener, org.springframework.test.context.jdbc.SqlScriptsTestExecutionListener, org.springframework.test.context.event.EventPublishingTestExecutionListener]
16:28:26.869 [Test worker] INFO org.springframework.boot.test.context.SpringBootTestContextBootstrapper - Using TestExecutionListeners: [org.springframework.test.context.web.ServletTestExecutionListener@6f72a5d3, org.springframework.test.context.support.DirtiesContextBeforeModesTestExecutionListener@5bd04209, org.springframework.boot.test.mock.mockito.MockitoTestExecutionListener@78e27632, org.springframework.boot.test.autoconfigure.SpringBootDependencyInjectionTestExecutionListener@23a260ff, org.springframework.test.context.support.DirtiesContextTestExecutionListener@59840565, org.springframework.test.context.transaction.TransactionalTestExecutionListener@1dc456, org.springframework.test.context.jdbc.SqlScriptsTestExecutionListener@6ba57181, org.springframework.test.context.event.EventPublishingTestExecutionListener@5b305192, org.springframework.boot.test.autoconfigure.restdocs.RestDocsTestExecutionListener@22e6c8bc, org.springframework.boot.test.autoconfigure.web.client.MockRestServiceServerResetTestExecutionListener@4c3797c2, org.springframework.boot.test.autoconfigure.web.servlet.MockMvcPrintOnlyOnFailureTestExecutionListener@cdecebc, org.springframework.boot.test.autoconfigure.web.servlet.WebDriverTestExecutionListener@553ba274, org.springframework.boot.test.mock.mockito.ResetMocksTestExecutionListener@410c3347]
16:28:26.875 [Test worker] DEBUG org.springframework.test.context.support.AbstractDirtiesContextTestExecutionListener - Before test class: context [DefaultTestContext@11ee0958 testClass = CustomerApiApplicationTests, testInstance = [null], testMethod = [null], testException = [null], mergedContextConfiguration = [WebMergedContextConfiguration@79aabf6d testClass = CustomerApiApplicationTests, locations = '{}', classes = '{class com.project.reservation.CustomerApiApplication}', contextInitializerClasses = '[]', activeProfiles = '{}', propertySourceLocations = '{}', propertySourceProperties = '{org.springframework.boot.test.context.SpringBootTestContextBootstrapper=true}', contextCustomizers = set[org.springframework.boot.test.autoconfigure.properties.PropertyMappingContextCustomizer@0, org.springframework.boot.test.autoconfigure.web.servlet.WebDriverContextCustomizerFactory$Customizer@4d939b0b, org.springframework.boot.test.context.filter.ExcludeFilterContextCustomizer@71e21093, org.springframework.boot.test.json.DuplicateJsonObjectContextCustomizerFactory$DuplicateJsonObjectContextCustomizer@5b0352e1, org.springframework.boot.test.mock.mockito.MockitoContextCustomizer@0, org.springframework.boot.test.web.client.TestRestTemplateContextCustomizer@5d029b1d], resourceBasePath = 'src/main/webapp', contextLoader = 'org.springframework.boot.test.context.SpringBootContextLoader', parent = [null]], attributes = map['org.springframework.test.context.web.ServletTestExecutionListener.activateListener' -> true]], class annotated with @DirtiesContext [false] with mode [null].
16:28:26.908 [Test worker] DEBUG org.springframework.test.context.support.TestPropertySourceUtils - Adding inlined properties to environment: {spring.jmx.enabled=false, org.springframework.boot.test.context.SpringBootTestContextBootstrapper=true, server.port=-1}

  .   ____          _            __ _ _
 /\\ / ___'_ __ _ _(_)_ __  __ _ \ \ \ \
( ( )\___ | '_ | '_| | '_ \/ _` | \ \ \ \
 \\/  ___)| |_)| | | | | || (_| |  ) ) ) )
  '  |____| .__|_| |_|_| |_\__, | / / / /
 =========|_|==============|___/=/_/_/_/
 :: Spring Boot ::        (v2.2.2.RELEASE)

2020-01-24 16:28:27.465  INFO 10104 --- [    Test worker] c.p.r.CustomerApiApplicationTests        : Starting CustomerApiApplicationTests on DESKTOP-B7A5GTQ with PID 10104 (started by nkh16 in C:\hyun\Programming\WEB\portfolio\Reservation-Restaurant\customer-api)
2020-01-24 16:28:27.467  INFO 10104 --- [    Test worker] c.p.r.CustomerApiApplicationTests        : The following profiles are active: test
2020-01-24 16:28:28.435  INFO 10104 --- [    Test worker] .s.d.r.c.RepositoryConfigurationDelegate : Bootstrapping Spring Data JPA repositories in DEFAULT mode.
2020-01-24 16:28:28.533  INFO 10104 --- [    Test worker] .s.d.r.c.RepositoryConfigurationDelegate : Finished Spring Data repository scanning in 83ms. Found 3 JPA repository interfaces.
2020-01-24 16:28:29.083  INFO 10104 --- [    Test worker] trationDelegate$BeanPostProcessorChecker : Bean 'org.springframework.transaction.annotation.ProxyTransactionManagementConfiguration' of type [org.springframework.transaction.annotation.ProxyTransactionManagementConfiguration] is not eligible for getting processed by all BeanPostProcessors (for example: not eligible for auto-proxying)
2020-01-24 16:28:29.451  INFO 10104 --- [    Test worker] o.hibernate.jpa.internal.util.LogHelper  : HHH000204: Processing PersistenceUnitInfo [name: default]
2020-01-24 16:28:29.547  INFO 10104 --- [    Test worker] org.hibernate.Version                    : HHH000412: Hibernate Core {5.4.9.Final}
2020-01-24 16:28:29.615  INFO 10104 --- [    Test worker] o.hibernate.annotations.common.Version   : HCANN000001: Hibernate Commons Annotations {5.1.0.Final}
2020-01-24 16:28:29.766  INFO 10104 --- [    Test worker] com.zaxxer.hikari.HikariDataSource       : HikariPool-1 - Starting...
2020-01-24 16:28:30.029  INFO 10104 --- [    Test worker] com.zaxxer.hikari.HikariDataSource       : HikariPool-1 - Start completed.
2020-01-24 16:28:30.068  INFO 10104 --- [    Test worker] org.hibernate.dialect.Dialect            : HHH000400: Using dialect: org.hibernate.dialect.H2Dialect
2020-01-24 16:28:30.919  INFO 10104 --- [    Test worker] o.h.e.t.j.p.i.JtaPlatformInitiator       : HHH000490: Using JtaPlatform implementation: [org.hibernate.engine.transaction.jta.platform.internal.NoJtaPlatform]
2020-01-24 16:28:30.932  INFO 10104 --- [    Test worker] j.LocalContainerEntityManagerFactoryBean : Initialized JPA EntityManagerFactory for persistence unit 'default'
2020-01-24 16:28:31.906  WARN 10104 --- [    Test worker] JpaBaseConfiguration$JpaWebConfiguration : spring.jpa.open-in-view is enabled by default. Therefore, database queries may be performed during view rendering. Explicitly configure spring.jpa.open-in-view to disable this warning
2020-01-24 16:28:32.287  INFO 10104 --- [    Test worker] o.s.s.concurrent.ThreadPoolTaskExecutor  : Initializing ExecutorService 'applicationTaskExecutor'
2020-01-24 16:28:32.833  INFO 10104 --- [    Test worker] c.p.r.CustomerApiApplicationTests        : Started CustomerApiApplicationTests in 5.914 seconds (JVM running for 8.499)
]]></system-out>
  <system-err><![CDATA[]]></system-err>
</testsuite>
