<?xml version="1.0" encoding="UTF-8"?>
<testsuite name="com.project.reservation.application.RegionServiceTests" tests="1" skipped="0" failures="0" errors="0" timestamp="2020-01-28T02:35:14" hostname="DESKTOP-B7A5GTQ" time="0.048">
  <properties/>
  <testcase name="getRegions()" classname="com.project.reservation.application.RegionServiceTests" time="0.048"/>
  <system-out><![CDATA[]]></system-out>
  <system-err><![CDATA[]]></system-err>
</testsuite>
