<?xml version="1.0" encoding="UTF-8"?>
<testsuite name="com.project.reservation.application.RestaurantServiceTests" tests="4" skipped="0" failures="0" errors="0" timestamp="2020-01-24T07:28:25" hostname="DESKTOP-B7A5GTQ" time="0.826">
  <properties/>
  <testcase name="addRestaurant()" classname="com.project.reservation.application.RestaurantServiceTests" time="0.794"/>
  <testcase name="getRestaurantWithExisted()" classname="com.project.reservation.application.RestaurantServiceTests" time="0.018"/>
  <testcase name="getRestaurants()" classname="com.project.reservation.application.RestaurantServiceTests" time="0.004"/>
  <testcase name="updateRestaurant()" classname="com.project.reservation.application.RestaurantServiceTests" time="0.004"/>
  <system-out><![CDATA[]]></system-out>
  <system-err><![CDATA[]]></system-err>
</testsuite>
