<?xml version="1.0" encoding="UTF-8"?>
<testsuite name="com.project.reservation.interfaces.RestaurantControllerTests" tests="3" skipped="0" failures="0" errors="0" timestamp="2020-01-28T02:00:10" hostname="DESKTOP-B7A5GTQ" time="0.072">
  <properties/>
  <testcase name="list()" classname="com.project.reservation.interfaces.RestaurantControllerTests" time="0.028"/>
  <testcase name="detailWithNotExisted()" classname="com.project.reservation.interfaces.RestaurantControllerTests" time="0.023"/>
  <testcase name="detailWithExisted()" classname="com.project.reservation.interfaces.RestaurantControllerTests" time="0.016"/>
  <system-out><![CDATA[2020-01-28 11:00:09.199  INFO 8984 --- [    Test worker] .b.t.a.w.s.WebMvcTestContextBootstrapper : Neither @ContextConfiguration nor @ContextHierarchy found for test class [com.project.reservation.interfaces.RestaurantControllerTests], using SpringBootContextLoader
2020-01-28 11:00:09.200  INFO 8984 --- [    Test worker] o.s.t.c.support.AbstractContextLoader    : Could not detect default resource locations for test class [com.project.reservation.interfaces.RestaurantControllerTests]: no resource found for suffixes {-context.xml, Context.groovy}.
2020-01-28 11:00:09.201  INFO 8984 --- [    Test worker] t.c.s.AnnotationConfigContextLoaderUtils : Could not detect default configuration classes for test class [com.project.reservation.interfaces.RestaurantControllerTests]: RestaurantControllerTests does not declare any static, non-private, non-final, nested classes annotated with @Configuration.
2020-01-28 11:00:09.204  INFO 8984 --- [    Test worker] .b.t.c.SpringBootTestContextBootstrapper : Found @SpringBootConfiguration com.project.reservation.CustomerApiApplication for test class com.project.reservation.interfaces.RestaurantControllerTests
2020-01-28 11:00:09.204  INFO 8984 --- [    Test worker] .b.t.a.w.s.WebMvcTestContextBootstrapper : Loaded default TestExecutionListener class names from location [META-INF/spring.factories]: [org.springframework.boot.test.autoconfigure.restdocs.RestDocsTestExecutionListener, org.springframework.boot.test.autoconfigure.web.client.MockRestServiceServerResetTestExecutionListener, org.springframework.boot.test.autoconfigure.web.servlet.MockMvcPrintOnlyOnFailureTestExecutionListener, org.springframework.boot.test.autoconfigure.web.servlet.WebDriverTestExecutionListener, org.springframework.boot.test.mock.mockito.MockitoTestExecutionListener, org.springframework.boot.test.mock.mockito.ResetMocksTestExecutionListener, org.springframework.test.context.web.ServletTestExecutionListener, org.springframework.test.context.support.DirtiesContextBeforeModesTestExecutionListener, org.springframework.test.context.support.DependencyInjectionTestExecutionListener, org.springframework.test.context.support.DirtiesContextTestExecutionListener, org.springframework.test.context.transaction.TransactionalTestExecutionListener, org.springframework.test.context.jdbc.SqlScriptsTestExecutionListener, org.springframework.test.context.event.EventPublishingTestExecutionListener]
2020-01-28 11:00:09.204  INFO 8984 --- [    Test worker] .b.t.a.w.s.WebMvcTestContextBootstrapper : Using TestExecutionListeners: [org.springframework.test.context.web.ServletTestExecutionListener@d97271b, org.springframework.test.context.support.DirtiesContextBeforeModesTestExecutionListener@6351f777, org.springframework.boot.test.mock.mockito.MockitoTestExecutionListener@4b43cabf, org.springframework.boot.test.autoconfigure.SpringBootDependencyInjectionTestExecutionListener@4131a835, org.springframework.test.context.support.DirtiesContextTestExecutionListener@752ae0f7, org.springframework.test.context.transaction.TransactionalTestExecutionListener@19ac4b6a, org.springframework.test.context.jdbc.SqlScriptsTestExecutionListener@4c6f6cd2, org.springframework.test.context.event.EventPublishingTestExecutionListener@53056a, org.springframework.boot.test.autoconfigure.restdocs.RestDocsTestExecutionListener@225c60cf, org.springframework.boot.test.autoconfigure.web.client.MockRestServiceServerResetTestExecutionListener@59d098f5, org.springframework.boot.test.autoconfigure.web.servlet.MockMvcPrintOnlyOnFailureTestExecutionListener@6e6e76e1, org.springframework.boot.test.autoconfigure.web.servlet.WebDriverTestExecutionListener@760e5613, org.springframework.boot.test.mock.mockito.ResetMocksTestExecutionListener@37151a05]

  .   ____          _            __ _ _
 /\\ / ___'_ __ _ _(_)_ __  __ _ \ \ \ \
( ( )\___ | '_ | '_| | '_ \/ _` | \ \ \ \
 \\/  ___)| |_)| | | | | || (_| |  ) ) ) )
  '  |____| .__|_| |_|_| |_\__, | / / / /
 =========|_|==============|___/=/_/_/_/
 :: Spring Boot ::        (v2.2.2.RELEASE)

2020-01-28 11:00:09.238  INFO 8984 --- [    Test worker] c.p.r.i.RestaurantControllerTests        : Starting RestaurantControllerTests on DESKTOP-B7A5GTQ with PID 8984 (started by nkh16 in C:\hyun\Programming\WEB\portfolio\Reservation-Restaurant\customer-api)
2020-01-28 11:00:09.239  INFO 8984 --- [    Test worker] c.p.r.i.RestaurantControllerTests        : The following profiles are active: test
2020-01-28 11:00:09.589  INFO 8984 --- [    Test worker] .s.s.UserDetailsServiceAutoConfiguration : 

Using generated security password: 9a953f1a-92c3-4e26-8aa9-0f50e730a345

2020-01-28 11:00:09.670  INFO 8984 --- [    Test worker] o.s.s.web.DefaultSecurityFilterChain     : Creating filter chain: any request, [org.springframework.security.web.context.request.async.WebAsyncManagerIntegrationFilter@466d3a8b, org.springframework.security.web.context.SecurityContextPersistenceFilter@29bdd5d8, org.springframework.security.web.header.HeaderWriterFilter@59033266, org.springframework.security.web.authentication.logout.LogoutFilter@7e6ef25b, com.project.reservation.filters.JwtAuthenticationFilter@3a9278f9, org.springframework.security.web.savedrequest.RequestCacheAwareFilter@7b187461, org.springframework.security.web.servletapi.SecurityContextHolderAwareRequestFilter@3bc8e966, org.springframework.security.web.authentication.AnonymousAuthenticationFilter@54dbb361, org.springframework.security.web.session.SessionManagementFilter@555af543, org.springframework.security.web.access.ExceptionTranslationFilter@3f2dab4d]
2020-01-28 11:00:09.846  INFO 8984 --- [    Test worker] o.s.s.concurrent.ThreadPoolTaskExecutor  : Initializing ExecutorService 'applicationTaskExecutor'
2020-01-28 11:00:10.002  INFO 8984 --- [    Test worker] o.s.b.t.m.w.SpringBootMockServletContext : Initializing Spring TestDispatcherServlet ''
2020-01-28 11:00:10.003  INFO 8984 --- [    Test worker] o.s.t.web.servlet.TestDispatcherServlet  : Initializing Servlet ''
2020-01-28 11:00:10.010  INFO 8984 --- [    Test worker] o.s.t.web.servlet.TestDispatcherServlet  : Completed initialization in 7 ms
2020-01-28 11:00:10.027  INFO 8984 --- [    Test worker] c.p.r.i.RestaurantControllerTests        : Started RestaurantControllerTests in 0.82 seconds (JVM running for 12.482)
]]></system-out>
  <system-err><![CDATA[]]></system-err>
</testsuite>
