<?xml version="1.0" encoding="UTF-8"?>
<testsuite name="com.project.reservation.application.UserServiceTests" tests="1" skipped="0" failures="0" errors="0" timestamp="2020-01-27T03:12:12" hostname="DESKTOP-B7A5GTQ" time="0.965">
  <properties/>
  <testcase name="registerUser()" classname="com.project.reservation.application.UserServiceTests" time="0.965"/>
  <system-out><![CDATA[]]></system-out>
  <system-err><![CDATA[]]></system-err>
</testsuite>
