<?xml version="1.0" encoding="UTF-8"?>
<testsuite name="com.project.reservation.interfaces.CategoryControllerTests" tests="1" skipped="0" failures="0" errors="0" timestamp="2020-01-26T13:47:32" hostname="DESKTOP-B7A5GTQ" time="0.154">
  <properties/>
  <testcase name="list()" classname="com.project.reservation.interfaces.CategoryControllerTests" time="0.154"/>
  <system-out><![CDATA[2020-01-26 22:47:31.633  INFO 14668 --- [    Test worker] .b.t.a.w.s.WebMvcTestContextBootstrapper : Neither @ContextConfiguration nor @ContextHierarchy found for test class [com.project.reservation.interfaces.CategoryControllerTests], using SpringBootContextLoader
2020-01-26 22:47:31.634  INFO 14668 --- [    Test worker] o.s.t.c.support.AbstractContextLoader    : Could not detect default resource locations for test class [com.project.reservation.interfaces.CategoryControllerTests]: no resource found for suffixes {-context.xml, Context.groovy}.
2020-01-26 22:47:31.635  INFO 14668 --- [    Test worker] t.c.s.AnnotationConfigContextLoaderUtils : Could not detect default configuration classes for test class [com.project.reservation.interfaces.CategoryControllerTests]: CategoryControllerTests does not declare any static, non-private, non-final, nested classes annotated with @Configuration.
2020-01-26 22:47:31.661  INFO 14668 --- [    Test worker] .b.t.c.SpringBootTestContextBootstrapper : Found @SpringBootConfiguration com.project.reservation.CustomerApiApplication for test class com.project.reservation.interfaces.CategoryControllerTests
2020-01-26 22:47:31.661  INFO 14668 --- [    Test worker] .b.t.a.w.s.WebMvcTestContextBootstrapper : Loaded default TestExecutionListener class names from location [META-INF/spring.factories]: [org.springframework.boot.test.autoconfigure.restdocs.RestDocsTestExecutionListener, org.springframework.boot.test.autoconfigure.web.client.MockRestServiceServerResetTestExecutionListener, org.springframework.boot.test.autoconfigure.web.servlet.MockMvcPrintOnlyOnFailureTestExecutionListener, org.springframework.boot.test.autoconfigure.web.servlet.WebDriverTestExecutionListener, org.springframework.boot.test.mock.mockito.MockitoTestExecutionListener, org.springframework.boot.test.mock.mockito.ResetMocksTestExecutionListener, org.springframework.test.context.web.ServletTestExecutionListener, org.springframework.test.context.support.DirtiesContextBeforeModesTestExecutionListener, org.springframework.test.context.support.DependencyInjectionTestExecutionListener, org.springframework.test.context.support.DirtiesContextTestExecutionListener, org.springframework.test.context.transaction.TransactionalTestExecutionListener, org.springframework.test.context.jdbc.SqlScriptsTestExecutionListener, org.springframework.test.context.event.EventPublishingTestExecutionListener]
2020-01-26 22:47:31.662  INFO 14668 --- [    Test worker] .b.t.a.w.s.WebMvcTestContextBootstrapper : Using TestExecutionListeners: [org.springframework.test.context.web.ServletTestExecutionListener@1052ecdc, org.springframework.test.context.support.DirtiesContextBeforeModesTestExecutionListener@6faeb3d1, org.springframework.boot.test.mock.mockito.MockitoTestExecutionListener@2c0391cc, org.springframework.boot.test.autoconfigure.SpringBootDependencyInjectionTestExecutionListener@5e0be6e6, org.springframework.test.context.support.DirtiesContextTestExecutionListener@5938d5f7, org.springframework.test.context.transaction.TransactionalTestExecutionListener@4392d53a, org.springframework.test.context.jdbc.SqlScriptsTestExecutionListener@73afb175, org.springframework.test.context.event.EventPublishingTestExecutionListener@72925530, org.springframework.boot.test.autoconfigure.restdocs.RestDocsTestExecutionListener@6d9aa1f8, org.springframework.boot.test.autoconfigure.web.client.MockRestServiceServerResetTestExecutionListener@38f48274, org.springframework.boot.test.autoconfigure.web.servlet.MockMvcPrintOnlyOnFailureTestExecutionListener@36dea806, org.springframework.boot.test.autoconfigure.web.servlet.WebDriverTestExecutionListener@56055038, org.springframework.boot.test.mock.mockito.ResetMocksTestExecutionListener@6ea8ae61]

  .   ____          _            __ _ _
 /\\ / ___'_ __ _ _(_)_ __  __ _ \ \ \ \
( ( )\___ | '_ | '_| | '_ \/ _` | \ \ \ \
 \\/  ___)| |_)| | | | | || (_| |  ) ) ) )
  '  |____| .__|_| |_|_| |_\__, | / / / /
 =========|_|==============|___/=/_/_/_/
 :: Spring Boot ::        (v2.2.2.RELEASE)

2020-01-26 22:47:31.702  INFO 14668 --- [    Test worker] c.p.r.i.CategoryControllerTests          : Starting CategoryControllerTests on DESKTOP-B7A5GTQ with PID 14668 (started by nkh16 in C:\hyun\Programming\WEB\portfolio\Reservation-Restaurant\customer-api)
2020-01-26 22:47:31.702  INFO 14668 --- [    Test worker] c.p.r.i.CategoryControllerTests          : The following profiles are active: test
2020-01-26 22:47:32.144  INFO 14668 --- [    Test worker] o.s.s.concurrent.ThreadPoolTaskExecutor  : Initializing ExecutorService 'applicationTaskExecutor'
2020-01-26 22:47:32.303  INFO 14668 --- [    Test worker] o.s.b.t.m.w.SpringBootMockServletContext : Initializing Spring TestDispatcherServlet ''
2020-01-26 22:47:32.303  INFO 14668 --- [    Test worker] o.s.t.web.servlet.TestDispatcherServlet  : Initializing Servlet ''
2020-01-26 22:47:32.318  INFO 14668 --- [    Test worker] o.s.t.web.servlet.TestDispatcherServlet  : Completed initialization in 15 ms
2020-01-26 22:47:32.338  INFO 14668 --- [    Test worker] c.p.r.i.CategoryControllerTests          : Started CategoryControllerTests in 0.671 seconds (JVM running for 10.783)
]]></system-out>
  <system-err><![CDATA[]]></system-err>
</testsuite>
