<?xml version="1.0" encoding="UTF-8"?>
<testsuite name="com.project.reservation.interfaces.RegionControllerTests" tests="1" skipped="0" failures="0" errors="0" timestamp="2020-01-29T02:31:59" hostname="DESKTOP-B7A5GTQ" time="0.01">
  <properties/>
  <testcase name="list()" classname="com.project.reservation.interfaces.RegionControllerTests" time="0.01"/>
  <system-out><![CDATA[2020-01-29 11:31:58.946  INFO 18200 --- [    Test worker] .b.t.a.w.s.WebMvcTestContextBootstrapper : Neither @ContextConfiguration nor @ContextHierarchy found for test class [com.project.reservation.interfaces.RegionControllerTests], using SpringBootContextLoader
2020-01-29 11:31:58.947  INFO 18200 --- [    Test worker] o.s.t.c.support.AbstractContextLoader    : Could not detect default resource locations for test class [com.project.reservation.interfaces.RegionControllerTests]: no resource found for suffixes {-context.xml, Context.groovy}.
2020-01-29 11:31:58.947  INFO 18200 --- [    Test worker] t.c.s.AnnotationConfigContextLoaderUtils : Could not detect default configuration classes for test class [com.project.reservation.interfaces.RegionControllerTests]: RegionControllerTests does not declare any static, non-private, non-final, nested classes annotated with @Configuration.
2020-01-29 11:31:58.951  INFO 18200 --- [    Test worker] .b.t.c.SpringBootTestContextBootstrapper : Found @SpringBootConfiguration com.project.reservation.CustomerApiApplication for test class com.project.reservation.interfaces.RegionControllerTests
2020-01-29 11:31:58.951  INFO 18200 --- [    Test worker] .b.t.a.w.s.WebMvcTestContextBootstrapper : Loaded default TestExecutionListener class names from location [META-INF/spring.factories]: [org.springframework.boot.test.autoconfigure.restdocs.RestDocsTestExecutionListener, org.springframework.boot.test.autoconfigure.web.client.MockRestServiceServerResetTestExecutionListener, org.springframework.boot.test.autoconfigure.web.servlet.MockMvcPrintOnlyOnFailureTestExecutionListener, org.springframework.boot.test.autoconfigure.web.servlet.WebDriverTestExecutionListener, org.springframework.boot.test.mock.mockito.MockitoTestExecutionListener, org.springframework.boot.test.mock.mockito.ResetMocksTestExecutionListener, org.springframework.test.context.web.ServletTestExecutionListener, org.springframework.test.context.support.DirtiesContextBeforeModesTestExecutionListener, org.springframework.test.context.support.DependencyInjectionTestExecutionListener, org.springframework.test.context.support.DirtiesContextTestExecutionListener, org.springframework.test.context.transaction.TransactionalTestExecutionListener, org.springframework.test.context.jdbc.SqlScriptsTestExecutionListener, org.springframework.test.context.event.EventPublishingTestExecutionListener]
2020-01-29 11:31:58.952  INFO 18200 --- [    Test worker] .b.t.a.w.s.WebMvcTestContextBootstrapper : Using TestExecutionListeners: [org.springframework.test.context.web.ServletTestExecutionListener@27017275, org.springframework.test.context.support.DirtiesContextBeforeModesTestExecutionListener@2763c61, org.springframework.boot.test.mock.mockito.MockitoTestExecutionListener@6c32d6fe, org.springframework.boot.test.autoconfigure.SpringBootDependencyInjectionTestExecutionListener@69e7925c, org.springframework.test.context.support.DirtiesContextTestExecutionListener@4559c7cf, org.springframework.test.context.transaction.TransactionalTestExecutionListener@767f7e31, org.springframework.test.context.jdbc.SqlScriptsTestExecutionListener@c00d326, org.springframework.test.context.event.EventPublishingTestExecutionListener@59a0c588, org.springframework.boot.test.autoconfigure.restdocs.RestDocsTestExecutionListener@52cc16cc, org.springframework.boot.test.autoconfigure.web.client.MockRestServiceServerResetTestExecutionListener@5fcf6452, org.springframework.boot.test.autoconfigure.web.servlet.MockMvcPrintOnlyOnFailureTestExecutionListener@55dc056e, org.springframework.boot.test.autoconfigure.web.servlet.WebDriverTestExecutionListener@a0f06d8, org.springframework.boot.test.mock.mockito.ResetMocksTestExecutionListener@38470b23]

  .   ____          _            __ _ _
 /\\ / ___'_ __ _ _(_)_ __  __ _ \ \ \ \
( ( )\___ | '_ | '_| | '_ \/ _` | \ \ \ \
 \\/  ___)| |_)| | | | | || (_| |  ) ) ) )
  '  |____| .__|_| |_|_| |_\__, | / / / /
 =========|_|==============|___/=/_/_/_/
 :: Spring Boot ::        (v2.2.2.RELEASE)

2020-01-29 11:31:58.987  INFO 18200 --- [    Test worker] c.p.r.interfaces.RegionControllerTests   : Starting RegionControllerTests on DESKTOP-B7A5GTQ with PID 18200 (started by nkh16 in C:\hyun\Programming\WEB\portfolio\Reservation-Restaurant\customer-api)
2020-01-29 11:31:58.987  INFO 18200 --- [    Test worker] c.p.r.interfaces.RegionControllerTests   : The following profiles are active: test
2020-01-29 11:31:59.317  INFO 18200 --- [    Test worker] .s.s.UserDetailsServiceAutoConfiguration : 

Using generated security password: 2f866a4c-807b-4c89-9c9e-34acb6b68afe

2020-01-29 11:31:59.378  INFO 18200 --- [    Test worker] o.s.s.web.DefaultSecurityFilterChain     : Creating filter chain: any request, [org.springframework.security.web.context.request.async.WebAsyncManagerIntegrationFilter@23bc2b78, org.springframework.security.web.context.SecurityContextPersistenceFilter@2ab538ee, org.springframework.security.web.header.HeaderWriterFilter@607ccb59, org.springframework.security.web.authentication.logout.LogoutFilter@20b57c5a, com.project.reservation.filters.JwtAuthenticationFilter@27162841, org.springframework.security.web.savedrequest.RequestCacheAwareFilter@2e05b1ed, org.springframework.security.web.servletapi.SecurityContextHolderAwareRequestFilter@28258177, org.springframework.security.web.authentication.AnonymousAuthenticationFilter@26c79e45, org.springframework.security.web.session.SessionManagementFilter@4c48e44b, org.springframework.security.web.access.ExceptionTranslationFilter@3ab7c07d]
2020-01-29 11:31:59.521  INFO 18200 --- [    Test worker] o.s.s.concurrent.ThreadPoolTaskExecutor  : Initializing ExecutorService 'applicationTaskExecutor'
2020-01-29 11:31:59.663  INFO 18200 --- [    Test worker] o.s.b.t.m.w.SpringBootMockServletContext : Initializing Spring TestDispatcherServlet ''
2020-01-29 11:31:59.663  INFO 18200 --- [    Test worker] o.s.t.web.servlet.TestDispatcherServlet  : Initializing Servlet ''
2020-01-29 11:31:59.673  INFO 18200 --- [    Test worker] o.s.t.web.servlet.TestDispatcherServlet  : Completed initialization in 10 ms
2020-01-29 11:31:59.684  INFO 18200 --- [    Test worker] c.p.r.interfaces.RegionControllerTests   : Started RegionControllerTests in 0.726 seconds (JVM running for 9.923)
]]></system-out>
  <system-err><![CDATA[]]></system-err>
</testsuite>
