<?xml version="1.0" encoding="UTF-8"?>
<testsuite name="com.project.reservation.interfaces.ReviewControllerTests" tests="2" skipped="0" failures="0" errors="0" timestamp="2020-01-28T02:35:27" hostname="DESKTOP-B7A5GTQ" time="0.271">
  <properties/>
  <testcase name="createWithValidAttribute()" classname="com.project.reservation.interfaces.ReviewControllerTests" time="0.233"/>
  <testcase name="createWithInvalidAttribute()" classname="com.project.reservation.interfaces.ReviewControllerTests" time="0.036"/>
  <system-out><![CDATA[2020-01-28 11:35:26.699  INFO 17020 --- [    Test worker] .b.t.a.w.s.WebMvcTestContextBootstrapper : Neither @ContextConfiguration nor @ContextHierarchy found for test class [com.project.reservation.interfaces.ReviewControllerTests], using SpringBootContextLoader
2020-01-28 11:35:26.703  INFO 17020 --- [    Test worker] o.s.t.c.support.AbstractContextLoader    : Could not detect default resource locations for test class [com.project.reservation.interfaces.ReviewControllerTests]: no resource found for suffixes {-context.xml, Context.groovy}.
2020-01-28 11:35:26.703  INFO 17020 --- [    Test worker] t.c.s.AnnotationConfigContextLoaderUtils : Could not detect default configuration classes for test class [com.project.reservation.interfaces.ReviewControllerTests]: ReviewControllerTests does not declare any static, non-private, non-final, nested classes annotated with @Configuration.
2020-01-28 11:35:26.708  INFO 17020 --- [    Test worker] .b.t.c.SpringBootTestContextBootstrapper : Found @SpringBootConfiguration com.project.reservation.CustomerApiApplication for test class com.project.reservation.interfaces.ReviewControllerTests
2020-01-28 11:35:26.709  INFO 17020 --- [    Test worker] .b.t.a.w.s.WebMvcTestContextBootstrapper : Loaded default TestExecutionListener class names from location [META-INF/spring.factories]: [org.springframework.boot.test.autoconfigure.restdocs.RestDocsTestExecutionListener, org.springframework.boot.test.autoconfigure.web.client.MockRestServiceServerResetTestExecutionListener, org.springframework.boot.test.autoconfigure.web.servlet.MockMvcPrintOnlyOnFailureTestExecutionListener, org.springframework.boot.test.autoconfigure.web.servlet.WebDriverTestExecutionListener, org.springframework.boot.test.mock.mockito.MockitoTestExecutionListener, org.springframework.boot.test.mock.mockito.ResetMocksTestExecutionListener, org.springframework.test.context.web.ServletTestExecutionListener, org.springframework.test.context.support.DirtiesContextBeforeModesTestExecutionListener, org.springframework.test.context.support.DependencyInjectionTestExecutionListener, org.springframework.test.context.support.DirtiesContextTestExecutionListener, org.springframework.test.context.transaction.TransactionalTestExecutionListener, org.springframework.test.context.jdbc.SqlScriptsTestExecutionListener, org.springframework.test.context.event.EventPublishingTestExecutionListener]
2020-01-28 11:35:26.709  INFO 17020 --- [    Test worker] .b.t.a.w.s.WebMvcTestContextBootstrapper : Using TestExecutionListeners: [org.springframework.test.context.web.ServletTestExecutionListener@42fb5d45, org.springframework.test.context.support.DirtiesContextBeforeModesTestExecutionListener@e7221a7, org.springframework.boot.test.mock.mockito.MockitoTestExecutionListener@2410e50d, org.springframework.boot.test.autoconfigure.SpringBootDependencyInjectionTestExecutionListener@5de83be7, org.springframework.test.context.support.DirtiesContextTestExecutionListener@45e1446a, org.springframework.test.context.transaction.TransactionalTestExecutionListener@5a813a68, org.springframework.test.context.jdbc.SqlScriptsTestExecutionListener@799a94b8, org.springframework.test.context.event.EventPublishingTestExecutionListener@6531bf6f, org.springframework.boot.test.autoconfigure.restdocs.RestDocsTestExecutionListener@2a3c65b7, org.springframework.boot.test.autoconfigure.web.client.MockRestServiceServerResetTestExecutionListener@79bd58e2, org.springframework.boot.test.autoconfigure.web.servlet.MockMvcPrintOnlyOnFailureTestExecutionListener@54af3c39, org.springframework.boot.test.autoconfigure.web.servlet.WebDriverTestExecutionListener@3c8d3b04, org.springframework.boot.test.mock.mockito.ResetMocksTestExecutionListener@75d5e0ff]

  .   ____          _            __ _ _
 /\\ / ___'_ __ _ _(_)_ __  __ _ \ \ \ \
( ( )\___ | '_ | '_| | '_ \/ _` | \ \ \ \
 \\/  ___)| |_)| | | | | || (_| |  ) ) ) )
  '  |____| .__|_| |_|_| |_\__, | / / / /
 =========|_|==============|___/=/_/_/_/
 :: Spring Boot ::        (v2.2.2.RELEASE)

2020-01-28 11:35:26.754  INFO 17020 --- [    Test worker] c.p.r.interfaces.ReviewControllerTests   : Starting ReviewControllerTests on DESKTOP-B7A5GTQ with PID 17020 (started by nkh16 in C:\hyun\Programming\WEB\portfolio\Reservation-Restaurant\customer-api)
2020-01-28 11:35:26.754  INFO 17020 --- [    Test worker] c.p.r.interfaces.ReviewControllerTests   : The following profiles are active: test
2020-01-28 11:35:27.120  INFO 17020 --- [    Test worker] .s.s.UserDetailsServiceAutoConfiguration : 

Using generated security password: 9070705a-736b-419f-9c96-c41eda35ef6d

2020-01-28 11:35:27.210  INFO 17020 --- [    Test worker] o.s.s.web.DefaultSecurityFilterChain     : Creating filter chain: any request, [org.springframework.security.web.context.request.async.WebAsyncManagerIntegrationFilter@53034bcb, org.springframework.security.web.context.SecurityContextPersistenceFilter@64b96b2e, org.springframework.security.web.header.HeaderWriterFilter@7cf0c5f1, org.springframework.security.web.authentication.logout.LogoutFilter@11fae8d3, com.project.reservation.filters.JwtAuthenticationFilter@478d19dd, org.springframework.security.web.savedrequest.RequestCacheAwareFilter@11aa622d, org.springframework.security.web.servletapi.SecurityContextHolderAwareRequestFilter@6b0ff2a4, org.springframework.security.web.authentication.AnonymousAuthenticationFilter@510f8188, org.springframework.security.web.session.SessionManagementFilter@11888cf1, org.springframework.security.web.access.ExceptionTranslationFilter@3bb9dbf7]
2020-01-28 11:35:27.440  INFO 17020 --- [    Test worker] o.s.s.concurrent.ThreadPoolTaskExecutor  : Initializing ExecutorService 'applicationTaskExecutor'
2020-01-28 11:35:27.611  INFO 17020 --- [    Test worker] o.s.b.t.m.w.SpringBootMockServletContext : Initializing Spring TestDispatcherServlet ''
2020-01-28 11:35:27.611  INFO 17020 --- [    Test worker] o.s.t.web.servlet.TestDispatcherServlet  : Initializing Servlet ''
2020-01-28 11:35:27.627  INFO 17020 --- [    Test worker] o.s.t.web.servlet.TestDispatcherServlet  : Completed initialization in 16 ms
2020-01-28 11:35:27.645  INFO 17020 --- [    Test worker] c.p.r.interfaces.ReviewControllerTests   : Started ReviewControllerTests in 0.932 seconds (JVM running for 15.657)
2020-01-28 11:35:27.920  WARN 17020 --- [    Test worker] .w.s.m.s.DefaultHandlerExceptionResolver : Resolved [org.springframework.web.bind.MethodArgumentNotValidException: Validation failed for argument [2] in public org.springframework.http.ResponseEntity<?> com.project.reservation.interfaces.ReviewController.create(org.springframework.security.core.Authentication,java.lang.Long,com.project.reservation.domain.Review) throws java.net.URISyntaxException with 2 errors: [Field error in object 'review' on field 'score': rejected value [null]; codes [NotNull.review.score,NotNull.score,NotNull.java.lang.Integer,NotNull]; arguments [org.springframework.context.support.DefaultMessageSourceResolvable: codes [review.score,score]; arguments []; default message [score]]; default message [must not be null]] [Field error in object 'review' on field 'description': rejected value [null]; codes [NotEmpty.review.description,NotEmpty.description,NotEmpty.java.lang.String,NotEmpty]; arguments [org.springframework.context.support.DefaultMessageSourceResolvable: codes [review.description,description]; arguments []; default message [description]]; default message [must not be empty]] ]
]]></system-out>
  <system-err><![CDATA[]]></system-err>
</testsuite>
