<?xml version="1.0" encoding="UTF-8"?>
<testsuite name="com.project.reservation.interfaces.CategoryControllerTests" tests="1" skipped="0" failures="0" errors="0" timestamp="2020-01-27T08:52:58" hostname="DESKTOP-B7A5GTQ" time="0.193">
  <properties/>
  <testcase name="list()" classname="com.project.reservation.interfaces.CategoryControllerTests" time="0.193"/>
  <system-out><![CDATA[2020-01-27 17:52:57.371  INFO 11452 --- [    Test worker] .b.t.a.w.s.WebMvcTestContextBootstrapper : Neither @ContextConfiguration nor @ContextHierarchy found for test class [com.project.reservation.interfaces.CategoryControllerTests], using SpringBootContextLoader
2020-01-27 17:52:57.373  INFO 11452 --- [    Test worker] o.s.t.c.support.AbstractContextLoader    : Could not detect default resource locations for test class [com.project.reservation.interfaces.CategoryControllerTests]: no resource found for suffixes {-context.xml, Context.groovy}.
2020-01-27 17:52:57.373  INFO 11452 --- [    Test worker] t.c.s.AnnotationConfigContextLoaderUtils : Could not detect default configuration classes for test class [com.project.reservation.interfaces.CategoryControllerTests]: CategoryControllerTests does not declare any static, non-private, non-final, nested classes annotated with @Configuration.
2020-01-27 17:52:57.401  INFO 11452 --- [    Test worker] .b.t.c.SpringBootTestContextBootstrapper : Found @SpringBootConfiguration com.project.reservation.CustomerApiApplication for test class com.project.reservation.interfaces.CategoryControllerTests
2020-01-27 17:52:57.403  INFO 11452 --- [    Test worker] .b.t.a.w.s.WebMvcTestContextBootstrapper : Loaded default TestExecutionListener class names from location [META-INF/spring.factories]: [org.springframework.boot.test.autoconfigure.restdocs.RestDocsTestExecutionListener, org.springframework.boot.test.autoconfigure.web.client.MockRestServiceServerResetTestExecutionListener, org.springframework.boot.test.autoconfigure.web.servlet.MockMvcPrintOnlyOnFailureTestExecutionListener, org.springframework.boot.test.autoconfigure.web.servlet.WebDriverTestExecutionListener, org.springframework.boot.test.mock.mockito.MockitoTestExecutionListener, org.springframework.boot.test.mock.mockito.ResetMocksTestExecutionListener, org.springframework.test.context.web.ServletTestExecutionListener, org.springframework.test.context.support.DirtiesContextBeforeModesTestExecutionListener, org.springframework.test.context.support.DependencyInjectionTestExecutionListener, org.springframework.test.context.support.DirtiesContextTestExecutionListener, org.springframework.test.context.transaction.TransactionalTestExecutionListener, org.springframework.test.context.jdbc.SqlScriptsTestExecutionListener, org.springframework.test.context.event.EventPublishingTestExecutionListener]
2020-01-27 17:52:57.404  INFO 11452 --- [    Test worker] .b.t.a.w.s.WebMvcTestContextBootstrapper : Using TestExecutionListeners: [org.springframework.test.context.web.ServletTestExecutionListener@406423cf, org.springframework.test.context.support.DirtiesContextBeforeModesTestExecutionListener@503afe85, org.springframework.boot.test.mock.mockito.MockitoTestExecutionListener@6372c05, org.springframework.boot.test.autoconfigure.SpringBootDependencyInjectionTestExecutionListener@4696805e, org.springframework.test.context.support.DirtiesContextTestExecutionListener@278db918, org.springframework.test.context.transaction.TransactionalTestExecutionListener@20c4b5ba, org.springframework.test.context.jdbc.SqlScriptsTestExecutionListener@1f2ce2a3, org.springframework.test.context.event.EventPublishingTestExecutionListener@6dca1568, org.springframework.boot.test.autoconfigure.restdocs.RestDocsTestExecutionListener@274534b0, org.springframework.boot.test.autoconfigure.web.client.MockRestServiceServerResetTestExecutionListener@22293c87, org.springframework.boot.test.autoconfigure.web.servlet.MockMvcPrintOnlyOnFailureTestExecutionListener@5ae8fb9b, org.springframework.boot.test.autoconfigure.web.servlet.WebDriverTestExecutionListener@6734d4fb, org.springframework.boot.test.mock.mockito.ResetMocksTestExecutionListener@69da8c19]

  .   ____          _            __ _ _
 /\\ / ___'_ __ _ _(_)_ __  __ _ \ \ \ \
( ( )\___ | '_ | '_| | '_ \/ _` | \ \ \ \
 \\/  ___)| |_)| | | | | || (_| |  ) ) ) )
  '  |____| .__|_| |_|_| |_\__, | / / / /
 =========|_|==============|___/=/_/_/_/
 :: Spring Boot ::        (v2.2.2.RELEASE)

2020-01-27 17:52:57.447  INFO 11452 --- [    Test worker] c.p.r.i.CategoryControllerTests          : Starting CategoryControllerTests on DESKTOP-B7A5GTQ with PID 11452 (started by nkh16 in C:\hyun\Programming\WEB\portfolio\Reservation-Restaurant\customer-api)
2020-01-27 17:52:57.448  INFO 11452 --- [    Test worker] c.p.r.i.CategoryControllerTests          : The following profiles are active: test
2020-01-27 17:52:57.878  INFO 11452 --- [    Test worker] .s.s.UserDetailsServiceAutoConfiguration : 

Using generated security password: c127bba6-4cad-47bf-9102-8f761b76f17a

2020-01-27 17:52:57.971  INFO 11452 --- [    Test worker] o.s.s.web.DefaultSecurityFilterChain     : Creating filter chain: any request, [org.springframework.security.web.context.request.async.WebAsyncManagerIntegrationFilter@50a4cb70, org.springframework.security.web.context.SecurityContextPersistenceFilter@afce5d5, org.springframework.security.web.header.HeaderWriterFilter@6ec8d5f1, org.springframework.security.web.authentication.logout.LogoutFilter@1407c40a, org.springframework.security.web.savedrequest.RequestCacheAwareFilter@7b37fa00, org.springframework.security.web.servletapi.SecurityContextHolderAwareRequestFilter@53f8dfca, org.springframework.security.web.authentication.AnonymousAuthenticationFilter@45375821, org.springframework.security.web.session.SessionManagementFilter@23f1236b, org.springframework.security.web.access.ExceptionTranslationFilter@2b9b443e]
2020-01-27 17:52:58.177  INFO 11452 --- [    Test worker] o.s.s.concurrent.ThreadPoolTaskExecutor  : Initializing ExecutorService 'applicationTaskExecutor'
2020-01-27 17:52:58.395  INFO 11452 --- [    Test worker] o.s.b.t.m.w.SpringBootMockServletContext : Initializing Spring TestDispatcherServlet ''
2020-01-27 17:52:58.395  INFO 11452 --- [    Test worker] o.s.t.web.servlet.TestDispatcherServlet  : Initializing Servlet ''
2020-01-27 17:52:58.412  INFO 11452 --- [    Test worker] o.s.t.web.servlet.TestDispatcherServlet  : Completed initialization in 17 ms
2020-01-27 17:52:58.432  INFO 11452 --- [    Test worker] c.p.r.i.CategoryControllerTests          : Started CategoryControllerTests in 1.02 seconds (JVM running for 10.914)
]]></system-out>
  <system-err><![CDATA[]]></system-err>
</testsuite>
