<?xml version="1.0" encoding="UTF-8"?>
<testsuite name="com.project.reservation.interfaces.RestaurantControllerTests" tests="3" skipped="0" failures="0" errors="0" timestamp="2020-01-28T02:35:26" hostname="DESKTOP-B7A5GTQ" time="0.185">
  <properties/>
  <testcase name="list()" classname="com.project.reservation.interfaces.RestaurantControllerTests" time="0.08"/>
  <testcase name="detailWithNotExisted()" classname="com.project.reservation.interfaces.RestaurantControllerTests" time="0.074"/>
  <testcase name="detailWithExisted()" classname="com.project.reservation.interfaces.RestaurantControllerTests" time="0.023"/>
  <system-out><![CDATA[2020-01-28 11:35:25.485  INFO 17020 --- [    Test worker] .b.t.a.w.s.WebMvcTestContextBootstrapper : Neither @ContextConfiguration nor @ContextHierarchy found for test class [com.project.reservation.interfaces.RestaurantControllerTests], using SpringBootContextLoader
2020-01-28 11:35:25.487  INFO 17020 --- [    Test worker] o.s.t.c.support.AbstractContextLoader    : Could not detect default resource locations for test class [com.project.reservation.interfaces.RestaurantControllerTests]: no resource found for suffixes {-context.xml, Context.groovy}.
2020-01-28 11:35:25.487  INFO 17020 --- [    Test worker] t.c.s.AnnotationConfigContextLoaderUtils : Could not detect default configuration classes for test class [com.project.reservation.interfaces.RestaurantControllerTests]: RestaurantControllerTests does not declare any static, non-private, non-final, nested classes annotated with @Configuration.
2020-01-28 11:35:25.490  INFO 17020 --- [    Test worker] .b.t.c.SpringBootTestContextBootstrapper : Found @SpringBootConfiguration com.project.reservation.CustomerApiApplication for test class com.project.reservation.interfaces.RestaurantControllerTests
2020-01-28 11:35:25.490  INFO 17020 --- [    Test worker] .b.t.a.w.s.WebMvcTestContextBootstrapper : Loaded default TestExecutionListener class names from location [META-INF/spring.factories]: [org.springframework.boot.test.autoconfigure.restdocs.RestDocsTestExecutionListener, org.springframework.boot.test.autoconfigure.web.client.MockRestServiceServerResetTestExecutionListener, org.springframework.boot.test.autoconfigure.web.servlet.MockMvcPrintOnlyOnFailureTestExecutionListener, org.springframework.boot.test.autoconfigure.web.servlet.WebDriverTestExecutionListener, org.springframework.boot.test.mock.mockito.MockitoTestExecutionListener, org.springframework.boot.test.mock.mockito.ResetMocksTestExecutionListener, org.springframework.test.context.web.ServletTestExecutionListener, org.springframework.test.context.support.DirtiesContextBeforeModesTestExecutionListener, org.springframework.test.context.support.DependencyInjectionTestExecutionListener, org.springframework.test.context.support.DirtiesContextTestExecutionListener, org.springframework.test.context.transaction.TransactionalTestExecutionListener, org.springframework.test.context.jdbc.SqlScriptsTestExecutionListener, org.springframework.test.context.event.EventPublishingTestExecutionListener]
2020-01-28 11:35:25.491  INFO 17020 --- [    Test worker] .b.t.a.w.s.WebMvcTestContextBootstrapper : Using TestExecutionListeners: [org.springframework.test.context.web.ServletTestExecutionListener@4252733, org.springframework.test.context.support.DirtiesContextBeforeModesTestExecutionListener@61df463f, org.springframework.boot.test.mock.mockito.MockitoTestExecutionListener@381e49cf, org.springframework.boot.test.autoconfigure.SpringBootDependencyInjectionTestExecutionListener@5a7439cc, org.springframework.test.context.support.DirtiesContextTestExecutionListener@77c5810e, org.springframework.test.context.transaction.TransactionalTestExecutionListener@6cb0df77, org.springframework.test.context.jdbc.SqlScriptsTestExecutionListener@262aa31f, org.springframework.test.context.event.EventPublishingTestExecutionListener@5deb444f, org.springframework.boot.test.autoconfigure.restdocs.RestDocsTestExecutionListener@67d730d, org.springframework.boot.test.autoconfigure.web.client.MockRestServiceServerResetTestExecutionListener@6c5c5fd2, org.springframework.boot.test.autoconfigure.web.servlet.MockMvcPrintOnlyOnFailureTestExecutionListener@1f1d3b1d, org.springframework.boot.test.autoconfigure.web.servlet.WebDriverTestExecutionListener@18d3cd8d, org.springframework.boot.test.mock.mockito.ResetMocksTestExecutionListener@75db3081]

  .   ____          _            __ _ _
 /\\ / ___'_ __ _ _(_)_ __  __ _ \ \ \ \
( ( )\___ | '_ | '_| | '_ \/ _` | \ \ \ \
 \\/  ___)| |_)| | | | | || (_| |  ) ) ) )
  '  |____| .__|_| |_|_| |_\__, | / / / /
 =========|_|==============|___/=/_/_/_/
 :: Spring Boot ::        (v2.2.2.RELEASE)

2020-01-28 11:35:25.529  INFO 17020 --- [    Test worker] c.p.r.i.RestaurantControllerTests        : Starting RestaurantControllerTests on DESKTOP-B7A5GTQ with PID 17020 (started by nkh16 in C:\hyun\Programming\WEB\portfolio\Reservation-Restaurant\customer-api)
2020-01-28 11:35:25.530  INFO 17020 --- [    Test worker] c.p.r.i.RestaurantControllerTests        : The following profiles are active: test
2020-01-28 11:35:25.910  INFO 17020 --- [    Test worker] .s.s.UserDetailsServiceAutoConfiguration : 

Using generated security password: a5b4b6ad-af1d-4384-aab4-a03e09ef7b6b

2020-01-28 11:35:25.989  INFO 17020 --- [    Test worker] o.s.s.web.DefaultSecurityFilterChain     : Creating filter chain: any request, [org.springframework.security.web.context.request.async.WebAsyncManagerIntegrationFilter@64eb93cf, org.springframework.security.web.context.SecurityContextPersistenceFilter@25ca421c, org.springframework.security.web.header.HeaderWriterFilter@3ae68edb, org.springframework.security.web.authentication.logout.LogoutFilter@7b4242ec, com.project.reservation.filters.JwtAuthenticationFilter@3b44598, org.springframework.security.web.savedrequest.RequestCacheAwareFilter@24377023, org.springframework.security.web.servletapi.SecurityContextHolderAwareRequestFilter@2a29a228, org.springframework.security.web.authentication.AnonymousAuthenticationFilter@76f03762, org.springframework.security.web.session.SessionManagementFilter@12868cde, org.springframework.security.web.access.ExceptionTranslationFilter@502a2acc]
2020-01-28 11:35:26.211  INFO 17020 --- [    Test worker] o.s.s.concurrent.ThreadPoolTaskExecutor  : Initializing ExecutorService 'applicationTaskExecutor'
2020-01-28 11:35:26.457  INFO 17020 --- [    Test worker] o.s.b.t.m.w.SpringBootMockServletContext : Initializing Spring TestDispatcherServlet ''
2020-01-28 11:35:26.457  INFO 17020 --- [    Test worker] o.s.t.web.servlet.TestDispatcherServlet  : Initializing Servlet ''
2020-01-28 11:35:26.470  INFO 17020 --- [    Test worker] o.s.t.web.servlet.TestDispatcherServlet  : Completed initialization in 13 ms
2020-01-28 11:35:26.493  INFO 17020 --- [    Test worker] c.p.r.i.RestaurantControllerTests        : Started RestaurantControllerTests in 0.999 seconds (JVM running for 14.505)
]]></system-out>
  <system-err><![CDATA[]]></system-err>
</testsuite>
