<?xml version="1.0" encoding="UTF-8"?>
<testsuite name="com.project.reservation.interfaces.RestaurantControllerTests" tests="3" skipped="0" failures="0" errors="0" timestamp="2020-01-26T06:23:49" hostname="DESKTOP-B7A5GTQ" time="0.076">
  <properties/>
  <testcase name="list()" classname="com.project.reservation.interfaces.RestaurantControllerTests" time="0.035"/>
  <testcase name="detailWithNotExisted()" classname="com.project.reservation.interfaces.RestaurantControllerTests" time="0.02"/>
  <testcase name="detailWithExisted()" classname="com.project.reservation.interfaces.RestaurantControllerTests" time="0.018"/>
  <system-out><![CDATA[2020-01-26 15:23:48.951  INFO 15592 --- [    Test worker] .b.t.a.w.s.WebMvcTestContextBootstrapper : Neither @ContextConfiguration nor @ContextHierarchy found for test class [com.project.reservation.interfaces.RestaurantControllerTests], using SpringBootContextLoader
2020-01-26 15:23:48.952  INFO 15592 --- [    Test worker] o.s.t.c.support.AbstractContextLoader    : Could not detect default resource locations for test class [com.project.reservation.interfaces.RestaurantControllerTests]: no resource found for suffixes {-context.xml, Context.groovy}.
2020-01-26 15:23:48.952  INFO 15592 --- [    Test worker] t.c.s.AnnotationConfigContextLoaderUtils : Could not detect default configuration classes for test class [com.project.reservation.interfaces.RestaurantControllerTests]: RestaurantControllerTests does not declare any static, non-private, non-final, nested classes annotated with @Configuration.
2020-01-26 15:23:48.956  INFO 15592 --- [    Test worker] .b.t.c.SpringBootTestContextBootstrapper : Found @SpringBootConfiguration com.project.reservation.CustomerApiApplication for test class com.project.reservation.interfaces.RestaurantControllerTests
2020-01-26 15:23:48.957  INFO 15592 --- [    Test worker] .b.t.a.w.s.WebMvcTestContextBootstrapper : Loaded default TestExecutionListener class names from location [META-INF/spring.factories]: [org.springframework.boot.test.autoconfigure.restdocs.RestDocsTestExecutionListener, org.springframework.boot.test.autoconfigure.web.client.MockRestServiceServerResetTestExecutionListener, org.springframework.boot.test.autoconfigure.web.servlet.MockMvcPrintOnlyOnFailureTestExecutionListener, org.springframework.boot.test.autoconfigure.web.servlet.WebDriverTestExecutionListener, org.springframework.boot.test.mock.mockito.MockitoTestExecutionListener, org.springframework.boot.test.mock.mockito.ResetMocksTestExecutionListener, org.springframework.test.context.web.ServletTestExecutionListener, org.springframework.test.context.support.DirtiesContextBeforeModesTestExecutionListener, org.springframework.test.context.support.DependencyInjectionTestExecutionListener, org.springframework.test.context.support.DirtiesContextTestExecutionListener, org.springframework.test.context.transaction.TransactionalTestExecutionListener, org.springframework.test.context.jdbc.SqlScriptsTestExecutionListener, org.springframework.test.context.event.EventPublishingTestExecutionListener]
2020-01-26 15:23:48.957  INFO 15592 --- [    Test worker] .b.t.a.w.s.WebMvcTestContextBootstrapper : Using TestExecutionListeners: [org.springframework.test.context.web.ServletTestExecutionListener@2f45a474, org.springframework.test.context.support.DirtiesContextBeforeModesTestExecutionListener@10b552ab, org.springframework.boot.test.mock.mockito.MockitoTestExecutionListener@3d9c8017, org.springframework.boot.test.autoconfigure.SpringBootDependencyInjectionTestExecutionListener@230b8ff6, org.springframework.test.context.support.DirtiesContextTestExecutionListener@21efe9e7, org.springframework.test.context.transaction.TransactionalTestExecutionListener@1bf5d77b, org.springframework.test.context.jdbc.SqlScriptsTestExecutionListener@4230602a, org.springframework.test.context.event.EventPublishingTestExecutionListener@3d3b33a5, org.springframework.boot.test.autoconfigure.restdocs.RestDocsTestExecutionListener@63455534, org.springframework.boot.test.autoconfigure.web.client.MockRestServiceServerResetTestExecutionListener@563e1828, org.springframework.boot.test.autoconfigure.web.servlet.MockMvcPrintOnlyOnFailureTestExecutionListener@174e13f5, org.springframework.boot.test.autoconfigure.web.servlet.WebDriverTestExecutionListener@738caca2, org.springframework.boot.test.mock.mockito.ResetMocksTestExecutionListener@3a29bb12]

  .   ____          _            __ _ _
 /\\ / ___'_ __ _ _(_)_ __  __ _ \ \ \ \
( ( )\___ | '_ | '_| | '_ \/ _` | \ \ \ \
 \\/  ___)| |_)| | | | | || (_| |  ) ) ) )
  '  |____| .__|_| |_|_| |_\__, | / / / /
 =========|_|==============|___/=/_/_/_/
 :: Spring Boot ::        (v2.2.2.RELEASE)

2020-01-26 15:23:49.000  INFO 15592 --- [    Test worker] c.p.r.i.RestaurantControllerTests        : Starting RestaurantControllerTests on DESKTOP-B7A5GTQ with PID 15592 (started by nkh16 in C:\hyun\Programming\WEB\portfolio\Reservation-Restaurant\customer-api)
2020-01-26 15:23:49.000  INFO 15592 --- [    Test worker] c.p.r.i.RestaurantControllerTests        : The following profiles are active: test
2020-01-26 15:23:49.465  INFO 15592 --- [    Test worker] o.s.s.concurrent.ThreadPoolTaskExecutor  : Initializing ExecutorService 'applicationTaskExecutor'
2020-01-26 15:23:49.632  INFO 15592 --- [    Test worker] o.s.b.t.m.w.SpringBootMockServletContext : Initializing Spring TestDispatcherServlet ''
2020-01-26 15:23:49.633  INFO 15592 --- [    Test worker] o.s.t.web.servlet.TestDispatcherServlet  : Initializing Servlet ''
2020-01-26 15:23:49.645  INFO 15592 --- [    Test worker] o.s.t.web.servlet.TestDispatcherServlet  : Completed initialization in 11 ms
2020-01-26 15:23:49.658  INFO 15592 --- [    Test worker] c.p.r.i.RestaurantControllerTests        : Started RestaurantControllerTests in 0.695 seconds (JVM running for 13.085)
]]></system-out>
  <system-err><![CDATA[]]></system-err>
</testsuite>
