<?xml version="1.0" encoding="UTF-8"?>
<testsuite name="com.project.reservation.interfaces.CategoryControllerTests" tests="1" skipped="0" failures="0" errors="0" timestamp="2020-01-26T06:02:29" hostname="DESKTOP-B7A5GTQ" time="0.166">
  <properties/>
  <testcase name="list()" classname="com.project.reservation.interfaces.CategoryControllerTests" time="0.166"/>
  <system-out><![CDATA[2020-01-26 15:02:28.893  INFO 2416 --- [    Test worker] .b.t.a.w.s.WebMvcTestContextBootstrapper : Neither @ContextConfiguration nor @ContextHierarchy found for test class [com.project.reservation.interfaces.CategoryControllerTests], using SpringBootContextLoader
2020-01-26 15:02:28.895  INFO 2416 --- [    Test worker] o.s.t.c.support.AbstractContextLoader    : Could not detect default resource locations for test class [com.project.reservation.interfaces.CategoryControllerTests]: no resource found for suffixes {-context.xml, Context.groovy}.
2020-01-26 15:02:28.895  INFO 2416 --- [    Test worker] t.c.s.AnnotationConfigContextLoaderUtils : Could not detect default configuration classes for test class [com.project.reservation.interfaces.CategoryControllerTests]: CategoryControllerTests does not declare any static, non-private, non-final, nested classes annotated with @Configuration.
2020-01-26 15:02:28.929  INFO 2416 --- [    Test worker] .b.t.c.SpringBootTestContextBootstrapper : Found @SpringBootConfiguration com.project.reservation.CustomerApiApplication for test class com.project.reservation.interfaces.CategoryControllerTests
2020-01-26 15:02:28.932  INFO 2416 --- [    Test worker] .b.t.a.w.s.WebMvcTestContextBootstrapper : Loaded default TestExecutionListener class names from location [META-INF/spring.factories]: [org.springframework.boot.test.autoconfigure.restdocs.RestDocsTestExecutionListener, org.springframework.boot.test.autoconfigure.web.client.MockRestServiceServerResetTestExecutionListener, org.springframework.boot.test.autoconfigure.web.servlet.MockMvcPrintOnlyOnFailureTestExecutionListener, org.springframework.boot.test.autoconfigure.web.servlet.WebDriverTestExecutionListener, org.springframework.boot.test.mock.mockito.MockitoTestExecutionListener, org.springframework.boot.test.mock.mockito.ResetMocksTestExecutionListener, org.springframework.test.context.web.ServletTestExecutionListener, org.springframework.test.context.support.DirtiesContextBeforeModesTestExecutionListener, org.springframework.test.context.support.DependencyInjectionTestExecutionListener, org.springframework.test.context.support.DirtiesContextTestExecutionListener, org.springframework.test.context.transaction.TransactionalTestExecutionListener, org.springframework.test.context.jdbc.SqlScriptsTestExecutionListener, org.springframework.test.context.event.EventPublishingTestExecutionListener]
2020-01-26 15:02:28.933  INFO 2416 --- [    Test worker] .b.t.a.w.s.WebMvcTestContextBootstrapper : Using TestExecutionListeners: [org.springframework.test.context.web.ServletTestExecutionListener@1cf35bc4, org.springframework.test.context.support.DirtiesContextBeforeModesTestExecutionListener@6121759, org.springframework.boot.test.mock.mockito.MockitoTestExecutionListener@21972baf, org.springframework.boot.test.autoconfigure.SpringBootDependencyInjectionTestExecutionListener@3c0c4f23, org.springframework.test.context.support.DirtiesContextTestExecutionListener@3aa70e1d, org.springframework.test.context.transaction.TransactionalTestExecutionListener@2c997ecf, org.springframework.test.context.jdbc.SqlScriptsTestExecutionListener@34cbf2a0, org.springframework.test.context.event.EventPublishingTestExecutionListener@6a60d64d, org.springframework.boot.test.autoconfigure.restdocs.RestDocsTestExecutionListener@68b5fafa, org.springframework.boot.test.autoconfigure.web.client.MockRestServiceServerResetTestExecutionListener@fbd8e25, org.springframework.boot.test.autoconfigure.web.servlet.MockMvcPrintOnlyOnFailureTestExecutionListener@64883380, org.springframework.boot.test.autoconfigure.web.servlet.WebDriverTestExecutionListener@8b643e2, org.springframework.boot.test.mock.mockito.ResetMocksTestExecutionListener@4f930a24]

  .   ____          _            __ _ _
 /\\ / ___'_ __ _ _(_)_ __  __ _ \ \ \ \
( ( )\___ | '_ | '_| | '_ \/ _` | \ \ \ \
 \\/  ___)| |_)| | | | | || (_| |  ) ) ) )
  '  |____| .__|_| |_|_| |_\__, | / / / /
 =========|_|==============|___/=/_/_/_/
 :: Spring Boot ::        (v2.2.2.RELEASE)

2020-01-26 15:02:29.007  INFO 2416 --- [    Test worker] c.p.r.i.CategoryControllerTests          : Starting CategoryControllerTests on DESKTOP-B7A5GTQ with PID 2416 (started by nkh16 in C:\hyun\Programming\WEB\portfolio\Reservation-Restaurant\customer-api)
2020-01-26 15:02:29.008  INFO 2416 --- [    Test worker] c.p.r.i.CategoryControllerTests          : The following profiles are active: test
2020-01-26 15:02:29.501  INFO 2416 --- [    Test worker] o.s.s.concurrent.ThreadPoolTaskExecutor  : Initializing ExecutorService 'applicationTaskExecutor'
2020-01-26 15:02:29.694  INFO 2416 --- [    Test worker] o.s.b.t.m.w.SpringBootMockServletContext : Initializing Spring TestDispatcherServlet ''
2020-01-26 15:02:29.694  INFO 2416 --- [    Test worker] o.s.t.web.servlet.TestDispatcherServlet  : Initializing Servlet ''
2020-01-26 15:02:29.713  INFO 2416 --- [    Test worker] o.s.t.web.servlet.TestDispatcherServlet  : Completed initialization in 19 ms
2020-01-26 15:02:29.733  INFO 2416 --- [    Test worker] c.p.r.i.CategoryControllerTests          : Started CategoryControllerTests in 0.78 seconds (JVM running for 9.845)
]]></system-out>
  <system-err><![CDATA[]]></system-err>
</testsuite>
