<?xml version="1.0" encoding="UTF-8"?>
<testsuite name="com.project.reservation.interfaces.UserControllerTests" tests="1" skipped="0" failures="0" errors="0" timestamp="2020-01-27T15:08:14" hostname="DESKTOP-B7A5GTQ" time="0.01">
  <properties/>
  <testcase name="create()" classname="com.project.reservation.interfaces.UserControllerTests" time="0.01"/>
  <system-out><![CDATA[2020-01-28 00:08:13.519  INFO 3740 --- [    Test worker] .b.t.a.w.s.WebMvcTestContextBootstrapper : Neither @ContextConfiguration nor @ContextHierarchy found for test class [com.project.reservation.interfaces.UserControllerTests], using SpringBootContextLoader
2020-01-28 00:08:13.520  INFO 3740 --- [    Test worker] o.s.t.c.support.AbstractContextLoader    : Could not detect default resource locations for test class [com.project.reservation.interfaces.UserControllerTests]: no resource found for suffixes {-context.xml, Context.groovy}.
2020-01-28 00:08:13.520  INFO 3740 --- [    Test worker] t.c.s.AnnotationConfigContextLoaderUtils : Could not detect default configuration classes for test class [com.project.reservation.interfaces.UserControllerTests]: UserControllerTests does not declare any static, non-private, non-final, nested classes annotated with @Configuration.
2020-01-28 00:08:13.523  INFO 3740 --- [    Test worker] .b.t.c.SpringBootTestContextBootstrapper : Found @SpringBootConfiguration com.project.reservation.CustomerApiApplication for test class com.project.reservation.interfaces.UserControllerTests
2020-01-28 00:08:13.523  INFO 3740 --- [    Test worker] .b.t.a.w.s.WebMvcTestContextBootstrapper : Loaded default TestExecutionListener class names from location [META-INF/spring.factories]: [org.springframework.boot.test.autoconfigure.restdocs.RestDocsTestExecutionListener, org.springframework.boot.test.autoconfigure.web.client.MockRestServiceServerResetTestExecutionListener, org.springframework.boot.test.autoconfigure.web.servlet.MockMvcPrintOnlyOnFailureTestExecutionListener, org.springframework.boot.test.autoconfigure.web.servlet.WebDriverTestExecutionListener, org.springframework.boot.test.mock.mockito.MockitoTestExecutionListener, org.springframework.boot.test.mock.mockito.ResetMocksTestExecutionListener, org.springframework.test.context.web.ServletTestExecutionListener, org.springframework.test.context.support.DirtiesContextBeforeModesTestExecutionListener, org.springframework.test.context.support.DependencyInjectionTestExecutionListener, org.springframework.test.context.support.DirtiesContextTestExecutionListener, org.springframework.test.context.transaction.TransactionalTestExecutionListener, org.springframework.test.context.jdbc.SqlScriptsTestExecutionListener, org.springframework.test.context.event.EventPublishingTestExecutionListener]
2020-01-28 00:08:13.525  INFO 3740 --- [    Test worker] .b.t.a.w.s.WebMvcTestContextBootstrapper : Using TestExecutionListeners: [org.springframework.test.context.web.ServletTestExecutionListener@73b370bd, org.springframework.test.context.support.DirtiesContextBeforeModesTestExecutionListener@1c3780ea, org.springframework.boot.test.mock.mockito.MockitoTestExecutionListener@70bc4321, org.springframework.boot.test.autoconfigure.SpringBootDependencyInjectionTestExecutionListener@826aece, org.springframework.test.context.support.DirtiesContextTestExecutionListener@607811ef, org.springframework.test.context.transaction.TransactionalTestExecutionListener@4068edda, org.springframework.test.context.jdbc.SqlScriptsTestExecutionListener@52df1bbd, org.springframework.test.context.event.EventPublishingTestExecutionListener@6f328ff6, org.springframework.boot.test.autoconfigure.restdocs.RestDocsTestExecutionListener@4fe51c96, org.springframework.boot.test.autoconfigure.web.client.MockRestServiceServerResetTestExecutionListener@48642e8d, org.springframework.boot.test.autoconfigure.web.servlet.MockMvcPrintOnlyOnFailureTestExecutionListener@624cc6cf, org.springframework.boot.test.autoconfigure.web.servlet.WebDriverTestExecutionListener@19faa84f, org.springframework.boot.test.mock.mockito.ResetMocksTestExecutionListener@7e9c064a]

  .   ____          _            __ _ _
 /\\ / ___'_ __ _ _(_)_ __  __ _ \ \ \ \
( ( )\___ | '_ | '_| | '_ \/ _` | \ \ \ \
 \\/  ___)| |_)| | | | | || (_| |  ) ) ) )
  '  |____| .__|_| |_|_| |_\__, | / / / /
 =========|_|==============|___/=/_/_/_/
 :: Spring Boot ::        (v2.2.2.RELEASE)

2020-01-28 00:08:13.554  INFO 3740 --- [    Test worker] c.p.r.interfaces.UserControllerTests     : Starting UserControllerTests on DESKTOP-B7A5GTQ with PID 3740 (started by nkh16 in C:\hyun\Programming\WEB\portfolio\Reservation-Restaurant\customer-api)
2020-01-28 00:08:13.554  INFO 3740 --- [    Test worker] c.p.r.interfaces.UserControllerTests     : No active profile set, falling back to default profiles: default
2020-01-28 00:08:13.784  INFO 3740 --- [    Test worker] .s.s.UserDetailsServiceAutoConfiguration : 

Using generated security password: 25e7f355-90e3-4905-be9a-0f4a8546a70d

2020-01-28 00:08:13.845  INFO 3740 --- [    Test worker] o.s.s.web.DefaultSecurityFilterChain     : Creating filter chain: any request, [org.springframework.security.web.context.request.async.WebAsyncManagerIntegrationFilter@68136445, org.springframework.security.web.context.SecurityContextPersistenceFilter@5c21d839, org.springframework.security.web.header.HeaderWriterFilter@1009afb9, org.springframework.security.web.authentication.logout.LogoutFilter@4d397a0a, org.springframework.security.web.savedrequest.RequestCacheAwareFilter@454c1870, org.springframework.security.web.servletapi.SecurityContextHolderAwareRequestFilter@18651307, org.springframework.security.web.authentication.AnonymousAuthenticationFilter@585eaf6b, org.springframework.security.web.session.SessionManagementFilter@46a83839, org.springframework.security.web.access.ExceptionTranslationFilter@648fbf62]
2020-01-28 00:08:13.994  INFO 3740 --- [    Test worker] o.s.s.concurrent.ThreadPoolTaskExecutor  : Initializing ExecutorService 'applicationTaskExecutor'
2020-01-28 00:08:14.116  INFO 3740 --- [    Test worker] o.s.b.t.m.w.SpringBootMockServletContext : Initializing Spring TestDispatcherServlet ''
2020-01-28 00:08:14.116  INFO 3740 --- [    Test worker] o.s.t.web.servlet.TestDispatcherServlet  : Initializing Servlet ''
2020-01-28 00:08:14.127  INFO 3740 --- [    Test worker] o.s.t.web.servlet.TestDispatcherServlet  : Completed initialization in 11 ms
2020-01-28 00:08:14.140  INFO 3740 --- [    Test worker] c.p.r.interfaces.UserControllerTests     : Started UserControllerTests in 0.611 seconds (JVM running for 12.518)
]]></system-out>
  <system-err><![CDATA[]]></system-err>
</testsuite>
