<?xml version="1.0" encoding="UTF-8"?>
<testsuite name="com.project.reservation.interfaces.ReservationControllerTests" tests="1" skipped="0" failures="0" errors="0" timestamp="2020-01-29T01:58:10" hostname="DESKTOP-B7A5GTQ" time="0.448">
  <properties/>
  <testcase name="create()" classname="com.project.reservation.interfaces.ReservationControllerTests" time="0.448"/>
  <system-out><![CDATA[10:58:05.958 [Test worker] DEBUG org.springframework.test.context.BootstrapUtils - Instantiating CacheAwareContextLoaderDelegate from class [org.springframework.test.context.cache.DefaultCacheAwareContextLoaderDelegate]
10:58:05.980 [Test worker] DEBUG org.springframework.test.context.BootstrapUtils - Instantiating BootstrapContext using constructor [public org.springframework.test.context.support.DefaultBootstrapContext(java.lang.Class,org.springframework.test.context.CacheAwareContextLoaderDelegate)]
10:58:06.025 [Test worker] DEBUG org.springframework.test.context.BootstrapUtils - Instantiating TestContextBootstrapper for test class [com.project.reservation.interfaces.ReservationControllerTests] from class [org.springframework.boot.test.autoconfigure.web.servlet.WebMvcTestContextBootstrapper]
10:58:06.053 [Test worker] INFO org.springframework.boot.test.autoconfigure.web.servlet.WebMvcTestContextBootstrapper - Neither @ContextConfiguration nor @ContextHierarchy found for test class [com.project.reservation.interfaces.ReservationControllerTests], using SpringBootContextLoader
10:58:06.058 [Test worker] DEBUG org.springframework.test.context.support.AbstractContextLoader - Did not detect default resource location for test class [com.project.reservation.interfaces.ReservationControllerTests]: class path resource [com/project/reservation/interfaces/ReservationControllerTests-context.xml] does not exist
10:58:06.059 [Test worker] DEBUG org.springframework.test.context.support.AbstractContextLoader - Did not detect default resource location for test class [com.project.reservation.interfaces.ReservationControllerTests]: class path resource [com/project/reservation/interfaces/ReservationControllerTestsContext.groovy] does not exist
10:58:06.060 [Test worker] INFO org.springframework.test.context.support.AbstractContextLoader - Could not detect default resource locations for test class [com.project.reservation.interfaces.ReservationControllerTests]: no resource found for suffixes {-context.xml, Context.groovy}.
10:58:06.062 [Test worker] INFO org.springframework.test.context.support.AnnotationConfigContextLoaderUtils - Could not detect default configuration classes for test class [com.project.reservation.interfaces.ReservationControllerTests]: ReservationControllerTests does not declare any static, non-private, non-final, nested classes annotated with @Configuration.
10:58:06.153 [Test worker] DEBUG org.springframework.test.context.support.ActiveProfilesUtils - Could not find an 'annotation declaring class' for annotation type [org.springframework.test.context.ActiveProfiles] and class [com.project.reservation.interfaces.ReservationControllerTests]
10:58:06.272 [Test worker] DEBUG org.springframework.context.annotation.ClassPathScanningCandidateComponentProvider - Identified candidate component class: file [C:\hyun\Programming\WEB\portfolio\Reservation-Restaurant\customer-api\build\classes\java\main\com\project\reservation\CustomerApiApplication.class]
10:58:06.281 [Test worker] INFO org.springframework.boot.test.context.SpringBootTestContextBootstrapper - Found @SpringBootConfiguration com.project.reservation.CustomerApiApplication for test class com.project.reservation.interfaces.ReservationControllerTests
10:58:06.284 [Test worker] DEBUG org.springframework.boot.test.autoconfigure.web.servlet.WebMvcTestContextBootstrapper - @TestExecutionListeners is not present for class [com.project.reservation.interfaces.ReservationControllerTests]: using defaults.
10:58:06.285 [Test worker] INFO org.springframework.boot.test.autoconfigure.web.servlet.WebMvcTestContextBootstrapper - Loaded default TestExecutionListener class names from location [META-INF/spring.factories]: [org.springframework.boot.test.autoconfigure.restdocs.RestDocsTestExecutionListener, org.springframework.boot.test.autoconfigure.web.client.MockRestServiceServerResetTestExecutionListener, org.springframework.boot.test.autoconfigure.web.servlet.MockMvcPrintOnlyOnFailureTestExecutionListener, org.springframework.boot.test.autoconfigure.web.servlet.WebDriverTestExecutionListener, org.springframework.boot.test.mock.mockito.MockitoTestExecutionListener, org.springframework.boot.test.mock.mockito.ResetMocksTestExecutionListener, org.springframework.test.context.web.ServletTestExecutionListener, org.springframework.test.context.support.DirtiesContextBeforeModesTestExecutionListener, org.springframework.test.context.support.DependencyInjectionTestExecutionListener, org.springframework.test.context.support.DirtiesContextTestExecutionListener, org.springframework.test.context.transaction.TransactionalTestExecutionListener, org.springframework.test.context.jdbc.SqlScriptsTestExecutionListener, org.springframework.test.context.event.EventPublishingTestExecutionListener]
10:58:06.308 [Test worker] INFO org.springframework.boot.test.autoconfigure.web.servlet.WebMvcTestContextBootstrapper - Using TestExecutionListeners: [org.springframework.test.context.web.ServletTestExecutionListener@464edd3e, org.springframework.test.context.support.DirtiesContextBeforeModesTestExecutionListener@3a552f00, org.springframework.boot.test.mock.mockito.MockitoTestExecutionListener@3b72842, org.springframework.boot.test.autoconfigure.SpringBootDependencyInjectionTestExecutionListener@38c9f48e, org.springframework.test.context.support.DirtiesContextTestExecutionListener@85e7984, org.springframework.test.context.transaction.TransactionalTestExecutionListener@1b607aa0, org.springframework.test.context.jdbc.SqlScriptsTestExecutionListener@212fb4b6, org.springframework.test.context.event.EventPublishingTestExecutionListener@56354999, org.springframework.boot.test.autoconfigure.restdocs.RestDocsTestExecutionListener@2d5c9882, org.springframework.boot.test.autoconfigure.web.client.MockRestServiceServerResetTestExecutionListener@35f152f3, org.springframework.boot.test.autoconfigure.web.servlet.MockMvcPrintOnlyOnFailureTestExecutionListener@69a7daff, org.springframework.boot.test.autoconfigure.web.servlet.WebDriverTestExecutionListener@15a23fd3, org.springframework.boot.test.mock.mockito.ResetMocksTestExecutionListener@5cf33d6d]
10:58:06.318 [Test worker] DEBUG org.springframework.test.context.support.AbstractDirtiesContextTestExecutionListener - Before test class: context [DefaultTestContext@34c36338 testClass = ReservationControllerTests, testInstance = [null], testMethod = [null], testException = [null], mergedContextConfiguration = [WebMergedContextConfiguration@4f01df54 testClass = ReservationControllerTests, locations = '{}', classes = '{class com.project.reservation.CustomerApiApplication}', contextInitializerClasses = '[]', activeProfiles = '{}', propertySourceLocations = '{}', propertySourceProperties = '{org.springframework.boot.test.autoconfigure.web.servlet.WebMvcTestContextBootstrapper=true}', contextCustomizers = set[org.springframework.boot.test.autoconfigure.OverrideAutoConfigurationContextCustomizerFactory$DisableAutoConfigurationContextCustomizer@525d1474, org.springframework.boot.test.autoconfigure.filter.TypeExcludeFiltersContextCustomizer@62d37c6c, org.springframework.boot.test.autoconfigure.properties.PropertyMappingContextCustomizer@eeac3b85, org.springframework.boot.test.autoconfigure.web.servlet.WebDriverContextCustomizerFactory$Customizer@6f558164, [ImportsContextCustomizer@438fdc52 key = [org.springframework.boot.autoconfigure.cache.CacheAutoConfiguration, org.springframework.boot.autoconfigure.context.MessageSourceAutoConfiguration, org.springframework.boot.autoconfigure.data.web.SpringDataWebAutoConfiguration, org.springframework.boot.autoconfigure.freemarker.FreeMarkerAutoConfiguration, org.springframework.boot.autoconfigure.groovy.template.GroovyTemplateAutoConfiguration, org.springframework.boot.autoconfigure.gson.GsonAutoConfiguration, org.springframework.boot.autoconfigure.hateoas.HypermediaAutoConfiguration, org.springframework.boot.autoconfigure.http.HttpMessageConvertersAutoConfiguration, org.springframework.boot.autoconfigure.jackson.JacksonAutoConfiguration, org.springframework.boot.autoconfigure.jsonb.JsonbAutoConfiguration, org.springframework.boot.autoconfigure.mustache.MustacheAutoConfiguration, org.springframework.boot.autoconfigure.task.TaskExecutionAutoConfiguration, org.springframework.boot.autoconfigure.thymeleaf.ThymeleafAutoConfiguration, org.springframework.boot.autoconfigure.validation.ValidationAutoConfiguration, org.springframework.boot.autoconfigure.web.servlet.error.ErrorMvcAutoConfiguration, org.springframework.boot.autoconfigure.web.servlet.WebMvcAutoConfiguration, org.springframework.boot.test.autoconfigure.web.servlet.MockMvcAutoConfiguration, org.springframework.boot.test.autoconfigure.web.servlet.MockMvcWebClientAutoConfiguration, org.springframework.boot.test.autoconfigure.web.servlet.MockMvcWebDriverAutoConfiguration, org.springframework.boot.autoconfigure.security.servlet.SecurityAutoConfiguration, org.springframework.boot.autoconfigure.security.servlet.UserDetailsServiceAutoConfiguration, org.springframework.boot.test.autoconfigure.web.servlet.MockMvcSecurityConfiguration]], org.springframework.boot.test.context.filter.ExcludeFilterContextCustomizer@2704d967, org.springframework.boot.test.json.DuplicateJsonObjectContextCustomizerFactory$DuplicateJsonObjectContextCustomizer@65bc86a6, org.springframework.boot.test.mock.mockito.MockitoContextCustomizer@3af98acb], resourceBasePath = 'src/main/webapp', contextLoader = 'org.springframework.boot.test.context.SpringBootContextLoader', parent = [null]], attributes = map[[empty]]], class annotated with @DirtiesContext [false] with mode [null].
10:58:06.507 [Test worker] DEBUG org.springframework.test.context.support.TestPropertySourceUtils - Adding inlined properties to environment: {spring.jmx.enabled=false, org.springframework.boot.test.autoconfigure.web.servlet.WebMvcTestContextBootstrapper=true, server.port=-1}

  .   ____          _            __ _ _
 /\\ / ___'_ __ _ _(_)_ __  __ _ \ \ \ \
( ( )\___ | '_ | '_| | '_ \/ _` | \ \ \ \
 \\/  ___)| |_)| | | | | || (_| |  ) ) ) )
  '  |____| .__|_| |_|_| |_\__, | / / / /
 =========|_|==============|___/=/_/_/_/
 :: Spring Boot ::        (v2.2.2.RELEASE)

2020-01-29 10:58:07.172  INFO 11256 --- [    Test worker] c.p.r.i.ReservationControllerTests       : Starting ReservationControllerTests on DESKTOP-B7A5GTQ with PID 11256 (started by nkh16 in C:\hyun\Programming\WEB\portfolio\Reservation-Restaurant\customer-api)
2020-01-29 10:58:07.175  INFO 11256 --- [    Test worker] c.p.r.i.ReservationControllerTests       : No active profile set, falling back to default profiles: default
2020-01-29 10:58:09.389  INFO 11256 --- [    Test worker] .s.s.UserDetailsServiceAutoConfiguration : 

Using generated security password: 4b971b99-1096-4c6f-acf6-78a8aafde738

2020-01-29 10:58:09.606  INFO 11256 --- [    Test worker] o.s.s.web.DefaultSecurityFilterChain     : Creating filter chain: any request, [org.springframework.security.web.context.request.async.WebAsyncManagerIntegrationFilter@2495066f, org.springframework.security.web.context.SecurityContextPersistenceFilter@4a9b599d, org.springframework.security.web.header.HeaderWriterFilter@730d12c3, org.springframework.security.web.authentication.logout.LogoutFilter@557eda5, com.project.reservation.filters.JwtAuthenticationFilter@5d2d106c, org.springframework.security.web.savedrequest.RequestCacheAwareFilter@4ebbd8a9, org.springframework.security.web.servletapi.SecurityContextHolderAwareRequestFilter@32683a40, org.springframework.security.web.authentication.AnonymousAuthenticationFilter@1761a6de, org.springframework.security.web.session.SessionManagementFilter@420f9c3b, org.springframework.security.web.access.ExceptionTranslationFilter@443347ec]
2020-01-29 10:58:10.126  INFO 11256 --- [    Test worker] o.s.s.concurrent.ThreadPoolTaskExecutor  : Initializing ExecutorService 'applicationTaskExecutor'
2020-01-29 10:58:10.505  INFO 11256 --- [    Test worker] o.s.b.t.m.w.SpringBootMockServletContext : Initializing Spring TestDispatcherServlet ''
2020-01-29 10:58:10.505  INFO 11256 --- [    Test worker] o.s.t.web.servlet.TestDispatcherServlet  : Initializing Servlet ''
2020-01-29 10:58:10.549  INFO 11256 --- [    Test worker] o.s.t.web.servlet.TestDispatcherServlet  : Completed initialization in 44 ms
2020-01-29 10:58:10.604  INFO 11256 --- [    Test worker] c.p.r.i.ReservationControllerTests       : Started ReservationControllerTests in 4.081 seconds (JVM running for 5.965)
]]></system-out>
  <system-err><![CDATA[]]></system-err>
</testsuite>
