<?xml version="1.0" encoding="UTF-8"?>
<testsuite name="com.project.reservation.interfaces.CategoryControllerTests" tests="1" skipped="0" failures="0" errors="0" timestamp="2020-01-27T15:08:10" hostname="DESKTOP-B7A5GTQ" time="0.138">
  <properties/>
  <testcase name="list()" classname="com.project.reservation.interfaces.CategoryControllerTests" time="0.138"/>
  <system-out><![CDATA[2020-01-28 00:08:09.567  INFO 3740 --- [    Test worker] .b.t.a.w.s.WebMvcTestContextBootstrapper : Neither @ContextConfiguration nor @ContextHierarchy found for test class [com.project.reservation.interfaces.CategoryControllerTests], using SpringBootContextLoader
2020-01-28 00:08:09.569  INFO 3740 --- [    Test worker] o.s.t.c.support.AbstractContextLoader    : Could not detect default resource locations for test class [com.project.reservation.interfaces.CategoryControllerTests]: no resource found for suffixes {-context.xml, Context.groovy}.
2020-01-28 00:08:09.569  INFO 3740 --- [    Test worker] t.c.s.AnnotationConfigContextLoaderUtils : Could not detect default configuration classes for test class [com.project.reservation.interfaces.CategoryControllerTests]: CategoryControllerTests does not declare any static, non-private, non-final, nested classes annotated with @Configuration.
2020-01-28 00:08:09.596  INFO 3740 --- [    Test worker] .b.t.c.SpringBootTestContextBootstrapper : Found @SpringBootConfiguration com.project.reservation.CustomerApiApplication for test class com.project.reservation.interfaces.CategoryControllerTests
2020-01-28 00:08:09.596  INFO 3740 --- [    Test worker] .b.t.a.w.s.WebMvcTestContextBootstrapper : Loaded default TestExecutionListener class names from location [META-INF/spring.factories]: [org.springframework.boot.test.autoconfigure.restdocs.RestDocsTestExecutionListener, org.springframework.boot.test.autoconfigure.web.client.MockRestServiceServerResetTestExecutionListener, org.springframework.boot.test.autoconfigure.web.servlet.MockMvcPrintOnlyOnFailureTestExecutionListener, org.springframework.boot.test.autoconfigure.web.servlet.WebDriverTestExecutionListener, org.springframework.boot.test.mock.mockito.MockitoTestExecutionListener, org.springframework.boot.test.mock.mockito.ResetMocksTestExecutionListener, org.springframework.test.context.web.ServletTestExecutionListener, org.springframework.test.context.support.DirtiesContextBeforeModesTestExecutionListener, org.springframework.test.context.support.DependencyInjectionTestExecutionListener, org.springframework.test.context.support.DirtiesContextTestExecutionListener, org.springframework.test.context.transaction.TransactionalTestExecutionListener, org.springframework.test.context.jdbc.SqlScriptsTestExecutionListener, org.springframework.test.context.event.EventPublishingTestExecutionListener]
2020-01-28 00:08:09.597  INFO 3740 --- [    Test worker] .b.t.a.w.s.WebMvcTestContextBootstrapper : Using TestExecutionListeners: [org.springframework.test.context.web.ServletTestExecutionListener@71dba1a6, org.springframework.test.context.support.DirtiesContextBeforeModesTestExecutionListener@33e926a, org.springframework.boot.test.mock.mockito.MockitoTestExecutionListener@30e27c74, org.springframework.boot.test.autoconfigure.SpringBootDependencyInjectionTestExecutionListener@553730e9, org.springframework.test.context.support.DirtiesContextTestExecutionListener@794d7d78, org.springframework.test.context.transaction.TransactionalTestExecutionListener@e970df9, org.springframework.test.context.jdbc.SqlScriptsTestExecutionListener@2d35c183, org.springframework.test.context.event.EventPublishingTestExecutionListener@41690cb4, org.springframework.boot.test.autoconfigure.restdocs.RestDocsTestExecutionListener@535d0f5c, org.springframework.boot.test.autoconfigure.web.client.MockRestServiceServerResetTestExecutionListener@6593380b, org.springframework.boot.test.autoconfigure.web.servlet.MockMvcPrintOnlyOnFailureTestExecutionListener@6629d4e3, org.springframework.boot.test.autoconfigure.web.servlet.WebDriverTestExecutionListener@6fac683e, org.springframework.boot.test.mock.mockito.ResetMocksTestExecutionListener@5430ad78]

  .   ____          _            __ _ _
 /\\ / ___'_ __ _ _(_)_ __  __ _ \ \ \ \
( ( )\___ | '_ | '_| | '_ \/ _` | \ \ \ \
 \\/  ___)| |_)| | | | | || (_| |  ) ) ) )
  '  |____| .__|_| |_|_| |_\__, | / / / /
 =========|_|==============|___/=/_/_/_/
 :: Spring Boot ::        (v2.2.2.RELEASE)

2020-01-28 00:08:09.637  INFO 3740 --- [    Test worker] c.p.r.i.CategoryControllerTests          : Starting CategoryControllerTests on DESKTOP-B7A5GTQ with PID 3740 (started by nkh16 in C:\hyun\Programming\WEB\portfolio\Reservation-Restaurant\customer-api)
2020-01-28 00:08:09.638  INFO 3740 --- [    Test worker] c.p.r.i.CategoryControllerTests          : No active profile set, falling back to default profiles: default
2020-01-28 00:08:09.993  INFO 3740 --- [    Test worker] .s.s.UserDetailsServiceAutoConfiguration : 

Using generated security password: 585946da-88da-44ef-9e87-58f738ab85d8

2020-01-28 00:08:10.073  INFO 3740 --- [    Test worker] o.s.s.web.DefaultSecurityFilterChain     : Creating filter chain: any request, [org.springframework.security.web.context.request.async.WebAsyncManagerIntegrationFilter@c5e8d84, org.springframework.security.web.context.SecurityContextPersistenceFilter@447241bf, org.springframework.security.web.header.HeaderWriterFilter@7b9bd08c, org.springframework.security.web.authentication.logout.LogoutFilter@63d93e2a, org.springframework.security.web.savedrequest.RequestCacheAwareFilter@6dd05712, org.springframework.security.web.servletapi.SecurityContextHolderAwareRequestFilter@486af594, org.springframework.security.web.authentication.AnonymousAuthenticationFilter@13071fce, org.springframework.security.web.session.SessionManagementFilter@39c885ee, org.springframework.security.web.access.ExceptionTranslationFilter@18a625b6]
2020-01-28 00:08:10.247  INFO 3740 --- [    Test worker] o.s.s.concurrent.ThreadPoolTaskExecutor  : Initializing ExecutorService 'applicationTaskExecutor'
2020-01-28 00:08:10.437  INFO 3740 --- [    Test worker] o.s.b.t.m.w.SpringBootMockServletContext : Initializing Spring TestDispatcherServlet ''
2020-01-28 00:08:10.437  INFO 3740 --- [    Test worker] o.s.t.web.servlet.TestDispatcherServlet  : Initializing Servlet ''
2020-01-28 00:08:10.451  INFO 3740 --- [    Test worker] o.s.t.web.servlet.TestDispatcherServlet  : Completed initialization in 14 ms
2020-01-28 00:08:10.474  INFO 3740 --- [    Test worker] c.p.r.i.CategoryControllerTests          : Started CategoryControllerTests in 0.873 seconds (JVM running for 8.852)
]]></system-out>
  <system-err><![CDATA[]]></system-err>
</testsuite>
