<?xml version="1.0" encoding="UTF-8"?>
<testsuite name="com.project.reservation.interfaces.UserControllerTests" tests="1" skipped="0" failures="0" errors="0" timestamp="2020-01-27T08:53:03" hostname="DESKTOP-B7A5GTQ" time="0.012">
  <properties/>
  <testcase name="create()" classname="com.project.reservation.interfaces.UserControllerTests" time="0.012"/>
  <system-out><![CDATA[2020-01-27 17:53:02.410  INFO 11452 --- [    Test worker] .b.t.a.w.s.WebMvcTestContextBootstrapper : Neither @ContextConfiguration nor @ContextHierarchy found for test class [com.project.reservation.interfaces.UserControllerTests], using SpringBootContextLoader
2020-01-27 17:53:02.411  INFO 11452 --- [    Test worker] o.s.t.c.support.AbstractContextLoader    : Could not detect default resource locations for test class [com.project.reservation.interfaces.UserControllerTests]: no resource found for suffixes {-context.xml, Context.groovy}.
2020-01-27 17:53:02.411  INFO 11452 --- [    Test worker] t.c.s.AnnotationConfigContextLoaderUtils : Could not detect default configuration classes for test class [com.project.reservation.interfaces.UserControllerTests]: UserControllerTests does not declare any static, non-private, non-final, nested classes annotated with @Configuration.
2020-01-27 17:53:02.415  INFO 11452 --- [    Test worker] .b.t.c.SpringBootTestContextBootstrapper : Found @SpringBootConfiguration com.project.reservation.CustomerApiApplication for test class com.project.reservation.interfaces.UserControllerTests
2020-01-27 17:53:02.415  INFO 11452 --- [    Test worker] .b.t.a.w.s.WebMvcTestContextBootstrapper : Loaded default TestExecutionListener class names from location [META-INF/spring.factories]: [org.springframework.boot.test.autoconfigure.restdocs.RestDocsTestExecutionListener, org.springframework.boot.test.autoconfigure.web.client.MockRestServiceServerResetTestExecutionListener, org.springframework.boot.test.autoconfigure.web.servlet.MockMvcPrintOnlyOnFailureTestExecutionListener, org.springframework.boot.test.autoconfigure.web.servlet.WebDriverTestExecutionListener, org.springframework.boot.test.mock.mockito.MockitoTestExecutionListener, org.springframework.boot.test.mock.mockito.ResetMocksTestExecutionListener, org.springframework.test.context.web.ServletTestExecutionListener, org.springframework.test.context.support.DirtiesContextBeforeModesTestExecutionListener, org.springframework.test.context.support.DependencyInjectionTestExecutionListener, org.springframework.test.context.support.DirtiesContextTestExecutionListener, org.springframework.test.context.transaction.TransactionalTestExecutionListener, org.springframework.test.context.jdbc.SqlScriptsTestExecutionListener, org.springframework.test.context.event.EventPublishingTestExecutionListener]
2020-01-27 17:53:02.416  INFO 11452 --- [    Test worker] .b.t.a.w.s.WebMvcTestContextBootstrapper : Using TestExecutionListeners: [org.springframework.test.context.web.ServletTestExecutionListener@200fbbce, org.springframework.test.context.support.DirtiesContextBeforeModesTestExecutionListener@1df799f0, org.springframework.boot.test.mock.mockito.MockitoTestExecutionListener@2c15b560, org.springframework.boot.test.autoconfigure.SpringBootDependencyInjectionTestExecutionListener@23038414, org.springframework.test.context.support.DirtiesContextTestExecutionListener@7e0f8a71, org.springframework.test.context.transaction.TransactionalTestExecutionListener@5f16a459, org.springframework.test.context.jdbc.SqlScriptsTestExecutionListener@5ea9a46e, org.springframework.test.context.event.EventPublishingTestExecutionListener@6135a88b, org.springframework.boot.test.autoconfigure.restdocs.RestDocsTestExecutionListener@636beade, org.springframework.boot.test.autoconfigure.web.client.MockRestServiceServerResetTestExecutionListener@9b5ae86, org.springframework.boot.test.autoconfigure.web.servlet.MockMvcPrintOnlyOnFailureTestExecutionListener@1a2cf10a, org.springframework.boot.test.autoconfigure.web.servlet.WebDriverTestExecutionListener@56117334, org.springframework.boot.test.mock.mockito.ResetMocksTestExecutionListener@6a905e32]

  .   ____          _            __ _ _
 /\\ / ___'_ __ _ _(_)_ __  __ _ \ \ \ \
( ( )\___ | '_ | '_| | '_ \/ _` | \ \ \ \
 \\/  ___)| |_)| | | | | || (_| |  ) ) ) )
  '  |____| .__|_| |_|_| |_\__, | / / / /
 =========|_|==============|___/=/_/_/_/
 :: Spring Boot ::        (v2.2.2.RELEASE)

2020-01-27 17:53:02.452  INFO 11452 --- [    Test worker] c.p.r.interfaces.UserControllerTests     : Starting UserControllerTests on DESKTOP-B7A5GTQ with PID 11452 (started by nkh16 in C:\hyun\Programming\WEB\portfolio\Reservation-Restaurant\customer-api)
2020-01-27 17:53:02.452  INFO 11452 --- [    Test worker] c.p.r.interfaces.UserControllerTests     : The following profiles are active: test
2020-01-27 17:53:02.740  INFO 11452 --- [    Test worker] .s.s.UserDetailsServiceAutoConfiguration : 

Using generated security password: 92ca3b73-45c7-441d-8a8c-d12afad9f7b6

2020-01-27 17:53:02.812  INFO 11452 --- [    Test worker] o.s.s.web.DefaultSecurityFilterChain     : Creating filter chain: any request, [org.springframework.security.web.context.request.async.WebAsyncManagerIntegrationFilter@357b600d, org.springframework.security.web.context.SecurityContextPersistenceFilter@513cddf3, org.springframework.security.web.header.HeaderWriterFilter@4562e04c, org.springframework.security.web.authentication.logout.LogoutFilter@333bee67, org.springframework.security.web.savedrequest.RequestCacheAwareFilter@f0d6c3, org.springframework.security.web.servletapi.SecurityContextHolderAwareRequestFilter@52422611, org.springframework.security.web.authentication.AnonymousAuthenticationFilter@764aba1d, org.springframework.security.web.session.SessionManagementFilter@6937ff8c, org.springframework.security.web.access.ExceptionTranslationFilter@1b39549b]
2020-01-27 17:53:03.006  INFO 11452 --- [    Test worker] o.s.s.concurrent.ThreadPoolTaskExecutor  : Initializing ExecutorService 'applicationTaskExecutor'
2020-01-27 17:53:03.163  INFO 11452 --- [    Test worker] o.s.b.t.m.w.SpringBootMockServletContext : Initializing Spring TestDispatcherServlet ''
2020-01-27 17:53:03.163  INFO 11452 --- [    Test worker] o.s.t.web.servlet.TestDispatcherServlet  : Initializing Servlet ''
2020-01-27 17:53:03.170  INFO 11452 --- [    Test worker] o.s.t.web.servlet.TestDispatcherServlet  : Completed initialization in 7 ms
2020-01-27 17:53:03.185  INFO 11452 --- [    Test worker] c.p.r.interfaces.UserControllerTests     : Started UserControllerTests in 0.766 seconds (JVM running for 15.667)
]]></system-out>
  <system-err><![CDATA[]]></system-err>
</testsuite>
