<?xml version="1.0" encoding="UTF-8"?>
<testsuite name="com.project.reservation.application.CategoryServiceTests" tests="1" skipped="0" failures="0" errors="0" timestamp="2020-01-27T15:08:02" hostname="DESKTOP-B7A5GTQ" time="0.587">
  <properties/>
  <testcase name="getCategories()" classname="com.project.reservation.application.CategoryServiceTests" time="0.587"/>
  <system-out><![CDATA[]]></system-out>
  <system-err><![CDATA[]]></system-err>
</testsuite>
