<?xml version="1.0" encoding="UTF-8"?>
<testsuite name="com.project.reservation.interfaces.RegionControllerTests" tests="1" skipped="0" failures="0" errors="0" timestamp="2020-01-29T10:42:22" hostname="DESKTOP-B7A5GTQ" time="0.013">
  <properties/>
  <testcase name="list()" classname="com.project.reservation.interfaces.RegionControllerTests" time="0.013"/>
  <system-out><![CDATA[2020-01-29 19:42:21.439  INFO 140 --- [    Test worker] .b.t.a.w.s.WebMvcTestContextBootstrapper : Neither @ContextConfiguration nor @ContextHierarchy found for test class [com.project.reservation.interfaces.RegionControllerTests], using SpringBootContextLoader
2020-01-29 19:42:21.441  INFO 140 --- [    Test worker] o.s.t.c.support.AbstractContextLoader    : Could not detect default resource locations for test class [com.project.reservation.interfaces.RegionControllerTests]: no resource found for suffixes {-context.xml, Context.groovy}.
2020-01-29 19:42:21.441  INFO 140 --- [    Test worker] t.c.s.AnnotationConfigContextLoaderUtils : Could not detect default configuration classes for test class [com.project.reservation.interfaces.RegionControllerTests]: RegionControllerTests does not declare any static, non-private, non-final, nested classes annotated with @Configuration.
2020-01-29 19:42:21.444  INFO 140 --- [    Test worker] .b.t.c.SpringBootTestContextBootstrapper : Found @SpringBootConfiguration com.project.reservation.CustomerApiApplication for test class com.project.reservation.interfaces.RegionControllerTests
2020-01-29 19:42:21.445  INFO 140 --- [    Test worker] .b.t.a.w.s.WebMvcTestContextBootstrapper : Loaded default TestExecutionListener class names from location [META-INF/spring.factories]: [org.springframework.boot.test.autoconfigure.restdocs.RestDocsTestExecutionListener, org.springframework.boot.test.autoconfigure.web.client.MockRestServiceServerResetTestExecutionListener, org.springframework.boot.test.autoconfigure.web.servlet.MockMvcPrintOnlyOnFailureTestExecutionListener, org.springframework.boot.test.autoconfigure.web.servlet.WebDriverTestExecutionListener, org.springframework.boot.test.mock.mockito.MockitoTestExecutionListener, org.springframework.boot.test.mock.mockito.ResetMocksTestExecutionListener, org.springframework.test.context.web.ServletTestExecutionListener, org.springframework.test.context.support.DirtiesContextBeforeModesTestExecutionListener, org.springframework.test.context.support.DependencyInjectionTestExecutionListener, org.springframework.test.context.support.DirtiesContextTestExecutionListener, org.springframework.test.context.transaction.TransactionalTestExecutionListener, org.springframework.test.context.jdbc.SqlScriptsTestExecutionListener, org.springframework.test.context.event.EventPublishingTestExecutionListener]
2020-01-29 19:42:21.445  INFO 140 --- [    Test worker] .b.t.a.w.s.WebMvcTestContextBootstrapper : Using TestExecutionListeners: [org.springframework.test.context.web.ServletTestExecutionListener@5aebe2bc, org.springframework.test.context.support.DirtiesContextBeforeModesTestExecutionListener@7124ecbc, org.springframework.boot.test.mock.mockito.MockitoTestExecutionListener@4cce990f, org.springframework.boot.test.autoconfigure.SpringBootDependencyInjectionTestExecutionListener@f111de8, org.springframework.test.context.support.DirtiesContextTestExecutionListener@a6ae0b4, org.springframework.test.context.transaction.TransactionalTestExecutionListener@5cfdbc49, org.springframework.test.context.jdbc.SqlScriptsTestExecutionListener@64435038, org.springframework.test.context.event.EventPublishingTestExecutionListener@633aef05, org.springframework.boot.test.autoconfigure.restdocs.RestDocsTestExecutionListener@3e88cc96, org.springframework.boot.test.autoconfigure.web.client.MockRestServiceServerResetTestExecutionListener@f2630fa, org.springframework.boot.test.autoconfigure.web.servlet.MockMvcPrintOnlyOnFailureTestExecutionListener@711a63b6, org.springframework.boot.test.autoconfigure.web.servlet.WebDriverTestExecutionListener@45ecf857, org.springframework.boot.test.mock.mockito.ResetMocksTestExecutionListener@3df86000]

  .   ____          _            __ _ _
 /\\ / ___'_ __ _ _(_)_ __  __ _ \ \ \ \
( ( )\___ | '_ | '_| | '_ \/ _` | \ \ \ \
 \\/  ___)| |_)| | | | | || (_| |  ) ) ) )
  '  |____| .__|_| |_|_| |_\__, | / / / /
 =========|_|==============|___/=/_/_/_/
 :: Spring Boot ::        (v2.2.2.RELEASE)

2020-01-29 19:42:21.478  INFO 140 --- [    Test worker] c.p.r.interfaces.RegionControllerTests   : Starting RegionControllerTests on DESKTOP-B7A5GTQ with PID 140 (started by nkh16 in C:\hyun\Programming\WEB\portfolio\Reservation-Restaurant\customer-api)
2020-01-29 19:42:21.478  INFO 140 --- [    Test worker] c.p.r.interfaces.RegionControllerTests   : The following profiles are active: test
2020-01-29 19:42:21.816  INFO 140 --- [    Test worker] .s.s.UserDetailsServiceAutoConfiguration : 

Using generated security password: 101aefa1-2d98-4893-aa58-842ea40b7846

2020-01-29 19:42:21.893  INFO 140 --- [    Test worker] o.s.s.web.DefaultSecurityFilterChain     : Creating filter chain: any request, [org.springframework.security.web.context.request.async.WebAsyncManagerIntegrationFilter@6eb58e33, org.springframework.security.web.context.SecurityContextPersistenceFilter@7692396b, org.springframework.security.web.header.HeaderWriterFilter@36378c84, org.springframework.security.web.authentication.logout.LogoutFilter@4a47ebe3, com.project.reservation.filters.JwtAuthenticationFilter@f9f4a5d, org.springframework.security.web.savedrequest.RequestCacheAwareFilter@3d032aa2, org.springframework.security.web.servletapi.SecurityContextHolderAwareRequestFilter@375ac22a, org.springframework.security.web.authentication.AnonymousAuthenticationFilter@6cb7760e, org.springframework.security.web.session.SessionManagementFilter@18605b3c, org.springframework.security.web.access.ExceptionTranslationFilter@6e64b7cc]
2020-01-29 19:42:22.061  INFO 140 --- [    Test worker] o.s.s.concurrent.ThreadPoolTaskExecutor  : Initializing ExecutorService 'applicationTaskExecutor'
2020-01-29 19:42:22.277  INFO 140 --- [    Test worker] o.s.b.t.m.w.SpringBootMockServletContext : Initializing Spring TestDispatcherServlet ''
2020-01-29 19:42:22.277  INFO 140 --- [    Test worker] o.s.t.web.servlet.TestDispatcherServlet  : Initializing Servlet ''
2020-01-29 19:42:22.287  INFO 140 --- [    Test worker] o.s.t.web.servlet.TestDispatcherServlet  : Completed initialization in 9 ms
2020-01-29 19:42:22.301  INFO 140 --- [    Test worker] c.p.r.interfaces.RegionControllerTests   : Started RegionControllerTests in 0.852 seconds (JVM running for 11.64)
]]></system-out>
  <system-err><![CDATA[]]></system-err>
</testsuite>
