<?xml version="1.0" encoding="UTF-8"?>
<testsuite name="com.project.reservation.interfaces.ReservationControllerTests" tests="1" skipped="0" failures="0" errors="0" timestamp="2020-01-29T02:32:00" hostname="DESKTOP-B7A5GTQ" time="0.191">
  <properties/>
  <testcase name="create()" classname="com.project.reservation.interfaces.ReservationControllerTests" time="0.191"/>
  <system-out><![CDATA[2020-01-29 11:31:59.702  INFO 18200 --- [    Test worker] .b.t.a.w.s.WebMvcTestContextBootstrapper : Neither @ContextConfiguration nor @ContextHierarchy found for test class [com.project.reservation.interfaces.ReservationControllerTests], using SpringBootContextLoader
2020-01-29 11:31:59.705  INFO 18200 --- [    Test worker] o.s.t.c.support.AbstractContextLoader    : Could not detect default resource locations for test class [com.project.reservation.interfaces.ReservationControllerTests]: no resource found for suffixes {-context.xml, Context.groovy}.
2020-01-29 11:31:59.705  INFO 18200 --- [    Test worker] t.c.s.AnnotationConfigContextLoaderUtils : Could not detect default configuration classes for test class [com.project.reservation.interfaces.ReservationControllerTests]: ReservationControllerTests does not declare any static, non-private, non-final, nested classes annotated with @Configuration.
2020-01-29 11:31:59.709  INFO 18200 --- [    Test worker] .b.t.c.SpringBootTestContextBootstrapper : Found @SpringBootConfiguration com.project.reservation.CustomerApiApplication for test class com.project.reservation.interfaces.ReservationControllerTests
2020-01-29 11:31:59.709  INFO 18200 --- [    Test worker] .b.t.a.w.s.WebMvcTestContextBootstrapper : Loaded default TestExecutionListener class names from location [META-INF/spring.factories]: [org.springframework.boot.test.autoconfigure.restdocs.RestDocsTestExecutionListener, org.springframework.boot.test.autoconfigure.web.client.MockRestServiceServerResetTestExecutionListener, org.springframework.boot.test.autoconfigure.web.servlet.MockMvcPrintOnlyOnFailureTestExecutionListener, org.springframework.boot.test.autoconfigure.web.servlet.WebDriverTestExecutionListener, org.springframework.boot.test.mock.mockito.MockitoTestExecutionListener, org.springframework.boot.test.mock.mockito.ResetMocksTestExecutionListener, org.springframework.test.context.web.ServletTestExecutionListener, org.springframework.test.context.support.DirtiesContextBeforeModesTestExecutionListener, org.springframework.test.context.support.DependencyInjectionTestExecutionListener, org.springframework.test.context.support.DirtiesContextTestExecutionListener, org.springframework.test.context.transaction.TransactionalTestExecutionListener, org.springframework.test.context.jdbc.SqlScriptsTestExecutionListener, org.springframework.test.context.event.EventPublishingTestExecutionListener]
2020-01-29 11:31:59.710  INFO 18200 --- [    Test worker] .b.t.a.w.s.WebMvcTestContextBootstrapper : Using TestExecutionListeners: [org.springframework.test.context.web.ServletTestExecutionListener@4495fd, org.springframework.test.context.support.DirtiesContextBeforeModesTestExecutionListener@7c91e3fb, org.springframework.boot.test.mock.mockito.MockitoTestExecutionListener@4c8ceef4, org.springframework.boot.test.autoconfigure.SpringBootDependencyInjectionTestExecutionListener@43b21a8f, org.springframework.test.context.support.DirtiesContextTestExecutionListener@67fd8479, org.springframework.test.context.transaction.TransactionalTestExecutionListener@14802d46, org.springframework.test.context.jdbc.SqlScriptsTestExecutionListener@3fd09a6c, org.springframework.test.context.event.EventPublishingTestExecutionListener@6c65897b, org.springframework.boot.test.autoconfigure.restdocs.RestDocsTestExecutionListener@67b016c2, org.springframework.boot.test.autoconfigure.web.client.MockRestServiceServerResetTestExecutionListener@724fed6f, org.springframework.boot.test.autoconfigure.web.servlet.MockMvcPrintOnlyOnFailureTestExecutionListener@49771ab0, org.springframework.boot.test.autoconfigure.web.servlet.WebDriverTestExecutionListener@9196cb4, org.springframework.boot.test.mock.mockito.ResetMocksTestExecutionListener@6ef86d53]

  .   ____          _            __ _ _
 /\\ / ___'_ __ _ _(_)_ __  __ _ \ \ \ \
( ( )\___ | '_ | '_| | '_ \/ _` | \ \ \ \
 \\/  ___)| |_)| | | | | || (_| |  ) ) ) )
  '  |____| .__|_| |_|_| |_\__, | / / / /
 =========|_|==============|___/=/_/_/_/
 :: Spring Boot ::        (v2.2.2.RELEASE)

2020-01-29 11:31:59.740  INFO 18200 --- [    Test worker] c.p.r.i.ReservationControllerTests       : Starting ReservationControllerTests on DESKTOP-B7A5GTQ with PID 18200 (started by nkh16 in C:\hyun\Programming\WEB\portfolio\Reservation-Restaurant\customer-api)
2020-01-29 11:31:59.741  INFO 18200 --- [    Test worker] c.p.r.i.ReservationControllerTests       : The following profiles are active: test
2020-01-29 11:32:00.046  INFO 18200 --- [    Test worker] .s.s.UserDetailsServiceAutoConfiguration : 

Using generated security password: 395c280e-acb8-4fa6-a2be-79aab4b83004

2020-01-29 11:32:00.139  INFO 18200 --- [    Test worker] o.s.s.web.DefaultSecurityFilterChain     : Creating filter chain: any request, [org.springframework.security.web.context.request.async.WebAsyncManagerIntegrationFilter@769338d0, org.springframework.security.web.context.SecurityContextPersistenceFilter@3c9cbdc4, org.springframework.security.web.header.HeaderWriterFilter@2c1b5d61, org.springframework.security.web.authentication.logout.LogoutFilter@2546d8c0, com.project.reservation.filters.JwtAuthenticationFilter@66d88447, org.springframework.security.web.savedrequest.RequestCacheAwareFilter@7294325a, org.springframework.security.web.servletapi.SecurityContextHolderAwareRequestFilter@412993c, org.springframework.security.web.authentication.AnonymousAuthenticationFilter@7360bd10, org.springframework.security.web.session.SessionManagementFilter@4637c60c, org.springframework.security.web.access.ExceptionTranslationFilter@68f4c653]
2020-01-29 11:32:00.276  INFO 18200 --- [    Test worker] o.s.s.concurrent.ThreadPoolTaskExecutor  : Initializing ExecutorService 'applicationTaskExecutor'
2020-01-29 11:32:00.411  INFO 18200 --- [    Test worker] o.s.b.t.m.w.SpringBootMockServletContext : Initializing Spring TestDispatcherServlet ''
2020-01-29 11:32:00.412  INFO 18200 --- [    Test worker] o.s.t.web.servlet.TestDispatcherServlet  : Initializing Servlet ''
2020-01-29 11:32:00.419  INFO 18200 --- [    Test worker] o.s.t.web.servlet.TestDispatcherServlet  : Completed initialization in 7 ms
2020-01-29 11:32:00.435  INFO 18200 --- [    Test worker] c.p.r.i.ReservationControllerTests       : Started ReservationControllerTests in 0.722 seconds (JVM running for 10.674)
]]></system-out>
  <system-err><![CDATA[]]></system-err>
</testsuite>
