<?xml version="1.0" encoding="UTF-8"?>
<testsuite name="com.project.reservation.RestaurantApiApplicationTests" tests="1" skipped="0" failures="0" errors="0" timestamp="2020-01-29T10:42:50" hostname="DESKTOP-B7A5GTQ" time="0.004">
  <properties/>
  <testcase name="contextLoads()" classname="com.project.reservation.RestaurantApiApplicationTests" time="0.004"/>
  <system-out><![CDATA[2020-01-29 19:42:46.240  INFO 2416 --- [    Test worker] .b.t.c.SpringBootTestContextBootstrapper : Neither @ContextConfiguration nor @ContextHierarchy found for test class [com.project.reservation.RestaurantApiApplicationTests], using SpringBootContextLoader
2020-01-29 19:42:46.242  INFO 2416 --- [    Test worker] o.s.t.c.support.AbstractContextLoader    : Could not detect default resource locations for test class [com.project.reservation.RestaurantApiApplicationTests]: no resource found for suffixes {-context.xml, Context.groovy}.
2020-01-29 19:42:46.242  INFO 2416 --- [    Test worker] t.c.s.AnnotationConfigContextLoaderUtils : Could not detect default configuration classes for test class [com.project.reservation.RestaurantApiApplicationTests]: RestaurantApiApplicationTests does not declare any static, non-private, non-final, nested classes annotated with @Configuration.
2020-01-29 19:42:46.250  INFO 2416 --- [    Test worker] .b.t.c.SpringBootTestContextBootstrapper : Found @SpringBootConfiguration com.project.reservation.RestaurantApiApplication for test class com.project.reservation.RestaurantApiApplicationTests
2020-01-29 19:42:46.255  INFO 2416 --- [    Test worker] .b.t.c.SpringBootTestContextBootstrapper : Loaded default TestExecutionListener class names from location [META-INF/spring.factories]: [org.springframework.boot.test.autoconfigure.restdocs.RestDocsTestExecutionListener, org.springframework.boot.test.autoconfigure.web.client.MockRestServiceServerResetTestExecutionListener, org.springframework.boot.test.autoconfigure.web.servlet.MockMvcPrintOnlyOnFailureTestExecutionListener, org.springframework.boot.test.autoconfigure.web.servlet.WebDriverTestExecutionListener, org.springframework.boot.test.mock.mockito.MockitoTestExecutionListener, org.springframework.boot.test.mock.mockito.ResetMocksTestExecutionListener, org.springframework.test.context.web.ServletTestExecutionListener, org.springframework.test.context.support.DirtiesContextBeforeModesTestExecutionListener, org.springframework.test.context.support.DependencyInjectionTestExecutionListener, org.springframework.test.context.support.DirtiesContextTestExecutionListener, org.springframework.test.context.transaction.TransactionalTestExecutionListener, org.springframework.test.context.jdbc.SqlScriptsTestExecutionListener, org.springframework.test.context.event.EventPublishingTestExecutionListener]
2020-01-29 19:42:46.256  INFO 2416 --- [    Test worker] .b.t.c.SpringBootTestContextBootstrapper : Using TestExecutionListeners: [org.springframework.test.context.web.ServletTestExecutionListener@7a74647e, org.springframework.test.context.support.DirtiesContextBeforeModesTestExecutionListener@6df55bd8, org.springframework.boot.test.mock.mockito.MockitoTestExecutionListener@11c5eed3, org.springframework.boot.test.autoconfigure.SpringBootDependencyInjectionTestExecutionListener@c69707a, org.springframework.test.context.support.DirtiesContextTestExecutionListener@5567b21d, org.springframework.test.context.transaction.TransactionalTestExecutionListener@120b08f2, org.springframework.test.context.jdbc.SqlScriptsTestExecutionListener@2c06cf16, org.springframework.test.context.event.EventPublishingTestExecutionListener@6bab904c, org.springframework.boot.test.autoconfigure.restdocs.RestDocsTestExecutionListener@334207e, org.springframework.boot.test.autoconfigure.web.client.MockRestServiceServerResetTestExecutionListener@4932e472, org.springframework.boot.test.autoconfigure.web.servlet.MockMvcPrintOnlyOnFailureTestExecutionListener@53d6fc3d, org.springframework.boot.test.autoconfigure.web.servlet.WebDriverTestExecutionListener@64482ffb, org.springframework.boot.test.mock.mockito.ResetMocksTestExecutionListener@465dd4dc]

  .   ____          _            __ _ _
 /\\ / ___'_ __ _ _(_)_ __  __ _ \ \ \ \
( ( )\___ | '_ | '_| | '_ \/ _` | \ \ \ \
 \\/  ___)| |_)| | | | | || (_| |  ) ) ) )
  '  |____| .__|_| |_|_| |_\__, | / / / /
 =========|_|==============|___/=/_/_/_/
 :: Spring Boot ::        (v2.2.2.RELEASE)

2020-01-29 19:42:46.292  INFO 2416 --- [    Test worker] c.p.r.RestaurantApiApplicationTests      : Starting RestaurantApiApplicationTests on DESKTOP-B7A5GTQ with PID 2416 (started by nkh16 in C:\hyun\Programming\WEB\portfolio\Reservation-Restaurant\restaurant-api)
2020-01-29 19:42:46.292  INFO 2416 --- [    Test worker] c.p.r.RestaurantApiApplicationTests      : The following profiles are active: test
2020-01-29 19:42:46.722  INFO 2416 --- [    Test worker] .s.d.r.c.RepositoryConfigurationDelegate : Bootstrapping Spring Data JPA repositories in DEFAULT mode.
2020-01-29 19:42:46.812  INFO 2416 --- [    Test worker] .s.d.r.c.RepositoryConfigurationDelegate : Finished Spring Data repository scanning in 80ms. Found 7 JPA repository interfaces.
2020-01-29 19:42:47.080  INFO 2416 --- [    Test worker] trationDelegate$BeanPostProcessorChecker : Bean 'org.springframework.transaction.annotation.ProxyTransactionManagementConfiguration' of type [org.springframework.transaction.annotation.ProxyTransactionManagementConfiguration] is not eligible for getting processed by all BeanPostProcessors (for example: not eligible for auto-proxying)
2020-01-29 19:42:47.324  INFO 2416 --- [    Test worker] o.hibernate.jpa.internal.util.LogHelper  : HHH000204: Processing PersistenceUnitInfo [name: default]
2020-01-29 19:42:47.425  INFO 2416 --- [    Test worker] org.hibernate.Version                    : HHH000412: Hibernate Core {5.4.9.Final}
2020-01-29 19:42:47.477  INFO 2416 --- [    Test worker] o.hibernate.annotations.common.Version   : HCANN000001: Hibernate Commons Annotations {5.1.0.Final}
2020-01-29 19:42:47.625  INFO 2416 --- [    Test worker] com.zaxxer.hikari.HikariDataSource       : HikariPool-1 - Starting...
2020-01-29 19:42:47.927  INFO 2416 --- [    Test worker] com.zaxxer.hikari.HikariDataSource       : HikariPool-1 - Start completed.
2020-01-29 19:42:47.967  INFO 2416 --- [    Test worker] org.hibernate.dialect.Dialect            : HHH000400: Using dialect: org.hibernate.dialect.H2Dialect
2020-01-29 19:42:48.777  INFO 2416 --- [    Test worker] o.h.e.t.j.p.i.JtaPlatformInitiator       : HHH000490: Using JtaPlatform implementation: [org.hibernate.engine.transaction.jta.platform.internal.NoJtaPlatform]
2020-01-29 19:42:48.785  INFO 2416 --- [    Test worker] j.LocalContainerEntityManagerFactoryBean : Initialized JPA EntityManagerFactory for persistence unit 'default'
2020-01-29 19:42:48.839  WARN 2416 --- [    Test worker] JpaBaseConfiguration$JpaWebConfiguration : spring.jpa.open-in-view is enabled by default. Therefore, database queries may be performed during view rendering. Explicitly configure spring.jpa.open-in-view to disable this warning
2020-01-29 19:42:49.332  INFO 2416 --- [    Test worker] .s.s.UserDetailsServiceAutoConfiguration : 

Using generated security password: 3e4698ce-160c-4d59-9a4e-418e8682192b

2020-01-29 19:42:49.404  INFO 2416 --- [    Test worker] o.s.s.web.DefaultSecurityFilterChain     : Creating filter chain: any request, [org.springframework.security.web.context.request.async.WebAsyncManagerIntegrationFilter@594dc3b1, org.springframework.security.web.context.SecurityContextPersistenceFilter@561ac8e5, org.springframework.security.web.header.HeaderWriterFilter@656c4f26, org.springframework.security.web.authentication.logout.LogoutFilter@5156c9d7, com.project.reservation.filters.JwtAuthenticationFilter@45c12996, org.springframework.security.web.savedrequest.RequestCacheAwareFilter@43c97b4f, org.springframework.security.web.servletapi.SecurityContextHolderAwareRequestFilter@445b196f, org.springframework.security.web.authentication.AnonymousAuthenticationFilter@4fb72bab, org.springframework.security.web.session.SessionManagementFilter@33d4d23d, org.springframework.security.web.access.ExceptionTranslationFilter@63becf16]
2020-01-29 19:42:49.829  INFO 2416 --- [    Test worker] o.s.s.concurrent.ThreadPoolTaskExecutor  : Initializing ExecutorService 'applicationTaskExecutor'
2020-01-29 19:42:50.117  INFO 2416 --- [    Test worker] c.p.r.RestaurantApiApplicationTests      : Started RestaurantApiApplicationTests in 3.858 seconds (JVM running for 8.993)
]]></system-out>
  <system-err><![CDATA[]]></system-err>
</testsuite>
