<?xml version="1.0" encoding="UTF-8"?>
<testsuite name="com.project.reservation.application.ReservationServiceTests" tests="1" skipped="0" failures="0" errors="0" timestamp="2020-01-29T10:42:42" hostname="DESKTOP-B7A5GTQ" time="0.606">
  <properties/>
  <testcase name="getReservations()" classname="com.project.reservation.application.ReservationServiceTests" time="0.606"/>
  <system-out><![CDATA[]]></system-out>
  <system-err><![CDATA[]]></system-err>
</testsuite>
