<?xml version="1.0" encoding="UTF-8"?>
<testsuite name="com.project.reservation.LoginApiApplicationTests" tests="1" skipped="0" failures="0" errors="0" timestamp="2020-01-29T10:42:39" hostname="DESKTOP-B7A5GTQ" time="0.004">
  <properties/>
  <testcase name="contextLoads()" classname="com.project.reservation.LoginApiApplicationTests" time="0.004"/>
  <system-out><![CDATA[2020-01-29 19:42:34.529  INFO 13644 --- [    Test worker] .b.t.c.SpringBootTestContextBootstrapper : Neither @ContextConfiguration nor @ContextHierarchy found for test class [com.project.reservation.LoginApiApplicationTests], using SpringBootContextLoader
2020-01-29 19:42:34.531  INFO 13644 --- [    Test worker] o.s.t.c.support.AbstractContextLoader    : Could not detect default resource locations for test class [com.project.reservation.LoginApiApplicationTests]: no resource found for suffixes {-context.xml, Context.groovy}.
2020-01-29 19:42:34.531  INFO 13644 --- [    Test worker] t.c.s.AnnotationConfigContextLoaderUtils : Could not detect default configuration classes for test class [com.project.reservation.LoginApiApplicationTests]: LoginApiApplicationTests does not declare any static, non-private, non-final, nested classes annotated with @Configuration.
2020-01-29 19:42:34.540  INFO 13644 --- [    Test worker] .b.t.c.SpringBootTestContextBootstrapper : Found @SpringBootConfiguration com.project.reservation.LoginApiApplication for test class com.project.reservation.LoginApiApplicationTests
2020-01-29 19:42:34.543  INFO 13644 --- [    Test worker] .b.t.c.SpringBootTestContextBootstrapper : Loaded default TestExecutionListener class names from location [META-INF/spring.factories]: [org.springframework.boot.test.autoconfigure.restdocs.RestDocsTestExecutionListener, org.springframework.boot.test.autoconfigure.web.client.MockRestServiceServerResetTestExecutionListener, org.springframework.boot.test.autoconfigure.web.servlet.MockMvcPrintOnlyOnFailureTestExecutionListener, org.springframework.boot.test.autoconfigure.web.servlet.WebDriverTestExecutionListener, org.springframework.boot.test.mock.mockito.MockitoTestExecutionListener, org.springframework.boot.test.mock.mockito.ResetMocksTestExecutionListener, org.springframework.test.context.web.ServletTestExecutionListener, org.springframework.test.context.support.DirtiesContextBeforeModesTestExecutionListener, org.springframework.test.context.support.DependencyInjectionTestExecutionListener, org.springframework.test.context.support.DirtiesContextTestExecutionListener, org.springframework.test.context.transaction.TransactionalTestExecutionListener, org.springframework.test.context.jdbc.SqlScriptsTestExecutionListener, org.springframework.test.context.event.EventPublishingTestExecutionListener]
2020-01-29 19:42:34.544  INFO 13644 --- [    Test worker] .b.t.c.SpringBootTestContextBootstrapper : Using TestExecutionListeners: [org.springframework.test.context.web.ServletTestExecutionListener@303a64f9, org.springframework.test.context.support.DirtiesContextBeforeModesTestExecutionListener@3cd02ebd, org.springframework.boot.test.mock.mockito.MockitoTestExecutionListener@5374b0f7, org.springframework.boot.test.autoconfigure.SpringBootDependencyInjectionTestExecutionListener@353e238a, org.springframework.test.context.support.DirtiesContextTestExecutionListener@56c09478, org.springframework.test.context.transaction.TransactionalTestExecutionListener@6bd8eddb, org.springframework.test.context.jdbc.SqlScriptsTestExecutionListener@1ddd1b5f, org.springframework.test.context.event.EventPublishingTestExecutionListener@593b591d, org.springframework.boot.test.autoconfigure.restdocs.RestDocsTestExecutionListener@b8a6516, org.springframework.boot.test.autoconfigure.web.client.MockRestServiceServerResetTestExecutionListener@2790f789, org.springframework.boot.test.autoconfigure.web.servlet.MockMvcPrintOnlyOnFailureTestExecutionListener@52e217c7, org.springframework.boot.test.autoconfigure.web.servlet.WebDriverTestExecutionListener@51925f37, org.springframework.boot.test.mock.mockito.ResetMocksTestExecutionListener@9e832c6]

  .   ____          _            __ _ _
 /\\ / ___'_ __ _ _(_)_ __  __ _ \ \ \ \
( ( )\___ | '_ | '_| | '_ \/ _` | \ \ \ \
 \\/  ___)| |_)| | | | | || (_| |  ) ) ) )
  '  |____| .__|_| |_|_| |_\__, | / / / /
 =========|_|==============|___/=/_/_/_/
 :: Spring Boot ::        (v2.2.2.RELEASE)

2020-01-29 19:42:34.589  INFO 13644 --- [    Test worker] c.p.r.LoginApiApplicationTests           : Starting LoginApiApplicationTests on DESKTOP-B7A5GTQ with PID 13644 (started by nkh16 in C:\hyun\Programming\WEB\portfolio\Reservation-Restaurant\login-api)
2020-01-29 19:42:34.589  INFO 13644 --- [    Test worker] c.p.r.LoginApiApplicationTests           : The following profiles are active: test
2020-01-29 19:42:35.033  INFO 13644 --- [    Test worker] .s.d.r.c.RepositoryConfigurationDelegate : Bootstrapping Spring Data JPA repositories in DEFAULT mode.
2020-01-29 19:42:35.140  INFO 13644 --- [    Test worker] .s.d.r.c.RepositoryConfigurationDelegate : Finished Spring Data repository scanning in 93ms. Found 7 JPA repository interfaces.
2020-01-29 19:42:35.437  INFO 13644 --- [    Test worker] trationDelegate$BeanPostProcessorChecker : Bean 'org.springframework.transaction.annotation.ProxyTransactionManagementConfiguration' of type [org.springframework.transaction.annotation.ProxyTransactionManagementConfiguration] is not eligible for getting processed by all BeanPostProcessors (for example: not eligible for auto-proxying)
2020-01-29 19:42:35.674  INFO 13644 --- [    Test worker] o.hibernate.jpa.internal.util.LogHelper  : HHH000204: Processing PersistenceUnitInfo [name: default]
2020-01-29 19:42:35.772  INFO 13644 --- [    Test worker] org.hibernate.Version                    : HHH000412: Hibernate Core {5.4.9.Final}
2020-01-29 19:42:35.826  INFO 13644 --- [    Test worker] o.hibernate.annotations.common.Version   : HCANN000001: Hibernate Commons Annotations {5.1.0.Final}
2020-01-29 19:42:35.978  INFO 13644 --- [    Test worker] com.zaxxer.hikari.HikariDataSource       : HikariPool-1 - Starting...
2020-01-29 19:42:36.258  INFO 13644 --- [    Test worker] com.zaxxer.hikari.HikariDataSource       : HikariPool-1 - Start completed.
2020-01-29 19:42:36.296  INFO 13644 --- [    Test worker] org.hibernate.dialect.Dialect            : HHH000400: Using dialect: org.hibernate.dialect.H2Dialect
2020-01-29 19:42:37.169  INFO 13644 --- [    Test worker] o.h.e.t.j.p.i.JtaPlatformInitiator       : HHH000490: Using JtaPlatform implementation: [org.hibernate.engine.transaction.jta.platform.internal.NoJtaPlatform]
2020-01-29 19:42:37.177  INFO 13644 --- [    Test worker] j.LocalContainerEntityManagerFactoryBean : Initialized JPA EntityManagerFactory for persistence unit 'default'
2020-01-29 19:42:37.248  WARN 13644 --- [    Test worker] JpaBaseConfiguration$JpaWebConfiguration : spring.jpa.open-in-view is enabled by default. Therefore, database queries may be performed during view rendering. Explicitly configure spring.jpa.open-in-view to disable this warning
2020-01-29 19:42:37.845  INFO 13644 --- [    Test worker] .s.s.UserDetailsServiceAutoConfiguration : 

Using generated security password: f93a11ea-070a-48e3-becc-6324c12dc1da

2020-01-29 19:42:37.952  INFO 13644 --- [    Test worker] o.s.s.web.DefaultSecurityFilterChain     : Creating filter chain: any request, [org.springframework.security.web.context.request.async.WebAsyncManagerIntegrationFilter@266aeec3, org.springframework.security.web.context.SecurityContextPersistenceFilter@466650d0, org.springframework.security.web.header.HeaderWriterFilter@1fc00467, org.springframework.security.web.authentication.logout.LogoutFilter@39ccac83, org.springframework.security.web.savedrequest.RequestCacheAwareFilter@711dd485, org.springframework.security.web.servletapi.SecurityContextHolderAwareRequestFilter@6ee115fd, org.springframework.security.web.authentication.AnonymousAuthenticationFilter@40c2590e, org.springframework.security.web.session.SessionManagementFilter@14a6f78e, org.springframework.security.web.access.ExceptionTranslationFilter@638a88d9]
2020-01-29 19:42:38.846  INFO 13644 --- [    Test worker] o.s.s.concurrent.ThreadPoolTaskExecutor  : Initializing ExecutorService 'applicationTaskExecutor'
2020-01-29 19:42:39.159  INFO 13644 --- [    Test worker] c.p.r.LoginApiApplicationTests           : Started LoginApiApplicationTests in 4.612 seconds (JVM running for 10.862)
]]></system-out>
  <system-err><![CDATA[]]></system-err>
</testsuite>
