<?xml version="1.0" encoding="UTF-8"?>
<testsuite name="com.project.reservation.interfaces.SessionControllerTests" tests="4" skipped="0" failures="0" errors="0" timestamp="2020-01-29T10:42:34" hostname="DESKTOP-B7A5GTQ" time="0.266">
  <properties/>
  <testcase name="createWithValidAttribute()" classname="com.project.reservation.interfaces.SessionControllerTests" time="0.224"/>
  <testcase name="creteRestaurantOwner()" classname="com.project.reservation.interfaces.SessionControllerTests" time="0.011"/>
  <testcase name="createWithNotExistedEmail()" classname="com.project.reservation.interfaces.SessionControllerTests" time="0.014"/>
  <testcase name="createWithWrongPassword()" classname="com.project.reservation.interfaces.SessionControllerTests" time="0.01"/>
  <system-out><![CDATA[19:42:31.099 [Test worker] DEBUG org.springframework.test.context.BootstrapUtils - Instantiating CacheAwareContextLoaderDelegate from class [org.springframework.test.context.cache.DefaultCacheAwareContextLoaderDelegate]
19:42:31.123 [Test worker] DEBUG org.springframework.test.context.BootstrapUtils - Instantiating BootstrapContext using constructor [public org.springframework.test.context.support.DefaultBootstrapContext(java.lang.Class,org.springframework.test.context.CacheAwareContextLoaderDelegate)]
19:42:31.160 [Test worker] DEBUG org.springframework.test.context.BootstrapUtils - Instantiating TestContextBootstrapper for test class [com.project.reservation.interfaces.SessionControllerTests] from class [org.springframework.boot.test.autoconfigure.web.servlet.WebMvcTestContextBootstrapper]
19:42:31.181 [Test worker] INFO org.springframework.boot.test.autoconfigure.web.servlet.WebMvcTestContextBootstrapper - Neither @ContextConfiguration nor @ContextHierarchy found for test class [com.project.reservation.interfaces.SessionControllerTests], using SpringBootContextLoader
19:42:31.189 [Test worker] DEBUG org.springframework.test.context.support.AbstractContextLoader - Did not detect default resource location for test class [com.project.reservation.interfaces.SessionControllerTests]: class path resource [com/project/reservation/interfaces/SessionControllerTests-context.xml] does not exist
19:42:31.189 [Test worker] DEBUG org.springframework.test.context.support.AbstractContextLoader - Did not detect default resource location for test class [com.project.reservation.interfaces.SessionControllerTests]: class path resource [com/project/reservation/interfaces/SessionControllerTestsContext.groovy] does not exist
19:42:31.190 [Test worker] INFO org.springframework.test.context.support.AbstractContextLoader - Could not detect default resource locations for test class [com.project.reservation.interfaces.SessionControllerTests]: no resource found for suffixes {-context.xml, Context.groovy}.
19:42:31.191 [Test worker] INFO org.springframework.test.context.support.AnnotationConfigContextLoaderUtils - Could not detect default configuration classes for test class [com.project.reservation.interfaces.SessionControllerTests]: SessionControllerTests does not declare any static, non-private, non-final, nested classes annotated with @Configuration.
19:42:31.267 [Test worker] DEBUG org.springframework.test.context.support.ActiveProfilesUtils - Could not find an 'annotation declaring class' for annotation type [org.springframework.test.context.ActiveProfiles] and class [com.project.reservation.interfaces.SessionControllerTests]
19:42:31.348 [Test worker] DEBUG org.springframework.context.annotation.ClassPathScanningCandidateComponentProvider - Identified candidate component class: file [C:\hyun\Programming\WEB\portfolio\Reservation-Restaurant\login-api\build\classes\java\main\com\project\reservation\LoginApiApplication.class]
19:42:31.356 [Test worker] INFO org.springframework.boot.test.context.SpringBootTestContextBootstrapper - Found @SpringBootConfiguration com.project.reservation.LoginApiApplication for test class com.project.reservation.interfaces.SessionControllerTests
19:42:31.358 [Test worker] DEBUG org.springframework.boot.test.autoconfigure.web.servlet.WebMvcTestContextBootstrapper - @TestExecutionListeners is not present for class [com.project.reservation.interfaces.SessionControllerTests]: using defaults.
19:42:31.358 [Test worker] INFO org.springframework.boot.test.autoconfigure.web.servlet.WebMvcTestContextBootstrapper - Loaded default TestExecutionListener class names from location [META-INF/spring.factories]: [org.springframework.boot.test.autoconfigure.restdocs.RestDocsTestExecutionListener, org.springframework.boot.test.autoconfigure.web.client.MockRestServiceServerResetTestExecutionListener, org.springframework.boot.test.autoconfigure.web.servlet.MockMvcPrintOnlyOnFailureTestExecutionListener, org.springframework.boot.test.autoconfigure.web.servlet.WebDriverTestExecutionListener, org.springframework.boot.test.mock.mockito.MockitoTestExecutionListener, org.springframework.boot.test.mock.mockito.ResetMocksTestExecutionListener, org.springframework.test.context.web.ServletTestExecutionListener, org.springframework.test.context.support.DirtiesContextBeforeModesTestExecutionListener, org.springframework.test.context.support.DependencyInjectionTestExecutionListener, org.springframework.test.context.support.DirtiesContextTestExecutionListener, org.springframework.test.context.transaction.TransactionalTestExecutionListener, org.springframework.test.context.jdbc.SqlScriptsTestExecutionListener, org.springframework.test.context.event.EventPublishingTestExecutionListener]
19:42:31.377 [Test worker] INFO org.springframework.boot.test.autoconfigure.web.servlet.WebMvcTestContextBootstrapper - Using TestExecutionListeners: [org.springframework.test.context.web.ServletTestExecutionListener@214e73f7, org.springframework.test.context.support.DirtiesContextBeforeModesTestExecutionListener@3df302f4, org.springframework.boot.test.mock.mockito.MockitoTestExecutionListener@78dec9ed, org.springframework.boot.test.autoconfigure.SpringBootDependencyInjectionTestExecutionListener@22e0b3d8, org.springframework.test.context.support.DirtiesContextTestExecutionListener@70e3bdb8, org.springframework.test.context.transaction.TransactionalTestExecutionListener@55a2f5f2, org.springframework.test.context.jdbc.SqlScriptsTestExecutionListener@5b3ddf0a, org.springframework.test.context.event.EventPublishingTestExecutionListener@7ce4c9c6, org.springframework.boot.test.autoconfigure.restdocs.RestDocsTestExecutionListener@1187b59f, org.springframework.boot.test.autoconfigure.web.client.MockRestServiceServerResetTestExecutionListener@5348df38, org.springframework.boot.test.autoconfigure.web.servlet.MockMvcPrintOnlyOnFailureTestExecutionListener@66b88fd4, org.springframework.boot.test.autoconfigure.web.servlet.WebDriverTestExecutionListener@3c48c03c, org.springframework.boot.test.mock.mockito.ResetMocksTestExecutionListener@104fb167]
19:42:31.381 [Test worker] DEBUG org.springframework.test.context.support.AbstractDirtiesContextTestExecutionListener - Before test class: context [DefaultTestContext@67bf8259 testClass = SessionControllerTests, testInstance = [null], testMethod = [null], testException = [null], mergedContextConfiguration = [WebMergedContextConfiguration@31062faa testClass = SessionControllerTests, locations = '{}', classes = '{class com.project.reservation.LoginApiApplication}', contextInitializerClasses = '[]', activeProfiles = '{}', propertySourceLocations = '{}', propertySourceProperties = '{org.springframework.boot.test.autoconfigure.web.servlet.WebMvcTestContextBootstrapper=true}', contextCustomizers = set[org.springframework.boot.test.autoconfigure.OverrideAutoConfigurationContextCustomizerFactory$DisableAutoConfigurationContextCustomizer@3b4d95be, org.springframework.boot.test.autoconfigure.filter.TypeExcludeFiltersContextCustomizer@4df7815b, org.springframework.boot.test.autoconfigure.properties.PropertyMappingContextCustomizer@1fd53923, org.springframework.boot.test.autoconfigure.web.servlet.WebDriverContextCustomizerFactory$Customizer@9d6cbc1, [ImportsContextCustomizer@1eb55ec6 key = [org.springframework.boot.autoconfigure.cache.CacheAutoConfiguration, org.springframework.boot.autoconfigure.context.MessageSourceAutoConfiguration, org.springframework.boot.autoconfigure.data.web.SpringDataWebAutoConfiguration, org.springframework.boot.autoconfigure.freemarker.FreeMarkerAutoConfiguration, org.springframework.boot.autoconfigure.groovy.template.GroovyTemplateAutoConfiguration, org.springframework.boot.autoconfigure.gson.GsonAutoConfiguration, org.springframework.boot.autoconfigure.hateoas.HypermediaAutoConfiguration, org.springframework.boot.autoconfigure.http.HttpMessageConvertersAutoConfiguration, org.springframework.boot.autoconfigure.jackson.JacksonAutoConfiguration, org.springframework.boot.autoconfigure.jsonb.JsonbAutoConfiguration, org.springframework.boot.autoconfigure.mustache.MustacheAutoConfiguration, org.springframework.boot.autoconfigure.task.TaskExecutionAutoConfiguration, org.springframework.boot.autoconfigure.thymeleaf.ThymeleafAutoConfiguration, org.springframework.boot.autoconfigure.validation.ValidationAutoConfiguration, org.springframework.boot.autoconfigure.web.servlet.error.ErrorMvcAutoConfiguration, org.springframework.boot.autoconfigure.web.servlet.WebMvcAutoConfiguration, org.springframework.boot.test.autoconfigure.web.servlet.MockMvcAutoConfiguration, org.springframework.boot.test.autoconfigure.web.servlet.MockMvcWebClientAutoConfiguration, org.springframework.boot.test.autoconfigure.web.servlet.MockMvcWebDriverAutoConfiguration, org.springframework.boot.autoconfigure.security.servlet.SecurityAutoConfiguration, org.springframework.boot.autoconfigure.security.servlet.UserDetailsServiceAutoConfiguration, org.springframework.boot.test.autoconfigure.web.servlet.MockMvcSecurityConfiguration]], org.springframework.boot.test.context.filter.ExcludeFilterContextCustomizer@693ec0b6, org.springframework.boot.test.json.DuplicateJsonObjectContextCustomizerFactory$DuplicateJsonObjectContextCustomizer@2acf06bd, org.springframework.boot.test.mock.mockito.MockitoContextCustomizer@19ea842], resourceBasePath = 'src/main/webapp', contextLoader = 'org.springframework.boot.test.context.SpringBootContextLoader', parent = [null]], attributes = map[[empty]]], class annotated with @DirtiesContext [false] with mode [null].
19:42:31.507 [Test worker] DEBUG org.springframework.test.context.support.TestPropertySourceUtils - Adding inlined properties to environment: {spring.jmx.enabled=false, org.springframework.boot.test.autoconfigure.web.servlet.WebMvcTestContextBootstrapper=true, server.port=-1}

  .   ____          _            __ _ _
 /\\ / ___'_ __ _ _(_)_ __  __ _ \ \ \ \
( ( )\___ | '_ | '_| | '_ \/ _` | \ \ \ \
 \\/  ___)| |_)| | | | | || (_| |  ) ) ) )
  '  |____| .__|_| |_|_| |_\__, | / / / /
 =========|_|==============|___/=/_/_/_/
 :: Spring Boot ::        (v2.2.2.RELEASE)

2020-01-29 19:42:31.993  INFO 13644 --- [    Test worker] c.p.r.interfaces.SessionControllerTests  : Starting SessionControllerTests on DESKTOP-B7A5GTQ with PID 13644 (started by nkh16 in C:\hyun\Programming\WEB\portfolio\Reservation-Restaurant\login-api)
2020-01-29 19:42:31.994  INFO 13644 --- [    Test worker] c.p.r.interfaces.SessionControllerTests  : The following profiles are active: test
2020-01-29 19:42:33.310  INFO 13644 --- [    Test worker] .s.s.UserDetailsServiceAutoConfiguration : 

Using generated security password: 45c6c4e3-8b80-419a-a587-c3e7a29495a8

2020-01-29 19:42:33.488  INFO 13644 --- [    Test worker] o.s.s.web.DefaultSecurityFilterChain     : Creating filter chain: any request, [org.springframework.security.web.context.request.async.WebAsyncManagerIntegrationFilter@78e55c6c, org.springframework.security.web.context.SecurityContextPersistenceFilter@23a98279, org.springframework.security.web.header.HeaderWriterFilter@5d26b1d2, org.springframework.security.web.authentication.logout.LogoutFilter@53cc4a8c, org.springframework.security.web.savedrequest.RequestCacheAwareFilter@79da2e83, org.springframework.security.web.servletapi.SecurityContextHolderAwareRequestFilter@4aaeeeaa, org.springframework.security.web.authentication.AnonymousAuthenticationFilter@1194cb7a, org.springframework.security.web.session.SessionManagementFilter@3d400076, org.springframework.security.web.access.ExceptionTranslationFilter@64509fb5]
2020-01-29 19:42:33.890  INFO 13644 --- [    Test worker] o.s.s.concurrent.ThreadPoolTaskExecutor  : Initializing ExecutorService 'applicationTaskExecutor'
2020-01-29 19:42:34.185  INFO 13644 --- [    Test worker] o.s.b.t.m.w.SpringBootMockServletContext : Initializing Spring TestDispatcherServlet ''
2020-01-29 19:42:34.186  INFO 13644 --- [    Test worker] o.s.t.web.servlet.TestDispatcherServlet  : Initializing Servlet ''
2020-01-29 19:42:34.206  INFO 13644 --- [    Test worker] o.s.t.web.servlet.TestDispatcherServlet  : Completed initialization in 20 ms
2020-01-29 19:42:34.248  INFO 13644 --- [    Test worker] c.p.r.interfaces.SessionControllerTests  : Started SessionControllerTests in 2.731 seconds (JVM running for 5.951)
]]></system-out>
  <system-err><![CDATA[]]></system-err>
</testsuite>
