<?xml version="1.0" encoding="UTF-8"?>
<testsuite name="com.project.reservation.domain.RestaurantTests" tests="2" skipped="0" failures="0" errors="0" timestamp="2020-01-26T06:02:18" hostname="DESKTOP-B7A5GTQ" time="0.008">
  <properties/>
  <testcase name="creation()" classname="com.project.reservation.domain.RestaurantTests" time="0.003"/>
  <testcase name="information()" classname="com.project.reservation.domain.RestaurantTests" time="0.002"/>
  <system-out><![CDATA[]]></system-out>
  <system-err><![CDATA[]]></system-err>
</testsuite>
