<?xml version="1.0" encoding="UTF-8"?>
<testsuite name="com.project.reservation.domain.CategoryTests" tests="1" skipped="0" failures="0" errors="0" timestamp="2020-01-26T06:02:17" hostname="DESKTOP-B7A5GTQ" time="0.104">
  <properties/>
  <testcase name="creation()" classname="com.project.reservation.domain.CategoryTests" time="0.104"/>
  <system-out><![CDATA[]]></system-out>
  <system-err><![CDATA[]]></system-err>
</testsuite>
