<?xml version="1.0" encoding="UTF-8"?>
<testsuite name="com.project.reservation.utils.JwtUtilTests" tests="2" skipped="0" failures="0" errors="0" timestamp="2020-01-28T01:59:54" hostname="DESKTOP-B7A5GTQ" time="0.333">
  <properties/>
  <testcase name="createToken()" classname="com.project.reservation.utils.JwtUtilTests" time="0.279"/>
  <testcase name="getClaims()" classname="com.project.reservation.utils.JwtUtilTests" time="0.053"/>
  <system-out><![CDATA[]]></system-out>
  <system-err><![CDATA[]]></system-err>
</testsuite>
