<?xml version="1.0" encoding="UTF-8"?>
<testsuite name="com.project.reservation.domain.RestaurantTests" tests="2" skipped="0" failures="0" errors="0" timestamp="2020-01-24T05:04:50" hostname="DESKTOP-B7A5GTQ" time="0.078">
  <properties/>
  <testcase name="creation()" classname="com.project.reservation.domain.RestaurantTests" time="0.076"/>
  <testcase name="information()" classname="com.project.reservation.domain.RestaurantTests" time="0.001"/>
  <system-out><![CDATA[]]></system-out>
  <system-err><![CDATA[]]></system-err>
</testsuite>
