<?xml version="1.0" encoding="UTF-8"?>
<testsuite name="com.project.reservation.domain.UserTests" tests="3" skipped="0" failures="0" errors="0" timestamp="2020-01-27T08:52:45" hostname="DESKTOP-B7A5GTQ" time="0.014">
  <properties/>
  <testcase name="accessTokenWithoutPassword()" classname="com.project.reservation.domain.UserTests" time="0.001"/>
  <testcase name="accessTokenWithPassword()" classname="com.project.reservation.domain.UserTests" time="0.002"/>
  <testcase name="creation()" classname="com.project.reservation.domain.UserTests" time="0.002"/>
  <system-out><![CDATA[]]></system-out>
  <system-err><![CDATA[]]></system-err>
</testsuite>
